# gmm-gselect --n=20 "fgmm-global-to-gmm exp/ivector_gauss512_dim200/full_ubm/0.ubm - |" "ark,s,cs:add-deltas --delta-window=3 --delta-order=2 scp:data/train/split6/2/feats.scp ark:- | apply-cmvn-sliding --norm-vars=false --center=true --cmn-window=300 ark:- ark:- | select-voiced-frames ark:- scp,s,cs:data/train/split6/2/vad.scp ark:- | subsample-feats --n=5 ark:- ark:- |" "ark:|gzip -c >exp/ivector_gauss512_dim200/full_ubm/gselect.2.gz" 
# Started at Wed Mar 22 15:22:14 CST 2023
#
gmm-gselect --n=20 'fgmm-global-to-gmm exp/ivector_gauss512_dim200/full_ubm/0.ubm - |' 'ark,s,cs:add-deltas --delta-window=3 --delta-order=2 scp:data/train/split6/2/feats.scp ark:- | apply-cmvn-sliding --norm-vars=false --center=true --cmn-window=300 ark:- ark:- | select-voiced-frames ark:- scp,s,cs:data/train/split6/2/vad.scp ark:- | subsample-feats --n=5 ark:- ark:- |' 'ark:|gzip -c >exp/ivector_gauss512_dim200/full_ubm/gselect.2.gz' 
fgmm-global-to-gmm exp/ivector_gauss512_dim200/full_ubm/0.ubm - 
LOG (fgmm-global-to-gmm[5.5.1068~2-59299]:main():fgmm-global-to-gmm.cc:58) Written diagonal GMM to -
subsample-feats --n=5 ark:- ark:- 
select-voiced-frames ark:- scp,s,cs:data/train/split6/2/vad.scp ark:- 
apply-cmvn-sliding --norm-vars=false --center=true --cmn-window=300 ark:- ark:- 
add-deltas --delta-window=3 --delta-order=2 scp:data/train/split6/2/feats.scp ark:- 
LOG (gmm-gselect[5.5.1068~2-59299]:main():gmm-gselect.cc:114) For 0'th file, average UBM likelihood over 14 frames is -97.3041
LOG (gmm-gselect[5.5.1068~2-59299]:main():gmm-gselect.cc:114) For 10'th file, average UBM likelihood over 55 frames is -102.389
LOG (gmm-gselect[5.5.1068~2-59299]:main():gmm-gselect.cc:114) For 20'th file, average UBM likelihood over 22 frames is -101.751
LOG (gmm-gselect[5.5.1068~2-59299]:main():gmm-gselect.cc:114) For 30'th file, average UBM likelihood over 41 frames is -98.2298
LOG (gmm-gselect[5.5.1068~2-59299]:main():gmm-gselect.cc:114) For 40'th file, average UBM likelihood over 59 frames is -98.422
LOG (gmm-gselect[5.5.1068~2-59299]:main():gmm-gselect.cc:114) For 50'th file, average UBM likelihood over 73 frames is -99.3901
LOG (gmm-gselect[5.5.1068~2-59299]:main():gmm-gselect.cc:114) For 60'th file, average UBM likelihood over 48 frames is -97.5349
LOG (gmm-gselect[5.5.1068~2-59299]:main():gmm-gselect.cc:114) For 70'th file, average UBM likelihood over 45 frames is -100.096
LOG (gmm-gselect[5.5.1068~2-59299]:main():gmm-gselect.cc:114) For 80'th file, average UBM likelihood over 51 frames is -98.1809
LOG (gmm-gselect[5.5.1068~2-59299]:main():gmm-gselect.cc:114) For 90'th file, average UBM likelihood over 53 frames is -98.4094
LOG (gmm-gselect[5.5.1068~2-59299]:main():gmm-gselect.cc:114) For 100'th file, average UBM likelihood over 42 frames is -99.2455
LOG (gmm-gselect[5.5.1068~2-59299]:main():gmm-gselect.cc:114) For 110'th file, average UBM likelihood over 41 frames is -97.6187
LOG (gmm-gselect[5.5.1068~2-59299]:main():gmm-gselect.cc:114) For 120'th file, average UBM likelihood over 45 frames is -95.2966
LOG (gmm-gselect[5.5.1068~2-59299]:main():gmm-gselect.cc:114) For 130'th file, average UBM likelihood over 42 frames is -96.9452
LOG (gmm-gselect[5.5.1068~2-59299]:main():gmm-gselect.cc:114) For 140'th file, average UBM likelihood over 35 frames is -101.275
LOG (gmm-gselect[5.5.1068~2-59299]:main():gmm-gselect.cc:114) For 150'th file, average UBM likelihood over 22 frames is -101.367
LOG (gmm-gselect[5.5.1068~2-59299]:main():gmm-gselect.cc:114) For 160'th file, average UBM likelihood over 56 frames is -100.961
LOG (gmm-gselect[5.5.1068~2-59299]:main():gmm-gselect.cc:114) For 170'th file, average UBM likelihood over 54 frames is -95.7412
LOG (gmm-gselect[5.5.1068~2-59299]:main():gmm-gselect.cc:114) For 180'th file, average UBM likelihood over 49 frames is -97.1549
LOG (gmm-gselect[5.5.1068~2-59299]:main():gmm-gselect.cc:114) For 190'th file, average UBM likelihood over 48 frames is -98.4046
LOG (gmm-gselect[5.5.1068~2-59299]:main():gmm-gselect.cc:114) For 200'th file, average UBM likelihood over 56 frames is -103.008
LOG (gmm-gselect[5.5.1068~2-59299]:main():gmm-gselect.cc:114) For 210'th file, average UBM likelihood over 42 frames is -98.7711
LOG (gmm-gselect[5.5.1068~2-59299]:main():gmm-gselect.cc:114) For 220'th file, average UBM likelihood over 55 frames is -96.0499
LOG (gmm-gselect[5.5.1068~2-59299]:main():gmm-gselect.cc:114) For 230'th file, average UBM likelihood over 61 frames is -98.1483
LOG (gmm-gselect[5.5.1068~2-59299]:main():gmm-gselect.cc:114) For 240'th file, average UBM likelihood over 48 frames is -98.5628
LOG (gmm-gselect[5.5.1068~2-59299]:main():gmm-gselect.cc:114) For 250'th file, average UBM likelihood over 40 frames is -96.3526
LOG (gmm-gselect[5.5.1068~2-59299]:main():gmm-gselect.cc:114) For 260'th file, average UBM likelihood over 33 frames is -100.144
LOG (gmm-gselect[5.5.1068~2-59299]:main():gmm-gselect.cc:114) For 270'th file, average UBM likelihood over 33 frames is -101.558
LOG (gmm-gselect[5.5.1068~2-59299]:main():gmm-gselect.cc:114) For 280'th file, average UBM likelihood over 26 frames is -104.764
LOG (gmm-gselect[5.5.1068~2-59299]:main():gmm-gselect.cc:114) For 290'th file, average UBM likelihood over 61 frames is -94.9299
LOG (gmm-gselect[5.5.1068~2-59299]:main():gmm-gselect.cc:114) For 300'th file, average UBM likelihood over 55 frames is -97.9491
LOG (gmm-gselect[5.5.1068~2-59299]:main():gmm-gselect.cc:114) For 310'th file, average UBM likelihood over 33 frames is -102.482
LOG (gmm-gselect[5.5.1068~2-59299]:main():gmm-gselect.cc:114) For 320'th file, average UBM likelihood over 41 frames is -97.8288
LOG (gmm-gselect[5.5.1068~2-59299]:main():gmm-gselect.cc:114) For 330'th file, average UBM likelihood over 38 frames is -97.3839
LOG (gmm-gselect[5.5.1068~2-59299]:main():gmm-gselect.cc:114) For 340'th file, average UBM likelihood over 32 frames is -104.737
LOG (gmm-gselect[5.5.1068~2-59299]:main():gmm-gselect.cc:114) For 350'th file, average UBM likelihood over 29 frames is -97.1505
LOG (gmm-gselect[5.5.1068~2-59299]:main():gmm-gselect.cc:114) For 360'th file, average UBM likelihood over 46 frames is -97.6191
LOG (gmm-gselect[5.5.1068~2-59299]:main():gmm-gselect.cc:114) For 370'th file, average UBM likelihood over 22 frames is -100.511
LOG (gmm-gselect[5.5.1068~2-59299]:main():gmm-gselect.cc:114) For 380'th file, average UBM likelihood over 76 frames is -100.331
LOG (gmm-gselect[5.5.1068~2-59299]:main():gmm-gselect.cc:114) For 390'th file, average UBM likelihood over 48 frames is -97.3142
LOG (gmm-gselect[5.5.1068~2-59299]:main():gmm-gselect.cc:114) For 400'th file, average UBM likelihood over 65 frames is -103.932
LOG (gmm-gselect[5.5.1068~2-59299]:main():gmm-gselect.cc:114) For 410'th file, average UBM likelihood over 42 frames is -100.849
LOG (gmm-gselect[5.5.1068~2-59299]:main():gmm-gselect.cc:114) For 420'th file, average UBM likelihood over 37 frames is -96.9154
LOG (gmm-gselect[5.5.1068~2-59299]:main():gmm-gselect.cc:114) For 430'th file, average UBM likelihood over 43 frames is -101.17
LOG (gmm-gselect[5.5.1068~2-59299]:main():gmm-gselect.cc:114) For 440'th file, average UBM likelihood over 49 frames is -98.0843
LOG (gmm-gselect[5.5.1068~2-59299]:main():gmm-gselect.cc:114) For 450'th file, average UBM likelihood over 77 frames is -101.051
LOG (gmm-gselect[5.5.1068~2-59299]:main():gmm-gselect.cc:114) For 460'th file, average UBM likelihood over 54 frames is -97.749
LOG (gmm-gselect[5.5.1068~2-59299]:main():gmm-gselect.cc:114) For 470'th file, average UBM likelihood over 39 frames is -102.229
LOG (gmm-gselect[5.5.1068~2-59299]:main():gmm-gselect.cc:114) For 480'th file, average UBM likelihood over 49 frames is -100.517
LOG (gmm-gselect[5.5.1068~2-59299]:main():gmm-gselect.cc:114) For 490'th file, average UBM likelihood over 40 frames is -100.604
LOG (gmm-gselect[5.5.1068~2-59299]:main():gmm-gselect.cc:114) For 500'th file, average UBM likelihood over 30 frames is -99.0619
LOG (gmm-gselect[5.5.1068~2-59299]:main():gmm-gselect.cc:114) For 510'th file, average UBM likelihood over 42 frames is -101.097
LOG (gmm-gselect[5.5.1068~2-59299]:main():gmm-gselect.cc:114) For 520'th file, average UBM likelihood over 42 frames is -95.8497
LOG (gmm-gselect[5.5.1068~2-59299]:main():gmm-gselect.cc:114) For 530'th file, average UBM likelihood over 38 frames is -97.394
LOG (gmm-gselect[5.5.1068~2-59299]:main():gmm-gselect.cc:114) For 540'th file, average UBM likelihood over 39 frames is -102.966
LOG (gmm-gselect[5.5.1068~2-59299]:main():gmm-gselect.cc:114) For 550'th file, average UBM likelihood over 50 frames is -98.1344
LOG (gmm-gselect[5.5.1068~2-59299]:main():gmm-gselect.cc:114) For 560'th file, average UBM likelihood over 25 frames is -101.916
LOG (gmm-gselect[5.5.1068~2-59299]:main():gmm-gselect.cc:114) For 570'th file, average UBM likelihood over 46 frames is -97.3229
LOG (gmm-gselect[5.5.1068~2-59299]:main():gmm-gselect.cc:114) For 580'th file, average UBM likelihood over 40 frames is -100.61
LOG (gmm-gselect[5.5.1068~2-59299]:main():gmm-gselect.cc:114) For 590'th file, average UBM likelihood over 47 frames is -95.3084
LOG (gmm-gselect[5.5.1068~2-59299]:main():gmm-gselect.cc:114) For 600'th file, average UBM likelihood over 42 frames is -101.503
LOG (gmm-gselect[5.5.1068~2-59299]:main():gmm-gselect.cc:114) For 610'th file, average UBM likelihood over 32 frames is -96.6566
LOG (gmm-gselect[5.5.1068~2-59299]:main():gmm-gselect.cc:114) For 620'th file, average UBM likelihood over 38 frames is -95.5915
LOG (gmm-gselect[5.5.1068~2-59299]:main():gmm-gselect.cc:114) For 630'th file, average UBM likelihood over 73 frames is -100.414
LOG (gmm-gselect[5.5.1068~2-59299]:main():gmm-gselect.cc:114) For 640'th file, average UBM likelihood over 49 frames is -101.602
LOG (gmm-gselect[5.5.1068~2-59299]:main():gmm-gselect.cc:114) For 650'th file, average UBM likelihood over 63 frames is -97.9998
LOG (gmm-gselect[5.5.1068~2-59299]:main():gmm-gselect.cc:114) For 660'th file, average UBM likelihood over 33 frames is -101.225
LOG (gmm-gselect[5.5.1068~2-59299]:main():gmm-gselect.cc:114) For 670'th file, average UBM likelihood over 38 frames is -100.092
LOG (gmm-gselect[5.5.1068~2-59299]:main():gmm-gselect.cc:114) For 680'th file, average UBM likelihood over 58 frames is -102.949
LOG (gmm-gselect[5.5.1068~2-59299]:main():gmm-gselect.cc:114) For 690'th file, average UBM likelihood over 39 frames is -98.4011
LOG (gmm-gselect[5.5.1068~2-59299]:main():gmm-gselect.cc:114) For 700'th file, average UBM likelihood over 38 frames is -99.4636
LOG (gmm-gselect[5.5.1068~2-59299]:main():gmm-gselect.cc:114) For 710'th file, average UBM likelihood over 39 frames is -98.3994
LOG (gmm-gselect[5.5.1068~2-59299]:main():gmm-gselect.cc:114) For 720'th file, average UBM likelihood over 56 frames is -104.552
LOG (gmm-gselect[5.5.1068~2-59299]:main():gmm-gselect.cc:114) For 730'th file, average UBM likelihood over 38 frames is -98.6949
LOG (gmm-gselect[5.5.1068~2-59299]:main():gmm-gselect.cc:114) For 740'th file, average UBM likelihood over 55 frames is -101.661
LOG (gmm-gselect[5.5.1068~2-59299]:main():gmm-gselect.cc:114) For 750'th file, average UBM likelihood over 35 frames is -97.0531
LOG (apply-cmvn-sliding[5.5.1068~2-59299]:main():apply-cmvn-sliding.cc:75) Applied sliding-window cepstral mean normalization to 770 utterances, 0 had errors.
LOG (select-voiced-frames[5.5.1068~2-59299]:main():select-voiced-frames.cc:106) Done selecting voiced frames; processed 770 utterances, 0 had errors.
LOG (gmm-gselect[5.5.1068~2-59299]:main():gmm-gselect.cc:114) For 760'th file, average UBM likelihood over 66 frames is -100.446
LOG (subsample-feats[5.5.1068~2-59299]:main():subsample-feats.cc:115) Processed 770 feature matrices; 0 with errors.
LOG (subsample-feats[5.5.1068~2-59299]:main():subsample-feats.cc:117) Processed 184077 input frames and 37124 output frames.
LOG (gmm-gselect[5.5.1068~2-59299]:main():gmm-gselect.cc:125) Done 770 files, 0 with errors, average UBM log-likelihood is -98.6284 over 37124 frames.
# Accounting: time=1 threads=1
# Ended (code 0) at Wed Mar 22 15:22:15 CST 2023, elapsed time 1 seconds
