# gmm-gselect --n=20 "fgmm-global-to-gmm exp/ivector_gauss512_dim200/full_ubm/0.ubm - |" "ark,s,cs:add-deltas --delta-window=3 --delta-order=2 scp:data/train/split6/4/feats.scp ark:- | apply-cmvn-sliding --norm-vars=false --center=true --cmn-window=300 ark:- ark:- | select-voiced-frames ark:- scp,s,cs:data/train/split6/4/vad.scp ark:- | subsample-feats --n=5 ark:- ark:- |" "ark:|gzip -c >exp/ivector_gauss512_dim200/full_ubm/gselect.4.gz" 
# Started at Wed Mar 22 15:22:14 CST 2023
#
gmm-gselect --n=20 'fgmm-global-to-gmm exp/ivector_gauss512_dim200/full_ubm/0.ubm - |' 'ark,s,cs:add-deltas --delta-window=3 --delta-order=2 scp:data/train/split6/4/feats.scp ark:- | apply-cmvn-sliding --norm-vars=false --center=true --cmn-window=300 ark:- ark:- | select-voiced-frames ark:- scp,s,cs:data/train/split6/4/vad.scp ark:- | subsample-feats --n=5 ark:- ark:- |' 'ark:|gzip -c >exp/ivector_gauss512_dim200/full_ubm/gselect.4.gz' 
fgmm-global-to-gmm exp/ivector_gauss512_dim200/full_ubm/0.ubm - 
LOG (fgmm-global-to-gmm[5.5.1068~2-59299]:main():fgmm-global-to-gmm.cc:58) Written diagonal GMM to -
subsample-feats --n=5 ark:- ark:- 
select-voiced-frames ark:- scp,s,cs:data/train/split6/4/vad.scp ark:- 
apply-cmvn-sliding --norm-vars=false --center=true --cmn-window=300 ark:- ark:- 
add-deltas --delta-window=3 --delta-order=2 scp:data/train/split6/4/feats.scp ark:- 
LOG (gmm-gselect[5.5.1068~2-59299]:main():gmm-gselect.cc:114) For 0'th file, average UBM likelihood over 43 frames is -103.022
LOG (gmm-gselect[5.5.1068~2-59299]:main():gmm-gselect.cc:114) For 10'th file, average UBM likelihood over 59 frames is -96.5279
LOG (gmm-gselect[5.5.1068~2-59299]:main():gmm-gselect.cc:114) For 20'th file, average UBM likelihood over 52 frames is -97.0772
LOG (gmm-gselect[5.5.1068~2-59299]:main():gmm-gselect.cc:114) For 30'th file, average UBM likelihood over 41 frames is -94.6454
LOG (gmm-gselect[5.5.1068~2-59299]:main():gmm-gselect.cc:114) For 40'th file, average UBM likelihood over 49 frames is -98.2995
LOG (gmm-gselect[5.5.1068~2-59299]:main():gmm-gselect.cc:114) For 50'th file, average UBM likelihood over 47 frames is -99.2202
LOG (gmm-gselect[5.5.1068~2-59299]:main():gmm-gselect.cc:114) For 60'th file, average UBM likelihood over 50 frames is -90.2065
LOG (gmm-gselect[5.5.1068~2-59299]:main():gmm-gselect.cc:114) For 70'th file, average UBM likelihood over 64 frames is -95.9869
LOG (gmm-gselect[5.5.1068~2-59299]:main():gmm-gselect.cc:114) For 80'th file, average UBM likelihood over 59 frames is -101.425
LOG (gmm-gselect[5.5.1068~2-59299]:main():gmm-gselect.cc:114) For 90'th file, average UBM likelihood over 43 frames is -99.8093
LOG (gmm-gselect[5.5.1068~2-59299]:main():gmm-gselect.cc:114) For 100'th file, average UBM likelihood over 72 frames is -101.149
LOG (gmm-gselect[5.5.1068~2-59299]:main():gmm-gselect.cc:114) For 110'th file, average UBM likelihood over 36 frames is -98.715
LOG (gmm-gselect[5.5.1068~2-59299]:main():gmm-gselect.cc:114) For 120'th file, average UBM likelihood over 35 frames is -98.1583
LOG (gmm-gselect[5.5.1068~2-59299]:main():gmm-gselect.cc:114) For 130'th file, average UBM likelihood over 58 frames is -98.6373
LOG (gmm-gselect[5.5.1068~2-59299]:main():gmm-gselect.cc:114) For 140'th file, average UBM likelihood over 51 frames is -98.625
LOG (gmm-gselect[5.5.1068~2-59299]:main():gmm-gselect.cc:114) For 150'th file, average UBM likelihood over 44 frames is -96.2031
LOG (gmm-gselect[5.5.1068~2-59299]:main():gmm-gselect.cc:114) For 160'th file, average UBM likelihood over 48 frames is -101.216
LOG (gmm-gselect[5.5.1068~2-59299]:main():gmm-gselect.cc:114) For 170'th file, average UBM likelihood over 56 frames is -96.6665
LOG (gmm-gselect[5.5.1068~2-59299]:main():gmm-gselect.cc:114) For 180'th file, average UBM likelihood over 31 frames is -101.813
LOG (gmm-gselect[5.5.1068~2-59299]:main():gmm-gselect.cc:114) For 190'th file, average UBM likelihood over 32 frames is -96.5456
LOG (gmm-gselect[5.5.1068~2-59299]:main():gmm-gselect.cc:114) For 200'th file, average UBM likelihood over 38 frames is -104.171
LOG (gmm-gselect[5.5.1068~2-59299]:main():gmm-gselect.cc:114) For 210'th file, average UBM likelihood over 41 frames is -100.957
LOG (gmm-gselect[5.5.1068~2-59299]:main():gmm-gselect.cc:114) For 220'th file, average UBM likelihood over 51 frames is -98.2393
LOG (gmm-gselect[5.5.1068~2-59299]:main():gmm-gselect.cc:114) For 230'th file, average UBM likelihood over 47 frames is -98.8108
LOG (gmm-gselect[5.5.1068~2-59299]:main():gmm-gselect.cc:114) For 240'th file, average UBM likelihood over 34 frames is -101.1
LOG (gmm-gselect[5.5.1068~2-59299]:main():gmm-gselect.cc:114) For 250'th file, average UBM likelihood over 46 frames is -96.2185
LOG (gmm-gselect[5.5.1068~2-59299]:main():gmm-gselect.cc:114) For 260'th file, average UBM likelihood over 66 frames is -101.871
LOG (gmm-gselect[5.5.1068~2-59299]:main():gmm-gselect.cc:114) For 270'th file, average UBM likelihood over 37 frames is -99.0236
LOG (gmm-gselect[5.5.1068~2-59299]:main():gmm-gselect.cc:114) For 280'th file, average UBM likelihood over 37 frames is -101.709
LOG (gmm-gselect[5.5.1068~2-59299]:main():gmm-gselect.cc:114) For 290'th file, average UBM likelihood over 46 frames is -98.4936
LOG (gmm-gselect[5.5.1068~2-59299]:main():gmm-gselect.cc:114) For 300'th file, average UBM likelihood over 36 frames is -101.185
LOG (gmm-gselect[5.5.1068~2-59299]:main():gmm-gselect.cc:114) For 310'th file, average UBM likelihood over 48 frames is -102.567
LOG (gmm-gselect[5.5.1068~2-59299]:main():gmm-gselect.cc:114) For 320'th file, average UBM likelihood over 61 frames is -104.25
LOG (gmm-gselect[5.5.1068~2-59299]:main():gmm-gselect.cc:114) For 330'th file, average UBM likelihood over 66 frames is -100.492
LOG (gmm-gselect[5.5.1068~2-59299]:main():gmm-gselect.cc:114) For 340'th file, average UBM likelihood over 74 frames is -100.889
LOG (gmm-gselect[5.5.1068~2-59299]:main():gmm-gselect.cc:114) For 350'th file, average UBM likelihood over 49 frames is -99.1177
LOG (gmm-gselect[5.5.1068~2-59299]:main():gmm-gselect.cc:114) For 360'th file, average UBM likelihood over 51 frames is -98.5241
LOG (gmm-gselect[5.5.1068~2-59299]:main():gmm-gselect.cc:114) For 370'th file, average UBM likelihood over 33 frames is -99.0227
LOG (gmm-gselect[5.5.1068~2-59299]:main():gmm-gselect.cc:114) For 380'th file, average UBM likelihood over 35 frames is -101.391
LOG (gmm-gselect[5.5.1068~2-59299]:main():gmm-gselect.cc:114) For 390'th file, average UBM likelihood over 43 frames is -93.648
LOG (gmm-gselect[5.5.1068~2-59299]:main():gmm-gselect.cc:114) For 400'th file, average UBM likelihood over 49 frames is -100.945
LOG (gmm-gselect[5.5.1068~2-59299]:main():gmm-gselect.cc:114) For 410'th file, average UBM likelihood over 69 frames is -105.066
LOG (gmm-gselect[5.5.1068~2-59299]:main():gmm-gselect.cc:114) For 420'th file, average UBM likelihood over 42 frames is -97.14
LOG (gmm-gselect[5.5.1068~2-59299]:main():gmm-gselect.cc:114) For 430'th file, average UBM likelihood over 60 frames is -97.5133
LOG (gmm-gselect[5.5.1068~2-59299]:main():gmm-gselect.cc:114) For 440'th file, average UBM likelihood over 53 frames is -99.9918
LOG (gmm-gselect[5.5.1068~2-59299]:main():gmm-gselect.cc:114) For 450'th file, average UBM likelihood over 49 frames is -100.881
LOG (gmm-gselect[5.5.1068~2-59299]:main():gmm-gselect.cc:114) For 460'th file, average UBM likelihood over 35 frames is -95.3291
LOG (gmm-gselect[5.5.1068~2-59299]:main():gmm-gselect.cc:114) For 470'th file, average UBM likelihood over 47 frames is -96.1453
LOG (gmm-gselect[5.5.1068~2-59299]:main():gmm-gselect.cc:114) For 480'th file, average UBM likelihood over 35 frames is -98.7692
LOG (gmm-gselect[5.5.1068~2-59299]:main():gmm-gselect.cc:114) For 490'th file, average UBM likelihood over 39 frames is -98.93
LOG (gmm-gselect[5.5.1068~2-59299]:main():gmm-gselect.cc:114) For 500'th file, average UBM likelihood over 26 frames is -99.8097
LOG (gmm-gselect[5.5.1068~2-59299]:main():gmm-gselect.cc:114) For 510'th file, average UBM likelihood over 51 frames is -103.333
LOG (gmm-gselect[5.5.1068~2-59299]:main():gmm-gselect.cc:114) For 520'th file, average UBM likelihood over 36 frames is -102.888
LOG (gmm-gselect[5.5.1068~2-59299]:main():gmm-gselect.cc:114) For 530'th file, average UBM likelihood over 59 frames is -97.9712
LOG (gmm-gselect[5.5.1068~2-59299]:main():gmm-gselect.cc:114) For 540'th file, average UBM likelihood over 32 frames is -100.113
LOG (gmm-gselect[5.5.1068~2-59299]:main():gmm-gselect.cc:114) For 550'th file, average UBM likelihood over 39 frames is -99.0166
LOG (gmm-gselect[5.5.1068~2-59299]:main():gmm-gselect.cc:114) For 560'th file, average UBM likelihood over 26 frames is -96.4543
LOG (gmm-gselect[5.5.1068~2-59299]:main():gmm-gselect.cc:114) For 570'th file, average UBM likelihood over 37 frames is -102.123
LOG (gmm-gselect[5.5.1068~2-59299]:main():gmm-gselect.cc:114) For 580'th file, average UBM likelihood over 51 frames is -99.3598
LOG (gmm-gselect[5.5.1068~2-59299]:main():gmm-gselect.cc:114) For 590'th file, average UBM likelihood over 62 frames is -96.2715
LOG (gmm-gselect[5.5.1068~2-59299]:main():gmm-gselect.cc:114) For 600'th file, average UBM likelihood over 41 frames is -99.4738
LOG (gmm-gselect[5.5.1068~2-59299]:main():gmm-gselect.cc:114) For 610'th file, average UBM likelihood over 46 frames is -96.0416
LOG (gmm-gselect[5.5.1068~2-59299]:main():gmm-gselect.cc:114) For 620'th file, average UBM likelihood over 62 frames is -103.414
LOG (gmm-gselect[5.5.1068~2-59299]:main():gmm-gselect.cc:114) For 630'th file, average UBM likelihood over 31 frames is -98.5072
LOG (gmm-gselect[5.5.1068~2-59299]:main():gmm-gselect.cc:114) For 640'th file, average UBM likelihood over 69 frames is -99.2439
LOG (gmm-gselect[5.5.1068~2-59299]:main():gmm-gselect.cc:114) For 650'th file, average UBM likelihood over 71 frames is -96.7845
LOG (gmm-gselect[5.5.1068~2-59299]:main():gmm-gselect.cc:114) For 660'th file, average UBM likelihood over 30 frames is -100.016
LOG (gmm-gselect[5.5.1068~2-59299]:main():gmm-gselect.cc:114) For 670'th file, average UBM likelihood over 60 frames is -96.4378
LOG (gmm-gselect[5.5.1068~2-59299]:main():gmm-gselect.cc:114) For 680'th file, average UBM likelihood over 75 frames is -96.2542
LOG (gmm-gselect[5.5.1068~2-59299]:main():gmm-gselect.cc:114) For 690'th file, average UBM likelihood over 34 frames is -95.9787
LOG (gmm-gselect[5.5.1068~2-59299]:main():gmm-gselect.cc:114) For 700'th file, average UBM likelihood over 41 frames is -96.8934
LOG (gmm-gselect[5.5.1068~2-59299]:main():gmm-gselect.cc:114) For 710'th file, average UBM likelihood over 45 frames is -96.5503
LOG (gmm-gselect[5.5.1068~2-59299]:main():gmm-gselect.cc:114) For 720'th file, average UBM likelihood over 83 frames is -96.3271
LOG (gmm-gselect[5.5.1068~2-59299]:main():gmm-gselect.cc:114) For 730'th file, average UBM likelihood over 39 frames is -94.8261
LOG (gmm-gselect[5.5.1068~2-59299]:main():gmm-gselect.cc:114) For 740'th file, average UBM likelihood over 67 frames is -96.0666
LOG (gmm-gselect[5.5.1068~2-59299]:main():gmm-gselect.cc:114) For 750'th file, average UBM likelihood over 68 frames is -103.079
LOG (apply-cmvn-sliding[5.5.1068~2-59299]:main():apply-cmvn-sliding.cc:75) Applied sliding-window cepstral mean normalization to 770 utterances, 0 had errors.
LOG (select-voiced-frames[5.5.1068~2-59299]:main():select-voiced-frames.cc:106) Done selecting voiced frames; processed 770 utterances, 0 had errors.
LOG (gmm-gselect[5.5.1068~2-59299]:main():gmm-gselect.cc:114) For 760'th file, average UBM likelihood over 37 frames is -98.2025
LOG (subsample-feats[5.5.1068~2-59299]:main():subsample-feats.cc:115) Processed 770 feature matrices; 0 with errors.
LOG (subsample-feats[5.5.1068~2-59299]:main():subsample-feats.cc:117) Processed 180712 input frames and 36452 output frames.
LOG (gmm-gselect[5.5.1068~2-59299]:main():gmm-gselect.cc:125) Done 770 files, 0 with errors, average UBM log-likelihood is -98.4283 over 36452 frames.
# Accounting: time=1 threads=1
# Ended (code 0) at Wed Mar 22 15:22:15 CST 2023, elapsed time 1 seconds
