# gmm-gselect --n=20 "fgmm-global-to-gmm exp/ivector_gauss512_dim200/full_ubm/0.ubm - |" "ark,s,cs:add-deltas --delta-window=3 --delta-order=2 scp:data/train/split10/8/feats.scp ark:- | apply-cmvn-sliding --norm-vars=false --center=true --cmn-window=300 ark:- ark:- | select-voiced-frames ark:- scp,s,cs:data/train/split10/8/vad.scp ark:- | subsample-feats --n=5 ark:- ark:- |" "ark:|gzip -c >exp/ivector_gauss512_dim200/full_ubm/gselect.8.gz" 
# Started at Thu Mar 16 00:41:04 CST 2023
#
gmm-gselect --n=20 'fgmm-global-to-gmm exp/ivector_gauss512_dim200/full_ubm/0.ubm - |' 'ark,s,cs:add-deltas --delta-window=3 --delta-order=2 scp:data/train/split10/8/feats.scp ark:- | apply-cmvn-sliding --norm-vars=false --center=true --cmn-window=300 ark:- ark:- | select-voiced-frames ark:- scp,s,cs:data/train/split10/8/vad.scp ark:- | subsample-feats --n=5 ark:- ark:- |' 'ark:|gzip -c >exp/ivector_gauss512_dim200/full_ubm/gselect.8.gz' 
fgmm-global-to-gmm exp/ivector_gauss512_dim200/full_ubm/0.ubm - 
LOG (fgmm-global-to-gmm[5.5.1068~2-59299]:main():fgmm-global-to-gmm.cc:58) Written diagonal GMM to -
add-deltas --delta-window=3 --delta-order=2 scp:data/train/split10/8/feats.scp ark:- 
apply-cmvn-sliding --norm-vars=false --center=true --cmn-window=300 ark:- ark:- 
subsample-feats --n=5 ark:- ark:- 
select-voiced-frames ark:- scp,s,cs:data/train/split10/8/vad.scp ark:- 
LOG (gmm-gselect[5.5.1068~2-59299]:main():gmm-gselect.cc:114) For 0'th file, average UBM likelihood over 61 frames is -98.2926
LOG (gmm-gselect[5.5.1068~2-59299]:main():gmm-gselect.cc:114) For 10'th file, average UBM likelihood over 83 frames is -98.5409
LOG (gmm-gselect[5.5.1068~2-59299]:main():gmm-gselect.cc:114) For 20'th file, average UBM likelihood over 40 frames is -100.865
LOG (gmm-gselect[5.5.1068~2-59299]:main():gmm-gselect.cc:114) For 30'th file, average UBM likelihood over 46 frames is -98.8342
LOG (gmm-gselect[5.5.1068~2-59299]:main():gmm-gselect.cc:114) For 40'th file, average UBM likelihood over 20 frames is -98.5032
LOG (gmm-gselect[5.5.1068~2-59299]:main():gmm-gselect.cc:114) For 50'th file, average UBM likelihood over 46 frames is -98.8859
LOG (gmm-gselect[5.5.1068~2-59299]:main():gmm-gselect.cc:114) For 60'th file, average UBM likelihood over 29 frames is -99.4304
LOG (gmm-gselect[5.5.1068~2-59299]:main():gmm-gselect.cc:114) For 70'th file, average UBM likelihood over 43 frames is -99.6104
LOG (gmm-gselect[5.5.1068~2-59299]:main():gmm-gselect.cc:114) For 80'th file, average UBM likelihood over 62 frames is -96.9219
LOG (gmm-gselect[5.5.1068~2-59299]:main():gmm-gselect.cc:114) For 90'th file, average UBM likelihood over 72 frames is -96.9995
LOG (gmm-gselect[5.5.1068~2-59299]:main():gmm-gselect.cc:114) For 100'th file, average UBM likelihood over 48 frames is -96.9225
LOG (gmm-gselect[5.5.1068~2-59299]:main():gmm-gselect.cc:114) For 110'th file, average UBM likelihood over 39 frames is -98.9055
LOG (gmm-gselect[5.5.1068~2-59299]:main():gmm-gselect.cc:114) For 120'th file, average UBM likelihood over 43 frames is -97.9699
LOG (gmm-gselect[5.5.1068~2-59299]:main():gmm-gselect.cc:114) For 130'th file, average UBM likelihood over 35 frames is -99.6623
LOG (gmm-gselect[5.5.1068~2-59299]:main():gmm-gselect.cc:114) For 140'th file, average UBM likelihood over 52 frames is -97.716
LOG (gmm-gselect[5.5.1068~2-59299]:main():gmm-gselect.cc:114) For 150'th file, average UBM likelihood over 65 frames is -100.532
LOG (gmm-gselect[5.5.1068~2-59299]:main():gmm-gselect.cc:114) For 160'th file, average UBM likelihood over 54 frames is -95.9414
LOG (gmm-gselect[5.5.1068~2-59299]:main():gmm-gselect.cc:114) For 170'th file, average UBM likelihood over 50 frames is -99.5197
LOG (gmm-gselect[5.5.1068~2-59299]:main():gmm-gselect.cc:114) For 180'th file, average UBM likelihood over 47 frames is -100.578
LOG (gmm-gselect[5.5.1068~2-59299]:main():gmm-gselect.cc:114) For 190'th file, average UBM likelihood over 49 frames is -97.9088
LOG (gmm-gselect[5.5.1068~2-59299]:main():gmm-gselect.cc:114) For 200'th file, average UBM likelihood over 14 frames is -103.743
LOG (gmm-gselect[5.5.1068~2-59299]:main():gmm-gselect.cc:114) For 210'th file, average UBM likelihood over 55 frames is -98.9214
LOG (gmm-gselect[5.5.1068~2-59299]:main():gmm-gselect.cc:114) For 220'th file, average UBM likelihood over 54 frames is -96.8941
LOG (gmm-gselect[5.5.1068~2-59299]:main():gmm-gselect.cc:114) For 230'th file, average UBM likelihood over 57 frames is -100.516
LOG (gmm-gselect[5.5.1068~2-59299]:main():gmm-gselect.cc:114) For 240'th file, average UBM likelihood over 42 frames is -102.207
LOG (gmm-gselect[5.5.1068~2-59299]:main():gmm-gselect.cc:114) For 250'th file, average UBM likelihood over 54 frames is -100.079
LOG (gmm-gselect[5.5.1068~2-59299]:main():gmm-gselect.cc:114) For 260'th file, average UBM likelihood over 42 frames is -101.803
LOG (gmm-gselect[5.5.1068~2-59299]:main():gmm-gselect.cc:114) For 270'th file, average UBM likelihood over 69 frames is -96.245
LOG (gmm-gselect[5.5.1068~2-59299]:main():gmm-gselect.cc:114) For 280'th file, average UBM likelihood over 45 frames is -97.3626
LOG (gmm-gselect[5.5.1068~2-59299]:main():gmm-gselect.cc:114) For 290'th file, average UBM likelihood over 47 frames is -97.0058
LOG (gmm-gselect[5.5.1068~2-59299]:main():gmm-gselect.cc:114) For 300'th file, average UBM likelihood over 49 frames is -102.082
LOG (gmm-gselect[5.5.1068~2-59299]:main():gmm-gselect.cc:114) For 310'th file, average UBM likelihood over 36 frames is -99.2086
LOG (gmm-gselect[5.5.1068~2-59299]:main():gmm-gselect.cc:114) For 320'th file, average UBM likelihood over 37 frames is -99.4921
LOG (gmm-gselect[5.5.1068~2-59299]:main():gmm-gselect.cc:114) For 330'th file, average UBM likelihood over 49 frames is -101.003
LOG (gmm-gselect[5.5.1068~2-59299]:main():gmm-gselect.cc:114) For 340'th file, average UBM likelihood over 42 frames is -98.4203
LOG (gmm-gselect[5.5.1068~2-59299]:main():gmm-gselect.cc:114) For 350'th file, average UBM likelihood over 51 frames is -95.4213
LOG (gmm-gselect[5.5.1068~2-59299]:main():gmm-gselect.cc:114) For 360'th file, average UBM likelihood over 44 frames is -99.2361
LOG (gmm-gselect[5.5.1068~2-59299]:main():gmm-gselect.cc:114) For 370'th file, average UBM likelihood over 66 frames is -101.421
LOG (gmm-gselect[5.5.1068~2-59299]:main():gmm-gselect.cc:114) For 380'th file, average UBM likelihood over 32 frames is -98.4377
LOG (gmm-gselect[5.5.1068~2-59299]:main():gmm-gselect.cc:114) For 390'th file, average UBM likelihood over 50 frames is -98.9789
LOG (gmm-gselect[5.5.1068~2-59299]:main():gmm-gselect.cc:114) For 400'th file, average UBM likelihood over 49 frames is -96.3773
LOG (gmm-gselect[5.5.1068~2-59299]:main():gmm-gselect.cc:114) For 410'th file, average UBM likelihood over 35 frames is -98.0872
LOG (gmm-gselect[5.5.1068~2-59299]:main():gmm-gselect.cc:114) For 420'th file, average UBM likelihood over 45 frames is -95.379
LOG (gmm-gselect[5.5.1068~2-59299]:main():gmm-gselect.cc:114) For 430'th file, average UBM likelihood over 47 frames is -99.8166
LOG (gmm-gselect[5.5.1068~2-59299]:main():gmm-gselect.cc:114) For 440'th file, average UBM likelihood over 56 frames is -97.3444
LOG (apply-cmvn-sliding[5.5.1068~2-59299]:main():apply-cmvn-sliding.cc:75) Applied sliding-window cepstral mean normalization to 460 utterances, 0 had errors.
LOG (select-voiced-frames[5.5.1068~2-59299]:main():select-voiced-frames.cc:106) Done selecting voiced frames; processed 460 utterances, 0 had errors.
LOG (gmm-gselect[5.5.1068~2-59299]:main():gmm-gselect.cc:114) For 450'th file, average UBM likelihood over 46 frames is -101.933
LOG (subsample-feats[5.5.1068~2-59299]:main():subsample-feats.cc:115) Processed 460 feature matrices; 0 with errors.
LOG (subsample-feats[5.5.1068~2-59299]:main():subsample-feats.cc:117) Processed 107054 input frames and 21603 output frames.
LOG (gmm-gselect[5.5.1068~2-59299]:main():gmm-gselect.cc:125) Done 460 files, 0 with errors, average UBM log-likelihood is -98.5122 over 21603 frames.
# Accounting: time=1 threads=1
# Ended (code 0) at Thu Mar 16 00:41:05 CST 2023, elapsed time 1 seconds
