# gmm-gselect --n=20 "fgmm-global-to-gmm exp/ivector_gauss512_dim200/extractor/final.ubm -|" "ark,s,cs:add-deltas --delta-window=3 --delta-order=2 scp:data/test/enroll/split1/1/feats.scp ark:- | apply-cmvn-sliding --norm-vars=false --center=true --cmn-window=300 ark:- ark:- | select-voiced-frames ark:- scp,s,cs:data/test/enroll/split1/1/vad.scp ark:- |" ark:- | fgmm-global-gselect-to-post --min-post=0.025 exp/ivector_gauss512_dim200/extractor/final.ubm "ark,s,cs:add-deltas --delta-window=3 --delta-order=2 scp:data/test/enroll/split1/1/feats.scp ark:- | apply-cmvn-sliding --norm-vars=false --center=true --cmn-window=300 ark:- ark:- | select-voiced-frames ark:- scp,s,cs:data/test/enroll/split1/1/vad.scp ark:- |" ark,s,cs:- ark:- | scale-post ark:- 1.0 ark:- | ivector-extract --verbose=2 --num-threads=1 exp/ivector_gauss512_dim200/extractor/final.ie "ark,s,cs:add-deltas --delta-window=3 --delta-order=2 scp:data/test/enroll/split1/1/feats.scp ark:- | apply-cmvn-sliding --norm-vars=false --center=true --cmn-window=300 ark:- ark:- | select-voiced-frames ark:- scp,s,cs:data/test/enroll/split1/1/vad.scp ark:- |" ark,s,cs:- ark,scp,t:exp/ivector_gauss512_dim200/ivector_enroll/ivector.1.ark,exp/ivector_gauss512_dim200/ivector_enroll/ivector.1.scp 
# Started at Thu Mar 16 14:04:51 CST 2023
#
gmm-gselect --n=20 'fgmm-global-to-gmm exp/ivector_gauss512_dim200/extractor/final.ubm -|' 'ark,s,cs:add-deltas --delta-window=3 --delta-order=2 scp:data/test/enroll/split1/1/feats.scp ark:- | apply-cmvn-sliding --norm-vars=false --center=true --cmn-window=300 ark:- ark:- | select-voiced-frames ark:- scp,s,cs:data/test/enroll/split1/1/vad.scp ark:- |' ark:- 
scale-post ark:- 1.0 ark:- 
fgmm-global-gselect-to-post --min-post=0.025 exp/ivector_gauss512_dim200/extractor/final.ubm 'ark,s,cs:add-deltas --delta-window=3 --delta-order=2 scp:data/test/enroll/split1/1/feats.scp ark:- | apply-cmvn-sliding --norm-vars=false --center=true --cmn-window=300 ark:- ark:- | select-voiced-frames ark:- scp,s,cs:data/test/enroll/split1/1/vad.scp ark:- |' ark,s,cs:- ark:- 
ivector-extract --verbose=2 --num-threads=1 exp/ivector_gauss512_dim200/extractor/final.ie 'ark,s,cs:add-deltas --delta-window=3 --delta-order=2 scp:data/test/enroll/split1/1/feats.scp ark:- | apply-cmvn-sliding --norm-vars=false --center=true --cmn-window=300 ark:- ark:- | select-voiced-frames ark:- scp,s,cs:data/test/enroll/split1/1/vad.scp ark:- |' ark,s,cs:- ark,scp,t:exp/ivector_gauss512_dim200/ivector_enroll/ivector.1.ark,exp/ivector_gauss512_dim200/ivector_enroll/ivector.1.scp 
fgmm-global-to-gmm exp/ivector_gauss512_dim200/extractor/final.ubm - 
LOG (ivector-extract[5.5.1068~2-59299]:ComputeDerivedVars():ivector-extractor.cc:183) Computing derived variables for iVector extractor
select-voiced-frames ark:- scp,s,cs:data/test/enroll/split1/1/vad.scp ark:- 
apply-cmvn-sliding --norm-vars=false --center=true --cmn-window=300 ark:- ark:- 
add-deltas --delta-window=3 --delta-order=2 scp:data/test/enroll/split1/1/feats.scp ark:- 
LOG (fgmm-global-to-gmm[5.5.1068~2-59299]:main():fgmm-global-to-gmm.cc:58) Written diagonal GMM to -
select-voiced-frames ark:- scp,s,cs:data/test/enroll/split1/1/vad.scp ark:- 
apply-cmvn-sliding --norm-vars=false --center=true --cmn-window=300 ark:- ark:- 
add-deltas --delta-window=3 --delta-order=2 scp:data/test/enroll/split1/1/feats.scp ark:- 
LOG (gmm-gselect[5.5.1068~2-59299]:main():gmm-gselect.cc:114) For 0'th file, average UBM likelihood over 310 frames is -105.096
LOG (gmm-gselect[5.5.1068~2-59299]:main():gmm-gselect.cc:114) For 10'th file, average UBM likelihood over 335 frames is -96.6429
LOG (ivector-extract[5.5.1068~2-59299]:ComputeDerivedVars():ivector-extractor.cc:204) Done.
select-voiced-frames ark:- scp,s,cs:data/test/enroll/split1/1/vad.scp ark:- 
apply-cmvn-sliding --norm-vars=false --center=true --cmn-window=300 ark:- ark:- 
add-deltas --delta-window=3 --delta-order=2 scp:data/test/enroll/split1/1/feats.scp ark:- 
VLOG[2] (ivector-extract[5.5.1068~2-59299]:~IvectorExtractTask():ivector-extract.cc:68) Auxf change for utterance SP0631W01 was 6.61592 per frame over 310 frames (weighted)
VLOG[2] (ivector-extract[5.5.1068~2-59299]:~IvectorExtractTask():ivector-extract.cc:77) Ivector norm for utterance SP0631W01 was 9.6449
VLOG[2] (ivector-extract[5.5.1068~2-59299]:~IvectorExtractTask():ivector-extract.cc:68) Auxf change for utterance SP0632W01 was 8.45074 per frame over 321 frames (weighted)
VLOG[2] (ivector-extract[5.5.1068~2-59299]:~IvectorExtractTask():ivector-extract.cc:77) Ivector norm for utterance SP0632W01 was 9.73337
VLOG[2] (ivector-extract[5.5.1068~2-59299]:~IvectorExtractTask():ivector-extract.cc:68) Auxf change for utterance SP0633W00 was 9.23625 per frame over 366 frames (weighted)
VLOG[2] (ivector-extract[5.5.1068~2-59299]:~IvectorExtractTask():ivector-extract.cc:77) Ivector norm for utterance SP0633W00 was 9.93504
VLOG[2] (ivector-extract[5.5.1068~2-59299]:~IvectorExtractTask():ivector-extract.cc:68) Auxf change for utterance SP0634W01 was 6.57011 per frame over 262 frames (weighted)
VLOG[2] (ivector-extract[5.5.1068~2-59299]:~IvectorExtractTask():ivector-extract.cc:77) Ivector norm for utterance SP0634W01 was 8.81019
VLOG[2] (ivector-extract[5.5.1068~2-59299]:~IvectorExtractTask():ivector-extract.cc:68) Auxf change for utterance SP0635W01 was 9.51526 per frame over 321 frames (weighted)
VLOG[2] (ivector-extract[5.5.1068~2-59299]:~IvectorExtractTask():ivector-extract.cc:77) Ivector norm for utterance SP0635W01 was 10.7498
VLOG[2] (ivector-extract[5.5.1068~2-59299]:~IvectorExtractTask():ivector-extract.cc:68) Auxf change for utterance SP0636W01 was 9.42356 per frame over 325 frames (weighted)
VLOG[2] (ivector-extract[5.5.1068~2-59299]:~IvectorExtractTask():ivector-extract.cc:77) Ivector norm for utterance SP0636W01 was 10.1388
LOG (gmm-gselect[5.5.1068~2-59299]:main():gmm-gselect.cc:114) For 20'th file, average UBM likelihood over 359 frames is -98.1293
VLOG[2] (ivector-extract[5.5.1068~2-59299]:~IvectorExtractTask():ivector-extract.cc:68) Auxf change for utterance SP0637W01 was 8.76672 per frame over 319 frames (weighted)
VLOG[2] (ivector-extract[5.5.1068~2-59299]:~IvectorExtractTask():ivector-extract.cc:77) Ivector norm for utterance SP0637W01 was 9.41206
VLOG[2] (ivector-extract[5.5.1068~2-59299]:~IvectorExtractTask():ivector-extract.cc:68) Auxf change for utterance SP0638W00 was 7.67774 per frame over 316 frames (weighted)
VLOG[2] (ivector-extract[5.5.1068~2-59299]:~IvectorExtractTask():ivector-extract.cc:77) Ivector norm for utterance SP0638W00 was 9.81115
VLOG[2] (ivector-extract[5.5.1068~2-59299]:~IvectorExtractTask():ivector-extract.cc:68) Auxf change for utterance SP0639W00 was 7.24764 per frame over 345 frames (weighted)
VLOG[2] (ivector-extract[5.5.1068~2-59299]:~IvectorExtractTask():ivector-extract.cc:77) Ivector norm for utterance SP0639W00 was 10.1119
VLOG[2] (ivector-extract[5.5.1068~2-59299]:~IvectorExtractTask():ivector-extract.cc:68) Auxf change for utterance SP0640W01 was 9.0339 per frame over 418 frames (weighted)
VLOG[2] (ivector-extract[5.5.1068~2-59299]:~IvectorExtractTask():ivector-extract.cc:77) Ivector norm for utterance SP0640W01 was 10.3728
VLOG[2] (ivector-extract[5.5.1068~2-59299]:~IvectorExtractTask():ivector-extract.cc:68) Auxf change for utterance SP0641W01 was 11.9674 per frame over 335 frames (weighted)
VLOG[2] (ivector-extract[5.5.1068~2-59299]:~IvectorExtractTask():ivector-extract.cc:77) Ivector norm for utterance SP0641W01 was 10.6475
VLOG[2] (ivector-extract[5.5.1068~2-59299]:~IvectorExtractTask():ivector-extract.cc:68) Auxf change for utterance SP0642W01 was 9.28243 per frame over 338 frames (weighted)
VLOG[2] (ivector-extract[5.5.1068~2-59299]:~IvectorExtractTask():ivector-extract.cc:77) Ivector norm for utterance SP0642W01 was 11.0227
LOG (apply-cmvn-sliding[5.5.1068~2-59299]:main():apply-cmvn-sliding.cc:75) Applied sliding-window cepstral mean normalization to 30 utterances, 0 had errors.
VLOG[2] (ivector-extract[5.5.1068~2-59299]:~IvectorExtractTask():ivector-extract.cc:68) Auxf change for utterance SP0643W01 was 8.36463 per frame over 424 frames (weighted)
VLOG[2] (ivector-extract[5.5.1068~2-59299]:~IvectorExtractTask():ivector-extract.cc:77) Ivector norm for utterance SP0643W01 was 9.64732
LOG (select-voiced-frames[5.5.1068~2-59299]:main():select-voiced-frames.cc:106) Done selecting voiced frames; processed 30 utterances, 0 had errors.
VLOG[2] (ivector-extract[5.5.1068~2-59299]:~IvectorExtractTask():ivector-extract.cc:68) Auxf change for utterance SP0644W01 was 15.3099 per frame over 452 frames (weighted)
VLOG[2] (ivector-extract[5.5.1068~2-59299]:~IvectorExtractTask():ivector-extract.cc:77) Ivector norm for utterance SP0644W01 was 12.0053
LOG (apply-cmvn-sliding[5.5.1068~2-59299]:main():apply-cmvn-sliding.cc:75) Applied sliding-window cepstral mean normalization to 30 utterances, 0 had errors.
LOG (select-voiced-frames[5.5.1068~2-59299]:main():select-voiced-frames.cc:106) Done selecting voiced frames; processed 30 utterances, 0 had errors.
LOG (gmm-gselect[5.5.1068~2-59299]:main():gmm-gselect.cc:125) Done 30 files, 0 with errors, average UBM log-likelihood is -99.9673 over 10095 frames.
VLOG[2] (ivector-extract[5.5.1068~2-59299]:~IvectorExtractTask():ivector-extract.cc:68) Auxf change for utterance SP0645W00 was 9.54175 per frame over 300 frames (weighted)
VLOG[2] (ivector-extract[5.5.1068~2-59299]:~IvectorExtractTask():ivector-extract.cc:77) Ivector norm for utterance SP0645W00 was 11.6581
VLOG[2] (ivector-extract[5.5.1068~2-59299]:~IvectorExtractTask():ivector-extract.cc:68) Auxf change for utterance SP0646W00 was 7.78706 per frame over 395 frames (weighted)
VLOG[2] (ivector-extract[5.5.1068~2-59299]:~IvectorExtractTask():ivector-extract.cc:77) Ivector norm for utterance SP0646W00 was 9.83032
VLOG[2] (ivector-extract[5.5.1068~2-59299]:~IvectorExtractTask():ivector-extract.cc:68) Auxf change for utterance SP0647W01 was 8.36544 per frame over 381 frames (weighted)
VLOG[2] (ivector-extract[5.5.1068~2-59299]:~IvectorExtractTask():ivector-extract.cc:77) Ivector norm for utterance SP0647W01 was 9.86551
LOG (fgmm-global-gselect-to-post[5.5.1068~2-59299]:main():fgmm-global-gselect-to-post.cc:148) Done 30 files; 0 had errors.
LOG (fgmm-global-gselect-to-post[5.5.1068~2-59299]:main():fgmm-global-gselect-to-post.cc:149) Overall loglike per frame is -98.9748 with 2.5896 entries per frame,  over 10095 frames
VLOG[2] (ivector-extract[5.5.1068~2-59299]:~IvectorExtractTask():ivector-extract.cc:68) Auxf change for utterance SP0648W00 was 7.92382 per frame over 388 frames (weighted)
VLOG[2] (ivector-extract[5.5.1068~2-59299]:~IvectorExtractTask():ivector-extract.cc:77) Ivector norm for utterance SP0648W00 was 10.9667
VLOG[2] (ivector-extract[5.5.1068~2-59299]:~IvectorExtractTask():ivector-extract.cc:68) Auxf change for utterance SP0649W01 was 8.35694 per frame over 294 frames (weighted)
VLOG[2] (ivector-extract[5.5.1068~2-59299]:~IvectorExtractTask():ivector-extract.cc:77) Ivector norm for utterance SP0649W01 was 9.578
VLOG[2] (ivector-extract[5.5.1068~2-59299]:~IvectorExtractTask():ivector-extract.cc:68) Auxf change for utterance SP0650W01 was 3.82221 per frame over 287 frames (weighted)
VLOG[2] (ivector-extract[5.5.1068~2-59299]:~IvectorExtractTask():ivector-extract.cc:77) Ivector norm for utterance SP0650W01 was 8.56947
VLOG[2] (ivector-extract[5.5.1068~2-59299]:~IvectorExtractTask():ivector-extract.cc:68) Auxf change for utterance SP0651W01 was 5.55845 per frame over 359 frames (weighted)
VLOG[2] (ivector-extract[5.5.1068~2-59299]:~IvectorExtractTask():ivector-extract.cc:77) Ivector norm for utterance SP0651W01 was 9.14814
VLOG[2] (ivector-extract[5.5.1068~2-59299]:~IvectorExtractTask():ivector-extract.cc:68) Auxf change for utterance SP0652W00 was 6.27676 per frame over 389 frames (weighted)
VLOG[2] (ivector-extract[5.5.1068~2-59299]:~IvectorExtractTask():ivector-extract.cc:77) Ivector norm for utterance SP0652W00 was 9.72911
VLOG[2] (ivector-extract[5.5.1068~2-59299]:~IvectorExtractTask():ivector-extract.cc:68) Auxf change for utterance SP0653W00 was 8.0222 per frame over 279 frames (weighted)
VLOG[2] (ivector-extract[5.5.1068~2-59299]:~IvectorExtractTask():ivector-extract.cc:77) Ivector norm for utterance SP0653W00 was 10.1583
LOG (scale-post[5.5.1068~2-59299]:main():scale-post.cc:79) Done 30 posteriors;  0 had no scales.
VLOG[2] (ivector-extract[5.5.1068~2-59299]:~IvectorExtractTask():ivector-extract.cc:68) Auxf change for utterance SP0654W00 was 6.84224 per frame over 285 frames (weighted)
VLOG[2] (ivector-extract[5.5.1068~2-59299]:~IvectorExtractTask():ivector-extract.cc:77) Ivector norm for utterance SP0654W00 was 9.90254
VLOG[2] (ivector-extract[5.5.1068~2-59299]:~IvectorExtractTask():ivector-extract.cc:68) Auxf change for utterance SP0655W00 was 8.71704 per frame over 269 frames (weighted)
VLOG[2] (ivector-extract[5.5.1068~2-59299]:~IvectorExtractTask():ivector-extract.cc:77) Ivector norm for utterance SP0655W00 was 10.2765
VLOG[2] (ivector-extract[5.5.1068~2-59299]:~IvectorExtractTask():ivector-extract.cc:68) Auxf change for utterance SP0656W01 was 8.29149 per frame over 238 frames (weighted)
VLOG[2] (ivector-extract[5.5.1068~2-59299]:~IvectorExtractTask():ivector-extract.cc:77) Ivector norm for utterance SP0656W01 was 10.2152
LOG (apply-cmvn-sliding[5.5.1068~2-59299]:main():apply-cmvn-sliding.cc:75) Applied sliding-window cepstral mean normalization to 30 utterances, 0 had errors.
VLOG[2] (ivector-extract[5.5.1068~2-59299]:~IvectorExtractTask():ivector-extract.cc:68) Auxf change for utterance SP0657W01 was 5.04334 per frame over 248 frames (weighted)
VLOG[2] (ivector-extract[5.5.1068~2-59299]:~IvectorExtractTask():ivector-extract.cc:77) Ivector norm for utterance SP0657W01 was 7.38184
VLOG[2] (ivector-extract[5.5.1068~2-59299]:~IvectorExtractTask():ivector-extract.cc:68) Auxf change for utterance SP0658W00 was 7.43657 per frame over 395 frames (weighted)
VLOG[2] (ivector-extract[5.5.1068~2-59299]:~IvectorExtractTask():ivector-extract.cc:77) Ivector norm for utterance SP0658W00 was 10.1643
LOG (select-voiced-frames[5.5.1068~2-59299]:main():select-voiced-frames.cc:106) Done selecting voiced frames; processed 30 utterances, 0 had errors.
VLOG[2] (ivector-extract[5.5.1068~2-59299]:~IvectorExtractTask():ivector-extract.cc:68) Auxf change for utterance SP0659W00 was 6.76296 per frame over 299 frames (weighted)
VLOG[2] (ivector-extract[5.5.1068~2-59299]:~IvectorExtractTask():ivector-extract.cc:77) Ivector norm for utterance SP0659W00 was 8.96259
VLOG[2] (ivector-extract[5.5.1068~2-59299]:~IvectorExtractTask():ivector-extract.cc:68) Auxf change for utterance SP0660W01 was 12.0852 per frame over 437 frames (weighted)
VLOG[2] (ivector-extract[5.5.1068~2-59299]:~IvectorExtractTask():ivector-extract.cc:77) Ivector norm for utterance SP0660W01 was 11.5306
LOG (ivector-extract[5.5.1068~2-59299]:main():ivector-extract.cc:314) Done 30 files, 0 with errors.  Total (weighted) frames 10095
LOG (ivector-extract[5.5.1068~2-59299]:main():ivector-extract.cc:317) Overall average objective-function change from estimating ivector was 8.44817 per frame  over 10095 (weighted) frames.
# Accounting: time=0 threads=1
# Ended (code 0) at Thu Mar 16 14:04:51 CST 2023, elapsed time 0 seconds
