# gmm-gselect --n=20 "fgmm-global-to-gmm exp/ivector_gauss512_dim200/extractor/final.ubm -|" "ark,s,cs:add-deltas --delta-window=3 --delta-order=2 scp:data/test/enroll/split10/7/feats.scp ark:- | apply-cmvn-sliding --norm-vars=false --center=true --cmn-window=300 ark:- ark:- | select-voiced-frames ark:- scp,s,cs:data/test/enroll/split10/7/vad.scp ark:- |" ark:- | fgmm-global-gselect-to-post --min-post=0.025 exp/ivector_gauss512_dim200/extractor/final.ubm "ark,s,cs:add-deltas --delta-window=3 --delta-order=2 scp:data/test/enroll/split10/7/feats.scp ark:- | apply-cmvn-sliding --norm-vars=false --center=true --cmn-window=300 ark:- ark:- | select-voiced-frames ark:- scp,s,cs:data/test/enroll/split10/7/vad.scp ark:- |" ark,s,cs:- ark:- | scale-post ark:- 1.0 ark:- | ivector-extract --verbose=2 --num-threads=1 exp/ivector_gauss512_dim200/extractor/final.ie "ark,s,cs:add-deltas --delta-window=3 --delta-order=2 scp:data/test/enroll/split10/7/feats.scp ark:- | apply-cmvn-sliding --norm-vars=false --center=true --cmn-window=300 ark:- ark:- | select-voiced-frames ark:- scp,s,cs:data/test/enroll/split10/7/vad.scp ark:- |" ark,s,cs:- ark,scp,t:exp/ivector_gauss512_dim200/ivector_enroll/ivector.7.ark,exp/ivector_gauss512_dim200/ivector_enroll/ivector.7.scp 
# Started at Thu Mar 16 00:51:19 CST 2023
#
scale-post ark:- 1.0 ark:- 
gmm-gselect --n=20 'fgmm-global-to-gmm exp/ivector_gauss512_dim200/extractor/final.ubm -|' 'ark,s,cs:add-deltas --delta-window=3 --delta-order=2 scp:data/test/enroll/split10/7/feats.scp ark:- | apply-cmvn-sliding --norm-vars=false --center=true --cmn-window=300 ark:- ark:- | select-voiced-frames ark:- scp,s,cs:data/test/enroll/split10/7/vad.scp ark:- |' ark:- 
fgmm-global-gselect-to-post --min-post=0.025 exp/ivector_gauss512_dim200/extractor/final.ubm 'ark,s,cs:add-deltas --delta-window=3 --delta-order=2 scp:data/test/enroll/split10/7/feats.scp ark:- | apply-cmvn-sliding --norm-vars=false --center=true --cmn-window=300 ark:- ark:- | select-voiced-frames ark:- scp,s,cs:data/test/enroll/split10/7/vad.scp ark:- |' ark,s,cs:- ark:- 
ivector-extract --verbose=2 --num-threads=1 exp/ivector_gauss512_dim200/extractor/final.ie 'ark,s,cs:add-deltas --delta-window=3 --delta-order=2 scp:data/test/enroll/split10/7/feats.scp ark:- | apply-cmvn-sliding --norm-vars=false --center=true --cmn-window=300 ark:- ark:- | select-voiced-frames ark:- scp,s,cs:data/test/enroll/split10/7/vad.scp ark:- |' ark,s,cs:- ark,scp,t:exp/ivector_gauss512_dim200/ivector_enroll/ivector.7.ark,exp/ivector_gauss512_dim200/ivector_enroll/ivector.7.scp 
add-deltas --delta-window=3 --delta-order=2 scp:data/test/enroll/split10/7/feats.scp ark:- 
fgmm-global-to-gmm exp/ivector_gauss512_dim200/extractor/final.ubm - 
select-voiced-frames ark:- scp,s,cs:data/test/enroll/split10/7/vad.scp ark:- 
apply-cmvn-sliding --norm-vars=false --center=true --cmn-window=300 ark:- ark:- 
LOG (ivector-extract[5.5.1068~2-59299]:ComputeDerivedVars():ivector-extractor.cc:183) Computing derived variables for iVector extractor
LOG (fgmm-global-to-gmm[5.5.1068~2-59299]:main():fgmm-global-to-gmm.cc:58) Written diagonal GMM to -
select-voiced-frames ark:- scp,s,cs:data/test/enroll/split10/7/vad.scp ark:- 
add-deltas --delta-window=3 --delta-order=2 scp:data/test/enroll/split10/7/feats.scp ark:- 
apply-cmvn-sliding --norm-vars=false --center=true --cmn-window=300 ark:- ark:- 
LOG (gmm-gselect[5.5.1068~2-59299]:main():gmm-gselect.cc:114) For 0'th file, average UBM likelihood over 221 frames is -102.934
LOG (gmm-gselect[5.5.1068~2-59299]:main():gmm-gselect.cc:114) For 10'th file, average UBM likelihood over 140 frames is -100.527
LOG (ivector-extract[5.5.1068~2-59299]:ComputeDerivedVars():ivector-extractor.cc:204) Done.
select-voiced-frames ark:- scp,s,cs:data/test/enroll/split10/7/vad.scp ark:- 
add-deltas --delta-window=3 --delta-order=2 scp:data/test/enroll/split10/7/feats.scp ark:- 
apply-cmvn-sliding --norm-vars=false --center=true --cmn-window=300 ark:- ark:- 
LOG (gmm-gselect[5.5.1068~2-59299]:main():gmm-gselect.cc:114) For 20'th file, average UBM likelihood over 167 frames is -98.2631
VLOG[2] (ivector-extract[5.5.1068~2-59299]:~IvectorExtractTask():ivector-extract.cc:68) Auxf change for utterance SP0565W01 was 6.72501 per frame over 221 frames (weighted)
VLOG[2] (ivector-extract[5.5.1068~2-59299]:~IvectorExtractTask():ivector-extract.cc:77) Ivector norm for utterance SP0565W01 was 8.13126
VLOG[2] (ivector-extract[5.5.1068~2-59299]:~IvectorExtractTask():ivector-extract.cc:68) Auxf change for utterance SP0565W04 was 8.55482 per frame over 236 frames (weighted)
VLOG[2] (ivector-extract[5.5.1068~2-59299]:~IvectorExtractTask():ivector-extract.cc:77) Ivector norm for utterance SP0565W04 was 8.57257
VLOG[2] (ivector-extract[5.5.1068~2-59299]:~IvectorExtractTask():ivector-extract.cc:68) Auxf change for utterance SP0565W07 was 6.74471 per frame over 225 frames (weighted)
VLOG[2] (ivector-extract[5.5.1068~2-59299]:~IvectorExtractTask():ivector-extract.cc:77) Ivector norm for utterance SP0565W07 was 7.99401
VLOG[2] (ivector-extract[5.5.1068~2-59299]:~IvectorExtractTask():ivector-extract.cc:68) Auxf change for utterance SP0566W01 was 9.44103 per frame over 235 frames (weighted)
VLOG[2] (ivector-extract[5.5.1068~2-59299]:~IvectorExtractTask():ivector-extract.cc:77) Ivector norm for utterance SP0566W01 was 8.05372
VLOG[2] (ivector-extract[5.5.1068~2-59299]:~IvectorExtractTask():ivector-extract.cc:68) Auxf change for utterance SP0566W07 was 7.65443 per frame over 361 frames (weighted)
VLOG[2] (ivector-extract[5.5.1068~2-59299]:~IvectorExtractTask():ivector-extract.cc:77) Ivector norm for utterance SP0566W07 was 6.91577
VLOG[2] (ivector-extract[5.5.1068~2-59299]:~IvectorExtractTask():ivector-extract.cc:68) Auxf change for utterance SP0566W08 was 10.128 per frame over 221 frames (weighted)
VLOG[2] (ivector-extract[5.5.1068~2-59299]:~IvectorExtractTask():ivector-extract.cc:77) Ivector norm for utterance SP0566W08 was 8.80764
VLOG[2] (ivector-extract[5.5.1068~2-59299]:~IvectorExtractTask():ivector-extract.cc:68) Auxf change for utterance SP0567W02 was 7.37793 per frame over 183 frames (weighted)
VLOG[2] (ivector-extract[5.5.1068~2-59299]:~IvectorExtractTask():ivector-extract.cc:77) Ivector norm for utterance SP0567W02 was 8.81036
VLOG[2] (ivector-extract[5.5.1068~2-59299]:~IvectorExtractTask():ivector-extract.cc:68) Auxf change for utterance SP0567W05 was 8.06613 per frame over 392 frames (weighted)
VLOG[2] (ivector-extract[5.5.1068~2-59299]:~IvectorExtractTask():ivector-extract.cc:77) Ivector norm for utterance SP0567W05 was 8.76087
VLOG[2] (ivector-extract[5.5.1068~2-59299]:~IvectorExtractTask():ivector-extract.cc:68) Auxf change for utterance SP0567W09 was 7.52877 per frame over 242 frames (weighted)
VLOG[2] (ivector-extract[5.5.1068~2-59299]:~IvectorExtractTask():ivector-extract.cc:77) Ivector norm for utterance SP0567W09 was 8.49869
VLOG[2] (ivector-extract[5.5.1068~2-59299]:~IvectorExtractTask():ivector-extract.cc:68) Auxf change for utterance SP0568W00 was 10.4279 per frame over 183 frames (weighted)
VLOG[2] (ivector-extract[5.5.1068~2-59299]:~IvectorExtractTask():ivector-extract.cc:77) Ivector norm for utterance SP0568W00 was 8.6241
VLOG[2] (ivector-extract[5.5.1068~2-59299]:~IvectorExtractTask():ivector-extract.cc:68) Auxf change for utterance SP0568W06 was 8.90284 per frame over 140 frames (weighted)
VLOG[2] (ivector-extract[5.5.1068~2-59299]:~IvectorExtractTask():ivector-extract.cc:77) Ivector norm for utterance SP0568W06 was 8.70847
LOG (gmm-gselect[5.5.1068~2-59299]:main():gmm-gselect.cc:114) For 30'th file, average UBM likelihood over 223 frames is -97.3899
VLOG[2] (ivector-extract[5.5.1068~2-59299]:~IvectorExtractTask():ivector-extract.cc:68) Auxf change for utterance SP0568W09 was 12.1776 per frame over 223 frames (weighted)
VLOG[2] (ivector-extract[5.5.1068~2-59299]:~IvectorExtractTask():ivector-extract.cc:77) Ivector norm for utterance SP0568W09 was 9.54168
VLOG[2] (ivector-extract[5.5.1068~2-59299]:~IvectorExtractTask():ivector-extract.cc:68) Auxf change for utterance SP0569W01 was 8.72631 per frame over 180 frames (weighted)
VLOG[2] (ivector-extract[5.5.1068~2-59299]:~IvectorExtractTask():ivector-extract.cc:77) Ivector norm for utterance SP0569W01 was 9.77323
VLOG[2] (ivector-extract[5.5.1068~2-59299]:~IvectorExtractTask():ivector-extract.cc:68) Auxf change for utterance SP0569W03 was 11.2424 per frame over 258 frames (weighted)
VLOG[2] (ivector-extract[5.5.1068~2-59299]:~IvectorExtractTask():ivector-extract.cc:77) Ivector norm for utterance SP0569W03 was 8.52328
VLOG[2] (ivector-extract[5.5.1068~2-59299]:~IvectorExtractTask():ivector-extract.cc:68) Auxf change for utterance SP0569W08 was 3.6103 per frame over 283 frames (weighted)
VLOG[2] (ivector-extract[5.5.1068~2-59299]:~IvectorExtractTask():ivector-extract.cc:77) Ivector norm for utterance SP0569W08 was 7.58327
VLOG[2] (ivector-extract[5.5.1068~2-59299]:~IvectorExtractTask():ivector-extract.cc:68) Auxf change for utterance SP0570W01 was 11.3266 per frame over 236 frames (weighted)
VLOG[2] (ivector-extract[5.5.1068~2-59299]:~IvectorExtractTask():ivector-extract.cc:77) Ivector norm for utterance SP0570W01 was 8.18036
VLOG[2] (ivector-extract[5.5.1068~2-59299]:~IvectorExtractTask():ivector-extract.cc:68) Auxf change for utterance SP0570W03 was 6.42961 per frame over 216 frames (weighted)
VLOG[2] (ivector-extract[5.5.1068~2-59299]:~IvectorExtractTask():ivector-extract.cc:77) Ivector norm for utterance SP0570W03 was 7.72419
VLOG[2] (ivector-extract[5.5.1068~2-59299]:~IvectorExtractTask():ivector-extract.cc:68) Auxf change for utterance SP0570W08 was 7.05482 per frame over 310 frames (weighted)
VLOG[2] (ivector-extract[5.5.1068~2-59299]:~IvectorExtractTask():ivector-extract.cc:77) Ivector norm for utterance SP0570W08 was 7.24599
VLOG[2] (ivector-extract[5.5.1068~2-59299]:~IvectorExtractTask():ivector-extract.cc:68) Auxf change for utterance SP0571W06 was 7.61618 per frame over 163 frames (weighted)
VLOG[2] (ivector-extract[5.5.1068~2-59299]:~IvectorExtractTask():ivector-extract.cc:77) Ivector norm for utterance SP0571W06 was 7.38227
VLOG[2] (ivector-extract[5.5.1068~2-59299]:~IvectorExtractTask():ivector-extract.cc:68) Auxf change for utterance SP0571W07 was 7.36745 per frame over 170 frames (weighted)
VLOG[2] (ivector-extract[5.5.1068~2-59299]:~IvectorExtractTask():ivector-extract.cc:77) Ivector norm for utterance SP0571W07 was 9.17589
VLOG[2] (ivector-extract[5.5.1068~2-59299]:~IvectorExtractTask():ivector-extract.cc:68) Auxf change for utterance SP0571W09 was 10.2931 per frame over 167 frames (weighted)
VLOG[2] (ivector-extract[5.5.1068~2-59299]:~IvectorExtractTask():ivector-extract.cc:77) Ivector norm for utterance SP0571W09 was 9.11047
VLOG[2] (ivector-extract[5.5.1068~2-59299]:~IvectorExtractTask():ivector-extract.cc:68) Auxf change for utterance SP0572W01 was 7.82244 per frame over 219 frames (weighted)
VLOG[2] (ivector-extract[5.5.1068~2-59299]:~IvectorExtractTask():ivector-extract.cc:77) Ivector norm for utterance SP0572W01 was 8.1153
LOG (gmm-gselect[5.5.1068~2-59299]:main():gmm-gselect.cc:114) For 40'th file, average UBM likelihood over 175 frames is -98.7372
VLOG[2] (ivector-extract[5.5.1068~2-59299]:~IvectorExtractTask():ivector-extract.cc:68) Auxf change for utterance SP0572W02 was 8.28677 per frame over 270 frames (weighted)
VLOG[2] (ivector-extract[5.5.1068~2-59299]:~IvectorExtractTask():ivector-extract.cc:77) Ivector norm for utterance SP0572W02 was 7.49537
VLOG[2] (ivector-extract[5.5.1068~2-59299]:~IvectorExtractTask():ivector-extract.cc:68) Auxf change for utterance SP0572W08 was 11.6444 per frame over 214 frames (weighted)
VLOG[2] (ivector-extract[5.5.1068~2-59299]:~IvectorExtractTask():ivector-extract.cc:77) Ivector norm for utterance SP0572W08 was 8.79893
VLOG[2] (ivector-extract[5.5.1068~2-59299]:~IvectorExtractTask():ivector-extract.cc:68) Auxf change for utterance SP0573W01 was 9.68412 per frame over 127 frames (weighted)
VLOG[2] (ivector-extract[5.5.1068~2-59299]:~IvectorExtractTask():ivector-extract.cc:77) Ivector norm for utterance SP0573W01 was 8.79355
VLOG[2] (ivector-extract[5.5.1068~2-59299]:~IvectorExtractTask():ivector-extract.cc:68) Auxf change for utterance SP0573W03 was 7.9414 per frame over 162 frames (weighted)
VLOG[2] (ivector-extract[5.5.1068~2-59299]:~IvectorExtractTask():ivector-extract.cc:77) Ivector norm for utterance SP0573W03 was 8.66
VLOG[2] (ivector-extract[5.5.1068~2-59299]:~IvectorExtractTask():ivector-extract.cc:68) Auxf change for utterance SP0573W05 was 6.09952 per frame over 189 frames (weighted)
VLOG[2] (ivector-extract[5.5.1068~2-59299]:~IvectorExtractTask():ivector-extract.cc:77) Ivector norm for utterance SP0573W05 was 7.9231
LOG (apply-cmvn-sliding[5.5.1068~2-59299]:main():apply-cmvn-sliding.cc:75) Applied sliding-window cepstral mean normalization to 51 utterances, 0 had errors.
VLOG[2] (ivector-extract[5.5.1068~2-59299]:~IvectorExtractTask():ivector-extract.cc:68) Auxf change for utterance SP0574W03 was 3.96263 per frame over 475 frames (weighted)
VLOG[2] (ivector-extract[5.5.1068~2-59299]:~IvectorExtractTask():ivector-extract.cc:77) Ivector norm for utterance SP0574W03 was 6.45811
LOG (select-voiced-frames[5.5.1068~2-59299]:main():select-voiced-frames.cc:106) Done selecting voiced frames; processed 51 utterances, 0 had errors.
VLOG[2] (ivector-extract[5.5.1068~2-59299]:~IvectorExtractTask():ivector-extract.cc:68) Auxf change for utterance SP0574W07 was 6.24 per frame over 172 frames (weighted)
VLOG[2] (ivector-extract[5.5.1068~2-59299]:~IvectorExtractTask():ivector-extract.cc:77) Ivector norm for utterance SP0574W07 was 8.04037
LOG (apply-cmvn-sliding[5.5.1068~2-59299]:main():apply-cmvn-sliding.cc:75) Applied sliding-window cepstral mean normalization to 51 utterances, 0 had errors.
VLOG[2] (ivector-extract[5.5.1068~2-59299]:~IvectorExtractTask():ivector-extract.cc:68) Auxf change for utterance SP0574W08 was 6.02053 per frame over 285 frames (weighted)
VLOG[2] (ivector-extract[5.5.1068~2-59299]:~IvectorExtractTask():ivector-extract.cc:77) Ivector norm for utterance SP0574W08 was 7.96571
VLOG[2] (ivector-extract[5.5.1068~2-59299]:~IvectorExtractTask():ivector-extract.cc:68) Auxf change for utterance SP0575W01 was 6.94272 per frame over 223 frames (weighted)
VLOG[2] (ivector-extract[5.5.1068~2-59299]:~IvectorExtractTask():ivector-extract.cc:77) Ivector norm for utterance SP0575W01 was 8.38754
LOG (gmm-gselect[5.5.1068~2-59299]:main():gmm-gselect.cc:114) For 50'th file, average UBM likelihood over 208 frames is -98.1715
LOG (gmm-gselect[5.5.1068~2-59299]:main():gmm-gselect.cc:125) Done 51 files, 0 with errors, average UBM log-likelihood is -99.5531 over 12146 frames.
LOG (select-voiced-frames[5.5.1068~2-59299]:main():select-voiced-frames.cc:106) Done selecting voiced frames; processed 51 utterances, 0 had errors.
VLOG[2] (ivector-extract[5.5.1068~2-59299]:~IvectorExtractTask():ivector-extract.cc:68) Auxf change for utterance SP0575W04 was 29.1014 per frame over 165 frames (weighted)
VLOG[2] (ivector-extract[5.5.1068~2-59299]:~IvectorExtractTask():ivector-extract.cc:77) Ivector norm for utterance SP0575W04 was 10.3824
VLOG[2] (ivector-extract[5.5.1068~2-59299]:~IvectorExtractTask():ivector-extract.cc:68) Auxf change for utterance SP0575W06 was 6.40184 per frame over 230 frames (weighted)
VLOG[2] (ivector-extract[5.5.1068~2-59299]:~IvectorExtractTask():ivector-extract.cc:77) Ivector norm for utterance SP0575W06 was 8.58157
VLOG[2] (ivector-extract[5.5.1068~2-59299]:~IvectorExtractTask():ivector-extract.cc:68) Auxf change for utterance SP0576W00 was 7.62155 per frame over 311 frames (weighted)
VLOG[2] (ivector-extract[5.5.1068~2-59299]:~IvectorExtractTask():ivector-extract.cc:77) Ivector norm for utterance SP0576W00 was 7.37377
LOG (fgmm-global-gselect-to-post[5.5.1068~2-59299]:main():fgmm-global-gselect-to-post.cc:148) Done 51 files; 0 had errors.
LOG (fgmm-global-gselect-to-post[5.5.1068~2-59299]:main():fgmm-global-gselect-to-post.cc:149) Overall loglike per frame is -94.2193 with 2.35172 entries per frame,  over 12146 frames
VLOG[2] (ivector-extract[5.5.1068~2-59299]:~IvectorExtractTask():ivector-extract.cc:68) Auxf change for utterance SP0576W03 was 10.5461 per frame over 247 frames (weighted)
VLOG[2] (ivector-extract[5.5.1068~2-59299]:~IvectorExtractTask():ivector-extract.cc:77) Ivector norm for utterance SP0576W03 was 9.05889
VLOG[2] (ivector-extract[5.5.1068~2-59299]:~IvectorExtractTask():ivector-extract.cc:68) Auxf change for utterance SP0576W05 was 10.2403 per frame over 248 frames (weighted)
VLOG[2] (ivector-extract[5.5.1068~2-59299]:~IvectorExtractTask():ivector-extract.cc:77) Ivector norm for utterance SP0576W05 was 7.97239
VLOG[2] (ivector-extract[5.5.1068~2-59299]:~IvectorExtractTask():ivector-extract.cc:68) Auxf change for utterance SP0577W04 was 6.78291 per frame over 416 frames (weighted)
VLOG[2] (ivector-extract[5.5.1068~2-59299]:~IvectorExtractTask():ivector-extract.cc:77) Ivector norm for utterance SP0577W04 was 8.01222
VLOG[2] (ivector-extract[5.5.1068~2-59299]:~IvectorExtractTask():ivector-extract.cc:68) Auxf change for utterance SP0577W06 was 16.1361 per frame over 334 frames (weighted)
VLOG[2] (ivector-extract[5.5.1068~2-59299]:~IvectorExtractTask():ivector-extract.cc:77) Ivector norm for utterance SP0577W06 was 9.16306
VLOG[2] (ivector-extract[5.5.1068~2-59299]:~IvectorExtractTask():ivector-extract.cc:68) Auxf change for utterance SP0577W07 was 10.2117 per frame over 300 frames (weighted)
VLOG[2] (ivector-extract[5.5.1068~2-59299]:~IvectorExtractTask():ivector-extract.cc:77) Ivector norm for utterance SP0577W07 was 8.74707
VLOG[2] (ivector-extract[5.5.1068~2-59299]:~IvectorExtractTask():ivector-extract.cc:68) Auxf change for utterance SP0578W03 was 5.90702 per frame over 244 frames (weighted)
VLOG[2] (ivector-extract[5.5.1068~2-59299]:~IvectorExtractTask():ivector-extract.cc:77) Ivector norm for utterance SP0578W03 was 7.11936
VLOG[2] (ivector-extract[5.5.1068~2-59299]:~IvectorExtractTask():ivector-extract.cc:68) Auxf change for utterance SP0578W04 was 7.28636 per frame over 175 frames (weighted)
VLOG[2] (ivector-extract[5.5.1068~2-59299]:~IvectorExtractTask():ivector-extract.cc:77) Ivector norm for utterance SP0578W04 was 8.2159
VLOG[2] (ivector-extract[5.5.1068~2-59299]:~IvectorExtractTask():ivector-extract.cc:68) Auxf change for utterance SP0578W09 was 8.10812 per frame over 207 frames (weighted)
VLOG[2] (ivector-extract[5.5.1068~2-59299]:~IvectorExtractTask():ivector-extract.cc:77) Ivector norm for utterance SP0578W09 was 7.82452
LOG (scale-post[5.5.1068~2-59299]:main():scale-post.cc:79) Done 51 posteriors;  0 had no scales.
VLOG[2] (ivector-extract[5.5.1068~2-59299]:~IvectorExtractTask():ivector-extract.cc:68) Auxf change for utterance SP0579W00 was 9.11405 per frame over 152 frames (weighted)
VLOG[2] (ivector-extract[5.5.1068~2-59299]:~IvectorExtractTask():ivector-extract.cc:77) Ivector norm for utterance SP0579W00 was 9.08383
VLOG[2] (ivector-extract[5.5.1068~2-59299]:~IvectorExtractTask():ivector-extract.cc:68) Auxf change for utterance SP0579W05 was 5.73173 per frame over 237 frames (weighted)
VLOG[2] (ivector-extract[5.5.1068~2-59299]:~IvectorExtractTask():ivector-extract.cc:77) Ivector norm for utterance SP0579W05 was 7.02321
VLOG[2] (ivector-extract[5.5.1068~2-59299]:~IvectorExtractTask():ivector-extract.cc:68) Auxf change for utterance SP0579W07 was 6.41977 per frame over 136 frames (weighted)
VLOG[2] (ivector-extract[5.5.1068~2-59299]:~IvectorExtractTask():ivector-extract.cc:77) Ivector norm for utterance SP0579W07 was 7.87349
VLOG[2] (ivector-extract[5.5.1068~2-59299]:~IvectorExtractTask():ivector-extract.cc:68) Auxf change for utterance SP0580W01 was 4.99523 per frame over 264 frames (weighted)
VLOG[2] (ivector-extract[5.5.1068~2-59299]:~IvectorExtractTask():ivector-extract.cc:77) Ivector norm for utterance SP0580W01 was 7.70878
LOG (apply-cmvn-sliding[5.5.1068~2-59299]:main():apply-cmvn-sliding.cc:75) Applied sliding-window cepstral mean normalization to 51 utterances, 0 had errors.
VLOG[2] (ivector-extract[5.5.1068~2-59299]:~IvectorExtractTask():ivector-extract.cc:68) Auxf change for utterance SP0580W06 was 11.7737 per frame over 316 frames (weighted)
VLOG[2] (ivector-extract[5.5.1068~2-59299]:~IvectorExtractTask():ivector-extract.cc:77) Ivector norm for utterance SP0580W06 was 8.20647
VLOG[2] (ivector-extract[5.5.1068~2-59299]:~IvectorExtractTask():ivector-extract.cc:68) Auxf change for utterance SP0580W08 was 5.63273 per frame over 289 frames (weighted)
VLOG[2] (ivector-extract[5.5.1068~2-59299]:~IvectorExtractTask():ivector-extract.cc:77) Ivector norm for utterance SP0580W08 was 7.66237
LOG (select-voiced-frames[5.5.1068~2-59299]:main():select-voiced-frames.cc:106) Done selecting voiced frames; processed 51 utterances, 0 had errors.
VLOG[2] (ivector-extract[5.5.1068~2-59299]:~IvectorExtractTask():ivector-extract.cc:68) Auxf change for utterance SP0581W01 was 7.38556 per frame over 219 frames (weighted)
VLOG[2] (ivector-extract[5.5.1068~2-59299]:~IvectorExtractTask():ivector-extract.cc:77) Ivector norm for utterance SP0581W01 was 8.19444
VLOG[2] (ivector-extract[5.5.1068~2-59299]:~IvectorExtractTask():ivector-extract.cc:68) Auxf change for utterance SP0581W05 was 12.0771 per frame over 267 frames (weighted)
VLOG[2] (ivector-extract[5.5.1068~2-59299]:~IvectorExtractTask():ivector-extract.cc:77) Ivector norm for utterance SP0581W05 was 8.00097
VLOG[2] (ivector-extract[5.5.1068~2-59299]:~IvectorExtractTask():ivector-extract.cc:68) Auxf change for utterance SP0581W09 was 10.196 per frame over 208 frames (weighted)
VLOG[2] (ivector-extract[5.5.1068~2-59299]:~IvectorExtractTask():ivector-extract.cc:77) Ivector norm for utterance SP0581W09 was 9.533
LOG (ivector-extract[5.5.1068~2-59299]:main():ivector-extract.cc:314) Done 51 files, 0 with errors.  Total (weighted) frames 12146
LOG (ivector-extract[5.5.1068~2-59299]:main():ivector-extract.cc:317) Overall average objective-function change from estimating ivector was 8.51625 per frame  over 12146 (weighted) frames.
# Accounting: time=4 threads=1
# Ended (code 0) at Thu Mar 16 00:51:23 CST 2023, elapsed time 4 seconds
