# gmm-gselect --n=20 "fgmm-global-to-gmm exp/ivector_gauss512_dim200/extractor/final.ubm -|" "ark,s,cs:add-deltas --delta-window=3 --delta-order=2 scp:data/test/enroll/split10/5/feats.scp ark:- | apply-cmvn-sliding --norm-vars=false --center=true --cmn-window=300 ark:- ark:- | select-voiced-frames ark:- scp,s,cs:data/test/enroll/split10/5/vad.scp ark:- |" ark:- | fgmm-global-gselect-to-post --min-post=0.025 exp/ivector_gauss512_dim200/extractor/final.ubm "ark,s,cs:add-deltas --delta-window=3 --delta-order=2 scp:data/test/enroll/split10/5/feats.scp ark:- | apply-cmvn-sliding --norm-vars=false --center=true --cmn-window=300 ark:- ark:- | select-voiced-frames ark:- scp,s,cs:data/test/enroll/split10/5/vad.scp ark:- |" ark,s,cs:- ark:- | scale-post ark:- 1.0 ark:- | ivector-extract --verbose=2 --num-threads=1 exp/ivector_gauss512_dim200/extractor/final.ie "ark,s,cs:add-deltas --delta-window=3 --delta-order=2 scp:data/test/enroll/split10/5/feats.scp ark:- | apply-cmvn-sliding --norm-vars=false --center=true --cmn-window=300 ark:- ark:- | select-voiced-frames ark:- scp,s,cs:data/test/enroll/split10/5/vad.scp ark:- |" ark,s,cs:- ark,scp,t:exp/ivector_gauss512_dim200/ivector_enroll/ivector.5.ark,exp/ivector_gauss512_dim200/ivector_enroll/ivector.5.scp 
# Started at Thu Mar 16 00:51:19 CST 2023
#
scale-post ark:- 1.0 ark:- 
fgmm-global-gselect-to-post --min-post=0.025 exp/ivector_gauss512_dim200/extractor/final.ubm 'ark,s,cs:add-deltas --delta-window=3 --delta-order=2 scp:data/test/enroll/split10/5/feats.scp ark:- | apply-cmvn-sliding --norm-vars=false --center=true --cmn-window=300 ark:- ark:- | select-voiced-frames ark:- scp,s,cs:data/test/enroll/split10/5/vad.scp ark:- |' ark,s,cs:- ark:- 
ivector-extract --verbose=2 --num-threads=1 exp/ivector_gauss512_dim200/extractor/final.ie 'ark,s,cs:add-deltas --delta-window=3 --delta-order=2 scp:data/test/enroll/split10/5/feats.scp ark:- | apply-cmvn-sliding --norm-vars=false --center=true --cmn-window=300 ark:- ark:- | select-voiced-frames ark:- scp,s,cs:data/test/enroll/split10/5/vad.scp ark:- |' ark,s,cs:- ark,scp,t:exp/ivector_gauss512_dim200/ivector_enroll/ivector.5.ark,exp/ivector_gauss512_dim200/ivector_enroll/ivector.5.scp 
gmm-gselect --n=20 'fgmm-global-to-gmm exp/ivector_gauss512_dim200/extractor/final.ubm -|' 'ark,s,cs:add-deltas --delta-window=3 --delta-order=2 scp:data/test/enroll/split10/5/feats.scp ark:- | apply-cmvn-sliding --norm-vars=false --center=true --cmn-window=300 ark:- ark:- | select-voiced-frames ark:- scp,s,cs:data/test/enroll/split10/5/vad.scp ark:- |' ark:- 
fgmm-global-to-gmm exp/ivector_gauss512_dim200/extractor/final.ubm - 
LOG (ivector-extract[5.5.1068~2-59299]:ComputeDerivedVars():ivector-extractor.cc:183) Computing derived variables for iVector extractor
add-deltas --delta-window=3 --delta-order=2 scp:data/test/enroll/split10/5/feats.scp ark:- 
apply-cmvn-sliding --norm-vars=false --center=true --cmn-window=300 ark:- ark:- 
select-voiced-frames ark:- scp,s,cs:data/test/enroll/split10/5/vad.scp ark:- 
LOG (fgmm-global-to-gmm[5.5.1068~2-59299]:main():fgmm-global-to-gmm.cc:58) Written diagonal GMM to -
select-voiced-frames ark:- scp,s,cs:data/test/enroll/split10/5/vad.scp ark:- 
apply-cmvn-sliding --norm-vars=false --center=true --cmn-window=300 ark:- ark:- 
add-deltas --delta-window=3 --delta-order=2 scp:data/test/enroll/split10/5/feats.scp ark:- 
LOG (gmm-gselect[5.5.1068~2-59299]:main():gmm-gselect.cc:114) For 0'th file, average UBM likelihood over 209 frames is -106.306
LOG (gmm-gselect[5.5.1068~2-59299]:main():gmm-gselect.cc:114) For 10'th file, average UBM likelihood over 140 frames is -99.1719
LOG (gmm-gselect[5.5.1068~2-59299]:main():gmm-gselect.cc:114) For 20'th file, average UBM likelihood over 189 frames is -97.5472
LOG (ivector-extract[5.5.1068~2-59299]:ComputeDerivedVars():ivector-extractor.cc:204) Done.
select-voiced-frames ark:- scp,s,cs:data/test/enroll/split10/5/vad.scp ark:- 
add-deltas --delta-window=3 --delta-order=2 scp:data/test/enroll/split10/5/feats.scp ark:- 
apply-cmvn-sliding --norm-vars=false --center=true --cmn-window=300 ark:- ark:- 
VLOG[2] (ivector-extract[5.5.1068~2-59299]:~IvectorExtractTask():ivector-extract.cc:68) Auxf change for utterance SP0531W00 was 8.55407 per frame over 209 frames (weighted)
VLOG[2] (ivector-extract[5.5.1068~2-59299]:~IvectorExtractTask():ivector-extract.cc:77) Ivector norm for utterance SP0531W00 was 8.32258
VLOG[2] (ivector-extract[5.5.1068~2-59299]:~IvectorExtractTask():ivector-extract.cc:68) Auxf change for utterance SP0531W02 was 7.96439 per frame over 281 frames (weighted)
VLOG[2] (ivector-extract[5.5.1068~2-59299]:~IvectorExtractTask():ivector-extract.cc:77) Ivector norm for utterance SP0531W02 was 7.39846
VLOG[2] (ivector-extract[5.5.1068~2-59299]:~IvectorExtractTask():ivector-extract.cc:68) Auxf change for utterance SP0531W05 was 8.18214 per frame over 236 frames (weighted)
VLOG[2] (ivector-extract[5.5.1068~2-59299]:~IvectorExtractTask():ivector-extract.cc:77) Ivector norm for utterance SP0531W05 was 8.30638
VLOG[2] (ivector-extract[5.5.1068~2-59299]:~IvectorExtractTask():ivector-extract.cc:68) Auxf change for utterance SP0532W02 was 7.21633 per frame over 144 frames (weighted)
VLOG[2] (ivector-extract[5.5.1068~2-59299]:~IvectorExtractTask():ivector-extract.cc:77) Ivector norm for utterance SP0532W02 was 8.48646
VLOG[2] (ivector-extract[5.5.1068~2-59299]:~IvectorExtractTask():ivector-extract.cc:68) Auxf change for utterance SP0532W04 was 5.83798 per frame over 188 frames (weighted)
VLOG[2] (ivector-extract[5.5.1068~2-59299]:~IvectorExtractTask():ivector-extract.cc:77) Ivector norm for utterance SP0532W04 was 8.03465
VLOG[2] (ivector-extract[5.5.1068~2-59299]:~IvectorExtractTask():ivector-extract.cc:68) Auxf change for utterance SP0532W05 was 11.7942 per frame over 169 frames (weighted)
VLOG[2] (ivector-extract[5.5.1068~2-59299]:~IvectorExtractTask():ivector-extract.cc:77) Ivector norm for utterance SP0532W05 was 9.2137
VLOG[2] (ivector-extract[5.5.1068~2-59299]:~IvectorExtractTask():ivector-extract.cc:68) Auxf change for utterance SP0533W01 was 5.80677 per frame over 219 frames (weighted)
VLOG[2] (ivector-extract[5.5.1068~2-59299]:~IvectorExtractTask():ivector-extract.cc:77) Ivector norm for utterance SP0533W01 was 7.84894
VLOG[2] (ivector-extract[5.5.1068~2-59299]:~IvectorExtractTask():ivector-extract.cc:68) Auxf change for utterance SP0533W03 was 7.21723 per frame over 204 frames (weighted)
VLOG[2] (ivector-extract[5.5.1068~2-59299]:~IvectorExtractTask():ivector-extract.cc:77) Ivector norm for utterance SP0533W03 was 8.05865
VLOG[2] (ivector-extract[5.5.1068~2-59299]:~IvectorExtractTask():ivector-extract.cc:68) Auxf change for utterance SP0533W06 was 5.99849 per frame over 216 frames (weighted)
VLOG[2] (ivector-extract[5.5.1068~2-59299]:~IvectorExtractTask():ivector-extract.cc:77) Ivector norm for utterance SP0533W06 was 7.29478
VLOG[2] (ivector-extract[5.5.1068~2-59299]:~IvectorExtractTask():ivector-extract.cc:68) Auxf change for utterance SP0534W00 was 6.12475 per frame over 304 frames (weighted)
VLOG[2] (ivector-extract[5.5.1068~2-59299]:~IvectorExtractTask():ivector-extract.cc:77) Ivector norm for utterance SP0534W00 was 7.63631
LOG (gmm-gselect[5.5.1068~2-59299]:main():gmm-gselect.cc:114) For 30'th file, average UBM likelihood over 236 frames is -100.348
VLOG[2] (ivector-extract[5.5.1068~2-59299]:~IvectorExtractTask():ivector-extract.cc:68) Auxf change for utterance SP0534W04 was 11.6317 per frame over 140 frames (weighted)
VLOG[2] (ivector-extract[5.5.1068~2-59299]:~IvectorExtractTask():ivector-extract.cc:77) Ivector norm for utterance SP0534W04 was 8.60069
VLOG[2] (ivector-extract[5.5.1068~2-59299]:~IvectorExtractTask():ivector-extract.cc:68) Auxf change for utterance SP0534W09 was 11.9484 per frame over 238 frames (weighted)
VLOG[2] (ivector-extract[5.5.1068~2-59299]:~IvectorExtractTask():ivector-extract.cc:77) Ivector norm for utterance SP0534W09 was 8.16834
VLOG[2] (ivector-extract[5.5.1068~2-59299]:~IvectorExtractTask():ivector-extract.cc:68) Auxf change for utterance SP0535W02 was 10.2615 per frame over 249 frames (weighted)
VLOG[2] (ivector-extract[5.5.1068~2-59299]:~IvectorExtractTask():ivector-extract.cc:77) Ivector norm for utterance SP0535W02 was 8.73446
VLOG[2] (ivector-extract[5.5.1068~2-59299]:~IvectorExtractTask():ivector-extract.cc:68) Auxf change for utterance SP0535W03 was 15.6997 per frame over 174 frames (weighted)
VLOG[2] (ivector-extract[5.5.1068~2-59299]:~IvectorExtractTask():ivector-extract.cc:77) Ivector norm for utterance SP0535W03 was 10.7999
VLOG[2] (ivector-extract[5.5.1068~2-59299]:~IvectorExtractTask():ivector-extract.cc:68) Auxf change for utterance SP0535W08 was 9.82464 per frame over 268 frames (weighted)
VLOG[2] (ivector-extract[5.5.1068~2-59299]:~IvectorExtractTask():ivector-extract.cc:77) Ivector norm for utterance SP0535W08 was 9.44897
VLOG[2] (ivector-extract[5.5.1068~2-59299]:~IvectorExtractTask():ivector-extract.cc:68) Auxf change for utterance SP0536W05 was 5.96491 per frame over 223 frames (weighted)
VLOG[2] (ivector-extract[5.5.1068~2-59299]:~IvectorExtractTask():ivector-extract.cc:77) Ivector norm for utterance SP0536W05 was 7.00173
VLOG[2] (ivector-extract[5.5.1068~2-59299]:~IvectorExtractTask():ivector-extract.cc:68) Auxf change for utterance SP0536W07 was 6.58406 per frame over 223 frames (weighted)
VLOG[2] (ivector-extract[5.5.1068~2-59299]:~IvectorExtractTask():ivector-extract.cc:77) Ivector norm for utterance SP0536W07 was 7.08589
VLOG[2] (ivector-extract[5.5.1068~2-59299]:~IvectorExtractTask():ivector-extract.cc:68) Auxf change for utterance SP0536W08 was 5.78858 per frame over 223 frames (weighted)
VLOG[2] (ivector-extract[5.5.1068~2-59299]:~IvectorExtractTask():ivector-extract.cc:77) Ivector norm for utterance SP0536W08 was 6.71348
VLOG[2] (ivector-extract[5.5.1068~2-59299]:~IvectorExtractTask():ivector-extract.cc:68) Auxf change for utterance SP0537W01 was 8.63204 per frame over 168 frames (weighted)
VLOG[2] (ivector-extract[5.5.1068~2-59299]:~IvectorExtractTask():ivector-extract.cc:77) Ivector norm for utterance SP0537W01 was 7.82692
VLOG[2] (ivector-extract[5.5.1068~2-59299]:~IvectorExtractTask():ivector-extract.cc:68) Auxf change for utterance SP0537W04 was 7.01278 per frame over 228 frames (weighted)
VLOG[2] (ivector-extract[5.5.1068~2-59299]:~IvectorExtractTask():ivector-extract.cc:77) Ivector norm for utterance SP0537W04 was 8.20906
VLOG[2] (ivector-extract[5.5.1068~2-59299]:~IvectorExtractTask():ivector-extract.cc:68) Auxf change for utterance SP0537W07 was 5.01637 per frame over 189 frames (weighted)
VLOG[2] (ivector-extract[5.5.1068~2-59299]:~IvectorExtractTask():ivector-extract.cc:77) Ivector norm for utterance SP0537W07 was 7.413
LOG (gmm-gselect[5.5.1068~2-59299]:main():gmm-gselect.cc:114) For 40'th file, average UBM likelihood over 250 frames is -97.4646
VLOG[2] (ivector-extract[5.5.1068~2-59299]:~IvectorExtractTask():ivector-extract.cc:68) Auxf change for utterance SP0538W01 was 9.28254 per frame over 325 frames (weighted)
VLOG[2] (ivector-extract[5.5.1068~2-59299]:~IvectorExtractTask():ivector-extract.cc:77) Ivector norm for utterance SP0538W01 was 8.88704
VLOG[2] (ivector-extract[5.5.1068~2-59299]:~IvectorExtractTask():ivector-extract.cc:68) Auxf change for utterance SP0538W07 was 13.8606 per frame over 338 frames (weighted)
VLOG[2] (ivector-extract[5.5.1068~2-59299]:~IvectorExtractTask():ivector-extract.cc:77) Ivector norm for utterance SP0538W07 was 9.07496
VLOG[2] (ivector-extract[5.5.1068~2-59299]:~IvectorExtractTask():ivector-extract.cc:68) Auxf change for utterance SP0538W08 was 6.65358 per frame over 249 frames (weighted)
VLOG[2] (ivector-extract[5.5.1068~2-59299]:~IvectorExtractTask():ivector-extract.cc:77) Ivector norm for utterance SP0538W08 was 8.66442
VLOG[2] (ivector-extract[5.5.1068~2-59299]:~IvectorExtractTask():ivector-extract.cc:68) Auxf change for utterance SP0539W01 was 11.1725 per frame over 157 frames (weighted)
VLOG[2] (ivector-extract[5.5.1068~2-59299]:~IvectorExtractTask():ivector-extract.cc:77) Ivector norm for utterance SP0539W01 was 8.43627
VLOG[2] (ivector-extract[5.5.1068~2-59299]:~IvectorExtractTask():ivector-extract.cc:68) Auxf change for utterance SP0539W03 was 13.1604 per frame over 184 frames (weighted)
VLOG[2] (ivector-extract[5.5.1068~2-59299]:~IvectorExtractTask():ivector-extract.cc:77) Ivector norm for utterance SP0539W03 was 9.84514
LOG (apply-cmvn-sliding[5.5.1068~2-59299]:main():apply-cmvn-sliding.cc:75) Applied sliding-window cepstral mean normalization to 51 utterances, 0 had errors.
VLOG[2] (ivector-extract[5.5.1068~2-59299]:~IvectorExtractTask():ivector-extract.cc:68) Auxf change for utterance SP0539W07 was 10.3931 per frame over 185 frames (weighted)
VLOG[2] (ivector-extract[5.5.1068~2-59299]:~IvectorExtractTask():ivector-extract.cc:77) Ivector norm for utterance SP0539W07 was 9.27954
LOG (select-voiced-frames[5.5.1068~2-59299]:main():select-voiced-frames.cc:106) Done selecting voiced frames; processed 51 utterances, 0 had errors.
VLOG[2] (ivector-extract[5.5.1068~2-59299]:~IvectorExtractTask():ivector-extract.cc:68) Auxf change for utterance SP0540W00 was 5.20236 per frame over 223 frames (weighted)
VLOG[2] (ivector-extract[5.5.1068~2-59299]:~IvectorExtractTask():ivector-extract.cc:77) Ivector norm for utterance SP0540W00 was 7.17096
VLOG[2] (ivector-extract[5.5.1068~2-59299]:~IvectorExtractTask():ivector-extract.cc:68) Auxf change for utterance SP0540W02 was 7.91436 per frame over 166 frames (weighted)
VLOG[2] (ivector-extract[5.5.1068~2-59299]:~IvectorExtractTask():ivector-extract.cc:77) Ivector norm for utterance SP0540W02 was 8.67835
LOG (apply-cmvn-sliding[5.5.1068~2-59299]:main():apply-cmvn-sliding.cc:75) Applied sliding-window cepstral mean normalization to 51 utterances, 0 had errors.
LOG (gmm-gselect[5.5.1068~2-59299]:main():gmm-gselect.cc:114) For 50'th file, average UBM likelihood over 128 frames is -91.713
LOG (gmm-gselect[5.5.1068~2-59299]:main():gmm-gselect.cc:125) Done 51 files, 0 with errors, average UBM log-likelihood is -99.5237 over 11475 frames.
LOG (select-voiced-frames[5.5.1068~2-59299]:main():select-voiced-frames.cc:106) Done selecting voiced frames; processed 51 utterances, 0 had errors.
VLOG[2] (ivector-extract[5.5.1068~2-59299]:~IvectorExtractTask():ivector-extract.cc:68) Auxf change for utterance SP0540W03 was 9.72619 per frame over 292 frames (weighted)
VLOG[2] (ivector-extract[5.5.1068~2-59299]:~IvectorExtractTask():ivector-extract.cc:77) Ivector norm for utterance SP0540W03 was 8.38385
VLOG[2] (ivector-extract[5.5.1068~2-59299]:~IvectorExtractTask():ivector-extract.cc:68) Auxf change for utterance SP0541W01 was 5.46916 per frame over 236 frames (weighted)
VLOG[2] (ivector-extract[5.5.1068~2-59299]:~IvectorExtractTask():ivector-extract.cc:77) Ivector norm for utterance SP0541W01 was 6.66943
VLOG[2] (ivector-extract[5.5.1068~2-59299]:~IvectorExtractTask():ivector-extract.cc:68) Auxf change for utterance SP0541W04 was 13.5081 per frame over 239 frames (weighted)
VLOG[2] (ivector-extract[5.5.1068~2-59299]:~IvectorExtractTask():ivector-extract.cc:77) Ivector norm for utterance SP0541W04 was 8.27106
VLOG[2] (ivector-extract[5.5.1068~2-59299]:~IvectorExtractTask():ivector-extract.cc:68) Auxf change for utterance SP0541W09 was 9.50309 per frame over 182 frames (weighted)
VLOG[2] (ivector-extract[5.5.1068~2-59299]:~IvectorExtractTask():ivector-extract.cc:77) Ivector norm for utterance SP0541W09 was 8.21128
LOG (fgmm-global-gselect-to-post[5.5.1068~2-59299]:main():fgmm-global-gselect-to-post.cc:148) Done 51 files; 0 had errors.
LOG (fgmm-global-gselect-to-post[5.5.1068~2-59299]:main():fgmm-global-gselect-to-post.cc:149) Overall loglike per frame is -94.0771 with 2.31564 entries per frame,  over 11475 frames
VLOG[2] (ivector-extract[5.5.1068~2-59299]:~IvectorExtractTask():ivector-extract.cc:68) Auxf change for utterance SP0542W03 was 5.92167 per frame over 383 frames (weighted)
VLOG[2] (ivector-extract[5.5.1068~2-59299]:~IvectorExtractTask():ivector-extract.cc:77) Ivector norm for utterance SP0542W03 was 6.90561
VLOG[2] (ivector-extract[5.5.1068~2-59299]:~IvectorExtractTask():ivector-extract.cc:68) Auxf change for utterance SP0542W06 was 7.92255 per frame over 253 frames (weighted)
VLOG[2] (ivector-extract[5.5.1068~2-59299]:~IvectorExtractTask():ivector-extract.cc:77) Ivector norm for utterance SP0542W06 was 7.39324
VLOG[2] (ivector-extract[5.5.1068~2-59299]:~IvectorExtractTask():ivector-extract.cc:68) Auxf change for utterance SP0542W07 was 6.33362 per frame over 265 frames (weighted)
VLOG[2] (ivector-extract[5.5.1068~2-59299]:~IvectorExtractTask():ivector-extract.cc:77) Ivector norm for utterance SP0542W07 was 7.87963
VLOG[2] (ivector-extract[5.5.1068~2-59299]:~IvectorExtractTask():ivector-extract.cc:68) Auxf change for utterance SP0543W06 was 19.6603 per frame over 289 frames (weighted)
VLOG[2] (ivector-extract[5.5.1068~2-59299]:~IvectorExtractTask():ivector-extract.cc:77) Ivector norm for utterance SP0543W06 was 9.91893
VLOG[2] (ivector-extract[5.5.1068~2-59299]:~IvectorExtractTask():ivector-extract.cc:68) Auxf change for utterance SP0543W07 was 8.46858 per frame over 213 frames (weighted)
VLOG[2] (ivector-extract[5.5.1068~2-59299]:~IvectorExtractTask():ivector-extract.cc:77) Ivector norm for utterance SP0543W07 was 8.32508
VLOG[2] (ivector-extract[5.5.1068~2-59299]:~IvectorExtractTask():ivector-extract.cc:68) Auxf change for utterance SP0543W08 was 6.65211 per frame over 250 frames (weighted)
VLOG[2] (ivector-extract[5.5.1068~2-59299]:~IvectorExtractTask():ivector-extract.cc:77) Ivector norm for utterance SP0543W08 was 6.95584
VLOG[2] (ivector-extract[5.5.1068~2-59299]:~IvectorExtractTask():ivector-extract.cc:68) Auxf change for utterance SP0544W00 was 8.22138 per frame over 217 frames (weighted)
VLOG[2] (ivector-extract[5.5.1068~2-59299]:~IvectorExtractTask():ivector-extract.cc:77) Ivector norm for utterance SP0544W00 was 7.5651
VLOG[2] (ivector-extract[5.5.1068~2-59299]:~IvectorExtractTask():ivector-extract.cc:68) Auxf change for utterance SP0544W02 was 11.915 per frame over 250 frames (weighted)
VLOG[2] (ivector-extract[5.5.1068~2-59299]:~IvectorExtractTask():ivector-extract.cc:77) Ivector norm for utterance SP0544W02 was 7.92973
LOG (scale-post[5.5.1068~2-59299]:main():scale-post.cc:79) Done 51 posteriors;  0 had no scales.
VLOG[2] (ivector-extract[5.5.1068~2-59299]:~IvectorExtractTask():ivector-extract.cc:68) Auxf change for utterance SP0544W07 was 9.15664 per frame over 184 frames (weighted)
VLOG[2] (ivector-extract[5.5.1068~2-59299]:~IvectorExtractTask():ivector-extract.cc:77) Ivector norm for utterance SP0544W07 was 8.04492
VLOG[2] (ivector-extract[5.5.1068~2-59299]:~IvectorExtractTask():ivector-extract.cc:68) Auxf change for utterance SP0545W05 was 16.8314 per frame over 335 frames (weighted)
VLOG[2] (ivector-extract[5.5.1068~2-59299]:~IvectorExtractTask():ivector-extract.cc:77) Ivector norm for utterance SP0545W05 was 9.02181
VLOG[2] (ivector-extract[5.5.1068~2-59299]:~IvectorExtractTask():ivector-extract.cc:68) Auxf change for utterance SP0545W07 was 9.44709 per frame over 165 frames (weighted)
VLOG[2] (ivector-extract[5.5.1068~2-59299]:~IvectorExtractTask():ivector-extract.cc:77) Ivector norm for utterance SP0545W07 was 8.57763
VLOG[2] (ivector-extract[5.5.1068~2-59299]:~IvectorExtractTask():ivector-extract.cc:68) Auxf change for utterance SP0545W08 was 9.77256 per frame over 209 frames (weighted)
VLOG[2] (ivector-extract[5.5.1068~2-59299]:~IvectorExtractTask():ivector-extract.cc:77) Ivector norm for utterance SP0545W08 was 8.86466
VLOG[2] (ivector-extract[5.5.1068~2-59299]:~IvectorExtractTask():ivector-extract.cc:68) Auxf change for utterance SP0546W00 was 13.945 per frame over 108 frames (weighted)
VLOG[2] (ivector-extract[5.5.1068~2-59299]:~IvectorExtractTask():ivector-extract.cc:77) Ivector norm for utterance SP0546W00 was 11.33
LOG (apply-cmvn-sliding[5.5.1068~2-59299]:main():apply-cmvn-sliding.cc:75) Applied sliding-window cepstral mean normalization to 51 utterances, 0 had errors.
LOG (select-voiced-frames[5.5.1068~2-59299]:main():select-voiced-frames.cc:106) Done selecting voiced frames; processed 51 utterances, 0 had errors.
VLOG[2] (ivector-extract[5.5.1068~2-59299]:~IvectorExtractTask():ivector-extract.cc:68) Auxf change for utterance SP0546W02 was 9.32263 per frame over 235 frames (weighted)
VLOG[2] (ivector-extract[5.5.1068~2-59299]:~IvectorExtractTask():ivector-extract.cc:77) Ivector norm for utterance SP0546W02 was 9.18825
VLOG[2] (ivector-extract[5.5.1068~2-59299]:~IvectorExtractTask():ivector-extract.cc:68) Auxf change for utterance SP0546W06 was 9.46959 per frame over 323 frames (weighted)
VLOG[2] (ivector-extract[5.5.1068~2-59299]:~IvectorExtractTask():ivector-extract.cc:77) Ivector norm for utterance SP0546W06 was 8.40235
VLOG[2] (ivector-extract[5.5.1068~2-59299]:~IvectorExtractTask():ivector-extract.cc:68) Auxf change for utterance SP0547W03 was 7.30064 per frame over 185 frames (weighted)
VLOG[2] (ivector-extract[5.5.1068~2-59299]:~IvectorExtractTask():ivector-extract.cc:77) Ivector norm for utterance SP0547W03 was 8.66879
VLOG[2] (ivector-extract[5.5.1068~2-59299]:~IvectorExtractTask():ivector-extract.cc:68) Auxf change for utterance SP0547W05 was 7.10858 per frame over 214 frames (weighted)
VLOG[2] (ivector-extract[5.5.1068~2-59299]:~IvectorExtractTask():ivector-extract.cc:77) Ivector norm for utterance SP0547W05 was 8.46804
VLOG[2] (ivector-extract[5.5.1068~2-59299]:~IvectorExtractTask():ivector-extract.cc:68) Auxf change for utterance SP0547W07 was 7.20213 per frame over 128 frames (weighted)
VLOG[2] (ivector-extract[5.5.1068~2-59299]:~IvectorExtractTask():ivector-extract.cc:77) Ivector norm for utterance SP0547W07 was 9.74872
LOG (ivector-extract[5.5.1068~2-59299]:main():ivector-extract.cc:314) Done 51 files, 0 with errors.  Total (weighted) frames 11475
LOG (ivector-extract[5.5.1068~2-59299]:main():ivector-extract.cc:317) Overall average objective-function change from estimating ivector was 9.13484 per frame  over 11475 (weighted) frames.
# Accounting: time=4 threads=1
# Ended (code 0) at Thu Mar 16 00:51:23 CST 2023, elapsed time 4 seconds
