# gmm-gselect --n=20 "fgmm-global-to-gmm exp/ivector_gauss512_dim200/extractor/final.ubm -|" "ark,s,cs:add-deltas --delta-window=3 --delta-order=2 scp:data/test/enroll/split10/3/feats.scp ark:- | apply-cmvn-sliding --norm-vars=false --center=true --cmn-window=300 ark:- ark:- | select-voiced-frames ark:- scp,s,cs:data/test/enroll/split10/3/vad.scp ark:- |" ark:- | fgmm-global-gselect-to-post --min-post=0.025 exp/ivector_gauss512_dim200/extractor/final.ubm "ark,s,cs:add-deltas --delta-window=3 --delta-order=2 scp:data/test/enroll/split10/3/feats.scp ark:- | apply-cmvn-sliding --norm-vars=false --center=true --cmn-window=300 ark:- ark:- | select-voiced-frames ark:- scp,s,cs:data/test/enroll/split10/3/vad.scp ark:- |" ark,s,cs:- ark:- | scale-post ark:- 1.0 ark:- | ivector-extract --verbose=2 --num-threads=1 exp/ivector_gauss512_dim200/extractor/final.ie "ark,s,cs:add-deltas --delta-window=3 --delta-order=2 scp:data/test/enroll/split10/3/feats.scp ark:- | apply-cmvn-sliding --norm-vars=false --center=true --cmn-window=300 ark:- ark:- | select-voiced-frames ark:- scp,s,cs:data/test/enroll/split10/3/vad.scp ark:- |" ark,s,cs:- ark,scp,t:exp/ivector_gauss512_dim200/ivector_enroll/ivector.3.ark,exp/ivector_gauss512_dim200/ivector_enroll/ivector.3.scp 
# Started at Thu Mar 16 00:51:19 CST 2023
#
gmm-gselect --n=20 'fgmm-global-to-gmm exp/ivector_gauss512_dim200/extractor/final.ubm -|' 'ark,s,cs:add-deltas --delta-window=3 --delta-order=2 scp:data/test/enroll/split10/3/feats.scp ark:- | apply-cmvn-sliding --norm-vars=false --center=true --cmn-window=300 ark:- ark:- | select-voiced-frames ark:- scp,s,cs:data/test/enroll/split10/3/vad.scp ark:- |' ark:- 
ivector-extract --verbose=2 --num-threads=1 exp/ivector_gauss512_dim200/extractor/final.ie 'ark,s,cs:add-deltas --delta-window=3 --delta-order=2 scp:data/test/enroll/split10/3/feats.scp ark:- | apply-cmvn-sliding --norm-vars=false --center=true --cmn-window=300 ark:- ark:- | select-voiced-frames ark:- scp,s,cs:data/test/enroll/split10/3/vad.scp ark:- |' ark,s,cs:- ark,scp,t:exp/ivector_gauss512_dim200/ivector_enroll/ivector.3.ark,exp/ivector_gauss512_dim200/ivector_enroll/ivector.3.scp 
scale-post ark:- 1.0 ark:- 
fgmm-global-gselect-to-post --min-post=0.025 exp/ivector_gauss512_dim200/extractor/final.ubm 'ark,s,cs:add-deltas --delta-window=3 --delta-order=2 scp:data/test/enroll/split10/3/feats.scp ark:- | apply-cmvn-sliding --norm-vars=false --center=true --cmn-window=300 ark:- ark:- | select-voiced-frames ark:- scp,s,cs:data/test/enroll/split10/3/vad.scp ark:- |' ark,s,cs:- ark:- 
LOG (ivector-extract[5.5.1068~2-59299]:ComputeDerivedVars():ivector-extractor.cc:183) Computing derived variables for iVector extractor
fgmm-global-to-gmm exp/ivector_gauss512_dim200/extractor/final.ubm - 
apply-cmvn-sliding --norm-vars=false --center=true --cmn-window=300 ark:- ark:- 
add-deltas --delta-window=3 --delta-order=2 scp:data/test/enroll/split10/3/feats.scp ark:- 
select-voiced-frames ark:- scp,s,cs:data/test/enroll/split10/3/vad.scp ark:- 
LOG (fgmm-global-to-gmm[5.5.1068~2-59299]:main():fgmm-global-to-gmm.cc:58) Written diagonal GMM to -
select-voiced-frames ark:- scp,s,cs:data/test/enroll/split10/3/vad.scp ark:- 
add-deltas --delta-window=3 --delta-order=2 scp:data/test/enroll/split10/3/feats.scp ark:- 
apply-cmvn-sliding --norm-vars=false --center=true --cmn-window=300 ark:- ark:- 
LOG (gmm-gselect[5.5.1068~2-59299]:main():gmm-gselect.cc:114) For 0'th file, average UBM likelihood over 368 frames is -102.573
LOG (gmm-gselect[5.5.1068~2-59299]:main():gmm-gselect.cc:114) For 10'th file, average UBM likelihood over 255 frames is -99.2536
LOG (ivector-extract[5.5.1068~2-59299]:ComputeDerivedVars():ivector-extractor.cc:204) Done.
add-deltas --delta-window=3 --delta-order=2 scp:data/test/enroll/split10/3/feats.scp ark:- 
select-voiced-frames ark:- scp,s,cs:data/test/enroll/split10/3/vad.scp ark:- 
apply-cmvn-sliding --norm-vars=false --center=true --cmn-window=300 ark:- ark:- 
LOG (gmm-gselect[5.5.1068~2-59299]:main():gmm-gselect.cc:114) For 20'th file, average UBM likelihood over 202 frames is -99.3769
VLOG[2] (ivector-extract[5.5.1068~2-59299]:~IvectorExtractTask():ivector-extract.cc:68) Auxf change for utterance SP0497W04 was 7.96771 per frame over 368 frames (weighted)
VLOG[2] (ivector-extract[5.5.1068~2-59299]:~IvectorExtractTask():ivector-extract.cc:77) Ivector norm for utterance SP0497W04 was 7.81668
VLOG[2] (ivector-extract[5.5.1068~2-59299]:~IvectorExtractTask():ivector-extract.cc:68) Auxf change for utterance SP0497W06 was 8.40718 per frame over 270 frames (weighted)
VLOG[2] (ivector-extract[5.5.1068~2-59299]:~IvectorExtractTask():ivector-extract.cc:77) Ivector norm for utterance SP0497W06 was 8.56074
VLOG[2] (ivector-extract[5.5.1068~2-59299]:~IvectorExtractTask():ivector-extract.cc:68) Auxf change for utterance SP0497W07 was 18.1578 per frame over 264 frames (weighted)
VLOG[2] (ivector-extract[5.5.1068~2-59299]:~IvectorExtractTask():ivector-extract.cc:77) Ivector norm for utterance SP0497W07 was 9.84557
VLOG[2] (ivector-extract[5.5.1068~2-59299]:~IvectorExtractTask():ivector-extract.cc:68) Auxf change for utterance SP0498W00 was 4.75546 per frame over 291 frames (weighted)
VLOG[2] (ivector-extract[5.5.1068~2-59299]:~IvectorExtractTask():ivector-extract.cc:77) Ivector norm for utterance SP0498W00 was 7.41964
VLOG[2] (ivector-extract[5.5.1068~2-59299]:~IvectorExtractTask():ivector-extract.cc:68) Auxf change for utterance SP0498W01 was 7.13837 per frame over 195 frames (weighted)
VLOG[2] (ivector-extract[5.5.1068~2-59299]:~IvectorExtractTask():ivector-extract.cc:77) Ivector norm for utterance SP0498W01 was 8.76306
VLOG[2] (ivector-extract[5.5.1068~2-59299]:~IvectorExtractTask():ivector-extract.cc:68) Auxf change for utterance SP0498W09 was 12.036 per frame over 200 frames (weighted)
VLOG[2] (ivector-extract[5.5.1068~2-59299]:~IvectorExtractTask():ivector-extract.cc:77) Ivector norm for utterance SP0498W09 was 9.85269
VLOG[2] (ivector-extract[5.5.1068~2-59299]:~IvectorExtractTask():ivector-extract.cc:68) Auxf change for utterance SP0499W04 was 9.96554 per frame over 257 frames (weighted)
VLOG[2] (ivector-extract[5.5.1068~2-59299]:~IvectorExtractTask():ivector-extract.cc:77) Ivector norm for utterance SP0499W04 was 8.02434
VLOG[2] (ivector-extract[5.5.1068~2-59299]:~IvectorExtractTask():ivector-extract.cc:68) Auxf change for utterance SP0499W05 was 19.3646 per frame over 149 frames (weighted)
VLOG[2] (ivector-extract[5.5.1068~2-59299]:~IvectorExtractTask():ivector-extract.cc:77) Ivector norm for utterance SP0499W05 was 11.4661
VLOG[2] (ivector-extract[5.5.1068~2-59299]:~IvectorExtractTask():ivector-extract.cc:68) Auxf change for utterance SP0499W07 was 7.84349 per frame over 315 frames (weighted)
VLOG[2] (ivector-extract[5.5.1068~2-59299]:~IvectorExtractTask():ivector-extract.cc:77) Ivector norm for utterance SP0499W07 was 7.30392
VLOG[2] (ivector-extract[5.5.1068~2-59299]:~IvectorExtractTask():ivector-extract.cc:68) Auxf change for utterance SP0500W01 was 7.17438 per frame over 118 frames (weighted)
VLOG[2] (ivector-extract[5.5.1068~2-59299]:~IvectorExtractTask():ivector-extract.cc:77) Ivector norm for utterance SP0500W01 was 9.71111
VLOG[2] (ivector-extract[5.5.1068~2-59299]:~IvectorExtractTask():ivector-extract.cc:68) Auxf change for utterance SP0500W02 was 5.42423 per frame over 255 frames (weighted)
VLOG[2] (ivector-extract[5.5.1068~2-59299]:~IvectorExtractTask():ivector-extract.cc:77) Ivector norm for utterance SP0500W02 was 8.04109
LOG (gmm-gselect[5.5.1068~2-59299]:main():gmm-gselect.cc:114) For 30'th file, average UBM likelihood over 129 frames is -98.4792
VLOG[2] (ivector-extract[5.5.1068~2-59299]:~IvectorExtractTask():ivector-extract.cc:68) Auxf change for utterance SP0500W04 was 6.20007 per frame over 201 frames (weighted)
VLOG[2] (ivector-extract[5.5.1068~2-59299]:~IvectorExtractTask():ivector-extract.cc:77) Ivector norm for utterance SP0500W04 was 8.22801
VLOG[2] (ivector-extract[5.5.1068~2-59299]:~IvectorExtractTask():ivector-extract.cc:68) Auxf change for utterance SP0501W05 was 6.29037 per frame over 306 frames (weighted)
VLOG[2] (ivector-extract[5.5.1068~2-59299]:~IvectorExtractTask():ivector-extract.cc:77) Ivector norm for utterance SP0501W05 was 7.59367
VLOG[2] (ivector-extract[5.5.1068~2-59299]:~IvectorExtractTask():ivector-extract.cc:68) Auxf change for utterance SP0501W07 was 5.58938 per frame over 199 frames (weighted)
VLOG[2] (ivector-extract[5.5.1068~2-59299]:~IvectorExtractTask():ivector-extract.cc:77) Ivector norm for utterance SP0501W07 was 7.58278
VLOG[2] (ivector-extract[5.5.1068~2-59299]:~IvectorExtractTask():ivector-extract.cc:68) Auxf change for utterance SP0501W08 was 5.19734 per frame over 243 frames (weighted)
VLOG[2] (ivector-extract[5.5.1068~2-59299]:~IvectorExtractTask():ivector-extract.cc:77) Ivector norm for utterance SP0501W08 was 7.2914
VLOG[2] (ivector-extract[5.5.1068~2-59299]:~IvectorExtractTask():ivector-extract.cc:68) Auxf change for utterance SP0502W01 was 6.59798 per frame over 178 frames (weighted)
VLOG[2] (ivector-extract[5.5.1068~2-59299]:~IvectorExtractTask():ivector-extract.cc:77) Ivector norm for utterance SP0502W01 was 8.88682
VLOG[2] (ivector-extract[5.5.1068~2-59299]:~IvectorExtractTask():ivector-extract.cc:68) Auxf change for utterance SP0502W05 was 6.69173 per frame over 168 frames (weighted)
VLOG[2] (ivector-extract[5.5.1068~2-59299]:~IvectorExtractTask():ivector-extract.cc:77) Ivector norm for utterance SP0502W05 was 8.66262
VLOG[2] (ivector-extract[5.5.1068~2-59299]:~IvectorExtractTask():ivector-extract.cc:68) Auxf change for utterance SP0502W07 was 3.70162 per frame over 348 frames (weighted)
VLOG[2] (ivector-extract[5.5.1068~2-59299]:~IvectorExtractTask():ivector-extract.cc:77) Ivector norm for utterance SP0502W07 was 7.00537
VLOG[2] (ivector-extract[5.5.1068~2-59299]:~IvectorExtractTask():ivector-extract.cc:68) Auxf change for utterance SP0503W00 was 6.78696 per frame over 316 frames (weighted)
VLOG[2] (ivector-extract[5.5.1068~2-59299]:~IvectorExtractTask():ivector-extract.cc:77) Ivector norm for utterance SP0503W00 was 6.89715
VLOG[2] (ivector-extract[5.5.1068~2-59299]:~IvectorExtractTask():ivector-extract.cc:68) Auxf change for utterance SP0503W01 was 7.12808 per frame over 356 frames (weighted)
VLOG[2] (ivector-extract[5.5.1068~2-59299]:~IvectorExtractTask():ivector-extract.cc:77) Ivector norm for utterance SP0503W01 was 7.63648
VLOG[2] (ivector-extract[5.5.1068~2-59299]:~IvectorExtractTask():ivector-extract.cc:68) Auxf change for utterance SP0503W07 was 6.53442 per frame over 202 frames (weighted)
VLOG[2] (ivector-extract[5.5.1068~2-59299]:~IvectorExtractTask():ivector-extract.cc:77) Ivector norm for utterance SP0503W07 was 7.39556
LOG (gmm-gselect[5.5.1068~2-59299]:main():gmm-gselect.cc:114) For 40'th file, average UBM likelihood over 384 frames is -99.8048
VLOG[2] (ivector-extract[5.5.1068~2-59299]:~IvectorExtractTask():ivector-extract.cc:68) Auxf change for utterance SP0504W06 was 7.67723 per frame over 212 frames (weighted)
VLOG[2] (ivector-extract[5.5.1068~2-59299]:~IvectorExtractTask():ivector-extract.cc:77) Ivector norm for utterance SP0504W06 was 8.83102
VLOG[2] (ivector-extract[5.5.1068~2-59299]:~IvectorExtractTask():ivector-extract.cc:68) Auxf change for utterance SP0504W07 was 5.72272 per frame over 356 frames (weighted)
VLOG[2] (ivector-extract[5.5.1068~2-59299]:~IvectorExtractTask():ivector-extract.cc:77) Ivector norm for utterance SP0504W07 was 7.97531
VLOG[2] (ivector-extract[5.5.1068~2-59299]:~IvectorExtractTask():ivector-extract.cc:68) Auxf change for utterance SP0504W09 was 11.0591 per frame over 223 frames (weighted)
VLOG[2] (ivector-extract[5.5.1068~2-59299]:~IvectorExtractTask():ivector-extract.cc:77) Ivector norm for utterance SP0504W09 was 9.40137
VLOG[2] (ivector-extract[5.5.1068~2-59299]:~IvectorExtractTask():ivector-extract.cc:68) Auxf change for utterance SP0505W01 was 8.97089 per frame over 206 frames (weighted)
VLOG[2] (ivector-extract[5.5.1068~2-59299]:~IvectorExtractTask():ivector-extract.cc:77) Ivector norm for utterance SP0505W01 was 8.2961
VLOG[2] (ivector-extract[5.5.1068~2-59299]:~IvectorExtractTask():ivector-extract.cc:68) Auxf change for utterance SP0505W02 was 7.4767 per frame over 216 frames (weighted)
VLOG[2] (ivector-extract[5.5.1068~2-59299]:~IvectorExtractTask():ivector-extract.cc:77) Ivector norm for utterance SP0505W02 was 7.15861
VLOG[2] (ivector-extract[5.5.1068~2-59299]:~IvectorExtractTask():ivector-extract.cc:68) Auxf change for utterance SP0505W05 was 14.353 per frame over 280 frames (weighted)
VLOG[2] (ivector-extract[5.5.1068~2-59299]:~IvectorExtractTask():ivector-extract.cc:77) Ivector norm for utterance SP0505W05 was 8.62949
LOG (apply-cmvn-sliding[5.5.1068~2-59299]:main():apply-cmvn-sliding.cc:75) Applied sliding-window cepstral mean normalization to 51 utterances, 0 had errors.
LOG (select-voiced-frames[5.5.1068~2-59299]:main():select-voiced-frames.cc:106) Done selecting voiced frames; processed 51 utterances, 0 had errors.
VLOG[2] (ivector-extract[5.5.1068~2-59299]:~IvectorExtractTask():ivector-extract.cc:68) Auxf change for utterance SP0506W01 was 4.93104 per frame over 294 frames (weighted)
VLOG[2] (ivector-extract[5.5.1068~2-59299]:~IvectorExtractTask():ivector-extract.cc:77) Ivector norm for utterance SP0506W01 was 7.21203
VLOG[2] (ivector-extract[5.5.1068~2-59299]:~IvectorExtractTask():ivector-extract.cc:68) Auxf change for utterance SP0506W03 was 6.62069 per frame over 231 frames (weighted)
VLOG[2] (ivector-extract[5.5.1068~2-59299]:~IvectorExtractTask():ivector-extract.cc:77) Ivector norm for utterance SP0506W03 was 7.23035
VLOG[2] (ivector-extract[5.5.1068~2-59299]:~IvectorExtractTask():ivector-extract.cc:68) Auxf change for utterance SP0506W09 was 9.50197 per frame over 180 frames (weighted)
VLOG[2] (ivector-extract[5.5.1068~2-59299]:~IvectorExtractTask():ivector-extract.cc:77) Ivector norm for utterance SP0506W09 was 8.54729
LOG (apply-cmvn-sliding[5.5.1068~2-59299]:main():apply-cmvn-sliding.cc:75) Applied sliding-window cepstral mean normalization to 51 utterances, 0 had errors.
VLOG[2] (ivector-extract[5.5.1068~2-59299]:~IvectorExtractTask():ivector-extract.cc:68) Auxf change for utterance SP0507W03 was 6.55693 per frame over 129 frames (weighted)
VLOG[2] (ivector-extract[5.5.1068~2-59299]:~IvectorExtractTask():ivector-extract.cc:77) Ivector norm for utterance SP0507W03 was 8.35771
LOG (select-voiced-frames[5.5.1068~2-59299]:main():select-voiced-frames.cc:106) Done selecting voiced frames; processed 51 utterances, 0 had errors.
LOG (gmm-gselect[5.5.1068~2-59299]:main():gmm-gselect.cc:114) For 50'th file, average UBM likelihood over 314 frames is -103.01
LOG (gmm-gselect[5.5.1068~2-59299]:main():gmm-gselect.cc:125) Done 51 files, 0 with errors, average UBM log-likelihood is -100.359 over 12762 frames.
VLOG[2] (ivector-extract[5.5.1068~2-59299]:~IvectorExtractTask():ivector-extract.cc:68) Auxf change for utterance SP0507W05 was 14.9105 per frame over 297 frames (weighted)
VLOG[2] (ivector-extract[5.5.1068~2-59299]:~IvectorExtractTask():ivector-extract.cc:77) Ivector norm for utterance SP0507W05 was 8.72043
VLOG[2] (ivector-extract[5.5.1068~2-59299]:~IvectorExtractTask():ivector-extract.cc:68) Auxf change for utterance SP0507W09 was 9.66743 per frame over 198 frames (weighted)
VLOG[2] (ivector-extract[5.5.1068~2-59299]:~IvectorExtractTask():ivector-extract.cc:77) Ivector norm for utterance SP0507W09 was 8.53556
VLOG[2] (ivector-extract[5.5.1068~2-59299]:~IvectorExtractTask():ivector-extract.cc:68) Auxf change for utterance SP0508W00 was 8.35196 per frame over 356 frames (weighted)
VLOG[2] (ivector-extract[5.5.1068~2-59299]:~IvectorExtractTask():ivector-extract.cc:77) Ivector norm for utterance SP0508W00 was 7.64334
LOG (fgmm-global-gselect-to-post[5.5.1068~2-59299]:main():fgmm-global-gselect-to-post.cc:148) Done 51 files; 0 had errors.
LOG (fgmm-global-gselect-to-post[5.5.1068~2-59299]:main():fgmm-global-gselect-to-post.cc:149) Overall loglike per frame is -94.6257 with 2.33247 entries per frame,  over 12762 frames
VLOG[2] (ivector-extract[5.5.1068~2-59299]:~IvectorExtractTask():ivector-extract.cc:68) Auxf change for utterance SP0508W04 was 6.1041 per frame over 254 frames (weighted)
VLOG[2] (ivector-extract[5.5.1068~2-59299]:~IvectorExtractTask():ivector-extract.cc:77) Ivector norm for utterance SP0508W04 was 7.61674
VLOG[2] (ivector-extract[5.5.1068~2-59299]:~IvectorExtractTask():ivector-extract.cc:68) Auxf change for utterance SP0508W05 was 18.725 per frame over 292 frames (weighted)
VLOG[2] (ivector-extract[5.5.1068~2-59299]:~IvectorExtractTask():ivector-extract.cc:77) Ivector norm for utterance SP0508W05 was 8.45362
VLOG[2] (ivector-extract[5.5.1068~2-59299]:~IvectorExtractTask():ivector-extract.cc:68) Auxf change for utterance SP0509W01 was 16.4052 per frame over 252 frames (weighted)
VLOG[2] (ivector-extract[5.5.1068~2-59299]:~IvectorExtractTask():ivector-extract.cc:77) Ivector norm for utterance SP0509W01 was 9.68791
VLOG[2] (ivector-extract[5.5.1068~2-59299]:~IvectorExtractTask():ivector-extract.cc:68) Auxf change for utterance SP0509W02 was 7.80946 per frame over 284 frames (weighted)
VLOG[2] (ivector-extract[5.5.1068~2-59299]:~IvectorExtractTask():ivector-extract.cc:77) Ivector norm for utterance SP0509W02 was 7.56815
VLOG[2] (ivector-extract[5.5.1068~2-59299]:~IvectorExtractTask():ivector-extract.cc:68) Auxf change for utterance SP0509W09 was 11.4871 per frame over 219 frames (weighted)
VLOG[2] (ivector-extract[5.5.1068~2-59299]:~IvectorExtractTask():ivector-extract.cc:77) Ivector norm for utterance SP0509W09 was 8.79936
VLOG[2] (ivector-extract[5.5.1068~2-59299]:~IvectorExtractTask():ivector-extract.cc:68) Auxf change for utterance SP0510W01 was 9.80473 per frame over 151 frames (weighted)
VLOG[2] (ivector-extract[5.5.1068~2-59299]:~IvectorExtractTask():ivector-extract.cc:77) Ivector norm for utterance SP0510W01 was 8.54106
VLOG[2] (ivector-extract[5.5.1068~2-59299]:~IvectorExtractTask():ivector-extract.cc:68) Auxf change for utterance SP0510W05 was 7.48713 per frame over 384 frames (weighted)
VLOG[2] (ivector-extract[5.5.1068~2-59299]:~IvectorExtractTask():ivector-extract.cc:77) Ivector norm for utterance SP0510W05 was 6.86481
VLOG[2] (ivector-extract[5.5.1068~2-59299]:~IvectorExtractTask():ivector-extract.cc:68) Auxf change for utterance SP0510W07 was 8.05283 per frame over 254 frames (weighted)
VLOG[2] (ivector-extract[5.5.1068~2-59299]:~IvectorExtractTask():ivector-extract.cc:77) Ivector norm for utterance SP0510W07 was 7.58415
LOG (scale-post[5.5.1068~2-59299]:main():scale-post.cc:79) Done 51 posteriors;  0 had no scales.
VLOG[2] (ivector-extract[5.5.1068~2-59299]:~IvectorExtractTask():ivector-extract.cc:68) Auxf change for utterance SP0511W01 was 6.22414 per frame over 334 frames (weighted)
VLOG[2] (ivector-extract[5.5.1068~2-59299]:~IvectorExtractTask():ivector-extract.cc:77) Ivector norm for utterance SP0511W01 was 7.0269
VLOG[2] (ivector-extract[5.5.1068~2-59299]:~IvectorExtractTask():ivector-extract.cc:68) Auxf change for utterance SP0511W06 was 7.25258 per frame over 254 frames (weighted)
VLOG[2] (ivector-extract[5.5.1068~2-59299]:~IvectorExtractTask():ivector-extract.cc:77) Ivector norm for utterance SP0511W06 was 7.23039
VLOG[2] (ivector-extract[5.5.1068~2-59299]:~IvectorExtractTask():ivector-extract.cc:68) Auxf change for utterance SP0511W07 was 9.56217 per frame over 231 frames (weighted)
VLOG[2] (ivector-extract[5.5.1068~2-59299]:~IvectorExtractTask():ivector-extract.cc:77) Ivector norm for utterance SP0511W07 was 8.09168
VLOG[2] (ivector-extract[5.5.1068~2-59299]:~IvectorExtractTask():ivector-extract.cc:68) Auxf change for utterance SP0512W00 was 11.3253 per frame over 262 frames (weighted)
VLOG[2] (ivector-extract[5.5.1068~2-59299]:~IvectorExtractTask():ivector-extract.cc:77) Ivector norm for utterance SP0512W00 was 8.21722
LOG (apply-cmvn-sliding[5.5.1068~2-59299]:main():apply-cmvn-sliding.cc:75) Applied sliding-window cepstral mean normalization to 51 utterances, 0 had errors.
VLOG[2] (ivector-extract[5.5.1068~2-59299]:~IvectorExtractTask():ivector-extract.cc:68) Auxf change for utterance SP0512W01 was 11.051 per frame over 206 frames (weighted)
VLOG[2] (ivector-extract[5.5.1068~2-59299]:~IvectorExtractTask():ivector-extract.cc:77) Ivector norm for utterance SP0512W01 was 9.19277
VLOG[2] (ivector-extract[5.5.1068~2-59299]:~IvectorExtractTask():ivector-extract.cc:68) Auxf change for utterance SP0512W07 was 10.3506 per frame over 228 frames (weighted)
VLOG[2] (ivector-extract[5.5.1068~2-59299]:~IvectorExtractTask():ivector-extract.cc:77) Ivector norm for utterance SP0512W07 was 8.0802
LOG (select-voiced-frames[5.5.1068~2-59299]:main():select-voiced-frames.cc:106) Done selecting voiced frames; processed 51 utterances, 0 had errors.
VLOG[2] (ivector-extract[5.5.1068~2-59299]:~IvectorExtractTask():ivector-extract.cc:68) Auxf change for utterance SP0513W01 was 8.60378 per frame over 212 frames (weighted)
VLOG[2] (ivector-extract[5.5.1068~2-59299]:~IvectorExtractTask():ivector-extract.cc:77) Ivector norm for utterance SP0513W01 was 9.32062
VLOG[2] (ivector-extract[5.5.1068~2-59299]:~IvectorExtractTask():ivector-extract.cc:68) Auxf change for utterance SP0513W05 was 6.9597 per frame over 254 frames (weighted)
VLOG[2] (ivector-extract[5.5.1068~2-59299]:~IvectorExtractTask():ivector-extract.cc:77) Ivector norm for utterance SP0513W05 was 7.88985
VLOG[2] (ivector-extract[5.5.1068~2-59299]:~IvectorExtractTask():ivector-extract.cc:68) Auxf change for utterance SP0513W08 was 7.54304 per frame over 314 frames (weighted)
VLOG[2] (ivector-extract[5.5.1068~2-59299]:~IvectorExtractTask():ivector-extract.cc:77) Ivector norm for utterance SP0513W08 was 7.36407
LOG (ivector-extract[5.5.1068~2-59299]:main():ivector-extract.cc:314) Done 51 files, 0 with errors.  Total (weighted) frames 12762
LOG (ivector-extract[5.5.1068~2-59299]:main():ivector-extract.cc:317) Overall average objective-function change from estimating ivector was 8.69031 per frame  over 12762 (weighted) frames.
# Accounting: time=4 threads=1
# Ended (code 0) at Thu Mar 16 00:51:23 CST 2023, elapsed time 4 seconds
