# compute-mfcc-feats --write-utt2dur=ark,t:exp/make_mfcc/train/utt2dur.3 --verbose=2 --config=conf/mfcc.conf scp,p:exp/make_mfcc/train/wav_train.3.scp ark:- | copy-feats --write-num-frames=ark,t:exp/make_mfcc/train/utt2num_frames.3 --compress=true ark:- ark,scp:/home/zerol/kaldi/egs/timit/s5/mfcc/raw_mfcc_train.3.ark,/home/zerol/kaldi/egs/timit/s5/mfcc/raw_mfcc_train.3.scp 
# Started at Wed Mar 22 15:21:47 CST 2023
#
copy-feats --write-num-frames=ark,t:exp/make_mfcc/train/utt2num_frames.3 --compress=true ark:- ark,scp:/home/zerol/kaldi/egs/timit/s5/mfcc/raw_mfcc_train.3.ark,/home/zerol/kaldi/egs/timit/s5/mfcc/raw_mfcc_train.3.scp 
compute-mfcc-feats --write-utt2dur=ark,t:exp/make_mfcc/train/utt2dur.3 --verbose=2 --config=conf/mfcc.conf scp,p:exp/make_mfcc/train/wav_train.3.scp ark:- 
VLOG[2] (compute-mfcc-feats[5.5.1068~2-59299]:main():compute-mfcc-feats.cc:182) Processed features for key SP0155W00
VLOG[2] (compute-mfcc-feats[5.5.1068~2-59299]:main():compute-mfcc-feats.cc:182) Processed features for key SP0155W01
VLOG[2] (compute-mfcc-feats[5.5.1068~2-59299]:main():compute-mfcc-feats.cc:182) Processed features for key SP0155W02
VLOG[2] (compute-mfcc-feats[5.5.1068~2-59299]:main():compute-mfcc-feats.cc:182) Processed features for key SP0155W03
VLOG[2] (compute-mfcc-feats[5.5.1068~2-59299]:main():compute-mfcc-feats.cc:182) Processed features for key SP0155W04
VLOG[2] (compute-mfcc-feats[5.5.1068~2-59299]:main():compute-mfcc-feats.cc:182) Processed features for key SP0155W05
VLOG[2] (compute-mfcc-feats[5.5.1068~2-59299]:main():compute-mfcc-feats.cc:182) Processed features for key SP0155W06
VLOG[2] (compute-mfcc-feats[5.5.1068~2-59299]:main():compute-mfcc-feats.cc:182) Processed features for key SP0155W07
VLOG[2] (compute-mfcc-feats[5.5.1068~2-59299]:main():compute-mfcc-feats.cc:182) Processed features for key SP0155W08
LOG (compute-mfcc-feats[5.5.1068~2-59299]:main():compute-mfcc-feats.cc:181) Processed 10 utterances
VLOG[2] (compute-mfcc-feats[5.5.1068~2-59299]:main():compute-mfcc-feats.cc:182) Processed features for key SP0155W09
VLOG[2] (compute-mfcc-feats[5.5.1068~2-59299]:main():compute-mfcc-feats.cc:182) Processed features for key SP0156W00
VLOG[2] (compute-mfcc-feats[5.5.1068~2-59299]:main():compute-mfcc-feats.cc:182) Processed features for key SP0156W01
VLOG[2] (compute-mfcc-feats[5.5.1068~2-59299]:main():compute-mfcc-feats.cc:182) Processed features for key SP0156W02
VLOG[2] (compute-mfcc-feats[5.5.1068~2-59299]:main():compute-mfcc-feats.cc:182) Processed features for key SP0156W03
VLOG[2] (compute-mfcc-feats[5.5.1068~2-59299]:main():compute-mfcc-feats.cc:182) Processed features for key SP0156W04
VLOG[2] (compute-mfcc-feats[5.5.1068~2-59299]:main():compute-mfcc-feats.cc:182) Processed features for key SP0156W05
VLOG[2] (compute-mfcc-feats[5.5.1068~2-59299]:main():compute-mfcc-feats.cc:182) Processed features for key SP0156W06
VLOG[2] (compute-mfcc-feats[5.5.1068~2-59299]:main():compute-mfcc-feats.cc:182) Processed features for key SP0156W07
VLOG[2] (compute-mfcc-feats[5.5.1068~2-59299]:main():compute-mfcc-feats.cc:182) Processed features for key SP0156W08
LOG (compute-mfcc-feats[5.5.1068~2-59299]:main():compute-mfcc-feats.cc:181) Processed 20 utterances
VLOG[2] (compute-mfcc-feats[5.5.1068~2-59299]:main():compute-mfcc-feats.cc:182) Processed features for key SP0156W09
VLOG[2] (compute-mfcc-feats[5.5.1068~2-59299]:main():compute-mfcc-feats.cc:182) Processed features for key SP0157W00
VLOG[2] (compute-mfcc-feats[5.5.1068~2-59299]:main():compute-mfcc-feats.cc:182) Processed features for key SP0157W01
VLOG[2] (compute-mfcc-feats[5.5.1068~2-59299]:main():compute-mfcc-feats.cc:182) Processed features for key SP0157W02
VLOG[2] (compute-mfcc-feats[5.5.1068~2-59299]:main():compute-mfcc-feats.cc:182) Processed features for key SP0157W03
VLOG[2] (compute-mfcc-feats[5.5.1068~2-59299]:main():compute-mfcc-feats.cc:182) Processed features for key SP0157W04
VLOG[2] (compute-mfcc-feats[5.5.1068~2-59299]:main():compute-mfcc-feats.cc:182) Processed features for key SP0157W05
VLOG[2] (compute-mfcc-feats[5.5.1068~2-59299]:main():compute-mfcc-feats.cc:182) Processed features for key SP0157W06
VLOG[2] (compute-mfcc-feats[5.5.1068~2-59299]:main():compute-mfcc-feats.cc:182) Processed features for key SP0157W07
VLOG[2] (compute-mfcc-feats[5.5.1068~2-59299]:main():compute-mfcc-feats.cc:182) Processed features for key SP0157W08
LOG (compute-mfcc-feats[5.5.1068~2-59299]:main():compute-mfcc-feats.cc:181) Processed 30 utterances
VLOG[2] (compute-mfcc-feats[5.5.1068~2-59299]:main():compute-mfcc-feats.cc:182) Processed features for key SP0157W09
VLOG[2] (compute-mfcc-feats[5.5.1068~2-59299]:main():compute-mfcc-feats.cc:182) Processed features for key SP0158W00
VLOG[2] (compute-mfcc-feats[5.5.1068~2-59299]:main():compute-mfcc-feats.cc:182) Processed features for key SP0158W01
VLOG[2] (compute-mfcc-feats[5.5.1068~2-59299]:main():compute-mfcc-feats.cc:182) Processed features for key SP0158W02
VLOG[2] (compute-mfcc-feats[5.5.1068~2-59299]:main():compute-mfcc-feats.cc:182) Processed features for key SP0158W03
VLOG[2] (compute-mfcc-feats[5.5.1068~2-59299]:main():compute-mfcc-feats.cc:182) Processed features for key SP0158W04
VLOG[2] (compute-mfcc-feats[5.5.1068~2-59299]:main():compute-mfcc-feats.cc:182) Processed features for key SP0158W05
VLOG[2] (compute-mfcc-feats[5.5.1068~2-59299]:main():compute-mfcc-feats.cc:182) Processed features for key SP0158W06
VLOG[2] (compute-mfcc-feats[5.5.1068~2-59299]:main():compute-mfcc-feats.cc:182) Processed features for key SP0158W07
VLOG[2] (compute-mfcc-feats[5.5.1068~2-59299]:main():compute-mfcc-feats.cc:182) Processed features for key SP0158W08
LOG (compute-mfcc-feats[5.5.1068~2-59299]:main():compute-mfcc-feats.cc:181) Processed 40 utterances
VLOG[2] (compute-mfcc-feats[5.5.1068~2-59299]:main():compute-mfcc-feats.cc:182) Processed features for key SP0158W09
VLOG[2] (compute-mfcc-feats[5.5.1068~2-59299]:main():compute-mfcc-feats.cc:182) Processed features for key SP0159W00
VLOG[2] (compute-mfcc-feats[5.5.1068~2-59299]:main():compute-mfcc-feats.cc:182) Processed features for key SP0159W01
VLOG[2] (compute-mfcc-feats[5.5.1068~2-59299]:main():compute-mfcc-feats.cc:182) Processed features for key SP0159W02
VLOG[2] (compute-mfcc-feats[5.5.1068~2-59299]:main():compute-mfcc-feats.cc:182) Processed features for key SP0159W03
VLOG[2] (compute-mfcc-feats[5.5.1068~2-59299]:main():compute-mfcc-feats.cc:182) Processed features for key SP0159W04
VLOG[2] (compute-mfcc-feats[5.5.1068~2-59299]:main():compute-mfcc-feats.cc:182) Processed features for key SP0159W05
VLOG[2] (compute-mfcc-feats[5.5.1068~2-59299]:main():compute-mfcc-feats.cc:182) Processed features for key SP0159W06
VLOG[2] (compute-mfcc-feats[5.5.1068~2-59299]:main():compute-mfcc-feats.cc:182) Processed features for key SP0159W07
VLOG[2] (compute-mfcc-feats[5.5.1068~2-59299]:main():compute-mfcc-feats.cc:182) Processed features for key SP0159W08
LOG (compute-mfcc-feats[5.5.1068~2-59299]:main():compute-mfcc-feats.cc:181) Processed 50 utterances
VLOG[2] (compute-mfcc-feats[5.5.1068~2-59299]:main():compute-mfcc-feats.cc:182) Processed features for key SP0159W09
VLOG[2] (compute-mfcc-feats[5.5.1068~2-59299]:main():compute-mfcc-feats.cc:182) Processed features for key SP0160W00
VLOG[2] (compute-mfcc-feats[5.5.1068~2-59299]:main():compute-mfcc-feats.cc:182) Processed features for key SP0160W01
VLOG[2] (compute-mfcc-feats[5.5.1068~2-59299]:main():compute-mfcc-feats.cc:182) Processed features for key SP0160W02
VLOG[2] (compute-mfcc-feats[5.5.1068~2-59299]:main():compute-mfcc-feats.cc:182) Processed features for key SP0160W03
VLOG[2] (compute-mfcc-feats[5.5.1068~2-59299]:main():compute-mfcc-feats.cc:182) Processed features for key SP0160W04
VLOG[2] (compute-mfcc-feats[5.5.1068~2-59299]:main():compute-mfcc-feats.cc:182) Processed features for key SP0160W05
VLOG[2] (compute-mfcc-feats[5.5.1068~2-59299]:main():compute-mfcc-feats.cc:182) Processed features for key SP0160W06
VLOG[2] (compute-mfcc-feats[5.5.1068~2-59299]:main():compute-mfcc-feats.cc:182) Processed features for key SP0160W07
VLOG[2] (compute-mfcc-feats[5.5.1068~2-59299]:main():compute-mfcc-feats.cc:182) Processed features for key SP0160W08
LOG (compute-mfcc-feats[5.5.1068~2-59299]:main():compute-mfcc-feats.cc:181) Processed 60 utterances
VLOG[2] (compute-mfcc-feats[5.5.1068~2-59299]:main():compute-mfcc-feats.cc:182) Processed features for key SP0160W09
VLOG[2] (compute-mfcc-feats[5.5.1068~2-59299]:main():compute-mfcc-feats.cc:182) Processed features for key SP0161W00
VLOG[2] (compute-mfcc-feats[5.5.1068~2-59299]:main():compute-mfcc-feats.cc:182) Processed features for key SP0161W01
VLOG[2] (compute-mfcc-feats[5.5.1068~2-59299]:main():compute-mfcc-feats.cc:182) Processed features for key SP0161W02
VLOG[2] (compute-mfcc-feats[5.5.1068~2-59299]:main():compute-mfcc-feats.cc:182) Processed features for key SP0161W03
VLOG[2] (compute-mfcc-feats[5.5.1068~2-59299]:main():compute-mfcc-feats.cc:182) Processed features for key SP0161W04
VLOG[2] (compute-mfcc-feats[5.5.1068~2-59299]:main():compute-mfcc-feats.cc:182) Processed features for key SP0161W05
VLOG[2] (compute-mfcc-feats[5.5.1068~2-59299]:main():compute-mfcc-feats.cc:182) Processed features for key SP0161W06
VLOG[2] (compute-mfcc-feats[5.5.1068~2-59299]:main():compute-mfcc-feats.cc:182) Processed features for key SP0161W07
VLOG[2] (compute-mfcc-feats[5.5.1068~2-59299]:main():compute-mfcc-feats.cc:182) Processed features for key SP0161W08
LOG (compute-mfcc-feats[5.5.1068~2-59299]:main():compute-mfcc-feats.cc:181) Processed 70 utterances
VLOG[2] (compute-mfcc-feats[5.5.1068~2-59299]:main():compute-mfcc-feats.cc:182) Processed features for key SP0161W09
VLOG[2] (compute-mfcc-feats[5.5.1068~2-59299]:main():compute-mfcc-feats.cc:182) Processed features for key SP0162W00
VLOG[2] (compute-mfcc-feats[5.5.1068~2-59299]:main():compute-mfcc-feats.cc:182) Processed features for key SP0162W01
VLOG[2] (compute-mfcc-feats[5.5.1068~2-59299]:main():compute-mfcc-feats.cc:182) Processed features for key SP0162W02
VLOG[2] (compute-mfcc-feats[5.5.1068~2-59299]:main():compute-mfcc-feats.cc:182) Processed features for key SP0162W03
VLOG[2] (compute-mfcc-feats[5.5.1068~2-59299]:main():compute-mfcc-feats.cc:182) Processed features for key SP0162W04
VLOG[2] (compute-mfcc-feats[5.5.1068~2-59299]:main():compute-mfcc-feats.cc:182) Processed features for key SP0162W05
VLOG[2] (compute-mfcc-feats[5.5.1068~2-59299]:main():compute-mfcc-feats.cc:182) Processed features for key SP0162W06
VLOG[2] (compute-mfcc-feats[5.5.1068~2-59299]:main():compute-mfcc-feats.cc:182) Processed features for key SP0162W07
VLOG[2] (compute-mfcc-feats[5.5.1068~2-59299]:main():compute-mfcc-feats.cc:182) Processed features for key SP0162W08
LOG (compute-mfcc-feats[5.5.1068~2-59299]:main():compute-mfcc-feats.cc:181) Processed 80 utterances
VLOG[2] (compute-mfcc-feats[5.5.1068~2-59299]:main():compute-mfcc-feats.cc:182) Processed features for key SP0162W09
VLOG[2] (compute-mfcc-feats[5.5.1068~2-59299]:main():compute-mfcc-feats.cc:182) Processed features for key SP0163W00
VLOG[2] (compute-mfcc-feats[5.5.1068~2-59299]:main():compute-mfcc-feats.cc:182) Processed features for key SP0163W01
VLOG[2] (compute-mfcc-feats[5.5.1068~2-59299]:main():compute-mfcc-feats.cc:182) Processed features for key SP0163W02
VLOG[2] (compute-mfcc-feats[5.5.1068~2-59299]:main():compute-mfcc-feats.cc:182) Processed features for key SP0163W03
VLOG[2] (compute-mfcc-feats[5.5.1068~2-59299]:main():compute-mfcc-feats.cc:182) Processed features for key SP0163W04
VLOG[2] (compute-mfcc-feats[5.5.1068~2-59299]:main():compute-mfcc-feats.cc:182) Processed features for key SP0163W05
VLOG[2] (compute-mfcc-feats[5.5.1068~2-59299]:main():compute-mfcc-feats.cc:182) Processed features for key SP0163W06
VLOG[2] (compute-mfcc-feats[5.5.1068~2-59299]:main():compute-mfcc-feats.cc:182) Processed features for key SP0163W07
VLOG[2] (compute-mfcc-feats[5.5.1068~2-59299]:main():compute-mfcc-feats.cc:182) Processed features for key SP0163W08
LOG (compute-mfcc-feats[5.5.1068~2-59299]:main():compute-mfcc-feats.cc:181) Processed 90 utterances
VLOG[2] (compute-mfcc-feats[5.5.1068~2-59299]:main():compute-mfcc-feats.cc:182) Processed features for key SP0163W09
VLOG[2] (compute-mfcc-feats[5.5.1068~2-59299]:main():compute-mfcc-feats.cc:182) Processed features for key SP0164W00
VLOG[2] (compute-mfcc-feats[5.5.1068~2-59299]:main():compute-mfcc-feats.cc:182) Processed features for key SP0164W01
VLOG[2] (compute-mfcc-feats[5.5.1068~2-59299]:main():compute-mfcc-feats.cc:182) Processed features for key SP0164W02
VLOG[2] (compute-mfcc-feats[5.5.1068~2-59299]:main():compute-mfcc-feats.cc:182) Processed features for key SP0164W03
VLOG[2] (compute-mfcc-feats[5.5.1068~2-59299]:main():compute-mfcc-feats.cc:182) Processed features for key SP0164W04
VLOG[2] (compute-mfcc-feats[5.5.1068~2-59299]:main():compute-mfcc-feats.cc:182) Processed features for key SP0164W05
VLOG[2] (compute-mfcc-feats[5.5.1068~2-59299]:main():compute-mfcc-feats.cc:182) Processed features for key SP0164W06
VLOG[2] (compute-mfcc-feats[5.5.1068~2-59299]:main():compute-mfcc-feats.cc:182) Processed features for key SP0164W07
VLOG[2] (compute-mfcc-feats[5.5.1068~2-59299]:main():compute-mfcc-feats.cc:182) Processed features for key SP0164W08
LOG (compute-mfcc-feats[5.5.1068~2-59299]:main():compute-mfcc-feats.cc:181) Processed 100 utterances
VLOG[2] (compute-mfcc-feats[5.5.1068~2-59299]:main():compute-mfcc-feats.cc:182) Processed features for key SP0164W09
VLOG[2] (compute-mfcc-feats[5.5.1068~2-59299]:main():compute-mfcc-feats.cc:182) Processed features for key SP0165W00
VLOG[2] (compute-mfcc-feats[5.5.1068~2-59299]:main():compute-mfcc-feats.cc:182) Processed features for key SP0165W01
VLOG[2] (compute-mfcc-feats[5.5.1068~2-59299]:main():compute-mfcc-feats.cc:182) Processed features for key SP0165W02
VLOG[2] (compute-mfcc-feats[5.5.1068~2-59299]:main():compute-mfcc-feats.cc:182) Processed features for key SP0165W03
VLOG[2] (compute-mfcc-feats[5.5.1068~2-59299]:main():compute-mfcc-feats.cc:182) Processed features for key SP0165W04
VLOG[2] (compute-mfcc-feats[5.5.1068~2-59299]:main():compute-mfcc-feats.cc:182) Processed features for key SP0165W05
VLOG[2] (compute-mfcc-feats[5.5.1068~2-59299]:main():compute-mfcc-feats.cc:182) Processed features for key SP0165W06
VLOG[2] (compute-mfcc-feats[5.5.1068~2-59299]:main():compute-mfcc-feats.cc:182) Processed features for key SP0165W07
VLOG[2] (compute-mfcc-feats[5.5.1068~2-59299]:main():compute-mfcc-feats.cc:182) Processed features for key SP0165W08
LOG (compute-mfcc-feats[5.5.1068~2-59299]:main():compute-mfcc-feats.cc:181) Processed 110 utterances
VLOG[2] (compute-mfcc-feats[5.5.1068~2-59299]:main():compute-mfcc-feats.cc:182) Processed features for key SP0165W09
VLOG[2] (compute-mfcc-feats[5.5.1068~2-59299]:main():compute-mfcc-feats.cc:182) Processed features for key SP0166W00
VLOG[2] (compute-mfcc-feats[5.5.1068~2-59299]:main():compute-mfcc-feats.cc:182) Processed features for key SP0166W01
VLOG[2] (compute-mfcc-feats[5.5.1068~2-59299]:main():compute-mfcc-feats.cc:182) Processed features for key SP0166W02
VLOG[2] (compute-mfcc-feats[5.5.1068~2-59299]:main():compute-mfcc-feats.cc:182) Processed features for key SP0166W03
VLOG[2] (compute-mfcc-feats[5.5.1068~2-59299]:main():compute-mfcc-feats.cc:182) Processed features for key SP0166W04
VLOG[2] (compute-mfcc-feats[5.5.1068~2-59299]:main():compute-mfcc-feats.cc:182) Processed features for key SP0166W05
VLOG[2] (compute-mfcc-feats[5.5.1068~2-59299]:main():compute-mfcc-feats.cc:182) Processed features for key SP0166W06
VLOG[2] (compute-mfcc-feats[5.5.1068~2-59299]:main():compute-mfcc-feats.cc:182) Processed features for key SP0166W07
VLOG[2] (compute-mfcc-feats[5.5.1068~2-59299]:main():compute-mfcc-feats.cc:182) Processed features for key SP0166W08
LOG (compute-mfcc-feats[5.5.1068~2-59299]:main():compute-mfcc-feats.cc:181) Processed 120 utterances
VLOG[2] (compute-mfcc-feats[5.5.1068~2-59299]:main():compute-mfcc-feats.cc:182) Processed features for key SP0166W09
VLOG[2] (compute-mfcc-feats[5.5.1068~2-59299]:main():compute-mfcc-feats.cc:182) Processed features for key SP0167W00
VLOG[2] (compute-mfcc-feats[5.5.1068~2-59299]:main():compute-mfcc-feats.cc:182) Processed features for key SP0167W01
VLOG[2] (compute-mfcc-feats[5.5.1068~2-59299]:main():compute-mfcc-feats.cc:182) Processed features for key SP0167W02
VLOG[2] (compute-mfcc-feats[5.5.1068~2-59299]:main():compute-mfcc-feats.cc:182) Processed features for key SP0167W03
VLOG[2] (compute-mfcc-feats[5.5.1068~2-59299]:main():compute-mfcc-feats.cc:182) Processed features for key SP0167W04
VLOG[2] (compute-mfcc-feats[5.5.1068~2-59299]:main():compute-mfcc-feats.cc:182) Processed features for key SP0167W05
VLOG[2] (compute-mfcc-feats[5.5.1068~2-59299]:main():compute-mfcc-feats.cc:182) Processed features for key SP0167W06
VLOG[2] (compute-mfcc-feats[5.5.1068~2-59299]:main():compute-mfcc-feats.cc:182) Processed features for key SP0167W07
VLOG[2] (compute-mfcc-feats[5.5.1068~2-59299]:main():compute-mfcc-feats.cc:182) Processed features for key SP0167W08
LOG (compute-mfcc-feats[5.5.1068~2-59299]:main():compute-mfcc-feats.cc:181) Processed 130 utterances
VLOG[2] (compute-mfcc-feats[5.5.1068~2-59299]:main():compute-mfcc-feats.cc:182) Processed features for key SP0167W09
VLOG[2] (compute-mfcc-feats[5.5.1068~2-59299]:main():compute-mfcc-feats.cc:182) Processed features for key SP0168W00
VLOG[2] (compute-mfcc-feats[5.5.1068~2-59299]:main():compute-mfcc-feats.cc:182) Processed features for key SP0168W01
VLOG[2] (compute-mfcc-feats[5.5.1068~2-59299]:main():compute-mfcc-feats.cc:182) Processed features for key SP0168W02
VLOG[2] (compute-mfcc-feats[5.5.1068~2-59299]:main():compute-mfcc-feats.cc:182) Processed features for key SP0168W03
VLOG[2] (compute-mfcc-feats[5.5.1068~2-59299]:main():compute-mfcc-feats.cc:182) Processed features for key SP0168W04
VLOG[2] (compute-mfcc-feats[5.5.1068~2-59299]:main():compute-mfcc-feats.cc:182) Processed features for key SP0168W05
VLOG[2] (compute-mfcc-feats[5.5.1068~2-59299]:main():compute-mfcc-feats.cc:182) Processed features for key SP0168W06
VLOG[2] (compute-mfcc-feats[5.5.1068~2-59299]:main():compute-mfcc-feats.cc:182) Processed features for key SP0168W07
VLOG[2] (compute-mfcc-feats[5.5.1068~2-59299]:main():compute-mfcc-feats.cc:182) Processed features for key SP0168W08
LOG (compute-mfcc-feats[5.5.1068~2-59299]:main():compute-mfcc-feats.cc:181) Processed 140 utterances
VLOG[2] (compute-mfcc-feats[5.5.1068~2-59299]:main():compute-mfcc-feats.cc:182) Processed features for key SP0168W09
VLOG[2] (compute-mfcc-feats[5.5.1068~2-59299]:main():compute-mfcc-feats.cc:182) Processed features for key SP0169W00
VLOG[2] (compute-mfcc-feats[5.5.1068~2-59299]:main():compute-mfcc-feats.cc:182) Processed features for key SP0169W01
VLOG[2] (compute-mfcc-feats[5.5.1068~2-59299]:main():compute-mfcc-feats.cc:182) Processed features for key SP0169W02
VLOG[2] (compute-mfcc-feats[5.5.1068~2-59299]:main():compute-mfcc-feats.cc:182) Processed features for key SP0169W03
VLOG[2] (compute-mfcc-feats[5.5.1068~2-59299]:main():compute-mfcc-feats.cc:182) Processed features for key SP0169W04
VLOG[2] (compute-mfcc-feats[5.5.1068~2-59299]:main():compute-mfcc-feats.cc:182) Processed features for key SP0169W05
VLOG[2] (compute-mfcc-feats[5.5.1068~2-59299]:main():compute-mfcc-feats.cc:182) Processed features for key SP0169W06
VLOG[2] (compute-mfcc-feats[5.5.1068~2-59299]:main():compute-mfcc-feats.cc:182) Processed features for key SP0169W07
VLOG[2] (compute-mfcc-feats[5.5.1068~2-59299]:main():compute-mfcc-feats.cc:182) Processed features for key SP0169W08
LOG (compute-mfcc-feats[5.5.1068~2-59299]:main():compute-mfcc-feats.cc:181) Processed 150 utterances
VLOG[2] (compute-mfcc-feats[5.5.1068~2-59299]:main():compute-mfcc-feats.cc:182) Processed features for key SP0169W09
VLOG[2] (compute-mfcc-feats[5.5.1068~2-59299]:main():compute-mfcc-feats.cc:182) Processed features for key SP0170W00
VLOG[2] (compute-mfcc-feats[5.5.1068~2-59299]:main():compute-mfcc-feats.cc:182) Processed features for key SP0170W01
VLOG[2] (compute-mfcc-feats[5.5.1068~2-59299]:main():compute-mfcc-feats.cc:182) Processed features for key SP0170W02
VLOG[2] (compute-mfcc-feats[5.5.1068~2-59299]:main():compute-mfcc-feats.cc:182) Processed features for key SP0170W03
VLOG[2] (compute-mfcc-feats[5.5.1068~2-59299]:main():compute-mfcc-feats.cc:182) Processed features for key SP0170W04
VLOG[2] (compute-mfcc-feats[5.5.1068~2-59299]:main():compute-mfcc-feats.cc:182) Processed features for key SP0170W05
VLOG[2] (compute-mfcc-feats[5.5.1068~2-59299]:main():compute-mfcc-feats.cc:182) Processed features for key SP0170W06
VLOG[2] (compute-mfcc-feats[5.5.1068~2-59299]:main():compute-mfcc-feats.cc:182) Processed features for key SP0170W07
VLOG[2] (compute-mfcc-feats[5.5.1068~2-59299]:main():compute-mfcc-feats.cc:182) Processed features for key SP0170W08
LOG (compute-mfcc-feats[5.5.1068~2-59299]:main():compute-mfcc-feats.cc:181) Processed 160 utterances
VLOG[2] (compute-mfcc-feats[5.5.1068~2-59299]:main():compute-mfcc-feats.cc:182) Processed features for key SP0170W09
VLOG[2] (compute-mfcc-feats[5.5.1068~2-59299]:main():compute-mfcc-feats.cc:182) Processed features for key SP0171W00
VLOG[2] (compute-mfcc-feats[5.5.1068~2-59299]:main():compute-mfcc-feats.cc:182) Processed features for key SP0171W01
VLOG[2] (compute-mfcc-feats[5.5.1068~2-59299]:main():compute-mfcc-feats.cc:182) Processed features for key SP0171W02
VLOG[2] (compute-mfcc-feats[5.5.1068~2-59299]:main():compute-mfcc-feats.cc:182) Processed features for key SP0171W03
VLOG[2] (compute-mfcc-feats[5.5.1068~2-59299]:main():compute-mfcc-feats.cc:182) Processed features for key SP0171W04
VLOG[2] (compute-mfcc-feats[5.5.1068~2-59299]:main():compute-mfcc-feats.cc:182) Processed features for key SP0171W05
VLOG[2] (compute-mfcc-feats[5.5.1068~2-59299]:main():compute-mfcc-feats.cc:182) Processed features for key SP0171W06
VLOG[2] (compute-mfcc-feats[5.5.1068~2-59299]:main():compute-mfcc-feats.cc:182) Processed features for key SP0171W07
VLOG[2] (compute-mfcc-feats[5.5.1068~2-59299]:main():compute-mfcc-feats.cc:182) Processed features for key SP0171W08
LOG (compute-mfcc-feats[5.5.1068~2-59299]:main():compute-mfcc-feats.cc:181) Processed 170 utterances
VLOG[2] (compute-mfcc-feats[5.5.1068~2-59299]:main():compute-mfcc-feats.cc:182) Processed features for key SP0171W09
VLOG[2] (compute-mfcc-feats[5.5.1068~2-59299]:main():compute-mfcc-feats.cc:182) Processed features for key SP0172W00
VLOG[2] (compute-mfcc-feats[5.5.1068~2-59299]:main():compute-mfcc-feats.cc:182) Processed features for key SP0172W01
VLOG[2] (compute-mfcc-feats[5.5.1068~2-59299]:main():compute-mfcc-feats.cc:182) Processed features for key SP0172W02
VLOG[2] (compute-mfcc-feats[5.5.1068~2-59299]:main():compute-mfcc-feats.cc:182) Processed features for key SP0172W03
VLOG[2] (compute-mfcc-feats[5.5.1068~2-59299]:main():compute-mfcc-feats.cc:182) Processed features for key SP0172W04
VLOG[2] (compute-mfcc-feats[5.5.1068~2-59299]:main():compute-mfcc-feats.cc:182) Processed features for key SP0172W05
VLOG[2] (compute-mfcc-feats[5.5.1068~2-59299]:main():compute-mfcc-feats.cc:182) Processed features for key SP0172W06
VLOG[2] (compute-mfcc-feats[5.5.1068~2-59299]:main():compute-mfcc-feats.cc:182) Processed features for key SP0172W07
VLOG[2] (compute-mfcc-feats[5.5.1068~2-59299]:main():compute-mfcc-feats.cc:182) Processed features for key SP0172W08
LOG (compute-mfcc-feats[5.5.1068~2-59299]:main():compute-mfcc-feats.cc:181) Processed 180 utterances
VLOG[2] (compute-mfcc-feats[5.5.1068~2-59299]:main():compute-mfcc-feats.cc:182) Processed features for key SP0172W09
VLOG[2] (compute-mfcc-feats[5.5.1068~2-59299]:main():compute-mfcc-feats.cc:182) Processed features for key SP0173W00
VLOG[2] (compute-mfcc-feats[5.5.1068~2-59299]:main():compute-mfcc-feats.cc:182) Processed features for key SP0173W01
VLOG[2] (compute-mfcc-feats[5.5.1068~2-59299]:main():compute-mfcc-feats.cc:182) Processed features for key SP0173W02
VLOG[2] (compute-mfcc-feats[5.5.1068~2-59299]:main():compute-mfcc-feats.cc:182) Processed features for key SP0173W03
VLOG[2] (compute-mfcc-feats[5.5.1068~2-59299]:main():compute-mfcc-feats.cc:182) Processed features for key SP0173W04
VLOG[2] (compute-mfcc-feats[5.5.1068~2-59299]:main():compute-mfcc-feats.cc:182) Processed features for key SP0173W05
VLOG[2] (compute-mfcc-feats[5.5.1068~2-59299]:main():compute-mfcc-feats.cc:182) Processed features for key SP0173W06
VLOG[2] (compute-mfcc-feats[5.5.1068~2-59299]:main():compute-mfcc-feats.cc:182) Processed features for key SP0173W07
VLOG[2] (compute-mfcc-feats[5.5.1068~2-59299]:main():compute-mfcc-feats.cc:182) Processed features for key SP0173W08
LOG (compute-mfcc-feats[5.5.1068~2-59299]:main():compute-mfcc-feats.cc:181) Processed 190 utterances
VLOG[2] (compute-mfcc-feats[5.5.1068~2-59299]:main():compute-mfcc-feats.cc:182) Processed features for key SP0173W09
VLOG[2] (compute-mfcc-feats[5.5.1068~2-59299]:main():compute-mfcc-feats.cc:182) Processed features for key SP0174W00
VLOG[2] (compute-mfcc-feats[5.5.1068~2-59299]:main():compute-mfcc-feats.cc:182) Processed features for key SP0174W01
VLOG[2] (compute-mfcc-feats[5.5.1068~2-59299]:main():compute-mfcc-feats.cc:182) Processed features for key SP0174W02
VLOG[2] (compute-mfcc-feats[5.5.1068~2-59299]:main():compute-mfcc-feats.cc:182) Processed features for key SP0174W03
VLOG[2] (compute-mfcc-feats[5.5.1068~2-59299]:main():compute-mfcc-feats.cc:182) Processed features for key SP0174W04
VLOG[2] (compute-mfcc-feats[5.5.1068~2-59299]:main():compute-mfcc-feats.cc:182) Processed features for key SP0174W05
VLOG[2] (compute-mfcc-feats[5.5.1068~2-59299]:main():compute-mfcc-feats.cc:182) Processed features for key SP0174W06
VLOG[2] (compute-mfcc-feats[5.5.1068~2-59299]:main():compute-mfcc-feats.cc:182) Processed features for key SP0174W07
VLOG[2] (compute-mfcc-feats[5.5.1068~2-59299]:main():compute-mfcc-feats.cc:182) Processed features for key SP0174W08
LOG (compute-mfcc-feats[5.5.1068~2-59299]:main():compute-mfcc-feats.cc:181) Processed 200 utterances
VLOG[2] (compute-mfcc-feats[5.5.1068~2-59299]:main():compute-mfcc-feats.cc:182) Processed features for key SP0174W09
VLOG[2] (compute-mfcc-feats[5.5.1068~2-59299]:main():compute-mfcc-feats.cc:182) Processed features for key SP0175W00
VLOG[2] (compute-mfcc-feats[5.5.1068~2-59299]:main():compute-mfcc-feats.cc:182) Processed features for key SP0175W01
VLOG[2] (compute-mfcc-feats[5.5.1068~2-59299]:main():compute-mfcc-feats.cc:182) Processed features for key SP0175W02
VLOG[2] (compute-mfcc-feats[5.5.1068~2-59299]:main():compute-mfcc-feats.cc:182) Processed features for key SP0175W03
VLOG[2] (compute-mfcc-feats[5.5.1068~2-59299]:main():compute-mfcc-feats.cc:182) Processed features for key SP0175W04
VLOG[2] (compute-mfcc-feats[5.5.1068~2-59299]:main():compute-mfcc-feats.cc:182) Processed features for key SP0175W05
VLOG[2] (compute-mfcc-feats[5.5.1068~2-59299]:main():compute-mfcc-feats.cc:182) Processed features for key SP0175W06
VLOG[2] (compute-mfcc-feats[5.5.1068~2-59299]:main():compute-mfcc-feats.cc:182) Processed features for key SP0175W07
VLOG[2] (compute-mfcc-feats[5.5.1068~2-59299]:main():compute-mfcc-feats.cc:182) Processed features for key SP0175W08
LOG (compute-mfcc-feats[5.5.1068~2-59299]:main():compute-mfcc-feats.cc:181) Processed 210 utterances
VLOG[2] (compute-mfcc-feats[5.5.1068~2-59299]:main():compute-mfcc-feats.cc:182) Processed features for key SP0175W09
VLOG[2] (compute-mfcc-feats[5.5.1068~2-59299]:main():compute-mfcc-feats.cc:182) Processed features for key SP0176W00
VLOG[2] (compute-mfcc-feats[5.5.1068~2-59299]:main():compute-mfcc-feats.cc:182) Processed features for key SP0176W01
VLOG[2] (compute-mfcc-feats[5.5.1068~2-59299]:main():compute-mfcc-feats.cc:182) Processed features for key SP0176W02
VLOG[2] (compute-mfcc-feats[5.5.1068~2-59299]:main():compute-mfcc-feats.cc:182) Processed features for key SP0176W03
VLOG[2] (compute-mfcc-feats[5.5.1068~2-59299]:main():compute-mfcc-feats.cc:182) Processed features for key SP0176W04
VLOG[2] (compute-mfcc-feats[5.5.1068~2-59299]:main():compute-mfcc-feats.cc:182) Processed features for key SP0176W05
VLOG[2] (compute-mfcc-feats[5.5.1068~2-59299]:main():compute-mfcc-feats.cc:182) Processed features for key SP0176W06
VLOG[2] (compute-mfcc-feats[5.5.1068~2-59299]:main():compute-mfcc-feats.cc:182) Processed features for key SP0176W07
VLOG[2] (compute-mfcc-feats[5.5.1068~2-59299]:main():compute-mfcc-feats.cc:182) Processed features for key SP0176W08
LOG (compute-mfcc-feats[5.5.1068~2-59299]:main():compute-mfcc-feats.cc:181) Processed 220 utterances
VLOG[2] (compute-mfcc-feats[5.5.1068~2-59299]:main():compute-mfcc-feats.cc:182) Processed features for key SP0176W09
VLOG[2] (compute-mfcc-feats[5.5.1068~2-59299]:main():compute-mfcc-feats.cc:182) Processed features for key SP0177W00
VLOG[2] (compute-mfcc-feats[5.5.1068~2-59299]:main():compute-mfcc-feats.cc:182) Processed features for key SP0177W01
VLOG[2] (compute-mfcc-feats[5.5.1068~2-59299]:main():compute-mfcc-feats.cc:182) Processed features for key SP0177W02
VLOG[2] (compute-mfcc-feats[5.5.1068~2-59299]:main():compute-mfcc-feats.cc:182) Processed features for key SP0177W03
VLOG[2] (compute-mfcc-feats[5.5.1068~2-59299]:main():compute-mfcc-feats.cc:182) Processed features for key SP0177W04
VLOG[2] (compute-mfcc-feats[5.5.1068~2-59299]:main():compute-mfcc-feats.cc:182) Processed features for key SP0177W05
VLOG[2] (compute-mfcc-feats[5.5.1068~2-59299]:main():compute-mfcc-feats.cc:182) Processed features for key SP0177W06
VLOG[2] (compute-mfcc-feats[5.5.1068~2-59299]:main():compute-mfcc-feats.cc:182) Processed features for key SP0177W07
VLOG[2] (compute-mfcc-feats[5.5.1068~2-59299]:main():compute-mfcc-feats.cc:182) Processed features for key SP0177W08
LOG (compute-mfcc-feats[5.5.1068~2-59299]:main():compute-mfcc-feats.cc:181) Processed 230 utterances
VLOG[2] (compute-mfcc-feats[5.5.1068~2-59299]:main():compute-mfcc-feats.cc:182) Processed features for key SP0177W09
VLOG[2] (compute-mfcc-feats[5.5.1068~2-59299]:main():compute-mfcc-feats.cc:182) Processed features for key SP0178W00
VLOG[2] (compute-mfcc-feats[5.5.1068~2-59299]:main():compute-mfcc-feats.cc:182) Processed features for key SP0178W01
VLOG[2] (compute-mfcc-feats[5.5.1068~2-59299]:main():compute-mfcc-feats.cc:182) Processed features for key SP0178W02
VLOG[2] (compute-mfcc-feats[5.5.1068~2-59299]:main():compute-mfcc-feats.cc:182) Processed features for key SP0178W03
VLOG[2] (compute-mfcc-feats[5.5.1068~2-59299]:main():compute-mfcc-feats.cc:182) Processed features for key SP0178W04
VLOG[2] (compute-mfcc-feats[5.5.1068~2-59299]:main():compute-mfcc-feats.cc:182) Processed features for key SP0178W05
VLOG[2] (compute-mfcc-feats[5.5.1068~2-59299]:main():compute-mfcc-feats.cc:182) Processed features for key SP0178W06
VLOG[2] (compute-mfcc-feats[5.5.1068~2-59299]:main():compute-mfcc-feats.cc:182) Processed features for key SP0178W07
VLOG[2] (compute-mfcc-feats[5.5.1068~2-59299]:main():compute-mfcc-feats.cc:182) Processed features for key SP0178W08
LOG (compute-mfcc-feats[5.5.1068~2-59299]:main():compute-mfcc-feats.cc:181) Processed 240 utterances
VLOG[2] (compute-mfcc-feats[5.5.1068~2-59299]:main():compute-mfcc-feats.cc:182) Processed features for key SP0178W09
VLOG[2] (compute-mfcc-feats[5.5.1068~2-59299]:main():compute-mfcc-feats.cc:182) Processed features for key SP0179W00
VLOG[2] (compute-mfcc-feats[5.5.1068~2-59299]:main():compute-mfcc-feats.cc:182) Processed features for key SP0179W01
VLOG[2] (compute-mfcc-feats[5.5.1068~2-59299]:main():compute-mfcc-feats.cc:182) Processed features for key SP0179W02
VLOG[2] (compute-mfcc-feats[5.5.1068~2-59299]:main():compute-mfcc-feats.cc:182) Processed features for key SP0179W03
VLOG[2] (compute-mfcc-feats[5.5.1068~2-59299]:main():compute-mfcc-feats.cc:182) Processed features for key SP0179W04
VLOG[2] (compute-mfcc-feats[5.5.1068~2-59299]:main():compute-mfcc-feats.cc:182) Processed features for key SP0179W05
VLOG[2] (compute-mfcc-feats[5.5.1068~2-59299]:main():compute-mfcc-feats.cc:182) Processed features for key SP0179W06
VLOG[2] (compute-mfcc-feats[5.5.1068~2-59299]:main():compute-mfcc-feats.cc:182) Processed features for key SP0179W07
VLOG[2] (compute-mfcc-feats[5.5.1068~2-59299]:main():compute-mfcc-feats.cc:182) Processed features for key SP0179W08
LOG (compute-mfcc-feats[5.5.1068~2-59299]:main():compute-mfcc-feats.cc:181) Processed 250 utterances
VLOG[2] (compute-mfcc-feats[5.5.1068~2-59299]:main():compute-mfcc-feats.cc:182) Processed features for key SP0179W09
VLOG[2] (compute-mfcc-feats[5.5.1068~2-59299]:main():compute-mfcc-feats.cc:182) Processed features for key SP0180W00
VLOG[2] (compute-mfcc-feats[5.5.1068~2-59299]:main():compute-mfcc-feats.cc:182) Processed features for key SP0180W01
VLOG[2] (compute-mfcc-feats[5.5.1068~2-59299]:main():compute-mfcc-feats.cc:182) Processed features for key SP0180W02
VLOG[2] (compute-mfcc-feats[5.5.1068~2-59299]:main():compute-mfcc-feats.cc:182) Processed features for key SP0180W03
VLOG[2] (compute-mfcc-feats[5.5.1068~2-59299]:main():compute-mfcc-feats.cc:182) Processed features for key SP0180W04
VLOG[2] (compute-mfcc-feats[5.5.1068~2-59299]:main():compute-mfcc-feats.cc:182) Processed features for key SP0180W05
VLOG[2] (compute-mfcc-feats[5.5.1068~2-59299]:main():compute-mfcc-feats.cc:182) Processed features for key SP0180W06
VLOG[2] (compute-mfcc-feats[5.5.1068~2-59299]:main():compute-mfcc-feats.cc:182) Processed features for key SP0180W07
VLOG[2] (compute-mfcc-feats[5.5.1068~2-59299]:main():compute-mfcc-feats.cc:182) Processed features for key SP0180W08
LOG (compute-mfcc-feats[5.5.1068~2-59299]:main():compute-mfcc-feats.cc:181) Processed 260 utterances
VLOG[2] (compute-mfcc-feats[5.5.1068~2-59299]:main():compute-mfcc-feats.cc:182) Processed features for key SP0180W09
VLOG[2] (compute-mfcc-feats[5.5.1068~2-59299]:main():compute-mfcc-feats.cc:182) Processed features for key SP0181W00
VLOG[2] (compute-mfcc-feats[5.5.1068~2-59299]:main():compute-mfcc-feats.cc:182) Processed features for key SP0181W01
VLOG[2] (compute-mfcc-feats[5.5.1068~2-59299]:main():compute-mfcc-feats.cc:182) Processed features for key SP0181W02
VLOG[2] (compute-mfcc-feats[5.5.1068~2-59299]:main():compute-mfcc-feats.cc:182) Processed features for key SP0181W03
VLOG[2] (compute-mfcc-feats[5.5.1068~2-59299]:main():compute-mfcc-feats.cc:182) Processed features for key SP0181W04
VLOG[2] (compute-mfcc-feats[5.5.1068~2-59299]:main():compute-mfcc-feats.cc:182) Processed features for key SP0181W05
VLOG[2] (compute-mfcc-feats[5.5.1068~2-59299]:main():compute-mfcc-feats.cc:182) Processed features for key SP0181W06
VLOG[2] (compute-mfcc-feats[5.5.1068~2-59299]:main():compute-mfcc-feats.cc:182) Processed features for key SP0181W07
VLOG[2] (compute-mfcc-feats[5.5.1068~2-59299]:main():compute-mfcc-feats.cc:182) Processed features for key SP0181W08
LOG (compute-mfcc-feats[5.5.1068~2-59299]:main():compute-mfcc-feats.cc:181) Processed 270 utterances
VLOG[2] (compute-mfcc-feats[5.5.1068~2-59299]:main():compute-mfcc-feats.cc:182) Processed features for key SP0181W09
VLOG[2] (compute-mfcc-feats[5.5.1068~2-59299]:main():compute-mfcc-feats.cc:182) Processed features for key SP0182W00
VLOG[2] (compute-mfcc-feats[5.5.1068~2-59299]:main():compute-mfcc-feats.cc:182) Processed features for key SP0182W01
VLOG[2] (compute-mfcc-feats[5.5.1068~2-59299]:main():compute-mfcc-feats.cc:182) Processed features for key SP0182W02
VLOG[2] (compute-mfcc-feats[5.5.1068~2-59299]:main():compute-mfcc-feats.cc:182) Processed features for key SP0182W03
VLOG[2] (compute-mfcc-feats[5.5.1068~2-59299]:main():compute-mfcc-feats.cc:182) Processed features for key SP0182W04
VLOG[2] (compute-mfcc-feats[5.5.1068~2-59299]:main():compute-mfcc-feats.cc:182) Processed features for key SP0182W05
VLOG[2] (compute-mfcc-feats[5.5.1068~2-59299]:main():compute-mfcc-feats.cc:182) Processed features for key SP0182W06
VLOG[2] (compute-mfcc-feats[5.5.1068~2-59299]:main():compute-mfcc-feats.cc:182) Processed features for key SP0182W07
VLOG[2] (compute-mfcc-feats[5.5.1068~2-59299]:main():compute-mfcc-feats.cc:182) Processed features for key SP0182W08
LOG (compute-mfcc-feats[5.5.1068~2-59299]:main():compute-mfcc-feats.cc:181) Processed 280 utterances
VLOG[2] (compute-mfcc-feats[5.5.1068~2-59299]:main():compute-mfcc-feats.cc:182) Processed features for key SP0182W09
VLOG[2] (compute-mfcc-feats[5.5.1068~2-59299]:main():compute-mfcc-feats.cc:182) Processed features for key SP0183W00
VLOG[2] (compute-mfcc-feats[5.5.1068~2-59299]:main():compute-mfcc-feats.cc:182) Processed features for key SP0183W01
VLOG[2] (compute-mfcc-feats[5.5.1068~2-59299]:main():compute-mfcc-feats.cc:182) Processed features for key SP0183W02
VLOG[2] (compute-mfcc-feats[5.5.1068~2-59299]:main():compute-mfcc-feats.cc:182) Processed features for key SP0183W03
VLOG[2] (compute-mfcc-feats[5.5.1068~2-59299]:main():compute-mfcc-feats.cc:182) Processed features for key SP0183W04
VLOG[2] (compute-mfcc-feats[5.5.1068~2-59299]:main():compute-mfcc-feats.cc:182) Processed features for key SP0183W05
VLOG[2] (compute-mfcc-feats[5.5.1068~2-59299]:main():compute-mfcc-feats.cc:182) Processed features for key SP0183W06
VLOG[2] (compute-mfcc-feats[5.5.1068~2-59299]:main():compute-mfcc-feats.cc:182) Processed features for key SP0183W07
VLOG[2] (compute-mfcc-feats[5.5.1068~2-59299]:main():compute-mfcc-feats.cc:182) Processed features for key SP0183W08
LOG (compute-mfcc-feats[5.5.1068~2-59299]:main():compute-mfcc-feats.cc:181) Processed 290 utterances
VLOG[2] (compute-mfcc-feats[5.5.1068~2-59299]:main():compute-mfcc-feats.cc:182) Processed features for key SP0183W09
VLOG[2] (compute-mfcc-feats[5.5.1068~2-59299]:main():compute-mfcc-feats.cc:182) Processed features for key SP0184W00
VLOG[2] (compute-mfcc-feats[5.5.1068~2-59299]:main():compute-mfcc-feats.cc:182) Processed features for key SP0184W01
VLOG[2] (compute-mfcc-feats[5.5.1068~2-59299]:main():compute-mfcc-feats.cc:182) Processed features for key SP0184W02
VLOG[2] (compute-mfcc-feats[5.5.1068~2-59299]:main():compute-mfcc-feats.cc:182) Processed features for key SP0184W03
VLOG[2] (compute-mfcc-feats[5.5.1068~2-59299]:main():compute-mfcc-feats.cc:182) Processed features for key SP0184W04
VLOG[2] (compute-mfcc-feats[5.5.1068~2-59299]:main():compute-mfcc-feats.cc:182) Processed features for key SP0184W05
VLOG[2] (compute-mfcc-feats[5.5.1068~2-59299]:main():compute-mfcc-feats.cc:182) Processed features for key SP0184W06
VLOG[2] (compute-mfcc-feats[5.5.1068~2-59299]:main():compute-mfcc-feats.cc:182) Processed features for key SP0184W07
VLOG[2] (compute-mfcc-feats[5.5.1068~2-59299]:main():compute-mfcc-feats.cc:182) Processed features for key SP0184W08
LOG (compute-mfcc-feats[5.5.1068~2-59299]:main():compute-mfcc-feats.cc:181) Processed 300 utterances
VLOG[2] (compute-mfcc-feats[5.5.1068~2-59299]:main():compute-mfcc-feats.cc:182) Processed features for key SP0184W09
VLOG[2] (compute-mfcc-feats[5.5.1068~2-59299]:main():compute-mfcc-feats.cc:182) Processed features for key SP0185W00
VLOG[2] (compute-mfcc-feats[5.5.1068~2-59299]:main():compute-mfcc-feats.cc:182) Processed features for key SP0185W01
VLOG[2] (compute-mfcc-feats[5.5.1068~2-59299]:main():compute-mfcc-feats.cc:182) Processed features for key SP0185W02
VLOG[2] (compute-mfcc-feats[5.5.1068~2-59299]:main():compute-mfcc-feats.cc:182) Processed features for key SP0185W03
VLOG[2] (compute-mfcc-feats[5.5.1068~2-59299]:main():compute-mfcc-feats.cc:182) Processed features for key SP0185W04
VLOG[2] (compute-mfcc-feats[5.5.1068~2-59299]:main():compute-mfcc-feats.cc:182) Processed features for key SP0185W05
VLOG[2] (compute-mfcc-feats[5.5.1068~2-59299]:main():compute-mfcc-feats.cc:182) Processed features for key SP0185W06
VLOG[2] (compute-mfcc-feats[5.5.1068~2-59299]:main():compute-mfcc-feats.cc:182) Processed features for key SP0185W07
VLOG[2] (compute-mfcc-feats[5.5.1068~2-59299]:main():compute-mfcc-feats.cc:182) Processed features for key SP0185W08
LOG (compute-mfcc-feats[5.5.1068~2-59299]:main():compute-mfcc-feats.cc:181) Processed 310 utterances
VLOG[2] (compute-mfcc-feats[5.5.1068~2-59299]:main():compute-mfcc-feats.cc:182) Processed features for key SP0185W09
VLOG[2] (compute-mfcc-feats[5.5.1068~2-59299]:main():compute-mfcc-feats.cc:182) Processed features for key SP0186W00
VLOG[2] (compute-mfcc-feats[5.5.1068~2-59299]:main():compute-mfcc-feats.cc:182) Processed features for key SP0186W01
VLOG[2] (compute-mfcc-feats[5.5.1068~2-59299]:main():compute-mfcc-feats.cc:182) Processed features for key SP0186W02
VLOG[2] (compute-mfcc-feats[5.5.1068~2-59299]:main():compute-mfcc-feats.cc:182) Processed features for key SP0186W03
VLOG[2] (compute-mfcc-feats[5.5.1068~2-59299]:main():compute-mfcc-feats.cc:182) Processed features for key SP0186W04
VLOG[2] (compute-mfcc-feats[5.5.1068~2-59299]:main():compute-mfcc-feats.cc:182) Processed features for key SP0186W05
VLOG[2] (compute-mfcc-feats[5.5.1068~2-59299]:main():compute-mfcc-feats.cc:182) Processed features for key SP0186W06
VLOG[2] (compute-mfcc-feats[5.5.1068~2-59299]:main():compute-mfcc-feats.cc:182) Processed features for key SP0186W07
VLOG[2] (compute-mfcc-feats[5.5.1068~2-59299]:main():compute-mfcc-feats.cc:182) Processed features for key SP0186W08
LOG (compute-mfcc-feats[5.5.1068~2-59299]:main():compute-mfcc-feats.cc:181) Processed 320 utterances
VLOG[2] (compute-mfcc-feats[5.5.1068~2-59299]:main():compute-mfcc-feats.cc:182) Processed features for key SP0186W09
VLOG[2] (compute-mfcc-feats[5.5.1068~2-59299]:main():compute-mfcc-feats.cc:182) Processed features for key SP0187W00
VLOG[2] (compute-mfcc-feats[5.5.1068~2-59299]:main():compute-mfcc-feats.cc:182) Processed features for key SP0187W01
VLOG[2] (compute-mfcc-feats[5.5.1068~2-59299]:main():compute-mfcc-feats.cc:182) Processed features for key SP0187W02
VLOG[2] (compute-mfcc-feats[5.5.1068~2-59299]:main():compute-mfcc-feats.cc:182) Processed features for key SP0187W03
VLOG[2] (compute-mfcc-feats[5.5.1068~2-59299]:main():compute-mfcc-feats.cc:182) Processed features for key SP0187W04
VLOG[2] (compute-mfcc-feats[5.5.1068~2-59299]:main():compute-mfcc-feats.cc:182) Processed features for key SP0187W05
VLOG[2] (compute-mfcc-feats[5.5.1068~2-59299]:main():compute-mfcc-feats.cc:182) Processed features for key SP0187W06
VLOG[2] (compute-mfcc-feats[5.5.1068~2-59299]:main():compute-mfcc-feats.cc:182) Processed features for key SP0187W07
VLOG[2] (compute-mfcc-feats[5.5.1068~2-59299]:main():compute-mfcc-feats.cc:182) Processed features for key SP0187W08
LOG (compute-mfcc-feats[5.5.1068~2-59299]:main():compute-mfcc-feats.cc:181) Processed 330 utterances
VLOG[2] (compute-mfcc-feats[5.5.1068~2-59299]:main():compute-mfcc-feats.cc:182) Processed features for key SP0187W09
VLOG[2] (compute-mfcc-feats[5.5.1068~2-59299]:main():compute-mfcc-feats.cc:182) Processed features for key SP0188W00
VLOG[2] (compute-mfcc-feats[5.5.1068~2-59299]:main():compute-mfcc-feats.cc:182) Processed features for key SP0188W01
VLOG[2] (compute-mfcc-feats[5.5.1068~2-59299]:main():compute-mfcc-feats.cc:182) Processed features for key SP0188W02
VLOG[2] (compute-mfcc-feats[5.5.1068~2-59299]:main():compute-mfcc-feats.cc:182) Processed features for key SP0188W03
VLOG[2] (compute-mfcc-feats[5.5.1068~2-59299]:main():compute-mfcc-feats.cc:182) Processed features for key SP0188W04
VLOG[2] (compute-mfcc-feats[5.5.1068~2-59299]:main():compute-mfcc-feats.cc:182) Processed features for key SP0188W05
VLOG[2] (compute-mfcc-feats[5.5.1068~2-59299]:main():compute-mfcc-feats.cc:182) Processed features for key SP0188W06
VLOG[2] (compute-mfcc-feats[5.5.1068~2-59299]:main():compute-mfcc-feats.cc:182) Processed features for key SP0188W07
VLOG[2] (compute-mfcc-feats[5.5.1068~2-59299]:main():compute-mfcc-feats.cc:182) Processed features for key SP0188W08
LOG (compute-mfcc-feats[5.5.1068~2-59299]:main():compute-mfcc-feats.cc:181) Processed 340 utterances
VLOG[2] (compute-mfcc-feats[5.5.1068~2-59299]:main():compute-mfcc-feats.cc:182) Processed features for key SP0188W09
VLOG[2] (compute-mfcc-feats[5.5.1068~2-59299]:main():compute-mfcc-feats.cc:182) Processed features for key SP0189W00
VLOG[2] (compute-mfcc-feats[5.5.1068~2-59299]:main():compute-mfcc-feats.cc:182) Processed features for key SP0189W01
VLOG[2] (compute-mfcc-feats[5.5.1068~2-59299]:main():compute-mfcc-feats.cc:182) Processed features for key SP0189W02
VLOG[2] (compute-mfcc-feats[5.5.1068~2-59299]:main():compute-mfcc-feats.cc:182) Processed features for key SP0189W03
VLOG[2] (compute-mfcc-feats[5.5.1068~2-59299]:main():compute-mfcc-feats.cc:182) Processed features for key SP0189W04
VLOG[2] (compute-mfcc-feats[5.5.1068~2-59299]:main():compute-mfcc-feats.cc:182) Processed features for key SP0189W05
VLOG[2] (compute-mfcc-feats[5.5.1068~2-59299]:main():compute-mfcc-feats.cc:182) Processed features for key SP0189W06
VLOG[2] (compute-mfcc-feats[5.5.1068~2-59299]:main():compute-mfcc-feats.cc:182) Processed features for key SP0189W07
VLOG[2] (compute-mfcc-feats[5.5.1068~2-59299]:main():compute-mfcc-feats.cc:182) Processed features for key SP0189W08
LOG (compute-mfcc-feats[5.5.1068~2-59299]:main():compute-mfcc-feats.cc:181) Processed 350 utterances
VLOG[2] (compute-mfcc-feats[5.5.1068~2-59299]:main():compute-mfcc-feats.cc:182) Processed features for key SP0189W09
VLOG[2] (compute-mfcc-feats[5.5.1068~2-59299]:main():compute-mfcc-feats.cc:182) Processed features for key SP0190W00
VLOG[2] (compute-mfcc-feats[5.5.1068~2-59299]:main():compute-mfcc-feats.cc:182) Processed features for key SP0190W01
VLOG[2] (compute-mfcc-feats[5.5.1068~2-59299]:main():compute-mfcc-feats.cc:182) Processed features for key SP0190W02
VLOG[2] (compute-mfcc-feats[5.5.1068~2-59299]:main():compute-mfcc-feats.cc:182) Processed features for key SP0190W03
VLOG[2] (compute-mfcc-feats[5.5.1068~2-59299]:main():compute-mfcc-feats.cc:182) Processed features for key SP0190W04
VLOG[2] (compute-mfcc-feats[5.5.1068~2-59299]:main():compute-mfcc-feats.cc:182) Processed features for key SP0190W05
VLOG[2] (compute-mfcc-feats[5.5.1068~2-59299]:main():compute-mfcc-feats.cc:182) Processed features for key SP0190W06
VLOG[2] (compute-mfcc-feats[5.5.1068~2-59299]:main():compute-mfcc-feats.cc:182) Processed features for key SP0190W07
VLOG[2] (compute-mfcc-feats[5.5.1068~2-59299]:main():compute-mfcc-feats.cc:182) Processed features for key SP0190W08
LOG (compute-mfcc-feats[5.5.1068~2-59299]:main():compute-mfcc-feats.cc:181) Processed 360 utterances
VLOG[2] (compute-mfcc-feats[5.5.1068~2-59299]:main():compute-mfcc-feats.cc:182) Processed features for key SP0190W09
VLOG[2] (compute-mfcc-feats[5.5.1068~2-59299]:main():compute-mfcc-feats.cc:182) Processed features for key SP0191W00
VLOG[2] (compute-mfcc-feats[5.5.1068~2-59299]:main():compute-mfcc-feats.cc:182) Processed features for key SP0191W01
VLOG[2] (compute-mfcc-feats[5.5.1068~2-59299]:main():compute-mfcc-feats.cc:182) Processed features for key SP0191W02
VLOG[2] (compute-mfcc-feats[5.5.1068~2-59299]:main():compute-mfcc-feats.cc:182) Processed features for key SP0191W03
VLOG[2] (compute-mfcc-feats[5.5.1068~2-59299]:main():compute-mfcc-feats.cc:182) Processed features for key SP0191W04
VLOG[2] (compute-mfcc-feats[5.5.1068~2-59299]:main():compute-mfcc-feats.cc:182) Processed features for key SP0191W05
VLOG[2] (compute-mfcc-feats[5.5.1068~2-59299]:main():compute-mfcc-feats.cc:182) Processed features for key SP0191W06
VLOG[2] (compute-mfcc-feats[5.5.1068~2-59299]:main():compute-mfcc-feats.cc:182) Processed features for key SP0191W07
VLOG[2] (compute-mfcc-feats[5.5.1068~2-59299]:main():compute-mfcc-feats.cc:182) Processed features for key SP0191W08
LOG (compute-mfcc-feats[5.5.1068~2-59299]:main():compute-mfcc-feats.cc:181) Processed 370 utterances
VLOG[2] (compute-mfcc-feats[5.5.1068~2-59299]:main():compute-mfcc-feats.cc:182) Processed features for key SP0191W09
VLOG[2] (compute-mfcc-feats[5.5.1068~2-59299]:main():compute-mfcc-feats.cc:182) Processed features for key SP0192W00
VLOG[2] (compute-mfcc-feats[5.5.1068~2-59299]:main():compute-mfcc-feats.cc:182) Processed features for key SP0192W01
VLOG[2] (compute-mfcc-feats[5.5.1068~2-59299]:main():compute-mfcc-feats.cc:182) Processed features for key SP0192W02
VLOG[2] (compute-mfcc-feats[5.5.1068~2-59299]:main():compute-mfcc-feats.cc:182) Processed features for key SP0192W03
VLOG[2] (compute-mfcc-feats[5.5.1068~2-59299]:main():compute-mfcc-feats.cc:182) Processed features for key SP0192W04
VLOG[2] (compute-mfcc-feats[5.5.1068~2-59299]:main():compute-mfcc-feats.cc:182) Processed features for key SP0192W05
VLOG[2] (compute-mfcc-feats[5.5.1068~2-59299]:main():compute-mfcc-feats.cc:182) Processed features for key SP0192W06
VLOG[2] (compute-mfcc-feats[5.5.1068~2-59299]:main():compute-mfcc-feats.cc:182) Processed features for key SP0192W07
VLOG[2] (compute-mfcc-feats[5.5.1068~2-59299]:main():compute-mfcc-feats.cc:182) Processed features for key SP0192W08
LOG (compute-mfcc-feats[5.5.1068~2-59299]:main():compute-mfcc-feats.cc:181) Processed 380 utterances
VLOG[2] (compute-mfcc-feats[5.5.1068~2-59299]:main():compute-mfcc-feats.cc:182) Processed features for key SP0192W09
VLOG[2] (compute-mfcc-feats[5.5.1068~2-59299]:main():compute-mfcc-feats.cc:182) Processed features for key SP0193W00
VLOG[2] (compute-mfcc-feats[5.5.1068~2-59299]:main():compute-mfcc-feats.cc:182) Processed features for key SP0193W01
VLOG[2] (compute-mfcc-feats[5.5.1068~2-59299]:main():compute-mfcc-feats.cc:182) Processed features for key SP0193W02
VLOG[2] (compute-mfcc-feats[5.5.1068~2-59299]:main():compute-mfcc-feats.cc:182) Processed features for key SP0193W03
VLOG[2] (compute-mfcc-feats[5.5.1068~2-59299]:main():compute-mfcc-feats.cc:182) Processed features for key SP0193W04
VLOG[2] (compute-mfcc-feats[5.5.1068~2-59299]:main():compute-mfcc-feats.cc:182) Processed features for key SP0193W05
VLOG[2] (compute-mfcc-feats[5.5.1068~2-59299]:main():compute-mfcc-feats.cc:182) Processed features for key SP0193W06
VLOG[2] (compute-mfcc-feats[5.5.1068~2-59299]:main():compute-mfcc-feats.cc:182) Processed features for key SP0193W07
VLOG[2] (compute-mfcc-feats[5.5.1068~2-59299]:main():compute-mfcc-feats.cc:182) Processed features for key SP0193W08
LOG (compute-mfcc-feats[5.5.1068~2-59299]:main():compute-mfcc-feats.cc:181) Processed 390 utterances
VLOG[2] (compute-mfcc-feats[5.5.1068~2-59299]:main():compute-mfcc-feats.cc:182) Processed features for key SP0193W09
VLOG[2] (compute-mfcc-feats[5.5.1068~2-59299]:main():compute-mfcc-feats.cc:182) Processed features for key SP0194W00
VLOG[2] (compute-mfcc-feats[5.5.1068~2-59299]:main():compute-mfcc-feats.cc:182) Processed features for key SP0194W01
VLOG[2] (compute-mfcc-feats[5.5.1068~2-59299]:main():compute-mfcc-feats.cc:182) Processed features for key SP0194W02
VLOG[2] (compute-mfcc-feats[5.5.1068~2-59299]:main():compute-mfcc-feats.cc:182) Processed features for key SP0194W03
VLOG[2] (compute-mfcc-feats[5.5.1068~2-59299]:main():compute-mfcc-feats.cc:182) Processed features for key SP0194W04
VLOG[2] (compute-mfcc-feats[5.5.1068~2-59299]:main():compute-mfcc-feats.cc:182) Processed features for key SP0194W05
VLOG[2] (compute-mfcc-feats[5.5.1068~2-59299]:main():compute-mfcc-feats.cc:182) Processed features for key SP0194W06
VLOG[2] (compute-mfcc-feats[5.5.1068~2-59299]:main():compute-mfcc-feats.cc:182) Processed features for key SP0194W07
VLOG[2] (compute-mfcc-feats[5.5.1068~2-59299]:main():compute-mfcc-feats.cc:182) Processed features for key SP0194W08
LOG (compute-mfcc-feats[5.5.1068~2-59299]:main():compute-mfcc-feats.cc:181) Processed 400 utterances
VLOG[2] (compute-mfcc-feats[5.5.1068~2-59299]:main():compute-mfcc-feats.cc:182) Processed features for key SP0194W09
VLOG[2] (compute-mfcc-feats[5.5.1068~2-59299]:main():compute-mfcc-feats.cc:182) Processed features for key SP0195W00
VLOG[2] (compute-mfcc-feats[5.5.1068~2-59299]:main():compute-mfcc-feats.cc:182) Processed features for key SP0195W01
VLOG[2] (compute-mfcc-feats[5.5.1068~2-59299]:main():compute-mfcc-feats.cc:182) Processed features for key SP0195W02
VLOG[2] (compute-mfcc-feats[5.5.1068~2-59299]:main():compute-mfcc-feats.cc:182) Processed features for key SP0195W03
VLOG[2] (compute-mfcc-feats[5.5.1068~2-59299]:main():compute-mfcc-feats.cc:182) Processed features for key SP0195W04
VLOG[2] (compute-mfcc-feats[5.5.1068~2-59299]:main():compute-mfcc-feats.cc:182) Processed features for key SP0195W05
VLOG[2] (compute-mfcc-feats[5.5.1068~2-59299]:main():compute-mfcc-feats.cc:182) Processed features for key SP0195W06
VLOG[2] (compute-mfcc-feats[5.5.1068~2-59299]:main():compute-mfcc-feats.cc:182) Processed features for key SP0195W07
VLOG[2] (compute-mfcc-feats[5.5.1068~2-59299]:main():compute-mfcc-feats.cc:182) Processed features for key SP0195W08
LOG (compute-mfcc-feats[5.5.1068~2-59299]:main():compute-mfcc-feats.cc:181) Processed 410 utterances
VLOG[2] (compute-mfcc-feats[5.5.1068~2-59299]:main():compute-mfcc-feats.cc:182) Processed features for key SP0195W09
VLOG[2] (compute-mfcc-feats[5.5.1068~2-59299]:main():compute-mfcc-feats.cc:182) Processed features for key SP0196W00
VLOG[2] (compute-mfcc-feats[5.5.1068~2-59299]:main():compute-mfcc-feats.cc:182) Processed features for key SP0196W01
VLOG[2] (compute-mfcc-feats[5.5.1068~2-59299]:main():compute-mfcc-feats.cc:182) Processed features for key SP0196W02
VLOG[2] (compute-mfcc-feats[5.5.1068~2-59299]:main():compute-mfcc-feats.cc:182) Processed features for key SP0196W03
VLOG[2] (compute-mfcc-feats[5.5.1068~2-59299]:main():compute-mfcc-feats.cc:182) Processed features for key SP0196W04
VLOG[2] (compute-mfcc-feats[5.5.1068~2-59299]:main():compute-mfcc-feats.cc:182) Processed features for key SP0196W05
VLOG[2] (compute-mfcc-feats[5.5.1068~2-59299]:main():compute-mfcc-feats.cc:182) Processed features for key SP0196W06
VLOG[2] (compute-mfcc-feats[5.5.1068~2-59299]:main():compute-mfcc-feats.cc:182) Processed features for key SP0196W07
VLOG[2] (compute-mfcc-feats[5.5.1068~2-59299]:main():compute-mfcc-feats.cc:182) Processed features for key SP0196W08
LOG (compute-mfcc-feats[5.5.1068~2-59299]:main():compute-mfcc-feats.cc:181) Processed 420 utterances
VLOG[2] (compute-mfcc-feats[5.5.1068~2-59299]:main():compute-mfcc-feats.cc:182) Processed features for key SP0196W09
VLOG[2] (compute-mfcc-feats[5.5.1068~2-59299]:main():compute-mfcc-feats.cc:182) Processed features for key SP0197W00
VLOG[2] (compute-mfcc-feats[5.5.1068~2-59299]:main():compute-mfcc-feats.cc:182) Processed features for key SP0197W01
VLOG[2] (compute-mfcc-feats[5.5.1068~2-59299]:main():compute-mfcc-feats.cc:182) Processed features for key SP0197W02
VLOG[2] (compute-mfcc-feats[5.5.1068~2-59299]:main():compute-mfcc-feats.cc:182) Processed features for key SP0197W03
VLOG[2] (compute-mfcc-feats[5.5.1068~2-59299]:main():compute-mfcc-feats.cc:182) Processed features for key SP0197W04
VLOG[2] (compute-mfcc-feats[5.5.1068~2-59299]:main():compute-mfcc-feats.cc:182) Processed features for key SP0197W05
VLOG[2] (compute-mfcc-feats[5.5.1068~2-59299]:main():compute-mfcc-feats.cc:182) Processed features for key SP0197W06
VLOG[2] (compute-mfcc-feats[5.5.1068~2-59299]:main():compute-mfcc-feats.cc:182) Processed features for key SP0197W07
VLOG[2] (compute-mfcc-feats[5.5.1068~2-59299]:main():compute-mfcc-feats.cc:182) Processed features for key SP0197W08
LOG (compute-mfcc-feats[5.5.1068~2-59299]:main():compute-mfcc-feats.cc:181) Processed 430 utterances
VLOG[2] (compute-mfcc-feats[5.5.1068~2-59299]:main():compute-mfcc-feats.cc:182) Processed features for key SP0197W09
VLOG[2] (compute-mfcc-feats[5.5.1068~2-59299]:main():compute-mfcc-feats.cc:182) Processed features for key SP0198W00
VLOG[2] (compute-mfcc-feats[5.5.1068~2-59299]:main():compute-mfcc-feats.cc:182) Processed features for key SP0198W01
VLOG[2] (compute-mfcc-feats[5.5.1068~2-59299]:main():compute-mfcc-feats.cc:182) Processed features for key SP0198W02
VLOG[2] (compute-mfcc-feats[5.5.1068~2-59299]:main():compute-mfcc-feats.cc:182) Processed features for key SP0198W03
VLOG[2] (compute-mfcc-feats[5.5.1068~2-59299]:main():compute-mfcc-feats.cc:182) Processed features for key SP0198W04
VLOG[2] (compute-mfcc-feats[5.5.1068~2-59299]:main():compute-mfcc-feats.cc:182) Processed features for key SP0198W05
VLOG[2] (compute-mfcc-feats[5.5.1068~2-59299]:main():compute-mfcc-feats.cc:182) Processed features for key SP0198W06
VLOG[2] (compute-mfcc-feats[5.5.1068~2-59299]:main():compute-mfcc-feats.cc:182) Processed features for key SP0198W07
VLOG[2] (compute-mfcc-feats[5.5.1068~2-59299]:main():compute-mfcc-feats.cc:182) Processed features for key SP0198W08
LOG (compute-mfcc-feats[5.5.1068~2-59299]:main():compute-mfcc-feats.cc:181) Processed 440 utterances
VLOG[2] (compute-mfcc-feats[5.5.1068~2-59299]:main():compute-mfcc-feats.cc:182) Processed features for key SP0198W09
VLOG[2] (compute-mfcc-feats[5.5.1068~2-59299]:main():compute-mfcc-feats.cc:182) Processed features for key SP0199W00
VLOG[2] (compute-mfcc-feats[5.5.1068~2-59299]:main():compute-mfcc-feats.cc:182) Processed features for key SP0199W01
VLOG[2] (compute-mfcc-feats[5.5.1068~2-59299]:main():compute-mfcc-feats.cc:182) Processed features for key SP0199W02
VLOG[2] (compute-mfcc-feats[5.5.1068~2-59299]:main():compute-mfcc-feats.cc:182) Processed features for key SP0199W03
VLOG[2] (compute-mfcc-feats[5.5.1068~2-59299]:main():compute-mfcc-feats.cc:182) Processed features for key SP0199W04
VLOG[2] (compute-mfcc-feats[5.5.1068~2-59299]:main():compute-mfcc-feats.cc:182) Processed features for key SP0199W05
VLOG[2] (compute-mfcc-feats[5.5.1068~2-59299]:main():compute-mfcc-feats.cc:182) Processed features for key SP0199W06
VLOG[2] (compute-mfcc-feats[5.5.1068~2-59299]:main():compute-mfcc-feats.cc:182) Processed features for key SP0199W07
VLOG[2] (compute-mfcc-feats[5.5.1068~2-59299]:main():compute-mfcc-feats.cc:182) Processed features for key SP0199W08
LOG (compute-mfcc-feats[5.5.1068~2-59299]:main():compute-mfcc-feats.cc:181) Processed 450 utterances
VLOG[2] (compute-mfcc-feats[5.5.1068~2-59299]:main():compute-mfcc-feats.cc:182) Processed features for key SP0199W09
VLOG[2] (compute-mfcc-feats[5.5.1068~2-59299]:main():compute-mfcc-feats.cc:182) Processed features for key SP0200W00
VLOG[2] (compute-mfcc-feats[5.5.1068~2-59299]:main():compute-mfcc-feats.cc:182) Processed features for key SP0200W01
VLOG[2] (compute-mfcc-feats[5.5.1068~2-59299]:main():compute-mfcc-feats.cc:182) Processed features for key SP0200W02
VLOG[2] (compute-mfcc-feats[5.5.1068~2-59299]:main():compute-mfcc-feats.cc:182) Processed features for key SP0200W03
VLOG[2] (compute-mfcc-feats[5.5.1068~2-59299]:main():compute-mfcc-feats.cc:182) Processed features for key SP0200W04
VLOG[2] (compute-mfcc-feats[5.5.1068~2-59299]:main():compute-mfcc-feats.cc:182) Processed features for key SP0200W05
VLOG[2] (compute-mfcc-feats[5.5.1068~2-59299]:main():compute-mfcc-feats.cc:182) Processed features for key SP0200W06
VLOG[2] (compute-mfcc-feats[5.5.1068~2-59299]:main():compute-mfcc-feats.cc:182) Processed features for key SP0200W07
VLOG[2] (compute-mfcc-feats[5.5.1068~2-59299]:main():compute-mfcc-feats.cc:182) Processed features for key SP0200W08
LOG (compute-mfcc-feats[5.5.1068~2-59299]:main():compute-mfcc-feats.cc:181) Processed 460 utterances
VLOG[2] (compute-mfcc-feats[5.5.1068~2-59299]:main():compute-mfcc-feats.cc:182) Processed features for key SP0200W09
VLOG[2] (compute-mfcc-feats[5.5.1068~2-59299]:main():compute-mfcc-feats.cc:182) Processed features for key SP0201W00
VLOG[2] (compute-mfcc-feats[5.5.1068~2-59299]:main():compute-mfcc-feats.cc:182) Processed features for key SP0201W01
VLOG[2] (compute-mfcc-feats[5.5.1068~2-59299]:main():compute-mfcc-feats.cc:182) Processed features for key SP0201W02
VLOG[2] (compute-mfcc-feats[5.5.1068~2-59299]:main():compute-mfcc-feats.cc:182) Processed features for key SP0201W03
VLOG[2] (compute-mfcc-feats[5.5.1068~2-59299]:main():compute-mfcc-feats.cc:182) Processed features for key SP0201W04
VLOG[2] (compute-mfcc-feats[5.5.1068~2-59299]:main():compute-mfcc-feats.cc:182) Processed features for key SP0201W05
VLOG[2] (compute-mfcc-feats[5.5.1068~2-59299]:main():compute-mfcc-feats.cc:182) Processed features for key SP0201W06
VLOG[2] (compute-mfcc-feats[5.5.1068~2-59299]:main():compute-mfcc-feats.cc:182) Processed features for key SP0201W07
VLOG[2] (compute-mfcc-feats[5.5.1068~2-59299]:main():compute-mfcc-feats.cc:182) Processed features for key SP0201W08
LOG (compute-mfcc-feats[5.5.1068~2-59299]:main():compute-mfcc-feats.cc:181) Processed 470 utterances
VLOG[2] (compute-mfcc-feats[5.5.1068~2-59299]:main():compute-mfcc-feats.cc:182) Processed features for key SP0201W09
VLOG[2] (compute-mfcc-feats[5.5.1068~2-59299]:main():compute-mfcc-feats.cc:182) Processed features for key SP0202W00
VLOG[2] (compute-mfcc-feats[5.5.1068~2-59299]:main():compute-mfcc-feats.cc:182) Processed features for key SP0202W01
VLOG[2] (compute-mfcc-feats[5.5.1068~2-59299]:main():compute-mfcc-feats.cc:182) Processed features for key SP0202W02
VLOG[2] (compute-mfcc-feats[5.5.1068~2-59299]:main():compute-mfcc-feats.cc:182) Processed features for key SP0202W03
VLOG[2] (compute-mfcc-feats[5.5.1068~2-59299]:main():compute-mfcc-feats.cc:182) Processed features for key SP0202W04
VLOG[2] (compute-mfcc-feats[5.5.1068~2-59299]:main():compute-mfcc-feats.cc:182) Processed features for key SP0202W05
VLOG[2] (compute-mfcc-feats[5.5.1068~2-59299]:main():compute-mfcc-feats.cc:182) Processed features for key SP0202W06
VLOG[2] (compute-mfcc-feats[5.5.1068~2-59299]:main():compute-mfcc-feats.cc:182) Processed features for key SP0202W07
VLOG[2] (compute-mfcc-feats[5.5.1068~2-59299]:main():compute-mfcc-feats.cc:182) Processed features for key SP0202W08
LOG (compute-mfcc-feats[5.5.1068~2-59299]:main():compute-mfcc-feats.cc:181) Processed 480 utterances
VLOG[2] (compute-mfcc-feats[5.5.1068~2-59299]:main():compute-mfcc-feats.cc:182) Processed features for key SP0202W09
VLOG[2] (compute-mfcc-feats[5.5.1068~2-59299]:main():compute-mfcc-feats.cc:182) Processed features for key SP0203W00
VLOG[2] (compute-mfcc-feats[5.5.1068~2-59299]:main():compute-mfcc-feats.cc:182) Processed features for key SP0203W01
VLOG[2] (compute-mfcc-feats[5.5.1068~2-59299]:main():compute-mfcc-feats.cc:182) Processed features for key SP0203W02
VLOG[2] (compute-mfcc-feats[5.5.1068~2-59299]:main():compute-mfcc-feats.cc:182) Processed features for key SP0203W03
VLOG[2] (compute-mfcc-feats[5.5.1068~2-59299]:main():compute-mfcc-feats.cc:182) Processed features for key SP0203W04
VLOG[2] (compute-mfcc-feats[5.5.1068~2-59299]:main():compute-mfcc-feats.cc:182) Processed features for key SP0203W05
VLOG[2] (compute-mfcc-feats[5.5.1068~2-59299]:main():compute-mfcc-feats.cc:182) Processed features for key SP0203W06
VLOG[2] (compute-mfcc-feats[5.5.1068~2-59299]:main():compute-mfcc-feats.cc:182) Processed features for key SP0203W07
VLOG[2] (compute-mfcc-feats[5.5.1068~2-59299]:main():compute-mfcc-feats.cc:182) Processed features for key SP0203W08
LOG (compute-mfcc-feats[5.5.1068~2-59299]:main():compute-mfcc-feats.cc:181) Processed 490 utterances
VLOG[2] (compute-mfcc-feats[5.5.1068~2-59299]:main():compute-mfcc-feats.cc:182) Processed features for key SP0203W09
VLOG[2] (compute-mfcc-feats[5.5.1068~2-59299]:main():compute-mfcc-feats.cc:182) Processed features for key SP0204W00
VLOG[2] (compute-mfcc-feats[5.5.1068~2-59299]:main():compute-mfcc-feats.cc:182) Processed features for key SP0204W01
VLOG[2] (compute-mfcc-feats[5.5.1068~2-59299]:main():compute-mfcc-feats.cc:182) Processed features for key SP0204W02
VLOG[2] (compute-mfcc-feats[5.5.1068~2-59299]:main():compute-mfcc-feats.cc:182) Processed features for key SP0204W03
VLOG[2] (compute-mfcc-feats[5.5.1068~2-59299]:main():compute-mfcc-feats.cc:182) Processed features for key SP0204W04
VLOG[2] (compute-mfcc-feats[5.5.1068~2-59299]:main():compute-mfcc-feats.cc:182) Processed features for key SP0204W05
VLOG[2] (compute-mfcc-feats[5.5.1068~2-59299]:main():compute-mfcc-feats.cc:182) Processed features for key SP0204W06
VLOG[2] (compute-mfcc-feats[5.5.1068~2-59299]:main():compute-mfcc-feats.cc:182) Processed features for key SP0204W07
VLOG[2] (compute-mfcc-feats[5.5.1068~2-59299]:main():compute-mfcc-feats.cc:182) Processed features for key SP0204W08
LOG (compute-mfcc-feats[5.5.1068~2-59299]:main():compute-mfcc-feats.cc:181) Processed 500 utterances
VLOG[2] (compute-mfcc-feats[5.5.1068~2-59299]:main():compute-mfcc-feats.cc:182) Processed features for key SP0204W09
VLOG[2] (compute-mfcc-feats[5.5.1068~2-59299]:main():compute-mfcc-feats.cc:182) Processed features for key SP0205W00
VLOG[2] (compute-mfcc-feats[5.5.1068~2-59299]:main():compute-mfcc-feats.cc:182) Processed features for key SP0205W01
VLOG[2] (compute-mfcc-feats[5.5.1068~2-59299]:main():compute-mfcc-feats.cc:182) Processed features for key SP0205W02
VLOG[2] (compute-mfcc-feats[5.5.1068~2-59299]:main():compute-mfcc-feats.cc:182) Processed features for key SP0205W03
VLOG[2] (compute-mfcc-feats[5.5.1068~2-59299]:main():compute-mfcc-feats.cc:182) Processed features for key SP0205W04
VLOG[2] (compute-mfcc-feats[5.5.1068~2-59299]:main():compute-mfcc-feats.cc:182) Processed features for key SP0205W05
VLOG[2] (compute-mfcc-feats[5.5.1068~2-59299]:main():compute-mfcc-feats.cc:182) Processed features for key SP0205W06
VLOG[2] (compute-mfcc-feats[5.5.1068~2-59299]:main():compute-mfcc-feats.cc:182) Processed features for key SP0205W07
VLOG[2] (compute-mfcc-feats[5.5.1068~2-59299]:main():compute-mfcc-feats.cc:182) Processed features for key SP0205W08
LOG (compute-mfcc-feats[5.5.1068~2-59299]:main():compute-mfcc-feats.cc:181) Processed 510 utterances
VLOG[2] (compute-mfcc-feats[5.5.1068~2-59299]:main():compute-mfcc-feats.cc:182) Processed features for key SP0205W09
VLOG[2] (compute-mfcc-feats[5.5.1068~2-59299]:main():compute-mfcc-feats.cc:182) Processed features for key SP0206W00
VLOG[2] (compute-mfcc-feats[5.5.1068~2-59299]:main():compute-mfcc-feats.cc:182) Processed features for key SP0206W01
VLOG[2] (compute-mfcc-feats[5.5.1068~2-59299]:main():compute-mfcc-feats.cc:182) Processed features for key SP0206W02
VLOG[2] (compute-mfcc-feats[5.5.1068~2-59299]:main():compute-mfcc-feats.cc:182) Processed features for key SP0206W03
VLOG[2] (compute-mfcc-feats[5.5.1068~2-59299]:main():compute-mfcc-feats.cc:182) Processed features for key SP0206W04
VLOG[2] (compute-mfcc-feats[5.5.1068~2-59299]:main():compute-mfcc-feats.cc:182) Processed features for key SP0206W05
VLOG[2] (compute-mfcc-feats[5.5.1068~2-59299]:main():compute-mfcc-feats.cc:182) Processed features for key SP0206W06
VLOG[2] (compute-mfcc-feats[5.5.1068~2-59299]:main():compute-mfcc-feats.cc:182) Processed features for key SP0206W07
VLOG[2] (compute-mfcc-feats[5.5.1068~2-59299]:main():compute-mfcc-feats.cc:182) Processed features for key SP0206W08
LOG (compute-mfcc-feats[5.5.1068~2-59299]:main():compute-mfcc-feats.cc:181) Processed 520 utterances
VLOG[2] (compute-mfcc-feats[5.5.1068~2-59299]:main():compute-mfcc-feats.cc:182) Processed features for key SP0206W09
VLOG[2] (compute-mfcc-feats[5.5.1068~2-59299]:main():compute-mfcc-feats.cc:182) Processed features for key SP0207W00
VLOG[2] (compute-mfcc-feats[5.5.1068~2-59299]:main():compute-mfcc-feats.cc:182) Processed features for key SP0207W01
VLOG[2] (compute-mfcc-feats[5.5.1068~2-59299]:main():compute-mfcc-feats.cc:182) Processed features for key SP0207W02
VLOG[2] (compute-mfcc-feats[5.5.1068~2-59299]:main():compute-mfcc-feats.cc:182) Processed features for key SP0207W03
VLOG[2] (compute-mfcc-feats[5.5.1068~2-59299]:main():compute-mfcc-feats.cc:182) Processed features for key SP0207W04
VLOG[2] (compute-mfcc-feats[5.5.1068~2-59299]:main():compute-mfcc-feats.cc:182) Processed features for key SP0207W05
VLOG[2] (compute-mfcc-feats[5.5.1068~2-59299]:main():compute-mfcc-feats.cc:182) Processed features for key SP0207W06
VLOG[2] (compute-mfcc-feats[5.5.1068~2-59299]:main():compute-mfcc-feats.cc:182) Processed features for key SP0207W07
VLOG[2] (compute-mfcc-feats[5.5.1068~2-59299]:main():compute-mfcc-feats.cc:182) Processed features for key SP0207W08
LOG (compute-mfcc-feats[5.5.1068~2-59299]:main():compute-mfcc-feats.cc:181) Processed 530 utterances
VLOG[2] (compute-mfcc-feats[5.5.1068~2-59299]:main():compute-mfcc-feats.cc:182) Processed features for key SP0207W09
VLOG[2] (compute-mfcc-feats[5.5.1068~2-59299]:main():compute-mfcc-feats.cc:182) Processed features for key SP0208W00
VLOG[2] (compute-mfcc-feats[5.5.1068~2-59299]:main():compute-mfcc-feats.cc:182) Processed features for key SP0208W01
VLOG[2] (compute-mfcc-feats[5.5.1068~2-59299]:main():compute-mfcc-feats.cc:182) Processed features for key SP0208W02
VLOG[2] (compute-mfcc-feats[5.5.1068~2-59299]:main():compute-mfcc-feats.cc:182) Processed features for key SP0208W03
VLOG[2] (compute-mfcc-feats[5.5.1068~2-59299]:main():compute-mfcc-feats.cc:182) Processed features for key SP0208W04
VLOG[2] (compute-mfcc-feats[5.5.1068~2-59299]:main():compute-mfcc-feats.cc:182) Processed features for key SP0208W05
VLOG[2] (compute-mfcc-feats[5.5.1068~2-59299]:main():compute-mfcc-feats.cc:182) Processed features for key SP0208W06
VLOG[2] (compute-mfcc-feats[5.5.1068~2-59299]:main():compute-mfcc-feats.cc:182) Processed features for key SP0208W07
VLOG[2] (compute-mfcc-feats[5.5.1068~2-59299]:main():compute-mfcc-feats.cc:182) Processed features for key SP0208W08
LOG (compute-mfcc-feats[5.5.1068~2-59299]:main():compute-mfcc-feats.cc:181) Processed 540 utterances
VLOG[2] (compute-mfcc-feats[5.5.1068~2-59299]:main():compute-mfcc-feats.cc:182) Processed features for key SP0208W09
VLOG[2] (compute-mfcc-feats[5.5.1068~2-59299]:main():compute-mfcc-feats.cc:182) Processed features for key SP0209W00
VLOG[2] (compute-mfcc-feats[5.5.1068~2-59299]:main():compute-mfcc-feats.cc:182) Processed features for key SP0209W01
VLOG[2] (compute-mfcc-feats[5.5.1068~2-59299]:main():compute-mfcc-feats.cc:182) Processed features for key SP0209W02
VLOG[2] (compute-mfcc-feats[5.5.1068~2-59299]:main():compute-mfcc-feats.cc:182) Processed features for key SP0209W03
VLOG[2] (compute-mfcc-feats[5.5.1068~2-59299]:main():compute-mfcc-feats.cc:182) Processed features for key SP0209W04
VLOG[2] (compute-mfcc-feats[5.5.1068~2-59299]:main():compute-mfcc-feats.cc:182) Processed features for key SP0209W05
VLOG[2] (compute-mfcc-feats[5.5.1068~2-59299]:main():compute-mfcc-feats.cc:182) Processed features for key SP0209W06
VLOG[2] (compute-mfcc-feats[5.5.1068~2-59299]:main():compute-mfcc-feats.cc:182) Processed features for key SP0209W07
VLOG[2] (compute-mfcc-feats[5.5.1068~2-59299]:main():compute-mfcc-feats.cc:182) Processed features for key SP0209W08
LOG (compute-mfcc-feats[5.5.1068~2-59299]:main():compute-mfcc-feats.cc:181) Processed 550 utterances
VLOG[2] (compute-mfcc-feats[5.5.1068~2-59299]:main():compute-mfcc-feats.cc:182) Processed features for key SP0209W09
VLOG[2] (compute-mfcc-feats[5.5.1068~2-59299]:main():compute-mfcc-feats.cc:182) Processed features for key SP0210W00
VLOG[2] (compute-mfcc-feats[5.5.1068~2-59299]:main():compute-mfcc-feats.cc:182) Processed features for key SP0210W01
VLOG[2] (compute-mfcc-feats[5.5.1068~2-59299]:main():compute-mfcc-feats.cc:182) Processed features for key SP0210W02
VLOG[2] (compute-mfcc-feats[5.5.1068~2-59299]:main():compute-mfcc-feats.cc:182) Processed features for key SP0210W03
VLOG[2] (compute-mfcc-feats[5.5.1068~2-59299]:main():compute-mfcc-feats.cc:182) Processed features for key SP0210W04
VLOG[2] (compute-mfcc-feats[5.5.1068~2-59299]:main():compute-mfcc-feats.cc:182) Processed features for key SP0210W05
VLOG[2] (compute-mfcc-feats[5.5.1068~2-59299]:main():compute-mfcc-feats.cc:182) Processed features for key SP0210W06
VLOG[2] (compute-mfcc-feats[5.5.1068~2-59299]:main():compute-mfcc-feats.cc:182) Processed features for key SP0210W07
VLOG[2] (compute-mfcc-feats[5.5.1068~2-59299]:main():compute-mfcc-feats.cc:182) Processed features for key SP0210W08
LOG (compute-mfcc-feats[5.5.1068~2-59299]:main():compute-mfcc-feats.cc:181) Processed 560 utterances
VLOG[2] (compute-mfcc-feats[5.5.1068~2-59299]:main():compute-mfcc-feats.cc:182) Processed features for key SP0210W09
VLOG[2] (compute-mfcc-feats[5.5.1068~2-59299]:main():compute-mfcc-feats.cc:182) Processed features for key SP0211W00
VLOG[2] (compute-mfcc-feats[5.5.1068~2-59299]:main():compute-mfcc-feats.cc:182) Processed features for key SP0211W01
VLOG[2] (compute-mfcc-feats[5.5.1068~2-59299]:main():compute-mfcc-feats.cc:182) Processed features for key SP0211W02
VLOG[2] (compute-mfcc-feats[5.5.1068~2-59299]:main():compute-mfcc-feats.cc:182) Processed features for key SP0211W03
VLOG[2] (compute-mfcc-feats[5.5.1068~2-59299]:main():compute-mfcc-feats.cc:182) Processed features for key SP0211W04
VLOG[2] (compute-mfcc-feats[5.5.1068~2-59299]:main():compute-mfcc-feats.cc:182) Processed features for key SP0211W05
VLOG[2] (compute-mfcc-feats[5.5.1068~2-59299]:main():compute-mfcc-feats.cc:182) Processed features for key SP0211W06
VLOG[2] (compute-mfcc-feats[5.5.1068~2-59299]:main():compute-mfcc-feats.cc:182) Processed features for key SP0211W07
VLOG[2] (compute-mfcc-feats[5.5.1068~2-59299]:main():compute-mfcc-feats.cc:182) Processed features for key SP0211W08
LOG (compute-mfcc-feats[5.5.1068~2-59299]:main():compute-mfcc-feats.cc:181) Processed 570 utterances
VLOG[2] (compute-mfcc-feats[5.5.1068~2-59299]:main():compute-mfcc-feats.cc:182) Processed features for key SP0211W09
VLOG[2] (compute-mfcc-feats[5.5.1068~2-59299]:main():compute-mfcc-feats.cc:182) Processed features for key SP0212W00
VLOG[2] (compute-mfcc-feats[5.5.1068~2-59299]:main():compute-mfcc-feats.cc:182) Processed features for key SP0212W01
VLOG[2] (compute-mfcc-feats[5.5.1068~2-59299]:main():compute-mfcc-feats.cc:182) Processed features for key SP0212W02
VLOG[2] (compute-mfcc-feats[5.5.1068~2-59299]:main():compute-mfcc-feats.cc:182) Processed features for key SP0212W03
VLOG[2] (compute-mfcc-feats[5.5.1068~2-59299]:main():compute-mfcc-feats.cc:182) Processed features for key SP0212W04
VLOG[2] (compute-mfcc-feats[5.5.1068~2-59299]:main():compute-mfcc-feats.cc:182) Processed features for key SP0212W05
VLOG[2] (compute-mfcc-feats[5.5.1068~2-59299]:main():compute-mfcc-feats.cc:182) Processed features for key SP0212W06
VLOG[2] (compute-mfcc-feats[5.5.1068~2-59299]:main():compute-mfcc-feats.cc:182) Processed features for key SP0212W07
VLOG[2] (compute-mfcc-feats[5.5.1068~2-59299]:main():compute-mfcc-feats.cc:182) Processed features for key SP0212W08
LOG (compute-mfcc-feats[5.5.1068~2-59299]:main():compute-mfcc-feats.cc:181) Processed 580 utterances
VLOG[2] (compute-mfcc-feats[5.5.1068~2-59299]:main():compute-mfcc-feats.cc:182) Processed features for key SP0212W09
VLOG[2] (compute-mfcc-feats[5.5.1068~2-59299]:main():compute-mfcc-feats.cc:182) Processed features for key SP0213W00
VLOG[2] (compute-mfcc-feats[5.5.1068~2-59299]:main():compute-mfcc-feats.cc:182) Processed features for key SP0213W01
VLOG[2] (compute-mfcc-feats[5.5.1068~2-59299]:main():compute-mfcc-feats.cc:182) Processed features for key SP0213W02
VLOG[2] (compute-mfcc-feats[5.5.1068~2-59299]:main():compute-mfcc-feats.cc:182) Processed features for key SP0213W03
VLOG[2] (compute-mfcc-feats[5.5.1068~2-59299]:main():compute-mfcc-feats.cc:182) Processed features for key SP0213W04
VLOG[2] (compute-mfcc-feats[5.5.1068~2-59299]:main():compute-mfcc-feats.cc:182) Processed features for key SP0213W05
VLOG[2] (compute-mfcc-feats[5.5.1068~2-59299]:main():compute-mfcc-feats.cc:182) Processed features for key SP0213W06
VLOG[2] (compute-mfcc-feats[5.5.1068~2-59299]:main():compute-mfcc-feats.cc:182) Processed features for key SP0213W07
VLOG[2] (compute-mfcc-feats[5.5.1068~2-59299]:main():compute-mfcc-feats.cc:182) Processed features for key SP0213W08
LOG (compute-mfcc-feats[5.5.1068~2-59299]:main():compute-mfcc-feats.cc:181) Processed 590 utterances
VLOG[2] (compute-mfcc-feats[5.5.1068~2-59299]:main():compute-mfcc-feats.cc:182) Processed features for key SP0213W09
VLOG[2] (compute-mfcc-feats[5.5.1068~2-59299]:main():compute-mfcc-feats.cc:182) Processed features for key SP0214W00
VLOG[2] (compute-mfcc-feats[5.5.1068~2-59299]:main():compute-mfcc-feats.cc:182) Processed features for key SP0214W01
VLOG[2] (compute-mfcc-feats[5.5.1068~2-59299]:main():compute-mfcc-feats.cc:182) Processed features for key SP0214W02
VLOG[2] (compute-mfcc-feats[5.5.1068~2-59299]:main():compute-mfcc-feats.cc:182) Processed features for key SP0214W03
VLOG[2] (compute-mfcc-feats[5.5.1068~2-59299]:main():compute-mfcc-feats.cc:182) Processed features for key SP0214W04
VLOG[2] (compute-mfcc-feats[5.5.1068~2-59299]:main():compute-mfcc-feats.cc:182) Processed features for key SP0214W05
VLOG[2] (compute-mfcc-feats[5.5.1068~2-59299]:main():compute-mfcc-feats.cc:182) Processed features for key SP0214W06
VLOG[2] (compute-mfcc-feats[5.5.1068~2-59299]:main():compute-mfcc-feats.cc:182) Processed features for key SP0214W07
VLOG[2] (compute-mfcc-feats[5.5.1068~2-59299]:main():compute-mfcc-feats.cc:182) Processed features for key SP0214W08
LOG (compute-mfcc-feats[5.5.1068~2-59299]:main():compute-mfcc-feats.cc:181) Processed 600 utterances
VLOG[2] (compute-mfcc-feats[5.5.1068~2-59299]:main():compute-mfcc-feats.cc:182) Processed features for key SP0214W09
VLOG[2] (compute-mfcc-feats[5.5.1068~2-59299]:main():compute-mfcc-feats.cc:182) Processed features for key SP0215W00
VLOG[2] (compute-mfcc-feats[5.5.1068~2-59299]:main():compute-mfcc-feats.cc:182) Processed features for key SP0215W01
VLOG[2] (compute-mfcc-feats[5.5.1068~2-59299]:main():compute-mfcc-feats.cc:182) Processed features for key SP0215W02
VLOG[2] (compute-mfcc-feats[5.5.1068~2-59299]:main():compute-mfcc-feats.cc:182) Processed features for key SP0215W03
VLOG[2] (compute-mfcc-feats[5.5.1068~2-59299]:main():compute-mfcc-feats.cc:182) Processed features for key SP0215W04
VLOG[2] (compute-mfcc-feats[5.5.1068~2-59299]:main():compute-mfcc-feats.cc:182) Processed features for key SP0215W05
VLOG[2] (compute-mfcc-feats[5.5.1068~2-59299]:main():compute-mfcc-feats.cc:182) Processed features for key SP0215W06
VLOG[2] (compute-mfcc-feats[5.5.1068~2-59299]:main():compute-mfcc-feats.cc:182) Processed features for key SP0215W07
VLOG[2] (compute-mfcc-feats[5.5.1068~2-59299]:main():compute-mfcc-feats.cc:182) Processed features for key SP0215W08
LOG (compute-mfcc-feats[5.5.1068~2-59299]:main():compute-mfcc-feats.cc:181) Processed 610 utterances
VLOG[2] (compute-mfcc-feats[5.5.1068~2-59299]:main():compute-mfcc-feats.cc:182) Processed features for key SP0215W09
VLOG[2] (compute-mfcc-feats[5.5.1068~2-59299]:main():compute-mfcc-feats.cc:182) Processed features for key SP0216W00
VLOG[2] (compute-mfcc-feats[5.5.1068~2-59299]:main():compute-mfcc-feats.cc:182) Processed features for key SP0216W01
VLOG[2] (compute-mfcc-feats[5.5.1068~2-59299]:main():compute-mfcc-feats.cc:182) Processed features for key SP0216W02
VLOG[2] (compute-mfcc-feats[5.5.1068~2-59299]:main():compute-mfcc-feats.cc:182) Processed features for key SP0216W03
VLOG[2] (compute-mfcc-feats[5.5.1068~2-59299]:main():compute-mfcc-feats.cc:182) Processed features for key SP0216W04
VLOG[2] (compute-mfcc-feats[5.5.1068~2-59299]:main():compute-mfcc-feats.cc:182) Processed features for key SP0216W05
VLOG[2] (compute-mfcc-feats[5.5.1068~2-59299]:main():compute-mfcc-feats.cc:182) Processed features for key SP0216W06
VLOG[2] (compute-mfcc-feats[5.5.1068~2-59299]:main():compute-mfcc-feats.cc:182) Processed features for key SP0216W07
VLOG[2] (compute-mfcc-feats[5.5.1068~2-59299]:main():compute-mfcc-feats.cc:182) Processed features for key SP0216W08
LOG (compute-mfcc-feats[5.5.1068~2-59299]:main():compute-mfcc-feats.cc:181) Processed 620 utterances
VLOG[2] (compute-mfcc-feats[5.5.1068~2-59299]:main():compute-mfcc-feats.cc:182) Processed features for key SP0216W09
VLOG[2] (compute-mfcc-feats[5.5.1068~2-59299]:main():compute-mfcc-feats.cc:182) Processed features for key SP0217W00
VLOG[2] (compute-mfcc-feats[5.5.1068~2-59299]:main():compute-mfcc-feats.cc:182) Processed features for key SP0217W01
VLOG[2] (compute-mfcc-feats[5.5.1068~2-59299]:main():compute-mfcc-feats.cc:182) Processed features for key SP0217W02
VLOG[2] (compute-mfcc-feats[5.5.1068~2-59299]:main():compute-mfcc-feats.cc:182) Processed features for key SP0217W03
VLOG[2] (compute-mfcc-feats[5.5.1068~2-59299]:main():compute-mfcc-feats.cc:182) Processed features for key SP0217W04
VLOG[2] (compute-mfcc-feats[5.5.1068~2-59299]:main():compute-mfcc-feats.cc:182) Processed features for key SP0217W05
VLOG[2] (compute-mfcc-feats[5.5.1068~2-59299]:main():compute-mfcc-feats.cc:182) Processed features for key SP0217W06
VLOG[2] (compute-mfcc-feats[5.5.1068~2-59299]:main():compute-mfcc-feats.cc:182) Processed features for key SP0217W07
VLOG[2] (compute-mfcc-feats[5.5.1068~2-59299]:main():compute-mfcc-feats.cc:182) Processed features for key SP0217W08
LOG (compute-mfcc-feats[5.5.1068~2-59299]:main():compute-mfcc-feats.cc:181) Processed 630 utterances
VLOG[2] (compute-mfcc-feats[5.5.1068~2-59299]:main():compute-mfcc-feats.cc:182) Processed features for key SP0217W09
VLOG[2] (compute-mfcc-feats[5.5.1068~2-59299]:main():compute-mfcc-feats.cc:182) Processed features for key SP0218W00
VLOG[2] (compute-mfcc-feats[5.5.1068~2-59299]:main():compute-mfcc-feats.cc:182) Processed features for key SP0218W01
VLOG[2] (compute-mfcc-feats[5.5.1068~2-59299]:main():compute-mfcc-feats.cc:182) Processed features for key SP0218W02
VLOG[2] (compute-mfcc-feats[5.5.1068~2-59299]:main():compute-mfcc-feats.cc:182) Processed features for key SP0218W03
VLOG[2] (compute-mfcc-feats[5.5.1068~2-59299]:main():compute-mfcc-feats.cc:182) Processed features for key SP0218W04
VLOG[2] (compute-mfcc-feats[5.5.1068~2-59299]:main():compute-mfcc-feats.cc:182) Processed features for key SP0218W05
VLOG[2] (compute-mfcc-feats[5.5.1068~2-59299]:main():compute-mfcc-feats.cc:182) Processed features for key SP0218W06
VLOG[2] (compute-mfcc-feats[5.5.1068~2-59299]:main():compute-mfcc-feats.cc:182) Processed features for key SP0218W07
VLOG[2] (compute-mfcc-feats[5.5.1068~2-59299]:main():compute-mfcc-feats.cc:182) Processed features for key SP0218W08
LOG (compute-mfcc-feats[5.5.1068~2-59299]:main():compute-mfcc-feats.cc:181) Processed 640 utterances
VLOG[2] (compute-mfcc-feats[5.5.1068~2-59299]:main():compute-mfcc-feats.cc:182) Processed features for key SP0218W09
VLOG[2] (compute-mfcc-feats[5.5.1068~2-59299]:main():compute-mfcc-feats.cc:182) Processed features for key SP0219W00
VLOG[2] (compute-mfcc-feats[5.5.1068~2-59299]:main():compute-mfcc-feats.cc:182) Processed features for key SP0219W01
VLOG[2] (compute-mfcc-feats[5.5.1068~2-59299]:main():compute-mfcc-feats.cc:182) Processed features for key SP0219W02
VLOG[2] (compute-mfcc-feats[5.5.1068~2-59299]:main():compute-mfcc-feats.cc:182) Processed features for key SP0219W03
VLOG[2] (compute-mfcc-feats[5.5.1068~2-59299]:main():compute-mfcc-feats.cc:182) Processed features for key SP0219W04
VLOG[2] (compute-mfcc-feats[5.5.1068~2-59299]:main():compute-mfcc-feats.cc:182) Processed features for key SP0219W05
VLOG[2] (compute-mfcc-feats[5.5.1068~2-59299]:main():compute-mfcc-feats.cc:182) Processed features for key SP0219W06
VLOG[2] (compute-mfcc-feats[5.5.1068~2-59299]:main():compute-mfcc-feats.cc:182) Processed features for key SP0219W07
VLOG[2] (compute-mfcc-feats[5.5.1068~2-59299]:main():compute-mfcc-feats.cc:182) Processed features for key SP0219W08
LOG (compute-mfcc-feats[5.5.1068~2-59299]:main():compute-mfcc-feats.cc:181) Processed 650 utterances
VLOG[2] (compute-mfcc-feats[5.5.1068~2-59299]:main():compute-mfcc-feats.cc:182) Processed features for key SP0219W09
VLOG[2] (compute-mfcc-feats[5.5.1068~2-59299]:main():compute-mfcc-feats.cc:182) Processed features for key SP0220W00
VLOG[2] (compute-mfcc-feats[5.5.1068~2-59299]:main():compute-mfcc-feats.cc:182) Processed features for key SP0220W01
VLOG[2] (compute-mfcc-feats[5.5.1068~2-59299]:main():compute-mfcc-feats.cc:182) Processed features for key SP0220W02
VLOG[2] (compute-mfcc-feats[5.5.1068~2-59299]:main():compute-mfcc-feats.cc:182) Processed features for key SP0220W03
VLOG[2] (compute-mfcc-feats[5.5.1068~2-59299]:main():compute-mfcc-feats.cc:182) Processed features for key SP0220W04
VLOG[2] (compute-mfcc-feats[5.5.1068~2-59299]:main():compute-mfcc-feats.cc:182) Processed features for key SP0220W05
VLOG[2] (compute-mfcc-feats[5.5.1068~2-59299]:main():compute-mfcc-feats.cc:182) Processed features for key SP0220W06
VLOG[2] (compute-mfcc-feats[5.5.1068~2-59299]:main():compute-mfcc-feats.cc:182) Processed features for key SP0220W07
VLOG[2] (compute-mfcc-feats[5.5.1068~2-59299]:main():compute-mfcc-feats.cc:182) Processed features for key SP0220W08
LOG (compute-mfcc-feats[5.5.1068~2-59299]:main():compute-mfcc-feats.cc:181) Processed 660 utterances
VLOG[2] (compute-mfcc-feats[5.5.1068~2-59299]:main():compute-mfcc-feats.cc:182) Processed features for key SP0220W09
VLOG[2] (compute-mfcc-feats[5.5.1068~2-59299]:main():compute-mfcc-feats.cc:182) Processed features for key SP0221W00
VLOG[2] (compute-mfcc-feats[5.5.1068~2-59299]:main():compute-mfcc-feats.cc:182) Processed features for key SP0221W01
VLOG[2] (compute-mfcc-feats[5.5.1068~2-59299]:main():compute-mfcc-feats.cc:182) Processed features for key SP0221W02
VLOG[2] (compute-mfcc-feats[5.5.1068~2-59299]:main():compute-mfcc-feats.cc:182) Processed features for key SP0221W03
VLOG[2] (compute-mfcc-feats[5.5.1068~2-59299]:main():compute-mfcc-feats.cc:182) Processed features for key SP0221W04
VLOG[2] (compute-mfcc-feats[5.5.1068~2-59299]:main():compute-mfcc-feats.cc:182) Processed features for key SP0221W05
VLOG[2] (compute-mfcc-feats[5.5.1068~2-59299]:main():compute-mfcc-feats.cc:182) Processed features for key SP0221W06
VLOG[2] (compute-mfcc-feats[5.5.1068~2-59299]:main():compute-mfcc-feats.cc:182) Processed features for key SP0221W07
VLOG[2] (compute-mfcc-feats[5.5.1068~2-59299]:main():compute-mfcc-feats.cc:182) Processed features for key SP0221W08
LOG (compute-mfcc-feats[5.5.1068~2-59299]:main():compute-mfcc-feats.cc:181) Processed 670 utterances
VLOG[2] (compute-mfcc-feats[5.5.1068~2-59299]:main():compute-mfcc-feats.cc:182) Processed features for key SP0221W09
VLOG[2] (compute-mfcc-feats[5.5.1068~2-59299]:main():compute-mfcc-feats.cc:182) Processed features for key SP0222W00
VLOG[2] (compute-mfcc-feats[5.5.1068~2-59299]:main():compute-mfcc-feats.cc:182) Processed features for key SP0222W01
VLOG[2] (compute-mfcc-feats[5.5.1068~2-59299]:main():compute-mfcc-feats.cc:182) Processed features for key SP0222W02
VLOG[2] (compute-mfcc-feats[5.5.1068~2-59299]:main():compute-mfcc-feats.cc:182) Processed features for key SP0222W03
VLOG[2] (compute-mfcc-feats[5.5.1068~2-59299]:main():compute-mfcc-feats.cc:182) Processed features for key SP0222W04
VLOG[2] (compute-mfcc-feats[5.5.1068~2-59299]:main():compute-mfcc-feats.cc:182) Processed features for key SP0222W05
VLOG[2] (compute-mfcc-feats[5.5.1068~2-59299]:main():compute-mfcc-feats.cc:182) Processed features for key SP0222W06
VLOG[2] (compute-mfcc-feats[5.5.1068~2-59299]:main():compute-mfcc-feats.cc:182) Processed features for key SP0222W07
VLOG[2] (compute-mfcc-feats[5.5.1068~2-59299]:main():compute-mfcc-feats.cc:182) Processed features for key SP0222W08
LOG (compute-mfcc-feats[5.5.1068~2-59299]:main():compute-mfcc-feats.cc:181) Processed 680 utterances
VLOG[2] (compute-mfcc-feats[5.5.1068~2-59299]:main():compute-mfcc-feats.cc:182) Processed features for key SP0222W09
VLOG[2] (compute-mfcc-feats[5.5.1068~2-59299]:main():compute-mfcc-feats.cc:182) Processed features for key SP0223W00
VLOG[2] (compute-mfcc-feats[5.5.1068~2-59299]:main():compute-mfcc-feats.cc:182) Processed features for key SP0223W01
VLOG[2] (compute-mfcc-feats[5.5.1068~2-59299]:main():compute-mfcc-feats.cc:182) Processed features for key SP0223W02
VLOG[2] (compute-mfcc-feats[5.5.1068~2-59299]:main():compute-mfcc-feats.cc:182) Processed features for key SP0223W03
VLOG[2] (compute-mfcc-feats[5.5.1068~2-59299]:main():compute-mfcc-feats.cc:182) Processed features for key SP0223W04
VLOG[2] (compute-mfcc-feats[5.5.1068~2-59299]:main():compute-mfcc-feats.cc:182) Processed features for key SP0223W05
VLOG[2] (compute-mfcc-feats[5.5.1068~2-59299]:main():compute-mfcc-feats.cc:182) Processed features for key SP0223W06
VLOG[2] (compute-mfcc-feats[5.5.1068~2-59299]:main():compute-mfcc-feats.cc:182) Processed features for key SP0223W07
VLOG[2] (compute-mfcc-feats[5.5.1068~2-59299]:main():compute-mfcc-feats.cc:182) Processed features for key SP0223W08
LOG (compute-mfcc-feats[5.5.1068~2-59299]:main():compute-mfcc-feats.cc:181) Processed 690 utterances
VLOG[2] (compute-mfcc-feats[5.5.1068~2-59299]:main():compute-mfcc-feats.cc:182) Processed features for key SP0223W09
VLOG[2] (compute-mfcc-feats[5.5.1068~2-59299]:main():compute-mfcc-feats.cc:182) Processed features for key SP0224W00
VLOG[2] (compute-mfcc-feats[5.5.1068~2-59299]:main():compute-mfcc-feats.cc:182) Processed features for key SP0224W01
VLOG[2] (compute-mfcc-feats[5.5.1068~2-59299]:main():compute-mfcc-feats.cc:182) Processed features for key SP0224W02
VLOG[2] (compute-mfcc-feats[5.5.1068~2-59299]:main():compute-mfcc-feats.cc:182) Processed features for key SP0224W03
VLOG[2] (compute-mfcc-feats[5.5.1068~2-59299]:main():compute-mfcc-feats.cc:182) Processed features for key SP0224W04
VLOG[2] (compute-mfcc-feats[5.5.1068~2-59299]:main():compute-mfcc-feats.cc:182) Processed features for key SP0224W05
VLOG[2] (compute-mfcc-feats[5.5.1068~2-59299]:main():compute-mfcc-feats.cc:182) Processed features for key SP0224W06
VLOG[2] (compute-mfcc-feats[5.5.1068~2-59299]:main():compute-mfcc-feats.cc:182) Processed features for key SP0224W07
VLOG[2] (compute-mfcc-feats[5.5.1068~2-59299]:main():compute-mfcc-feats.cc:182) Processed features for key SP0224W08
LOG (compute-mfcc-feats[5.5.1068~2-59299]:main():compute-mfcc-feats.cc:181) Processed 700 utterances
VLOG[2] (compute-mfcc-feats[5.5.1068~2-59299]:main():compute-mfcc-feats.cc:182) Processed features for key SP0224W09
VLOG[2] (compute-mfcc-feats[5.5.1068~2-59299]:main():compute-mfcc-feats.cc:182) Processed features for key SP0225W00
VLOG[2] (compute-mfcc-feats[5.5.1068~2-59299]:main():compute-mfcc-feats.cc:182) Processed features for key SP0225W01
VLOG[2] (compute-mfcc-feats[5.5.1068~2-59299]:main():compute-mfcc-feats.cc:182) Processed features for key SP0225W02
VLOG[2] (compute-mfcc-feats[5.5.1068~2-59299]:main():compute-mfcc-feats.cc:182) Processed features for key SP0225W03
VLOG[2] (compute-mfcc-feats[5.5.1068~2-59299]:main():compute-mfcc-feats.cc:182) Processed features for key SP0225W04
VLOG[2] (compute-mfcc-feats[5.5.1068~2-59299]:main():compute-mfcc-feats.cc:182) Processed features for key SP0225W05
VLOG[2] (compute-mfcc-feats[5.5.1068~2-59299]:main():compute-mfcc-feats.cc:182) Processed features for key SP0225W06
VLOG[2] (compute-mfcc-feats[5.5.1068~2-59299]:main():compute-mfcc-feats.cc:182) Processed features for key SP0225W07
VLOG[2] (compute-mfcc-feats[5.5.1068~2-59299]:main():compute-mfcc-feats.cc:182) Processed features for key SP0225W08
LOG (compute-mfcc-feats[5.5.1068~2-59299]:main():compute-mfcc-feats.cc:181) Processed 710 utterances
VLOG[2] (compute-mfcc-feats[5.5.1068~2-59299]:main():compute-mfcc-feats.cc:182) Processed features for key SP0225W09
VLOG[2] (compute-mfcc-feats[5.5.1068~2-59299]:main():compute-mfcc-feats.cc:182) Processed features for key SP0226W00
VLOG[2] (compute-mfcc-feats[5.5.1068~2-59299]:main():compute-mfcc-feats.cc:182) Processed features for key SP0226W01
VLOG[2] (compute-mfcc-feats[5.5.1068~2-59299]:main():compute-mfcc-feats.cc:182) Processed features for key SP0226W02
VLOG[2] (compute-mfcc-feats[5.5.1068~2-59299]:main():compute-mfcc-feats.cc:182) Processed features for key SP0226W03
VLOG[2] (compute-mfcc-feats[5.5.1068~2-59299]:main():compute-mfcc-feats.cc:182) Processed features for key SP0226W04
VLOG[2] (compute-mfcc-feats[5.5.1068~2-59299]:main():compute-mfcc-feats.cc:182) Processed features for key SP0226W05
VLOG[2] (compute-mfcc-feats[5.5.1068~2-59299]:main():compute-mfcc-feats.cc:182) Processed features for key SP0226W06
VLOG[2] (compute-mfcc-feats[5.5.1068~2-59299]:main():compute-mfcc-feats.cc:182) Processed features for key SP0226W07
VLOG[2] (compute-mfcc-feats[5.5.1068~2-59299]:main():compute-mfcc-feats.cc:182) Processed features for key SP0226W08
LOG (compute-mfcc-feats[5.5.1068~2-59299]:main():compute-mfcc-feats.cc:181) Processed 720 utterances
VLOG[2] (compute-mfcc-feats[5.5.1068~2-59299]:main():compute-mfcc-feats.cc:182) Processed features for key SP0226W09
VLOG[2] (compute-mfcc-feats[5.5.1068~2-59299]:main():compute-mfcc-feats.cc:182) Processed features for key SP0227W00
VLOG[2] (compute-mfcc-feats[5.5.1068~2-59299]:main():compute-mfcc-feats.cc:182) Processed features for key SP0227W01
VLOG[2] (compute-mfcc-feats[5.5.1068~2-59299]:main():compute-mfcc-feats.cc:182) Processed features for key SP0227W02
VLOG[2] (compute-mfcc-feats[5.5.1068~2-59299]:main():compute-mfcc-feats.cc:182) Processed features for key SP0227W03
VLOG[2] (compute-mfcc-feats[5.5.1068~2-59299]:main():compute-mfcc-feats.cc:182) Processed features for key SP0227W04
VLOG[2] (compute-mfcc-feats[5.5.1068~2-59299]:main():compute-mfcc-feats.cc:182) Processed features for key SP0227W05
VLOG[2] (compute-mfcc-feats[5.5.1068~2-59299]:main():compute-mfcc-feats.cc:182) Processed features for key SP0227W06
VLOG[2] (compute-mfcc-feats[5.5.1068~2-59299]:main():compute-mfcc-feats.cc:182) Processed features for key SP0227W07
VLOG[2] (compute-mfcc-feats[5.5.1068~2-59299]:main():compute-mfcc-feats.cc:182) Processed features for key SP0227W08
LOG (compute-mfcc-feats[5.5.1068~2-59299]:main():compute-mfcc-feats.cc:181) Processed 730 utterances
VLOG[2] (compute-mfcc-feats[5.5.1068~2-59299]:main():compute-mfcc-feats.cc:182) Processed features for key SP0227W09
VLOG[2] (compute-mfcc-feats[5.5.1068~2-59299]:main():compute-mfcc-feats.cc:182) Processed features for key SP0228W00
VLOG[2] (compute-mfcc-feats[5.5.1068~2-59299]:main():compute-mfcc-feats.cc:182) Processed features for key SP0228W01
VLOG[2] (compute-mfcc-feats[5.5.1068~2-59299]:main():compute-mfcc-feats.cc:182) Processed features for key SP0228W02
VLOG[2] (compute-mfcc-feats[5.5.1068~2-59299]:main():compute-mfcc-feats.cc:182) Processed features for key SP0228W03
VLOG[2] (compute-mfcc-feats[5.5.1068~2-59299]:main():compute-mfcc-feats.cc:182) Processed features for key SP0228W04
VLOG[2] (compute-mfcc-feats[5.5.1068~2-59299]:main():compute-mfcc-feats.cc:182) Processed features for key SP0228W05
VLOG[2] (compute-mfcc-feats[5.5.1068~2-59299]:main():compute-mfcc-feats.cc:182) Processed features for key SP0228W06
VLOG[2] (compute-mfcc-feats[5.5.1068~2-59299]:main():compute-mfcc-feats.cc:182) Processed features for key SP0228W07
VLOG[2] (compute-mfcc-feats[5.5.1068~2-59299]:main():compute-mfcc-feats.cc:182) Processed features for key SP0228W08
LOG (compute-mfcc-feats[5.5.1068~2-59299]:main():compute-mfcc-feats.cc:181) Processed 740 utterances
VLOG[2] (compute-mfcc-feats[5.5.1068~2-59299]:main():compute-mfcc-feats.cc:182) Processed features for key SP0228W09
VLOG[2] (compute-mfcc-feats[5.5.1068~2-59299]:main():compute-mfcc-feats.cc:182) Processed features for key SP0229W00
VLOG[2] (compute-mfcc-feats[5.5.1068~2-59299]:main():compute-mfcc-feats.cc:182) Processed features for key SP0229W01
VLOG[2] (compute-mfcc-feats[5.5.1068~2-59299]:main():compute-mfcc-feats.cc:182) Processed features for key SP0229W02
VLOG[2] (compute-mfcc-feats[5.5.1068~2-59299]:main():compute-mfcc-feats.cc:182) Processed features for key SP0229W03
VLOG[2] (compute-mfcc-feats[5.5.1068~2-59299]:main():compute-mfcc-feats.cc:182) Processed features for key SP0229W04
VLOG[2] (compute-mfcc-feats[5.5.1068~2-59299]:main():compute-mfcc-feats.cc:182) Processed features for key SP0229W05
VLOG[2] (compute-mfcc-feats[5.5.1068~2-59299]:main():compute-mfcc-feats.cc:182) Processed features for key SP0229W06
VLOG[2] (compute-mfcc-feats[5.5.1068~2-59299]:main():compute-mfcc-feats.cc:182) Processed features for key SP0229W07
VLOG[2] (compute-mfcc-feats[5.5.1068~2-59299]:main():compute-mfcc-feats.cc:182) Processed features for key SP0229W08
LOG (compute-mfcc-feats[5.5.1068~2-59299]:main():compute-mfcc-feats.cc:181) Processed 750 utterances
VLOG[2] (compute-mfcc-feats[5.5.1068~2-59299]:main():compute-mfcc-feats.cc:182) Processed features for key SP0229W09
VLOG[2] (compute-mfcc-feats[5.5.1068~2-59299]:main():compute-mfcc-feats.cc:182) Processed features for key SP0230W00
VLOG[2] (compute-mfcc-feats[5.5.1068~2-59299]:main():compute-mfcc-feats.cc:182) Processed features for key SP0230W01
VLOG[2] (compute-mfcc-feats[5.5.1068~2-59299]:main():compute-mfcc-feats.cc:182) Processed features for key SP0230W02
VLOG[2] (compute-mfcc-feats[5.5.1068~2-59299]:main():compute-mfcc-feats.cc:182) Processed features for key SP0230W03
VLOG[2] (compute-mfcc-feats[5.5.1068~2-59299]:main():compute-mfcc-feats.cc:182) Processed features for key SP0230W04
VLOG[2] (compute-mfcc-feats[5.5.1068~2-59299]:main():compute-mfcc-feats.cc:182) Processed features for key SP0230W05
VLOG[2] (compute-mfcc-feats[5.5.1068~2-59299]:main():compute-mfcc-feats.cc:182) Processed features for key SP0230W06
VLOG[2] (compute-mfcc-feats[5.5.1068~2-59299]:main():compute-mfcc-feats.cc:182) Processed features for key SP0230W07
VLOG[2] (compute-mfcc-feats[5.5.1068~2-59299]:main():compute-mfcc-feats.cc:182) Processed features for key SP0230W08
LOG (compute-mfcc-feats[5.5.1068~2-59299]:main():compute-mfcc-feats.cc:181) Processed 760 utterances
VLOG[2] (compute-mfcc-feats[5.5.1068~2-59299]:main():compute-mfcc-feats.cc:182) Processed features for key SP0230W09
VLOG[2] (compute-mfcc-feats[5.5.1068~2-59299]:main():compute-mfcc-feats.cc:182) Processed features for key SP0231W00
VLOG[2] (compute-mfcc-feats[5.5.1068~2-59299]:main():compute-mfcc-feats.cc:182) Processed features for key SP0231W01
VLOG[2] (compute-mfcc-feats[5.5.1068~2-59299]:main():compute-mfcc-feats.cc:182) Processed features for key SP0231W02
VLOG[2] (compute-mfcc-feats[5.5.1068~2-59299]:main():compute-mfcc-feats.cc:182) Processed features for key SP0231W03
VLOG[2] (compute-mfcc-feats[5.5.1068~2-59299]:main():compute-mfcc-feats.cc:182) Processed features for key SP0231W04
VLOG[2] (compute-mfcc-feats[5.5.1068~2-59299]:main():compute-mfcc-feats.cc:182) Processed features for key SP0231W05
VLOG[2] (compute-mfcc-feats[5.5.1068~2-59299]:main():compute-mfcc-feats.cc:182) Processed features for key SP0231W06
VLOG[2] (compute-mfcc-feats[5.5.1068~2-59299]:main():compute-mfcc-feats.cc:182) Processed features for key SP0231W07
VLOG[2] (compute-mfcc-feats[5.5.1068~2-59299]:main():compute-mfcc-feats.cc:182) Processed features for key SP0231W08
LOG (compute-mfcc-feats[5.5.1068~2-59299]:main():compute-mfcc-feats.cc:181) Processed 770 utterances
VLOG[2] (compute-mfcc-feats[5.5.1068~2-59299]:main():compute-mfcc-feats.cc:182) Processed features for key SP0231W09
LOG (compute-mfcc-feats[5.5.1068~2-59299]:main():compute-mfcc-feats.cc:185)  Done 770 out of 770 utterances.
LOG (copy-feats[5.5.1068~2-59299]:main():copy-feats.cc:143) Copied 770 feature matrices.
# Accounting: time=4 threads=1
# Ended (code 0) at Wed Mar 22 15:21:51 CST 2023, elapsed time 4 seconds
