# compute-mfcc-feats --write-utt2dur=ark,t:exp/make_mfcc/train/utt2dur.7 --verbose=2 --config=conf/mfcc.conf scp,p:exp/make_mfcc/train/wav_train.7.scp ark:- | copy-feats --write-num-frames=ark,t:exp/make_mfcc/train/utt2num_frames.7 --compress=true ark:- ark,scp:/home/zerol/kaldi/egs/timit/s5/mfcc/raw_mfcc_train.7.ark,/home/zerol/kaldi/egs/timit/s5/mfcc/raw_mfcc_train.7.scp 
# Started at Thu Mar 16 01:07:11 CST 2023
#
compute-mfcc-feats --write-utt2dur=ark,t:exp/make_mfcc/train/utt2dur.7 --verbose=2 --config=conf/mfcc.conf scp,p:exp/make_mfcc/train/wav_train.7.scp ark:- 
copy-feats --write-num-frames=ark,t:exp/make_mfcc/train/utt2num_frames.7 --compress=true ark:- ark,scp:/home/zerol/kaldi/egs/timit/s5/mfcc/raw_mfcc_train.7.ark,/home/zerol/kaldi/egs/timit/s5/mfcc/raw_mfcc_train.7.scp 
VLOG[2] (compute-mfcc-feats[5.5.1068~2-59299]:main():compute-mfcc-feats.cc:182) Processed features for key SP0278W02
VLOG[2] (compute-mfcc-feats[5.5.1068~2-59299]:main():compute-mfcc-feats.cc:182) Processed features for key SP0278W03
VLOG[2] (compute-mfcc-feats[5.5.1068~2-59299]:main():compute-mfcc-feats.cc:182) Processed features for key SP0278W04
VLOG[2] (compute-mfcc-feats[5.5.1068~2-59299]:main():compute-mfcc-feats.cc:182) Processed features for key SP0278W05
VLOG[2] (compute-mfcc-feats[5.5.1068~2-59299]:main():compute-mfcc-feats.cc:182) Processed features for key SP0278W06
VLOG[2] (compute-mfcc-feats[5.5.1068~2-59299]:main():compute-mfcc-feats.cc:182) Processed features for key SP0278W07
VLOG[2] (compute-mfcc-feats[5.5.1068~2-59299]:main():compute-mfcc-feats.cc:182) Processed features for key SP0278W08
VLOG[2] (compute-mfcc-feats[5.5.1068~2-59299]:main():compute-mfcc-feats.cc:182) Processed features for key SP0278W09
VLOG[2] (compute-mfcc-feats[5.5.1068~2-59299]:main():compute-mfcc-feats.cc:182) Processed features for key SP0279W00
LOG (compute-mfcc-feats[5.5.1068~2-59299]:main():compute-mfcc-feats.cc:181) Processed 10 utterances
VLOG[2] (compute-mfcc-feats[5.5.1068~2-59299]:main():compute-mfcc-feats.cc:182) Processed features for key SP0279W01
VLOG[2] (compute-mfcc-feats[5.5.1068~2-59299]:main():compute-mfcc-feats.cc:182) Processed features for key SP0279W02
VLOG[2] (compute-mfcc-feats[5.5.1068~2-59299]:main():compute-mfcc-feats.cc:182) Processed features for key SP0279W03
VLOG[2] (compute-mfcc-feats[5.5.1068~2-59299]:main():compute-mfcc-feats.cc:182) Processed features for key SP0279W04
VLOG[2] (compute-mfcc-feats[5.5.1068~2-59299]:main():compute-mfcc-feats.cc:182) Processed features for key SP0279W05
VLOG[2] (compute-mfcc-feats[5.5.1068~2-59299]:main():compute-mfcc-feats.cc:182) Processed features for key SP0279W06
VLOG[2] (compute-mfcc-feats[5.5.1068~2-59299]:main():compute-mfcc-feats.cc:182) Processed features for key SP0279W07
VLOG[2] (compute-mfcc-feats[5.5.1068~2-59299]:main():compute-mfcc-feats.cc:182) Processed features for key SP0279W08
VLOG[2] (compute-mfcc-feats[5.5.1068~2-59299]:main():compute-mfcc-feats.cc:182) Processed features for key SP0279W09
VLOG[2] (compute-mfcc-feats[5.5.1068~2-59299]:main():compute-mfcc-feats.cc:182) Processed features for key SP0280W00
LOG (compute-mfcc-feats[5.5.1068~2-59299]:main():compute-mfcc-feats.cc:181) Processed 20 utterances
VLOG[2] (compute-mfcc-feats[5.5.1068~2-59299]:main():compute-mfcc-feats.cc:182) Processed features for key SP0280W01
VLOG[2] (compute-mfcc-feats[5.5.1068~2-59299]:main():compute-mfcc-feats.cc:182) Processed features for key SP0280W02
VLOG[2] (compute-mfcc-feats[5.5.1068~2-59299]:main():compute-mfcc-feats.cc:182) Processed features for key SP0280W03
VLOG[2] (compute-mfcc-feats[5.5.1068~2-59299]:main():compute-mfcc-feats.cc:182) Processed features for key SP0280W04
VLOG[2] (compute-mfcc-feats[5.5.1068~2-59299]:main():compute-mfcc-feats.cc:182) Processed features for key SP0280W05
VLOG[2] (compute-mfcc-feats[5.5.1068~2-59299]:main():compute-mfcc-feats.cc:182) Processed features for key SP0280W06
VLOG[2] (compute-mfcc-feats[5.5.1068~2-59299]:main():compute-mfcc-feats.cc:182) Processed features for key SP0280W07
VLOG[2] (compute-mfcc-feats[5.5.1068~2-59299]:main():compute-mfcc-feats.cc:182) Processed features for key SP0280W08
VLOG[2] (compute-mfcc-feats[5.5.1068~2-59299]:main():compute-mfcc-feats.cc:182) Processed features for key SP0280W09
VLOG[2] (compute-mfcc-feats[5.5.1068~2-59299]:main():compute-mfcc-feats.cc:182) Processed features for key SP0281W00
LOG (compute-mfcc-feats[5.5.1068~2-59299]:main():compute-mfcc-feats.cc:181) Processed 30 utterances
VLOG[2] (compute-mfcc-feats[5.5.1068~2-59299]:main():compute-mfcc-feats.cc:182) Processed features for key SP0281W01
VLOG[2] (compute-mfcc-feats[5.5.1068~2-59299]:main():compute-mfcc-feats.cc:182) Processed features for key SP0281W02
VLOG[2] (compute-mfcc-feats[5.5.1068~2-59299]:main():compute-mfcc-feats.cc:182) Processed features for key SP0281W03
VLOG[2] (compute-mfcc-feats[5.5.1068~2-59299]:main():compute-mfcc-feats.cc:182) Processed features for key SP0281W04
VLOG[2] (compute-mfcc-feats[5.5.1068~2-59299]:main():compute-mfcc-feats.cc:182) Processed features for key SP0281W05
VLOG[2] (compute-mfcc-feats[5.5.1068~2-59299]:main():compute-mfcc-feats.cc:182) Processed features for key SP0281W06
VLOG[2] (compute-mfcc-feats[5.5.1068~2-59299]:main():compute-mfcc-feats.cc:182) Processed features for key SP0281W07
VLOG[2] (compute-mfcc-feats[5.5.1068~2-59299]:main():compute-mfcc-feats.cc:182) Processed features for key SP0281W08
VLOG[2] (compute-mfcc-feats[5.5.1068~2-59299]:main():compute-mfcc-feats.cc:182) Processed features for key SP0281W09
VLOG[2] (compute-mfcc-feats[5.5.1068~2-59299]:main():compute-mfcc-feats.cc:182) Processed features for key SP0282W00
LOG (compute-mfcc-feats[5.5.1068~2-59299]:main():compute-mfcc-feats.cc:181) Processed 40 utterances
VLOG[2] (compute-mfcc-feats[5.5.1068~2-59299]:main():compute-mfcc-feats.cc:182) Processed features for key SP0282W01
VLOG[2] (compute-mfcc-feats[5.5.1068~2-59299]:main():compute-mfcc-feats.cc:182) Processed features for key SP0282W02
VLOG[2] (compute-mfcc-feats[5.5.1068~2-59299]:main():compute-mfcc-feats.cc:182) Processed features for key SP0282W03
VLOG[2] (compute-mfcc-feats[5.5.1068~2-59299]:main():compute-mfcc-feats.cc:182) Processed features for key SP0282W04
VLOG[2] (compute-mfcc-feats[5.5.1068~2-59299]:main():compute-mfcc-feats.cc:182) Processed features for key SP0282W05
VLOG[2] (compute-mfcc-feats[5.5.1068~2-59299]:main():compute-mfcc-feats.cc:182) Processed features for key SP0282W06
VLOG[2] (compute-mfcc-feats[5.5.1068~2-59299]:main():compute-mfcc-feats.cc:182) Processed features for key SP0282W07
VLOG[2] (compute-mfcc-feats[5.5.1068~2-59299]:main():compute-mfcc-feats.cc:182) Processed features for key SP0282W08
VLOG[2] (compute-mfcc-feats[5.5.1068~2-59299]:main():compute-mfcc-feats.cc:182) Processed features for key SP0282W09
VLOG[2] (compute-mfcc-feats[5.5.1068~2-59299]:main():compute-mfcc-feats.cc:182) Processed features for key SP0283W00
LOG (compute-mfcc-feats[5.5.1068~2-59299]:main():compute-mfcc-feats.cc:181) Processed 50 utterances
VLOG[2] (compute-mfcc-feats[5.5.1068~2-59299]:main():compute-mfcc-feats.cc:182) Processed features for key SP0283W01
VLOG[2] (compute-mfcc-feats[5.5.1068~2-59299]:main():compute-mfcc-feats.cc:182) Processed features for key SP0283W02
VLOG[2] (compute-mfcc-feats[5.5.1068~2-59299]:main():compute-mfcc-feats.cc:182) Processed features for key SP0283W03
VLOG[2] (compute-mfcc-feats[5.5.1068~2-59299]:main():compute-mfcc-feats.cc:182) Processed features for key SP0283W04
VLOG[2] (compute-mfcc-feats[5.5.1068~2-59299]:main():compute-mfcc-feats.cc:182) Processed features for key SP0283W05
VLOG[2] (compute-mfcc-feats[5.5.1068~2-59299]:main():compute-mfcc-feats.cc:182) Processed features for key SP0283W06
VLOG[2] (compute-mfcc-feats[5.5.1068~2-59299]:main():compute-mfcc-feats.cc:182) Processed features for key SP0283W07
VLOG[2] (compute-mfcc-feats[5.5.1068~2-59299]:main():compute-mfcc-feats.cc:182) Processed features for key SP0283W08
VLOG[2] (compute-mfcc-feats[5.5.1068~2-59299]:main():compute-mfcc-feats.cc:182) Processed features for key SP0283W09
VLOG[2] (compute-mfcc-feats[5.5.1068~2-59299]:main():compute-mfcc-feats.cc:182) Processed features for key SP0284W00
LOG (compute-mfcc-feats[5.5.1068~2-59299]:main():compute-mfcc-feats.cc:181) Processed 60 utterances
VLOG[2] (compute-mfcc-feats[5.5.1068~2-59299]:main():compute-mfcc-feats.cc:182) Processed features for key SP0284W01
VLOG[2] (compute-mfcc-feats[5.5.1068~2-59299]:main():compute-mfcc-feats.cc:182) Processed features for key SP0284W02
VLOG[2] (compute-mfcc-feats[5.5.1068~2-59299]:main():compute-mfcc-feats.cc:182) Processed features for key SP0284W03
VLOG[2] (compute-mfcc-feats[5.5.1068~2-59299]:main():compute-mfcc-feats.cc:182) Processed features for key SP0284W04
VLOG[2] (compute-mfcc-feats[5.5.1068~2-59299]:main():compute-mfcc-feats.cc:182) Processed features for key SP0284W05
VLOG[2] (compute-mfcc-feats[5.5.1068~2-59299]:main():compute-mfcc-feats.cc:182) Processed features for key SP0284W06
VLOG[2] (compute-mfcc-feats[5.5.1068~2-59299]:main():compute-mfcc-feats.cc:182) Processed features for key SP0284W07
VLOG[2] (compute-mfcc-feats[5.5.1068~2-59299]:main():compute-mfcc-feats.cc:182) Processed features for key SP0284W08
VLOG[2] (compute-mfcc-feats[5.5.1068~2-59299]:main():compute-mfcc-feats.cc:182) Processed features for key SP0284W09
VLOG[2] (compute-mfcc-feats[5.5.1068~2-59299]:main():compute-mfcc-feats.cc:182) Processed features for key SP0285W00
LOG (compute-mfcc-feats[5.5.1068~2-59299]:main():compute-mfcc-feats.cc:181) Processed 70 utterances
VLOG[2] (compute-mfcc-feats[5.5.1068~2-59299]:main():compute-mfcc-feats.cc:182) Processed features for key SP0285W01
VLOG[2] (compute-mfcc-feats[5.5.1068~2-59299]:main():compute-mfcc-feats.cc:182) Processed features for key SP0285W02
VLOG[2] (compute-mfcc-feats[5.5.1068~2-59299]:main():compute-mfcc-feats.cc:182) Processed features for key SP0285W03
VLOG[2] (compute-mfcc-feats[5.5.1068~2-59299]:main():compute-mfcc-feats.cc:182) Processed features for key SP0285W04
VLOG[2] (compute-mfcc-feats[5.5.1068~2-59299]:main():compute-mfcc-feats.cc:182) Processed features for key SP0285W05
VLOG[2] (compute-mfcc-feats[5.5.1068~2-59299]:main():compute-mfcc-feats.cc:182) Processed features for key SP0285W06
VLOG[2] (compute-mfcc-feats[5.5.1068~2-59299]:main():compute-mfcc-feats.cc:182) Processed features for key SP0285W07
VLOG[2] (compute-mfcc-feats[5.5.1068~2-59299]:main():compute-mfcc-feats.cc:182) Processed features for key SP0285W08
VLOG[2] (compute-mfcc-feats[5.5.1068~2-59299]:main():compute-mfcc-feats.cc:182) Processed features for key SP0285W09
VLOG[2] (compute-mfcc-feats[5.5.1068~2-59299]:main():compute-mfcc-feats.cc:182) Processed features for key SP0286W00
LOG (compute-mfcc-feats[5.5.1068~2-59299]:main():compute-mfcc-feats.cc:181) Processed 80 utterances
VLOG[2] (compute-mfcc-feats[5.5.1068~2-59299]:main():compute-mfcc-feats.cc:182) Processed features for key SP0286W01
VLOG[2] (compute-mfcc-feats[5.5.1068~2-59299]:main():compute-mfcc-feats.cc:182) Processed features for key SP0286W02
VLOG[2] (compute-mfcc-feats[5.5.1068~2-59299]:main():compute-mfcc-feats.cc:182) Processed features for key SP0286W03
VLOG[2] (compute-mfcc-feats[5.5.1068~2-59299]:main():compute-mfcc-feats.cc:182) Processed features for key SP0286W04
VLOG[2] (compute-mfcc-feats[5.5.1068~2-59299]:main():compute-mfcc-feats.cc:182) Processed features for key SP0286W05
VLOG[2] (compute-mfcc-feats[5.5.1068~2-59299]:main():compute-mfcc-feats.cc:182) Processed features for key SP0286W06
VLOG[2] (compute-mfcc-feats[5.5.1068~2-59299]:main():compute-mfcc-feats.cc:182) Processed features for key SP0286W07
VLOG[2] (compute-mfcc-feats[5.5.1068~2-59299]:main():compute-mfcc-feats.cc:182) Processed features for key SP0286W08
VLOG[2] (compute-mfcc-feats[5.5.1068~2-59299]:main():compute-mfcc-feats.cc:182) Processed features for key SP0286W09
VLOG[2] (compute-mfcc-feats[5.5.1068~2-59299]:main():compute-mfcc-feats.cc:182) Processed features for key SP0287W00
LOG (compute-mfcc-feats[5.5.1068~2-59299]:main():compute-mfcc-feats.cc:181) Processed 90 utterances
VLOG[2] (compute-mfcc-feats[5.5.1068~2-59299]:main():compute-mfcc-feats.cc:182) Processed features for key SP0287W01
VLOG[2] (compute-mfcc-feats[5.5.1068~2-59299]:main():compute-mfcc-feats.cc:182) Processed features for key SP0287W02
VLOG[2] (compute-mfcc-feats[5.5.1068~2-59299]:main():compute-mfcc-feats.cc:182) Processed features for key SP0287W03
VLOG[2] (compute-mfcc-feats[5.5.1068~2-59299]:main():compute-mfcc-feats.cc:182) Processed features for key SP0287W04
VLOG[2] (compute-mfcc-feats[5.5.1068~2-59299]:main():compute-mfcc-feats.cc:182) Processed features for key SP0287W05
VLOG[2] (compute-mfcc-feats[5.5.1068~2-59299]:main():compute-mfcc-feats.cc:182) Processed features for key SP0287W06
VLOG[2] (compute-mfcc-feats[5.5.1068~2-59299]:main():compute-mfcc-feats.cc:182) Processed features for key SP0287W07
VLOG[2] (compute-mfcc-feats[5.5.1068~2-59299]:main():compute-mfcc-feats.cc:182) Processed features for key SP0287W08
VLOG[2] (compute-mfcc-feats[5.5.1068~2-59299]:main():compute-mfcc-feats.cc:182) Processed features for key SP0287W09
VLOG[2] (compute-mfcc-feats[5.5.1068~2-59299]:main():compute-mfcc-feats.cc:182) Processed features for key SP0288W00
LOG (compute-mfcc-feats[5.5.1068~2-59299]:main():compute-mfcc-feats.cc:181) Processed 100 utterances
VLOG[2] (compute-mfcc-feats[5.5.1068~2-59299]:main():compute-mfcc-feats.cc:182) Processed features for key SP0288W01
VLOG[2] (compute-mfcc-feats[5.5.1068~2-59299]:main():compute-mfcc-feats.cc:182) Processed features for key SP0288W02
VLOG[2] (compute-mfcc-feats[5.5.1068~2-59299]:main():compute-mfcc-feats.cc:182) Processed features for key SP0288W03
VLOG[2] (compute-mfcc-feats[5.5.1068~2-59299]:main():compute-mfcc-feats.cc:182) Processed features for key SP0288W04
VLOG[2] (compute-mfcc-feats[5.5.1068~2-59299]:main():compute-mfcc-feats.cc:182) Processed features for key SP0288W05
VLOG[2] (compute-mfcc-feats[5.5.1068~2-59299]:main():compute-mfcc-feats.cc:182) Processed features for key SP0288W06
VLOG[2] (compute-mfcc-feats[5.5.1068~2-59299]:main():compute-mfcc-feats.cc:182) Processed features for key SP0288W07
VLOG[2] (compute-mfcc-feats[5.5.1068~2-59299]:main():compute-mfcc-feats.cc:182) Processed features for key SP0288W08
VLOG[2] (compute-mfcc-feats[5.5.1068~2-59299]:main():compute-mfcc-feats.cc:182) Processed features for key SP0288W09
VLOG[2] (compute-mfcc-feats[5.5.1068~2-59299]:main():compute-mfcc-feats.cc:182) Processed features for key SP0289W00
LOG (compute-mfcc-feats[5.5.1068~2-59299]:main():compute-mfcc-feats.cc:181) Processed 110 utterances
VLOG[2] (compute-mfcc-feats[5.5.1068~2-59299]:main():compute-mfcc-feats.cc:182) Processed features for key SP0289W01
VLOG[2] (compute-mfcc-feats[5.5.1068~2-59299]:main():compute-mfcc-feats.cc:182) Processed features for key SP0289W02
VLOG[2] (compute-mfcc-feats[5.5.1068~2-59299]:main():compute-mfcc-feats.cc:182) Processed features for key SP0289W03
VLOG[2] (compute-mfcc-feats[5.5.1068~2-59299]:main():compute-mfcc-feats.cc:182) Processed features for key SP0289W04
VLOG[2] (compute-mfcc-feats[5.5.1068~2-59299]:main():compute-mfcc-feats.cc:182) Processed features for key SP0289W05
VLOG[2] (compute-mfcc-feats[5.5.1068~2-59299]:main():compute-mfcc-feats.cc:182) Processed features for key SP0289W06
VLOG[2] (compute-mfcc-feats[5.5.1068~2-59299]:main():compute-mfcc-feats.cc:182) Processed features for key SP0289W07
VLOG[2] (compute-mfcc-feats[5.5.1068~2-59299]:main():compute-mfcc-feats.cc:182) Processed features for key SP0289W08
VLOG[2] (compute-mfcc-feats[5.5.1068~2-59299]:main():compute-mfcc-feats.cc:182) Processed features for key SP0289W09
VLOG[2] (compute-mfcc-feats[5.5.1068~2-59299]:main():compute-mfcc-feats.cc:182) Processed features for key SP0290W00
LOG (compute-mfcc-feats[5.5.1068~2-59299]:main():compute-mfcc-feats.cc:181) Processed 120 utterances
VLOG[2] (compute-mfcc-feats[5.5.1068~2-59299]:main():compute-mfcc-feats.cc:182) Processed features for key SP0290W01
VLOG[2] (compute-mfcc-feats[5.5.1068~2-59299]:main():compute-mfcc-feats.cc:182) Processed features for key SP0290W02
VLOG[2] (compute-mfcc-feats[5.5.1068~2-59299]:main():compute-mfcc-feats.cc:182) Processed features for key SP0290W03
VLOG[2] (compute-mfcc-feats[5.5.1068~2-59299]:main():compute-mfcc-feats.cc:182) Processed features for key SP0290W04
VLOG[2] (compute-mfcc-feats[5.5.1068~2-59299]:main():compute-mfcc-feats.cc:182) Processed features for key SP0290W05
VLOG[2] (compute-mfcc-feats[5.5.1068~2-59299]:main():compute-mfcc-feats.cc:182) Processed features for key SP0290W06
VLOG[2] (compute-mfcc-feats[5.5.1068~2-59299]:main():compute-mfcc-feats.cc:182) Processed features for key SP0290W07
VLOG[2] (compute-mfcc-feats[5.5.1068~2-59299]:main():compute-mfcc-feats.cc:182) Processed features for key SP0290W08
VLOG[2] (compute-mfcc-feats[5.5.1068~2-59299]:main():compute-mfcc-feats.cc:182) Processed features for key SP0290W09
VLOG[2] (compute-mfcc-feats[5.5.1068~2-59299]:main():compute-mfcc-feats.cc:182) Processed features for key SP0291W00
LOG (compute-mfcc-feats[5.5.1068~2-59299]:main():compute-mfcc-feats.cc:181) Processed 130 utterances
VLOG[2] (compute-mfcc-feats[5.5.1068~2-59299]:main():compute-mfcc-feats.cc:182) Processed features for key SP0291W01
VLOG[2] (compute-mfcc-feats[5.5.1068~2-59299]:main():compute-mfcc-feats.cc:182) Processed features for key SP0291W02
VLOG[2] (compute-mfcc-feats[5.5.1068~2-59299]:main():compute-mfcc-feats.cc:182) Processed features for key SP0291W03
VLOG[2] (compute-mfcc-feats[5.5.1068~2-59299]:main():compute-mfcc-feats.cc:182) Processed features for key SP0291W04
VLOG[2] (compute-mfcc-feats[5.5.1068~2-59299]:main():compute-mfcc-feats.cc:182) Processed features for key SP0291W05
VLOG[2] (compute-mfcc-feats[5.5.1068~2-59299]:main():compute-mfcc-feats.cc:182) Processed features for key SP0291W06
VLOG[2] (compute-mfcc-feats[5.5.1068~2-59299]:main():compute-mfcc-feats.cc:182) Processed features for key SP0291W07
VLOG[2] (compute-mfcc-feats[5.5.1068~2-59299]:main():compute-mfcc-feats.cc:182) Processed features for key SP0291W08
VLOG[2] (compute-mfcc-feats[5.5.1068~2-59299]:main():compute-mfcc-feats.cc:182) Processed features for key SP0291W09
VLOG[2] (compute-mfcc-feats[5.5.1068~2-59299]:main():compute-mfcc-feats.cc:182) Processed features for key SP0292W00
LOG (compute-mfcc-feats[5.5.1068~2-59299]:main():compute-mfcc-feats.cc:181) Processed 140 utterances
VLOG[2] (compute-mfcc-feats[5.5.1068~2-59299]:main():compute-mfcc-feats.cc:182) Processed features for key SP0292W01
VLOG[2] (compute-mfcc-feats[5.5.1068~2-59299]:main():compute-mfcc-feats.cc:182) Processed features for key SP0292W02
VLOG[2] (compute-mfcc-feats[5.5.1068~2-59299]:main():compute-mfcc-feats.cc:182) Processed features for key SP0292W03
VLOG[2] (compute-mfcc-feats[5.5.1068~2-59299]:main():compute-mfcc-feats.cc:182) Processed features for key SP0292W04
VLOG[2] (compute-mfcc-feats[5.5.1068~2-59299]:main():compute-mfcc-feats.cc:182) Processed features for key SP0292W05
VLOG[2] (compute-mfcc-feats[5.5.1068~2-59299]:main():compute-mfcc-feats.cc:182) Processed features for key SP0292W06
VLOG[2] (compute-mfcc-feats[5.5.1068~2-59299]:main():compute-mfcc-feats.cc:182) Processed features for key SP0292W07
VLOG[2] (compute-mfcc-feats[5.5.1068~2-59299]:main():compute-mfcc-feats.cc:182) Processed features for key SP0292W08
VLOG[2] (compute-mfcc-feats[5.5.1068~2-59299]:main():compute-mfcc-feats.cc:182) Processed features for key SP0292W09
VLOG[2] (compute-mfcc-feats[5.5.1068~2-59299]:main():compute-mfcc-feats.cc:182) Processed features for key SP0293W00
LOG (compute-mfcc-feats[5.5.1068~2-59299]:main():compute-mfcc-feats.cc:181) Processed 150 utterances
VLOG[2] (compute-mfcc-feats[5.5.1068~2-59299]:main():compute-mfcc-feats.cc:182) Processed features for key SP0293W01
VLOG[2] (compute-mfcc-feats[5.5.1068~2-59299]:main():compute-mfcc-feats.cc:182) Processed features for key SP0293W02
VLOG[2] (compute-mfcc-feats[5.5.1068~2-59299]:main():compute-mfcc-feats.cc:182) Processed features for key SP0293W03
VLOG[2] (compute-mfcc-feats[5.5.1068~2-59299]:main():compute-mfcc-feats.cc:182) Processed features for key SP0293W04
VLOG[2] (compute-mfcc-feats[5.5.1068~2-59299]:main():compute-mfcc-feats.cc:182) Processed features for key SP0293W05
VLOG[2] (compute-mfcc-feats[5.5.1068~2-59299]:main():compute-mfcc-feats.cc:182) Processed features for key SP0293W06
VLOG[2] (compute-mfcc-feats[5.5.1068~2-59299]:main():compute-mfcc-feats.cc:182) Processed features for key SP0293W07
VLOG[2] (compute-mfcc-feats[5.5.1068~2-59299]:main():compute-mfcc-feats.cc:182) Processed features for key SP0293W08
VLOG[2] (compute-mfcc-feats[5.5.1068~2-59299]:main():compute-mfcc-feats.cc:182) Processed features for key SP0293W09
VLOG[2] (compute-mfcc-feats[5.5.1068~2-59299]:main():compute-mfcc-feats.cc:182) Processed features for key SP0294W00
LOG (compute-mfcc-feats[5.5.1068~2-59299]:main():compute-mfcc-feats.cc:181) Processed 160 utterances
VLOG[2] (compute-mfcc-feats[5.5.1068~2-59299]:main():compute-mfcc-feats.cc:182) Processed features for key SP0294W01
VLOG[2] (compute-mfcc-feats[5.5.1068~2-59299]:main():compute-mfcc-feats.cc:182) Processed features for key SP0294W02
VLOG[2] (compute-mfcc-feats[5.5.1068~2-59299]:main():compute-mfcc-feats.cc:182) Processed features for key SP0294W03
VLOG[2] (compute-mfcc-feats[5.5.1068~2-59299]:main():compute-mfcc-feats.cc:182) Processed features for key SP0294W04
VLOG[2] (compute-mfcc-feats[5.5.1068~2-59299]:main():compute-mfcc-feats.cc:182) Processed features for key SP0294W05
VLOG[2] (compute-mfcc-feats[5.5.1068~2-59299]:main():compute-mfcc-feats.cc:182) Processed features for key SP0294W06
VLOG[2] (compute-mfcc-feats[5.5.1068~2-59299]:main():compute-mfcc-feats.cc:182) Processed features for key SP0294W07
VLOG[2] (compute-mfcc-feats[5.5.1068~2-59299]:main():compute-mfcc-feats.cc:182) Processed features for key SP0294W08
VLOG[2] (compute-mfcc-feats[5.5.1068~2-59299]:main():compute-mfcc-feats.cc:182) Processed features for key SP0294W09
VLOG[2] (compute-mfcc-feats[5.5.1068~2-59299]:main():compute-mfcc-feats.cc:182) Processed features for key SP0295W00
LOG (compute-mfcc-feats[5.5.1068~2-59299]:main():compute-mfcc-feats.cc:181) Processed 170 utterances
VLOG[2] (compute-mfcc-feats[5.5.1068~2-59299]:main():compute-mfcc-feats.cc:182) Processed features for key SP0295W01
VLOG[2] (compute-mfcc-feats[5.5.1068~2-59299]:main():compute-mfcc-feats.cc:182) Processed features for key SP0295W02
VLOG[2] (compute-mfcc-feats[5.5.1068~2-59299]:main():compute-mfcc-feats.cc:182) Processed features for key SP0295W03
VLOG[2] (compute-mfcc-feats[5.5.1068~2-59299]:main():compute-mfcc-feats.cc:182) Processed features for key SP0295W04
VLOG[2] (compute-mfcc-feats[5.5.1068~2-59299]:main():compute-mfcc-feats.cc:182) Processed features for key SP0295W05
VLOG[2] (compute-mfcc-feats[5.5.1068~2-59299]:main():compute-mfcc-feats.cc:182) Processed features for key SP0295W06
VLOG[2] (compute-mfcc-feats[5.5.1068~2-59299]:main():compute-mfcc-feats.cc:182) Processed features for key SP0295W07
VLOG[2] (compute-mfcc-feats[5.5.1068~2-59299]:main():compute-mfcc-feats.cc:182) Processed features for key SP0295W08
VLOG[2] (compute-mfcc-feats[5.5.1068~2-59299]:main():compute-mfcc-feats.cc:182) Processed features for key SP0295W09
VLOG[2] (compute-mfcc-feats[5.5.1068~2-59299]:main():compute-mfcc-feats.cc:182) Processed features for key SP0296W00
LOG (compute-mfcc-feats[5.5.1068~2-59299]:main():compute-mfcc-feats.cc:181) Processed 180 utterances
VLOG[2] (compute-mfcc-feats[5.5.1068~2-59299]:main():compute-mfcc-feats.cc:182) Processed features for key SP0296W01
VLOG[2] (compute-mfcc-feats[5.5.1068~2-59299]:main():compute-mfcc-feats.cc:182) Processed features for key SP0296W02
VLOG[2] (compute-mfcc-feats[5.5.1068~2-59299]:main():compute-mfcc-feats.cc:182) Processed features for key SP0296W03
VLOG[2] (compute-mfcc-feats[5.5.1068~2-59299]:main():compute-mfcc-feats.cc:182) Processed features for key SP0296W04
VLOG[2] (compute-mfcc-feats[5.5.1068~2-59299]:main():compute-mfcc-feats.cc:182) Processed features for key SP0296W05
VLOG[2] (compute-mfcc-feats[5.5.1068~2-59299]:main():compute-mfcc-feats.cc:182) Processed features for key SP0296W06
VLOG[2] (compute-mfcc-feats[5.5.1068~2-59299]:main():compute-mfcc-feats.cc:182) Processed features for key SP0296W07
VLOG[2] (compute-mfcc-feats[5.5.1068~2-59299]:main():compute-mfcc-feats.cc:182) Processed features for key SP0296W08
VLOG[2] (compute-mfcc-feats[5.5.1068~2-59299]:main():compute-mfcc-feats.cc:182) Processed features for key SP0296W09
VLOG[2] (compute-mfcc-feats[5.5.1068~2-59299]:main():compute-mfcc-feats.cc:182) Processed features for key SP0297W00
LOG (compute-mfcc-feats[5.5.1068~2-59299]:main():compute-mfcc-feats.cc:181) Processed 190 utterances
VLOG[2] (compute-mfcc-feats[5.5.1068~2-59299]:main():compute-mfcc-feats.cc:182) Processed features for key SP0297W01
VLOG[2] (compute-mfcc-feats[5.5.1068~2-59299]:main():compute-mfcc-feats.cc:182) Processed features for key SP0297W02
VLOG[2] (compute-mfcc-feats[5.5.1068~2-59299]:main():compute-mfcc-feats.cc:182) Processed features for key SP0297W03
VLOG[2] (compute-mfcc-feats[5.5.1068~2-59299]:main():compute-mfcc-feats.cc:182) Processed features for key SP0297W04
VLOG[2] (compute-mfcc-feats[5.5.1068~2-59299]:main():compute-mfcc-feats.cc:182) Processed features for key SP0297W05
VLOG[2] (compute-mfcc-feats[5.5.1068~2-59299]:main():compute-mfcc-feats.cc:182) Processed features for key SP0297W06
VLOG[2] (compute-mfcc-feats[5.5.1068~2-59299]:main():compute-mfcc-feats.cc:182) Processed features for key SP0297W07
VLOG[2] (compute-mfcc-feats[5.5.1068~2-59299]:main():compute-mfcc-feats.cc:182) Processed features for key SP0297W08
VLOG[2] (compute-mfcc-feats[5.5.1068~2-59299]:main():compute-mfcc-feats.cc:182) Processed features for key SP0297W09
VLOG[2] (compute-mfcc-feats[5.5.1068~2-59299]:main():compute-mfcc-feats.cc:182) Processed features for key SP0298W00
LOG (compute-mfcc-feats[5.5.1068~2-59299]:main():compute-mfcc-feats.cc:181) Processed 200 utterances
VLOG[2] (compute-mfcc-feats[5.5.1068~2-59299]:main():compute-mfcc-feats.cc:182) Processed features for key SP0298W01
VLOG[2] (compute-mfcc-feats[5.5.1068~2-59299]:main():compute-mfcc-feats.cc:182) Processed features for key SP0298W02
VLOG[2] (compute-mfcc-feats[5.5.1068~2-59299]:main():compute-mfcc-feats.cc:182) Processed features for key SP0298W03
VLOG[2] (compute-mfcc-feats[5.5.1068~2-59299]:main():compute-mfcc-feats.cc:182) Processed features for key SP0298W04
VLOG[2] (compute-mfcc-feats[5.5.1068~2-59299]:main():compute-mfcc-feats.cc:182) Processed features for key SP0298W05
VLOG[2] (compute-mfcc-feats[5.5.1068~2-59299]:main():compute-mfcc-feats.cc:182) Processed features for key SP0298W06
VLOG[2] (compute-mfcc-feats[5.5.1068~2-59299]:main():compute-mfcc-feats.cc:182) Processed features for key SP0298W07
VLOG[2] (compute-mfcc-feats[5.5.1068~2-59299]:main():compute-mfcc-feats.cc:182) Processed features for key SP0298W08
VLOG[2] (compute-mfcc-feats[5.5.1068~2-59299]:main():compute-mfcc-feats.cc:182) Processed features for key SP0298W09
VLOG[2] (compute-mfcc-feats[5.5.1068~2-59299]:main():compute-mfcc-feats.cc:182) Processed features for key SP0299W00
LOG (compute-mfcc-feats[5.5.1068~2-59299]:main():compute-mfcc-feats.cc:181) Processed 210 utterances
VLOG[2] (compute-mfcc-feats[5.5.1068~2-59299]:main():compute-mfcc-feats.cc:182) Processed features for key SP0299W01
VLOG[2] (compute-mfcc-feats[5.5.1068~2-59299]:main():compute-mfcc-feats.cc:182) Processed features for key SP0299W02
VLOG[2] (compute-mfcc-feats[5.5.1068~2-59299]:main():compute-mfcc-feats.cc:182) Processed features for key SP0299W03
VLOG[2] (compute-mfcc-feats[5.5.1068~2-59299]:main():compute-mfcc-feats.cc:182) Processed features for key SP0299W04
VLOG[2] (compute-mfcc-feats[5.5.1068~2-59299]:main():compute-mfcc-feats.cc:182) Processed features for key SP0299W05
VLOG[2] (compute-mfcc-feats[5.5.1068~2-59299]:main():compute-mfcc-feats.cc:182) Processed features for key SP0299W06
VLOG[2] (compute-mfcc-feats[5.5.1068~2-59299]:main():compute-mfcc-feats.cc:182) Processed features for key SP0299W07
VLOG[2] (compute-mfcc-feats[5.5.1068~2-59299]:main():compute-mfcc-feats.cc:182) Processed features for key SP0299W08
VLOG[2] (compute-mfcc-feats[5.5.1068~2-59299]:main():compute-mfcc-feats.cc:182) Processed features for key SP0299W09
VLOG[2] (compute-mfcc-feats[5.5.1068~2-59299]:main():compute-mfcc-feats.cc:182) Processed features for key SP0300W00
LOG (compute-mfcc-feats[5.5.1068~2-59299]:main():compute-mfcc-feats.cc:181) Processed 220 utterances
VLOG[2] (compute-mfcc-feats[5.5.1068~2-59299]:main():compute-mfcc-feats.cc:182) Processed features for key SP0300W01
VLOG[2] (compute-mfcc-feats[5.5.1068~2-59299]:main():compute-mfcc-feats.cc:182) Processed features for key SP0300W02
VLOG[2] (compute-mfcc-feats[5.5.1068~2-59299]:main():compute-mfcc-feats.cc:182) Processed features for key SP0300W03
VLOG[2] (compute-mfcc-feats[5.5.1068~2-59299]:main():compute-mfcc-feats.cc:182) Processed features for key SP0300W04
VLOG[2] (compute-mfcc-feats[5.5.1068~2-59299]:main():compute-mfcc-feats.cc:182) Processed features for key SP0300W05
VLOG[2] (compute-mfcc-feats[5.5.1068~2-59299]:main():compute-mfcc-feats.cc:182) Processed features for key SP0300W06
VLOG[2] (compute-mfcc-feats[5.5.1068~2-59299]:main():compute-mfcc-feats.cc:182) Processed features for key SP0300W07
VLOG[2] (compute-mfcc-feats[5.5.1068~2-59299]:main():compute-mfcc-feats.cc:182) Processed features for key SP0300W08
VLOG[2] (compute-mfcc-feats[5.5.1068~2-59299]:main():compute-mfcc-feats.cc:182) Processed features for key SP0300W09
VLOG[2] (compute-mfcc-feats[5.5.1068~2-59299]:main():compute-mfcc-feats.cc:182) Processed features for key SP0301W00
LOG (compute-mfcc-feats[5.5.1068~2-59299]:main():compute-mfcc-feats.cc:181) Processed 230 utterances
VLOG[2] (compute-mfcc-feats[5.5.1068~2-59299]:main():compute-mfcc-feats.cc:182) Processed features for key SP0301W01
VLOG[2] (compute-mfcc-feats[5.5.1068~2-59299]:main():compute-mfcc-feats.cc:182) Processed features for key SP0301W02
VLOG[2] (compute-mfcc-feats[5.5.1068~2-59299]:main():compute-mfcc-feats.cc:182) Processed features for key SP0301W03
VLOG[2] (compute-mfcc-feats[5.5.1068~2-59299]:main():compute-mfcc-feats.cc:182) Processed features for key SP0301W04
VLOG[2] (compute-mfcc-feats[5.5.1068~2-59299]:main():compute-mfcc-feats.cc:182) Processed features for key SP0301W05
VLOG[2] (compute-mfcc-feats[5.5.1068~2-59299]:main():compute-mfcc-feats.cc:182) Processed features for key SP0301W06
VLOG[2] (compute-mfcc-feats[5.5.1068~2-59299]:main():compute-mfcc-feats.cc:182) Processed features for key SP0301W07
VLOG[2] (compute-mfcc-feats[5.5.1068~2-59299]:main():compute-mfcc-feats.cc:182) Processed features for key SP0301W08
VLOG[2] (compute-mfcc-feats[5.5.1068~2-59299]:main():compute-mfcc-feats.cc:182) Processed features for key SP0301W09
VLOG[2] (compute-mfcc-feats[5.5.1068~2-59299]:main():compute-mfcc-feats.cc:182) Processed features for key SP0302W00
LOG (compute-mfcc-feats[5.5.1068~2-59299]:main():compute-mfcc-feats.cc:181) Processed 240 utterances
VLOG[2] (compute-mfcc-feats[5.5.1068~2-59299]:main():compute-mfcc-feats.cc:182) Processed features for key SP0302W01
VLOG[2] (compute-mfcc-feats[5.5.1068~2-59299]:main():compute-mfcc-feats.cc:182) Processed features for key SP0302W02
VLOG[2] (compute-mfcc-feats[5.5.1068~2-59299]:main():compute-mfcc-feats.cc:182) Processed features for key SP0302W03
VLOG[2] (compute-mfcc-feats[5.5.1068~2-59299]:main():compute-mfcc-feats.cc:182) Processed features for key SP0302W04
VLOG[2] (compute-mfcc-feats[5.5.1068~2-59299]:main():compute-mfcc-feats.cc:182) Processed features for key SP0302W05
VLOG[2] (compute-mfcc-feats[5.5.1068~2-59299]:main():compute-mfcc-feats.cc:182) Processed features for key SP0302W06
VLOG[2] (compute-mfcc-feats[5.5.1068~2-59299]:main():compute-mfcc-feats.cc:182) Processed features for key SP0302W07
VLOG[2] (compute-mfcc-feats[5.5.1068~2-59299]:main():compute-mfcc-feats.cc:182) Processed features for key SP0302W08
VLOG[2] (compute-mfcc-feats[5.5.1068~2-59299]:main():compute-mfcc-feats.cc:182) Processed features for key SP0302W09
VLOG[2] (compute-mfcc-feats[5.5.1068~2-59299]:main():compute-mfcc-feats.cc:182) Processed features for key SP0303W00
LOG (compute-mfcc-feats[5.5.1068~2-59299]:main():compute-mfcc-feats.cc:181) Processed 250 utterances
VLOG[2] (compute-mfcc-feats[5.5.1068~2-59299]:main():compute-mfcc-feats.cc:182) Processed features for key SP0303W01
VLOG[2] (compute-mfcc-feats[5.5.1068~2-59299]:main():compute-mfcc-feats.cc:182) Processed features for key SP0303W02
VLOG[2] (compute-mfcc-feats[5.5.1068~2-59299]:main():compute-mfcc-feats.cc:182) Processed features for key SP0303W03
VLOG[2] (compute-mfcc-feats[5.5.1068~2-59299]:main():compute-mfcc-feats.cc:182) Processed features for key SP0303W04
VLOG[2] (compute-mfcc-feats[5.5.1068~2-59299]:main():compute-mfcc-feats.cc:182) Processed features for key SP0303W05
VLOG[2] (compute-mfcc-feats[5.5.1068~2-59299]:main():compute-mfcc-feats.cc:182) Processed features for key SP0303W06
VLOG[2] (compute-mfcc-feats[5.5.1068~2-59299]:main():compute-mfcc-feats.cc:182) Processed features for key SP0303W07
VLOG[2] (compute-mfcc-feats[5.5.1068~2-59299]:main():compute-mfcc-feats.cc:182) Processed features for key SP0303W08
VLOG[2] (compute-mfcc-feats[5.5.1068~2-59299]:main():compute-mfcc-feats.cc:182) Processed features for key SP0303W09
VLOG[2] (compute-mfcc-feats[5.5.1068~2-59299]:main():compute-mfcc-feats.cc:182) Processed features for key SP0304W00
LOG (compute-mfcc-feats[5.5.1068~2-59299]:main():compute-mfcc-feats.cc:181) Processed 260 utterances
VLOG[2] (compute-mfcc-feats[5.5.1068~2-59299]:main():compute-mfcc-feats.cc:182) Processed features for key SP0304W01
VLOG[2] (compute-mfcc-feats[5.5.1068~2-59299]:main():compute-mfcc-feats.cc:182) Processed features for key SP0304W02
VLOG[2] (compute-mfcc-feats[5.5.1068~2-59299]:main():compute-mfcc-feats.cc:182) Processed features for key SP0304W03
VLOG[2] (compute-mfcc-feats[5.5.1068~2-59299]:main():compute-mfcc-feats.cc:182) Processed features for key SP0304W04
VLOG[2] (compute-mfcc-feats[5.5.1068~2-59299]:main():compute-mfcc-feats.cc:182) Processed features for key SP0304W05
VLOG[2] (compute-mfcc-feats[5.5.1068~2-59299]:main():compute-mfcc-feats.cc:182) Processed features for key SP0304W06
VLOG[2] (compute-mfcc-feats[5.5.1068~2-59299]:main():compute-mfcc-feats.cc:182) Processed features for key SP0304W07
VLOG[2] (compute-mfcc-feats[5.5.1068~2-59299]:main():compute-mfcc-feats.cc:182) Processed features for key SP0304W08
VLOG[2] (compute-mfcc-feats[5.5.1068~2-59299]:main():compute-mfcc-feats.cc:182) Processed features for key SP0304W09
VLOG[2] (compute-mfcc-feats[5.5.1068~2-59299]:main():compute-mfcc-feats.cc:182) Processed features for key SP0305W00
LOG (compute-mfcc-feats[5.5.1068~2-59299]:main():compute-mfcc-feats.cc:181) Processed 270 utterances
VLOG[2] (compute-mfcc-feats[5.5.1068~2-59299]:main():compute-mfcc-feats.cc:182) Processed features for key SP0305W01
VLOG[2] (compute-mfcc-feats[5.5.1068~2-59299]:main():compute-mfcc-feats.cc:182) Processed features for key SP0305W02
VLOG[2] (compute-mfcc-feats[5.5.1068~2-59299]:main():compute-mfcc-feats.cc:182) Processed features for key SP0305W03
VLOG[2] (compute-mfcc-feats[5.5.1068~2-59299]:main():compute-mfcc-feats.cc:182) Processed features for key SP0305W04
VLOG[2] (compute-mfcc-feats[5.5.1068~2-59299]:main():compute-mfcc-feats.cc:182) Processed features for key SP0305W05
VLOG[2] (compute-mfcc-feats[5.5.1068~2-59299]:main():compute-mfcc-feats.cc:182) Processed features for key SP0305W06
VLOG[2] (compute-mfcc-feats[5.5.1068~2-59299]:main():compute-mfcc-feats.cc:182) Processed features for key SP0305W07
VLOG[2] (compute-mfcc-feats[5.5.1068~2-59299]:main():compute-mfcc-feats.cc:182) Processed features for key SP0305W08
VLOG[2] (compute-mfcc-feats[5.5.1068~2-59299]:main():compute-mfcc-feats.cc:182) Processed features for key SP0305W09
VLOG[2] (compute-mfcc-feats[5.5.1068~2-59299]:main():compute-mfcc-feats.cc:182) Processed features for key SP0306W00
LOG (compute-mfcc-feats[5.5.1068~2-59299]:main():compute-mfcc-feats.cc:181) Processed 280 utterances
VLOG[2] (compute-mfcc-feats[5.5.1068~2-59299]:main():compute-mfcc-feats.cc:182) Processed features for key SP0306W01
VLOG[2] (compute-mfcc-feats[5.5.1068~2-59299]:main():compute-mfcc-feats.cc:182) Processed features for key SP0306W02
VLOG[2] (compute-mfcc-feats[5.5.1068~2-59299]:main():compute-mfcc-feats.cc:182) Processed features for key SP0306W03
VLOG[2] (compute-mfcc-feats[5.5.1068~2-59299]:main():compute-mfcc-feats.cc:182) Processed features for key SP0306W04
VLOG[2] (compute-mfcc-feats[5.5.1068~2-59299]:main():compute-mfcc-feats.cc:182) Processed features for key SP0306W05
VLOG[2] (compute-mfcc-feats[5.5.1068~2-59299]:main():compute-mfcc-feats.cc:182) Processed features for key SP0306W06
VLOG[2] (compute-mfcc-feats[5.5.1068~2-59299]:main():compute-mfcc-feats.cc:182) Processed features for key SP0306W07
VLOG[2] (compute-mfcc-feats[5.5.1068~2-59299]:main():compute-mfcc-feats.cc:182) Processed features for key SP0306W08
VLOG[2] (compute-mfcc-feats[5.5.1068~2-59299]:main():compute-mfcc-feats.cc:182) Processed features for key SP0306W09
VLOG[2] (compute-mfcc-feats[5.5.1068~2-59299]:main():compute-mfcc-feats.cc:182) Processed features for key SP0307W00
LOG (compute-mfcc-feats[5.5.1068~2-59299]:main():compute-mfcc-feats.cc:181) Processed 290 utterances
VLOG[2] (compute-mfcc-feats[5.5.1068~2-59299]:main():compute-mfcc-feats.cc:182) Processed features for key SP0307W01
VLOG[2] (compute-mfcc-feats[5.5.1068~2-59299]:main():compute-mfcc-feats.cc:182) Processed features for key SP0307W02
VLOG[2] (compute-mfcc-feats[5.5.1068~2-59299]:main():compute-mfcc-feats.cc:182) Processed features for key SP0307W03
VLOG[2] (compute-mfcc-feats[5.5.1068~2-59299]:main():compute-mfcc-feats.cc:182) Processed features for key SP0307W04
VLOG[2] (compute-mfcc-feats[5.5.1068~2-59299]:main():compute-mfcc-feats.cc:182) Processed features for key SP0307W05
VLOG[2] (compute-mfcc-feats[5.5.1068~2-59299]:main():compute-mfcc-feats.cc:182) Processed features for key SP0307W06
VLOG[2] (compute-mfcc-feats[5.5.1068~2-59299]:main():compute-mfcc-feats.cc:182) Processed features for key SP0307W07
VLOG[2] (compute-mfcc-feats[5.5.1068~2-59299]:main():compute-mfcc-feats.cc:182) Processed features for key SP0307W08
VLOG[2] (compute-mfcc-feats[5.5.1068~2-59299]:main():compute-mfcc-feats.cc:182) Processed features for key SP0307W09
VLOG[2] (compute-mfcc-feats[5.5.1068~2-59299]:main():compute-mfcc-feats.cc:182) Processed features for key SP0308W00
LOG (compute-mfcc-feats[5.5.1068~2-59299]:main():compute-mfcc-feats.cc:181) Processed 300 utterances
VLOG[2] (compute-mfcc-feats[5.5.1068~2-59299]:main():compute-mfcc-feats.cc:182) Processed features for key SP0308W01
VLOG[2] (compute-mfcc-feats[5.5.1068~2-59299]:main():compute-mfcc-feats.cc:182) Processed features for key SP0308W02
VLOG[2] (compute-mfcc-feats[5.5.1068~2-59299]:main():compute-mfcc-feats.cc:182) Processed features for key SP0308W03
VLOG[2] (compute-mfcc-feats[5.5.1068~2-59299]:main():compute-mfcc-feats.cc:182) Processed features for key SP0308W04
VLOG[2] (compute-mfcc-feats[5.5.1068~2-59299]:main():compute-mfcc-feats.cc:182) Processed features for key SP0308W05
VLOG[2] (compute-mfcc-feats[5.5.1068~2-59299]:main():compute-mfcc-feats.cc:182) Processed features for key SP0308W06
VLOG[2] (compute-mfcc-feats[5.5.1068~2-59299]:main():compute-mfcc-feats.cc:182) Processed features for key SP0308W07
VLOG[2] (compute-mfcc-feats[5.5.1068~2-59299]:main():compute-mfcc-feats.cc:182) Processed features for key SP0308W08
VLOG[2] (compute-mfcc-feats[5.5.1068~2-59299]:main():compute-mfcc-feats.cc:182) Processed features for key SP0308W09
VLOG[2] (compute-mfcc-feats[5.5.1068~2-59299]:main():compute-mfcc-feats.cc:182) Processed features for key SP0309W00
LOG (compute-mfcc-feats[5.5.1068~2-59299]:main():compute-mfcc-feats.cc:181) Processed 310 utterances
VLOG[2] (compute-mfcc-feats[5.5.1068~2-59299]:main():compute-mfcc-feats.cc:182) Processed features for key SP0309W01
VLOG[2] (compute-mfcc-feats[5.5.1068~2-59299]:main():compute-mfcc-feats.cc:182) Processed features for key SP0309W02
VLOG[2] (compute-mfcc-feats[5.5.1068~2-59299]:main():compute-mfcc-feats.cc:182) Processed features for key SP0309W03
VLOG[2] (compute-mfcc-feats[5.5.1068~2-59299]:main():compute-mfcc-feats.cc:182) Processed features for key SP0309W04
VLOG[2] (compute-mfcc-feats[5.5.1068~2-59299]:main():compute-mfcc-feats.cc:182) Processed features for key SP0309W05
VLOG[2] (compute-mfcc-feats[5.5.1068~2-59299]:main():compute-mfcc-feats.cc:182) Processed features for key SP0309W06
VLOG[2] (compute-mfcc-feats[5.5.1068~2-59299]:main():compute-mfcc-feats.cc:182) Processed features for key SP0309W07
VLOG[2] (compute-mfcc-feats[5.5.1068~2-59299]:main():compute-mfcc-feats.cc:182) Processed features for key SP0309W08
VLOG[2] (compute-mfcc-feats[5.5.1068~2-59299]:main():compute-mfcc-feats.cc:182) Processed features for key SP0309W09
VLOG[2] (compute-mfcc-feats[5.5.1068~2-59299]:main():compute-mfcc-feats.cc:182) Processed features for key SP0310W00
LOG (compute-mfcc-feats[5.5.1068~2-59299]:main():compute-mfcc-feats.cc:181) Processed 320 utterances
VLOG[2] (compute-mfcc-feats[5.5.1068~2-59299]:main():compute-mfcc-feats.cc:182) Processed features for key SP0310W01
VLOG[2] (compute-mfcc-feats[5.5.1068~2-59299]:main():compute-mfcc-feats.cc:182) Processed features for key SP0310W02
VLOG[2] (compute-mfcc-feats[5.5.1068~2-59299]:main():compute-mfcc-feats.cc:182) Processed features for key SP0310W03
VLOG[2] (compute-mfcc-feats[5.5.1068~2-59299]:main():compute-mfcc-feats.cc:182) Processed features for key SP0310W04
VLOG[2] (compute-mfcc-feats[5.5.1068~2-59299]:main():compute-mfcc-feats.cc:182) Processed features for key SP0310W05
VLOG[2] (compute-mfcc-feats[5.5.1068~2-59299]:main():compute-mfcc-feats.cc:182) Processed features for key SP0310W06
VLOG[2] (compute-mfcc-feats[5.5.1068~2-59299]:main():compute-mfcc-feats.cc:182) Processed features for key SP0310W07
VLOG[2] (compute-mfcc-feats[5.5.1068~2-59299]:main():compute-mfcc-feats.cc:182) Processed features for key SP0310W08
VLOG[2] (compute-mfcc-feats[5.5.1068~2-59299]:main():compute-mfcc-feats.cc:182) Processed features for key SP0310W09
VLOG[2] (compute-mfcc-feats[5.5.1068~2-59299]:main():compute-mfcc-feats.cc:182) Processed features for key SP0311W00
LOG (compute-mfcc-feats[5.5.1068~2-59299]:main():compute-mfcc-feats.cc:181) Processed 330 utterances
VLOG[2] (compute-mfcc-feats[5.5.1068~2-59299]:main():compute-mfcc-feats.cc:182) Processed features for key SP0311W01
VLOG[2] (compute-mfcc-feats[5.5.1068~2-59299]:main():compute-mfcc-feats.cc:182) Processed features for key SP0311W02
VLOG[2] (compute-mfcc-feats[5.5.1068~2-59299]:main():compute-mfcc-feats.cc:182) Processed features for key SP0311W03
VLOG[2] (compute-mfcc-feats[5.5.1068~2-59299]:main():compute-mfcc-feats.cc:182) Processed features for key SP0311W04
VLOG[2] (compute-mfcc-feats[5.5.1068~2-59299]:main():compute-mfcc-feats.cc:182) Processed features for key SP0311W05
VLOG[2] (compute-mfcc-feats[5.5.1068~2-59299]:main():compute-mfcc-feats.cc:182) Processed features for key SP0311W06
VLOG[2] (compute-mfcc-feats[5.5.1068~2-59299]:main():compute-mfcc-feats.cc:182) Processed features for key SP0311W07
VLOG[2] (compute-mfcc-feats[5.5.1068~2-59299]:main():compute-mfcc-feats.cc:182) Processed features for key SP0311W08
VLOG[2] (compute-mfcc-feats[5.5.1068~2-59299]:main():compute-mfcc-feats.cc:182) Processed features for key SP0311W09
VLOG[2] (compute-mfcc-feats[5.5.1068~2-59299]:main():compute-mfcc-feats.cc:182) Processed features for key SP0312W00
LOG (compute-mfcc-feats[5.5.1068~2-59299]:main():compute-mfcc-feats.cc:181) Processed 340 utterances
VLOG[2] (compute-mfcc-feats[5.5.1068~2-59299]:main():compute-mfcc-feats.cc:182) Processed features for key SP0312W01
VLOG[2] (compute-mfcc-feats[5.5.1068~2-59299]:main():compute-mfcc-feats.cc:182) Processed features for key SP0312W02
VLOG[2] (compute-mfcc-feats[5.5.1068~2-59299]:main():compute-mfcc-feats.cc:182) Processed features for key SP0312W03
VLOG[2] (compute-mfcc-feats[5.5.1068~2-59299]:main():compute-mfcc-feats.cc:182) Processed features for key SP0312W04
VLOG[2] (compute-mfcc-feats[5.5.1068~2-59299]:main():compute-mfcc-feats.cc:182) Processed features for key SP0312W05
VLOG[2] (compute-mfcc-feats[5.5.1068~2-59299]:main():compute-mfcc-feats.cc:182) Processed features for key SP0312W06
VLOG[2] (compute-mfcc-feats[5.5.1068~2-59299]:main():compute-mfcc-feats.cc:182) Processed features for key SP0312W07
VLOG[2] (compute-mfcc-feats[5.5.1068~2-59299]:main():compute-mfcc-feats.cc:182) Processed features for key SP0312W08
VLOG[2] (compute-mfcc-feats[5.5.1068~2-59299]:main():compute-mfcc-feats.cc:182) Processed features for key SP0312W09
VLOG[2] (compute-mfcc-feats[5.5.1068~2-59299]:main():compute-mfcc-feats.cc:182) Processed features for key SP0313W00
LOG (compute-mfcc-feats[5.5.1068~2-59299]:main():compute-mfcc-feats.cc:181) Processed 350 utterances
VLOG[2] (compute-mfcc-feats[5.5.1068~2-59299]:main():compute-mfcc-feats.cc:182) Processed features for key SP0313W01
VLOG[2] (compute-mfcc-feats[5.5.1068~2-59299]:main():compute-mfcc-feats.cc:182) Processed features for key SP0313W02
VLOG[2] (compute-mfcc-feats[5.5.1068~2-59299]:main():compute-mfcc-feats.cc:182) Processed features for key SP0313W03
VLOG[2] (compute-mfcc-feats[5.5.1068~2-59299]:main():compute-mfcc-feats.cc:182) Processed features for key SP0313W04
VLOG[2] (compute-mfcc-feats[5.5.1068~2-59299]:main():compute-mfcc-feats.cc:182) Processed features for key SP0313W05
VLOG[2] (compute-mfcc-feats[5.5.1068~2-59299]:main():compute-mfcc-feats.cc:182) Processed features for key SP0313W06
VLOG[2] (compute-mfcc-feats[5.5.1068~2-59299]:main():compute-mfcc-feats.cc:182) Processed features for key SP0313W07
VLOG[2] (compute-mfcc-feats[5.5.1068~2-59299]:main():compute-mfcc-feats.cc:182) Processed features for key SP0313W08
VLOG[2] (compute-mfcc-feats[5.5.1068~2-59299]:main():compute-mfcc-feats.cc:182) Processed features for key SP0313W09
VLOG[2] (compute-mfcc-feats[5.5.1068~2-59299]:main():compute-mfcc-feats.cc:182) Processed features for key SP0314W00
LOG (compute-mfcc-feats[5.5.1068~2-59299]:main():compute-mfcc-feats.cc:181) Processed 360 utterances
VLOG[2] (compute-mfcc-feats[5.5.1068~2-59299]:main():compute-mfcc-feats.cc:182) Processed features for key SP0314W01
VLOG[2] (compute-mfcc-feats[5.5.1068~2-59299]:main():compute-mfcc-feats.cc:182) Processed features for key SP0314W02
VLOG[2] (compute-mfcc-feats[5.5.1068~2-59299]:main():compute-mfcc-feats.cc:182) Processed features for key SP0314W03
VLOG[2] (compute-mfcc-feats[5.5.1068~2-59299]:main():compute-mfcc-feats.cc:182) Processed features for key SP0314W04
VLOG[2] (compute-mfcc-feats[5.5.1068~2-59299]:main():compute-mfcc-feats.cc:182) Processed features for key SP0314W05
VLOG[2] (compute-mfcc-feats[5.5.1068~2-59299]:main():compute-mfcc-feats.cc:182) Processed features for key SP0314W06
VLOG[2] (compute-mfcc-feats[5.5.1068~2-59299]:main():compute-mfcc-feats.cc:182) Processed features for key SP0314W07
VLOG[2] (compute-mfcc-feats[5.5.1068~2-59299]:main():compute-mfcc-feats.cc:182) Processed features for key SP0314W08
VLOG[2] (compute-mfcc-feats[5.5.1068~2-59299]:main():compute-mfcc-feats.cc:182) Processed features for key SP0314W09
VLOG[2] (compute-mfcc-feats[5.5.1068~2-59299]:main():compute-mfcc-feats.cc:182) Processed features for key SP0315W00
LOG (compute-mfcc-feats[5.5.1068~2-59299]:main():compute-mfcc-feats.cc:181) Processed 370 utterances
VLOG[2] (compute-mfcc-feats[5.5.1068~2-59299]:main():compute-mfcc-feats.cc:182) Processed features for key SP0315W01
VLOG[2] (compute-mfcc-feats[5.5.1068~2-59299]:main():compute-mfcc-feats.cc:182) Processed features for key SP0315W02
VLOG[2] (compute-mfcc-feats[5.5.1068~2-59299]:main():compute-mfcc-feats.cc:182) Processed features for key SP0315W03
VLOG[2] (compute-mfcc-feats[5.5.1068~2-59299]:main():compute-mfcc-feats.cc:182) Processed features for key SP0315W04
VLOG[2] (compute-mfcc-feats[5.5.1068~2-59299]:main():compute-mfcc-feats.cc:182) Processed features for key SP0315W05
VLOG[2] (compute-mfcc-feats[5.5.1068~2-59299]:main():compute-mfcc-feats.cc:182) Processed features for key SP0315W06
VLOG[2] (compute-mfcc-feats[5.5.1068~2-59299]:main():compute-mfcc-feats.cc:182) Processed features for key SP0315W07
VLOG[2] (compute-mfcc-feats[5.5.1068~2-59299]:main():compute-mfcc-feats.cc:182) Processed features for key SP0315W08
VLOG[2] (compute-mfcc-feats[5.5.1068~2-59299]:main():compute-mfcc-feats.cc:182) Processed features for key SP0315W09
VLOG[2] (compute-mfcc-feats[5.5.1068~2-59299]:main():compute-mfcc-feats.cc:182) Processed features for key SP0316W00
LOG (compute-mfcc-feats[5.5.1068~2-59299]:main():compute-mfcc-feats.cc:181) Processed 380 utterances
VLOG[2] (compute-mfcc-feats[5.5.1068~2-59299]:main():compute-mfcc-feats.cc:182) Processed features for key SP0316W01
VLOG[2] (compute-mfcc-feats[5.5.1068~2-59299]:main():compute-mfcc-feats.cc:182) Processed features for key SP0316W02
VLOG[2] (compute-mfcc-feats[5.5.1068~2-59299]:main():compute-mfcc-feats.cc:182) Processed features for key SP0316W03
VLOG[2] (compute-mfcc-feats[5.5.1068~2-59299]:main():compute-mfcc-feats.cc:182) Processed features for key SP0316W04
VLOG[2] (compute-mfcc-feats[5.5.1068~2-59299]:main():compute-mfcc-feats.cc:182) Processed features for key SP0316W05
VLOG[2] (compute-mfcc-feats[5.5.1068~2-59299]:main():compute-mfcc-feats.cc:182) Processed features for key SP0316W06
VLOG[2] (compute-mfcc-feats[5.5.1068~2-59299]:main():compute-mfcc-feats.cc:182) Processed features for key SP0316W07
VLOG[2] (compute-mfcc-feats[5.5.1068~2-59299]:main():compute-mfcc-feats.cc:182) Processed features for key SP0316W08
VLOG[2] (compute-mfcc-feats[5.5.1068~2-59299]:main():compute-mfcc-feats.cc:182) Processed features for key SP0316W09
VLOG[2] (compute-mfcc-feats[5.5.1068~2-59299]:main():compute-mfcc-feats.cc:182) Processed features for key SP0317W00
LOG (compute-mfcc-feats[5.5.1068~2-59299]:main():compute-mfcc-feats.cc:181) Processed 390 utterances
VLOG[2] (compute-mfcc-feats[5.5.1068~2-59299]:main():compute-mfcc-feats.cc:182) Processed features for key SP0317W01
VLOG[2] (compute-mfcc-feats[5.5.1068~2-59299]:main():compute-mfcc-feats.cc:182) Processed features for key SP0317W02
VLOG[2] (compute-mfcc-feats[5.5.1068~2-59299]:main():compute-mfcc-feats.cc:182) Processed features for key SP0317W03
VLOG[2] (compute-mfcc-feats[5.5.1068~2-59299]:main():compute-mfcc-feats.cc:182) Processed features for key SP0317W04
VLOG[2] (compute-mfcc-feats[5.5.1068~2-59299]:main():compute-mfcc-feats.cc:182) Processed features for key SP0317W05
VLOG[2] (compute-mfcc-feats[5.5.1068~2-59299]:main():compute-mfcc-feats.cc:182) Processed features for key SP0317W06
VLOG[2] (compute-mfcc-feats[5.5.1068~2-59299]:main():compute-mfcc-feats.cc:182) Processed features for key SP0317W07
VLOG[2] (compute-mfcc-feats[5.5.1068~2-59299]:main():compute-mfcc-feats.cc:182) Processed features for key SP0317W08
VLOG[2] (compute-mfcc-feats[5.5.1068~2-59299]:main():compute-mfcc-feats.cc:182) Processed features for key SP0317W09
VLOG[2] (compute-mfcc-feats[5.5.1068~2-59299]:main():compute-mfcc-feats.cc:182) Processed features for key SP0318W00
LOG (compute-mfcc-feats[5.5.1068~2-59299]:main():compute-mfcc-feats.cc:181) Processed 400 utterances
VLOG[2] (compute-mfcc-feats[5.5.1068~2-59299]:main():compute-mfcc-feats.cc:182) Processed features for key SP0318W01
VLOG[2] (compute-mfcc-feats[5.5.1068~2-59299]:main():compute-mfcc-feats.cc:182) Processed features for key SP0318W02
VLOG[2] (compute-mfcc-feats[5.5.1068~2-59299]:main():compute-mfcc-feats.cc:182) Processed features for key SP0318W03
VLOG[2] (compute-mfcc-feats[5.5.1068~2-59299]:main():compute-mfcc-feats.cc:182) Processed features for key SP0318W04
VLOG[2] (compute-mfcc-feats[5.5.1068~2-59299]:main():compute-mfcc-feats.cc:182) Processed features for key SP0318W05
VLOG[2] (compute-mfcc-feats[5.5.1068~2-59299]:main():compute-mfcc-feats.cc:182) Processed features for key SP0318W06
VLOG[2] (compute-mfcc-feats[5.5.1068~2-59299]:main():compute-mfcc-feats.cc:182) Processed features for key SP0318W07
VLOG[2] (compute-mfcc-feats[5.5.1068~2-59299]:main():compute-mfcc-feats.cc:182) Processed features for key SP0318W08
VLOG[2] (compute-mfcc-feats[5.5.1068~2-59299]:main():compute-mfcc-feats.cc:182) Processed features for key SP0318W09
VLOG[2] (compute-mfcc-feats[5.5.1068~2-59299]:main():compute-mfcc-feats.cc:182) Processed features for key SP0319W00
LOG (compute-mfcc-feats[5.5.1068~2-59299]:main():compute-mfcc-feats.cc:181) Processed 410 utterances
VLOG[2] (compute-mfcc-feats[5.5.1068~2-59299]:main():compute-mfcc-feats.cc:182) Processed features for key SP0319W01
VLOG[2] (compute-mfcc-feats[5.5.1068~2-59299]:main():compute-mfcc-feats.cc:182) Processed features for key SP0319W02
VLOG[2] (compute-mfcc-feats[5.5.1068~2-59299]:main():compute-mfcc-feats.cc:182) Processed features for key SP0319W03
VLOG[2] (compute-mfcc-feats[5.5.1068~2-59299]:main():compute-mfcc-feats.cc:182) Processed features for key SP0319W04
VLOG[2] (compute-mfcc-feats[5.5.1068~2-59299]:main():compute-mfcc-feats.cc:182) Processed features for key SP0319W05
VLOG[2] (compute-mfcc-feats[5.5.1068~2-59299]:main():compute-mfcc-feats.cc:182) Processed features for key SP0319W06
VLOG[2] (compute-mfcc-feats[5.5.1068~2-59299]:main():compute-mfcc-feats.cc:182) Processed features for key SP0319W07
VLOG[2] (compute-mfcc-feats[5.5.1068~2-59299]:main():compute-mfcc-feats.cc:182) Processed features for key SP0319W08
VLOG[2] (compute-mfcc-feats[5.5.1068~2-59299]:main():compute-mfcc-feats.cc:182) Processed features for key SP0319W09
VLOG[2] (compute-mfcc-feats[5.5.1068~2-59299]:main():compute-mfcc-feats.cc:182) Processed features for key SP0320W00
LOG (compute-mfcc-feats[5.5.1068~2-59299]:main():compute-mfcc-feats.cc:181) Processed 420 utterances
VLOG[2] (compute-mfcc-feats[5.5.1068~2-59299]:main():compute-mfcc-feats.cc:182) Processed features for key SP0320W01
VLOG[2] (compute-mfcc-feats[5.5.1068~2-59299]:main():compute-mfcc-feats.cc:182) Processed features for key SP0320W02
VLOG[2] (compute-mfcc-feats[5.5.1068~2-59299]:main():compute-mfcc-feats.cc:182) Processed features for key SP0320W03
VLOG[2] (compute-mfcc-feats[5.5.1068~2-59299]:main():compute-mfcc-feats.cc:182) Processed features for key SP0320W04
VLOG[2] (compute-mfcc-feats[5.5.1068~2-59299]:main():compute-mfcc-feats.cc:182) Processed features for key SP0320W05
VLOG[2] (compute-mfcc-feats[5.5.1068~2-59299]:main():compute-mfcc-feats.cc:182) Processed features for key SP0320W06
VLOG[2] (compute-mfcc-feats[5.5.1068~2-59299]:main():compute-mfcc-feats.cc:182) Processed features for key SP0320W07
VLOG[2] (compute-mfcc-feats[5.5.1068~2-59299]:main():compute-mfcc-feats.cc:182) Processed features for key SP0320W08
VLOG[2] (compute-mfcc-feats[5.5.1068~2-59299]:main():compute-mfcc-feats.cc:182) Processed features for key SP0320W09
VLOG[2] (compute-mfcc-feats[5.5.1068~2-59299]:main():compute-mfcc-feats.cc:182) Processed features for key SP0321W00
LOG (compute-mfcc-feats[5.5.1068~2-59299]:main():compute-mfcc-feats.cc:181) Processed 430 utterances
VLOG[2] (compute-mfcc-feats[5.5.1068~2-59299]:main():compute-mfcc-feats.cc:182) Processed features for key SP0321W01
VLOG[2] (compute-mfcc-feats[5.5.1068~2-59299]:main():compute-mfcc-feats.cc:182) Processed features for key SP0321W02
VLOG[2] (compute-mfcc-feats[5.5.1068~2-59299]:main():compute-mfcc-feats.cc:182) Processed features for key SP0321W03
VLOG[2] (compute-mfcc-feats[5.5.1068~2-59299]:main():compute-mfcc-feats.cc:182) Processed features for key SP0321W04
VLOG[2] (compute-mfcc-feats[5.5.1068~2-59299]:main():compute-mfcc-feats.cc:182) Processed features for key SP0321W05
VLOG[2] (compute-mfcc-feats[5.5.1068~2-59299]:main():compute-mfcc-feats.cc:182) Processed features for key SP0321W06
VLOG[2] (compute-mfcc-feats[5.5.1068~2-59299]:main():compute-mfcc-feats.cc:182) Processed features for key SP0321W07
VLOG[2] (compute-mfcc-feats[5.5.1068~2-59299]:main():compute-mfcc-feats.cc:182) Processed features for key SP0321W08
VLOG[2] (compute-mfcc-feats[5.5.1068~2-59299]:main():compute-mfcc-feats.cc:182) Processed features for key SP0321W09
VLOG[2] (compute-mfcc-feats[5.5.1068~2-59299]:main():compute-mfcc-feats.cc:182) Processed features for key SP0322W00
LOG (compute-mfcc-feats[5.5.1068~2-59299]:main():compute-mfcc-feats.cc:181) Processed 440 utterances
VLOG[2] (compute-mfcc-feats[5.5.1068~2-59299]:main():compute-mfcc-feats.cc:182) Processed features for key SP0322W01
VLOG[2] (compute-mfcc-feats[5.5.1068~2-59299]:main():compute-mfcc-feats.cc:182) Processed features for key SP0322W02
VLOG[2] (compute-mfcc-feats[5.5.1068~2-59299]:main():compute-mfcc-feats.cc:182) Processed features for key SP0322W03
VLOG[2] (compute-mfcc-feats[5.5.1068~2-59299]:main():compute-mfcc-feats.cc:182) Processed features for key SP0322W04
VLOG[2] (compute-mfcc-feats[5.5.1068~2-59299]:main():compute-mfcc-feats.cc:182) Processed features for key SP0322W05
VLOG[2] (compute-mfcc-feats[5.5.1068~2-59299]:main():compute-mfcc-feats.cc:182) Processed features for key SP0322W06
VLOG[2] (compute-mfcc-feats[5.5.1068~2-59299]:main():compute-mfcc-feats.cc:182) Processed features for key SP0322W07
VLOG[2] (compute-mfcc-feats[5.5.1068~2-59299]:main():compute-mfcc-feats.cc:182) Processed features for key SP0322W08
VLOG[2] (compute-mfcc-feats[5.5.1068~2-59299]:main():compute-mfcc-feats.cc:182) Processed features for key SP0322W09
VLOG[2] (compute-mfcc-feats[5.5.1068~2-59299]:main():compute-mfcc-feats.cc:182) Processed features for key SP0323W00
LOG (compute-mfcc-feats[5.5.1068~2-59299]:main():compute-mfcc-feats.cc:181) Processed 450 utterances
VLOG[2] (compute-mfcc-feats[5.5.1068~2-59299]:main():compute-mfcc-feats.cc:182) Processed features for key SP0323W01
VLOG[2] (compute-mfcc-feats[5.5.1068~2-59299]:main():compute-mfcc-feats.cc:182) Processed features for key SP0323W02
VLOG[2] (compute-mfcc-feats[5.5.1068~2-59299]:main():compute-mfcc-feats.cc:182) Processed features for key SP0323W03
VLOG[2] (compute-mfcc-feats[5.5.1068~2-59299]:main():compute-mfcc-feats.cc:182) Processed features for key SP0323W04
VLOG[2] (compute-mfcc-feats[5.5.1068~2-59299]:main():compute-mfcc-feats.cc:182) Processed features for key SP0323W05
VLOG[2] (compute-mfcc-feats[5.5.1068~2-59299]:main():compute-mfcc-feats.cc:182) Processed features for key SP0323W06
VLOG[2] (compute-mfcc-feats[5.5.1068~2-59299]:main():compute-mfcc-feats.cc:182) Processed features for key SP0323W07
VLOG[2] (compute-mfcc-feats[5.5.1068~2-59299]:main():compute-mfcc-feats.cc:182) Processed features for key SP0323W08
VLOG[2] (compute-mfcc-feats[5.5.1068~2-59299]:main():compute-mfcc-feats.cc:182) Processed features for key SP0323W09
VLOG[2] (compute-mfcc-feats[5.5.1068~2-59299]:main():compute-mfcc-feats.cc:182) Processed features for key SP0324W00
LOG (compute-mfcc-feats[5.5.1068~2-59299]:main():compute-mfcc-feats.cc:181) Processed 460 utterances
VLOG[2] (compute-mfcc-feats[5.5.1068~2-59299]:main():compute-mfcc-feats.cc:182) Processed features for key SP0324W01
VLOG[2] (compute-mfcc-feats[5.5.1068~2-59299]:main():compute-mfcc-feats.cc:182) Processed features for key SP0324W02
VLOG[2] (compute-mfcc-feats[5.5.1068~2-59299]:main():compute-mfcc-feats.cc:182) Processed features for key SP0324W03
LOG (compute-mfcc-feats[5.5.1068~2-59299]:main():compute-mfcc-feats.cc:185)  Done 462 out of 462 utterances.
LOG (copy-feats[5.5.1068~2-59299]:main():copy-feats.cc:143) Copied 462 feature matrices.
# Accounting: time=3 threads=1
# Ended (code 0) at Thu Mar 16 01:07:14 CST 2023, elapsed time 3 seconds
