# compute-mfcc-feats --write-utt2dur=ark,t:exp/make_mfcc/train/utt2dur.9 --verbose=2 --config=conf/mfcc.conf scp,p:exp/make_mfcc/train/wav_train.9.scp ark:- | copy-feats --write-num-frames=ark,t:exp/make_mfcc/train/utt2num_frames.9 --compress=true ark:- ark,scp:/home/zerol/kaldi/egs/timit/s5/mfcc/raw_mfcc_train.9.ark,/home/zerol/kaldi/egs/timit/s5/mfcc/raw_mfcc_train.9.scp 
# Started at Thu Mar 16 01:07:11 CST 2023
#
compute-mfcc-feats --write-utt2dur=ark,t:exp/make_mfcc/train/utt2dur.9 --verbose=2 --config=conf/mfcc.conf scp,p:exp/make_mfcc/train/wav_train.9.scp ark:- 
copy-feats --write-num-frames=ark,t:exp/make_mfcc/train/utt2num_frames.9 --compress=true ark:- ark,scp:/home/zerol/kaldi/egs/timit/s5/mfcc/raw_mfcc_train.9.ark,/home/zerol/kaldi/egs/timit/s5/mfcc/raw_mfcc_train.9.scp 
VLOG[2] (compute-mfcc-feats[5.5.1068~2-59299]:main():compute-mfcc-feats.cc:182) Processed features for key SP0370W06
VLOG[2] (compute-mfcc-feats[5.5.1068~2-59299]:main():compute-mfcc-feats.cc:182) Processed features for key SP0370W07
VLOG[2] (compute-mfcc-feats[5.5.1068~2-59299]:main():compute-mfcc-feats.cc:182) Processed features for key SP0370W08
VLOG[2] (compute-mfcc-feats[5.5.1068~2-59299]:main():compute-mfcc-feats.cc:182) Processed features for key SP0370W09
VLOG[2] (compute-mfcc-feats[5.5.1068~2-59299]:main():compute-mfcc-feats.cc:182) Processed features for key SP0371W00
VLOG[2] (compute-mfcc-feats[5.5.1068~2-59299]:main():compute-mfcc-feats.cc:182) Processed features for key SP0371W01
VLOG[2] (compute-mfcc-feats[5.5.1068~2-59299]:main():compute-mfcc-feats.cc:182) Processed features for key SP0371W02
VLOG[2] (compute-mfcc-feats[5.5.1068~2-59299]:main():compute-mfcc-feats.cc:182) Processed features for key SP0371W03
VLOG[2] (compute-mfcc-feats[5.5.1068~2-59299]:main():compute-mfcc-feats.cc:182) Processed features for key SP0371W04
LOG (compute-mfcc-feats[5.5.1068~2-59299]:main():compute-mfcc-feats.cc:181) Processed 10 utterances
VLOG[2] (compute-mfcc-feats[5.5.1068~2-59299]:main():compute-mfcc-feats.cc:182) Processed features for key SP0371W05
VLOG[2] (compute-mfcc-feats[5.5.1068~2-59299]:main():compute-mfcc-feats.cc:182) Processed features for key SP0371W06
VLOG[2] (compute-mfcc-feats[5.5.1068~2-59299]:main():compute-mfcc-feats.cc:182) Processed features for key SP0371W07
VLOG[2] (compute-mfcc-feats[5.5.1068~2-59299]:main():compute-mfcc-feats.cc:182) Processed features for key SP0371W08
VLOG[2] (compute-mfcc-feats[5.5.1068~2-59299]:main():compute-mfcc-feats.cc:182) Processed features for key SP0371W09
VLOG[2] (compute-mfcc-feats[5.5.1068~2-59299]:main():compute-mfcc-feats.cc:182) Processed features for key SP0372W00
VLOG[2] (compute-mfcc-feats[5.5.1068~2-59299]:main():compute-mfcc-feats.cc:182) Processed features for key SP0372W01
VLOG[2] (compute-mfcc-feats[5.5.1068~2-59299]:main():compute-mfcc-feats.cc:182) Processed features for key SP0372W02
VLOG[2] (compute-mfcc-feats[5.5.1068~2-59299]:main():compute-mfcc-feats.cc:182) Processed features for key SP0372W03
VLOG[2] (compute-mfcc-feats[5.5.1068~2-59299]:main():compute-mfcc-feats.cc:182) Processed features for key SP0372W04
LOG (compute-mfcc-feats[5.5.1068~2-59299]:main():compute-mfcc-feats.cc:181) Processed 20 utterances
VLOG[2] (compute-mfcc-feats[5.5.1068~2-59299]:main():compute-mfcc-feats.cc:182) Processed features for key SP0372W05
VLOG[2] (compute-mfcc-feats[5.5.1068~2-59299]:main():compute-mfcc-feats.cc:182) Processed features for key SP0372W06
VLOG[2] (compute-mfcc-feats[5.5.1068~2-59299]:main():compute-mfcc-feats.cc:182) Processed features for key SP0372W07
VLOG[2] (compute-mfcc-feats[5.5.1068~2-59299]:main():compute-mfcc-feats.cc:182) Processed features for key SP0372W08
VLOG[2] (compute-mfcc-feats[5.5.1068~2-59299]:main():compute-mfcc-feats.cc:182) Processed features for key SP0372W09
VLOG[2] (compute-mfcc-feats[5.5.1068~2-59299]:main():compute-mfcc-feats.cc:182) Processed features for key SP0373W00
VLOG[2] (compute-mfcc-feats[5.5.1068~2-59299]:main():compute-mfcc-feats.cc:182) Processed features for key SP0373W01
VLOG[2] (compute-mfcc-feats[5.5.1068~2-59299]:main():compute-mfcc-feats.cc:182) Processed features for key SP0373W02
VLOG[2] (compute-mfcc-feats[5.5.1068~2-59299]:main():compute-mfcc-feats.cc:182) Processed features for key SP0373W03
VLOG[2] (compute-mfcc-feats[5.5.1068~2-59299]:main():compute-mfcc-feats.cc:182) Processed features for key SP0373W04
LOG (compute-mfcc-feats[5.5.1068~2-59299]:main():compute-mfcc-feats.cc:181) Processed 30 utterances
VLOG[2] (compute-mfcc-feats[5.5.1068~2-59299]:main():compute-mfcc-feats.cc:182) Processed features for key SP0373W05
VLOG[2] (compute-mfcc-feats[5.5.1068~2-59299]:main():compute-mfcc-feats.cc:182) Processed features for key SP0373W06
VLOG[2] (compute-mfcc-feats[5.5.1068~2-59299]:main():compute-mfcc-feats.cc:182) Processed features for key SP0373W07
VLOG[2] (compute-mfcc-feats[5.5.1068~2-59299]:main():compute-mfcc-feats.cc:182) Processed features for key SP0373W08
VLOG[2] (compute-mfcc-feats[5.5.1068~2-59299]:main():compute-mfcc-feats.cc:182) Processed features for key SP0373W09
VLOG[2] (compute-mfcc-feats[5.5.1068~2-59299]:main():compute-mfcc-feats.cc:182) Processed features for key SP0374W00
VLOG[2] (compute-mfcc-feats[5.5.1068~2-59299]:main():compute-mfcc-feats.cc:182) Processed features for key SP0374W01
VLOG[2] (compute-mfcc-feats[5.5.1068~2-59299]:main():compute-mfcc-feats.cc:182) Processed features for key SP0374W02
VLOG[2] (compute-mfcc-feats[5.5.1068~2-59299]:main():compute-mfcc-feats.cc:182) Processed features for key SP0374W03
VLOG[2] (compute-mfcc-feats[5.5.1068~2-59299]:main():compute-mfcc-feats.cc:182) Processed features for key SP0374W04
LOG (compute-mfcc-feats[5.5.1068~2-59299]:main():compute-mfcc-feats.cc:181) Processed 40 utterances
VLOG[2] (compute-mfcc-feats[5.5.1068~2-59299]:main():compute-mfcc-feats.cc:182) Processed features for key SP0374W05
VLOG[2] (compute-mfcc-feats[5.5.1068~2-59299]:main():compute-mfcc-feats.cc:182) Processed features for key SP0374W06
VLOG[2] (compute-mfcc-feats[5.5.1068~2-59299]:main():compute-mfcc-feats.cc:182) Processed features for key SP0374W07
VLOG[2] (compute-mfcc-feats[5.5.1068~2-59299]:main():compute-mfcc-feats.cc:182) Processed features for key SP0374W08
VLOG[2] (compute-mfcc-feats[5.5.1068~2-59299]:main():compute-mfcc-feats.cc:182) Processed features for key SP0374W09
VLOG[2] (compute-mfcc-feats[5.5.1068~2-59299]:main():compute-mfcc-feats.cc:182) Processed features for key SP0375W00
VLOG[2] (compute-mfcc-feats[5.5.1068~2-59299]:main():compute-mfcc-feats.cc:182) Processed features for key SP0375W01
VLOG[2] (compute-mfcc-feats[5.5.1068~2-59299]:main():compute-mfcc-feats.cc:182) Processed features for key SP0375W02
VLOG[2] (compute-mfcc-feats[5.5.1068~2-59299]:main():compute-mfcc-feats.cc:182) Processed features for key SP0375W03
VLOG[2] (compute-mfcc-feats[5.5.1068~2-59299]:main():compute-mfcc-feats.cc:182) Processed features for key SP0375W04
LOG (compute-mfcc-feats[5.5.1068~2-59299]:main():compute-mfcc-feats.cc:181) Processed 50 utterances
VLOG[2] (compute-mfcc-feats[5.5.1068~2-59299]:main():compute-mfcc-feats.cc:182) Processed features for key SP0375W05
VLOG[2] (compute-mfcc-feats[5.5.1068~2-59299]:main():compute-mfcc-feats.cc:182) Processed features for key SP0375W06
VLOG[2] (compute-mfcc-feats[5.5.1068~2-59299]:main():compute-mfcc-feats.cc:182) Processed features for key SP0375W07
VLOG[2] (compute-mfcc-feats[5.5.1068~2-59299]:main():compute-mfcc-feats.cc:182) Processed features for key SP0375W08
VLOG[2] (compute-mfcc-feats[5.5.1068~2-59299]:main():compute-mfcc-feats.cc:182) Processed features for key SP0375W09
VLOG[2] (compute-mfcc-feats[5.5.1068~2-59299]:main():compute-mfcc-feats.cc:182) Processed features for key SP0376W00
VLOG[2] (compute-mfcc-feats[5.5.1068~2-59299]:main():compute-mfcc-feats.cc:182) Processed features for key SP0376W01
VLOG[2] (compute-mfcc-feats[5.5.1068~2-59299]:main():compute-mfcc-feats.cc:182) Processed features for key SP0376W02
VLOG[2] (compute-mfcc-feats[5.5.1068~2-59299]:main():compute-mfcc-feats.cc:182) Processed features for key SP0376W03
VLOG[2] (compute-mfcc-feats[5.5.1068~2-59299]:main():compute-mfcc-feats.cc:182) Processed features for key SP0376W04
LOG (compute-mfcc-feats[5.5.1068~2-59299]:main():compute-mfcc-feats.cc:181) Processed 60 utterances
VLOG[2] (compute-mfcc-feats[5.5.1068~2-59299]:main():compute-mfcc-feats.cc:182) Processed features for key SP0376W05
VLOG[2] (compute-mfcc-feats[5.5.1068~2-59299]:main():compute-mfcc-feats.cc:182) Processed features for key SP0376W06
VLOG[2] (compute-mfcc-feats[5.5.1068~2-59299]:main():compute-mfcc-feats.cc:182) Processed features for key SP0376W07
VLOG[2] (compute-mfcc-feats[5.5.1068~2-59299]:main():compute-mfcc-feats.cc:182) Processed features for key SP0376W08
VLOG[2] (compute-mfcc-feats[5.5.1068~2-59299]:main():compute-mfcc-feats.cc:182) Processed features for key SP0376W09
VLOG[2] (compute-mfcc-feats[5.5.1068~2-59299]:main():compute-mfcc-feats.cc:182) Processed features for key SP0377W00
VLOG[2] (compute-mfcc-feats[5.5.1068~2-59299]:main():compute-mfcc-feats.cc:182) Processed features for key SP0377W01
VLOG[2] (compute-mfcc-feats[5.5.1068~2-59299]:main():compute-mfcc-feats.cc:182) Processed features for key SP0377W02
VLOG[2] (compute-mfcc-feats[5.5.1068~2-59299]:main():compute-mfcc-feats.cc:182) Processed features for key SP0377W03
VLOG[2] (compute-mfcc-feats[5.5.1068~2-59299]:main():compute-mfcc-feats.cc:182) Processed features for key SP0377W04
LOG (compute-mfcc-feats[5.5.1068~2-59299]:main():compute-mfcc-feats.cc:181) Processed 70 utterances
VLOG[2] (compute-mfcc-feats[5.5.1068~2-59299]:main():compute-mfcc-feats.cc:182) Processed features for key SP0377W05
VLOG[2] (compute-mfcc-feats[5.5.1068~2-59299]:main():compute-mfcc-feats.cc:182) Processed features for key SP0377W06
VLOG[2] (compute-mfcc-feats[5.5.1068~2-59299]:main():compute-mfcc-feats.cc:182) Processed features for key SP0377W07
VLOG[2] (compute-mfcc-feats[5.5.1068~2-59299]:main():compute-mfcc-feats.cc:182) Processed features for key SP0377W08
VLOG[2] (compute-mfcc-feats[5.5.1068~2-59299]:main():compute-mfcc-feats.cc:182) Processed features for key SP0377W09
VLOG[2] (compute-mfcc-feats[5.5.1068~2-59299]:main():compute-mfcc-feats.cc:182) Processed features for key SP0378W00
VLOG[2] (compute-mfcc-feats[5.5.1068~2-59299]:main():compute-mfcc-feats.cc:182) Processed features for key SP0378W01
VLOG[2] (compute-mfcc-feats[5.5.1068~2-59299]:main():compute-mfcc-feats.cc:182) Processed features for key SP0378W02
VLOG[2] (compute-mfcc-feats[5.5.1068~2-59299]:main():compute-mfcc-feats.cc:182) Processed features for key SP0378W03
VLOG[2] (compute-mfcc-feats[5.5.1068~2-59299]:main():compute-mfcc-feats.cc:182) Processed features for key SP0378W04
LOG (compute-mfcc-feats[5.5.1068~2-59299]:main():compute-mfcc-feats.cc:181) Processed 80 utterances
VLOG[2] (compute-mfcc-feats[5.5.1068~2-59299]:main():compute-mfcc-feats.cc:182) Processed features for key SP0378W05
VLOG[2] (compute-mfcc-feats[5.5.1068~2-59299]:main():compute-mfcc-feats.cc:182) Processed features for key SP0378W06
VLOG[2] (compute-mfcc-feats[5.5.1068~2-59299]:main():compute-mfcc-feats.cc:182) Processed features for key SP0378W07
VLOG[2] (compute-mfcc-feats[5.5.1068~2-59299]:main():compute-mfcc-feats.cc:182) Processed features for key SP0378W08
VLOG[2] (compute-mfcc-feats[5.5.1068~2-59299]:main():compute-mfcc-feats.cc:182) Processed features for key SP0378W09
VLOG[2] (compute-mfcc-feats[5.5.1068~2-59299]:main():compute-mfcc-feats.cc:182) Processed features for key SP0379W00
VLOG[2] (compute-mfcc-feats[5.5.1068~2-59299]:main():compute-mfcc-feats.cc:182) Processed features for key SP0379W01
VLOG[2] (compute-mfcc-feats[5.5.1068~2-59299]:main():compute-mfcc-feats.cc:182) Processed features for key SP0379W02
VLOG[2] (compute-mfcc-feats[5.5.1068~2-59299]:main():compute-mfcc-feats.cc:182) Processed features for key SP0379W03
VLOG[2] (compute-mfcc-feats[5.5.1068~2-59299]:main():compute-mfcc-feats.cc:182) Processed features for key SP0379W04
LOG (compute-mfcc-feats[5.5.1068~2-59299]:main():compute-mfcc-feats.cc:181) Processed 90 utterances
VLOG[2] (compute-mfcc-feats[5.5.1068~2-59299]:main():compute-mfcc-feats.cc:182) Processed features for key SP0379W05
VLOG[2] (compute-mfcc-feats[5.5.1068~2-59299]:main():compute-mfcc-feats.cc:182) Processed features for key SP0379W06
VLOG[2] (compute-mfcc-feats[5.5.1068~2-59299]:main():compute-mfcc-feats.cc:182) Processed features for key SP0379W07
VLOG[2] (compute-mfcc-feats[5.5.1068~2-59299]:main():compute-mfcc-feats.cc:182) Processed features for key SP0379W08
VLOG[2] (compute-mfcc-feats[5.5.1068~2-59299]:main():compute-mfcc-feats.cc:182) Processed features for key SP0379W09
VLOG[2] (compute-mfcc-feats[5.5.1068~2-59299]:main():compute-mfcc-feats.cc:182) Processed features for key SP0380W00
VLOG[2] (compute-mfcc-feats[5.5.1068~2-59299]:main():compute-mfcc-feats.cc:182) Processed features for key SP0380W01
VLOG[2] (compute-mfcc-feats[5.5.1068~2-59299]:main():compute-mfcc-feats.cc:182) Processed features for key SP0380W02
VLOG[2] (compute-mfcc-feats[5.5.1068~2-59299]:main():compute-mfcc-feats.cc:182) Processed features for key SP0380W03
VLOG[2] (compute-mfcc-feats[5.5.1068~2-59299]:main():compute-mfcc-feats.cc:182) Processed features for key SP0380W04
LOG (compute-mfcc-feats[5.5.1068~2-59299]:main():compute-mfcc-feats.cc:181) Processed 100 utterances
VLOG[2] (compute-mfcc-feats[5.5.1068~2-59299]:main():compute-mfcc-feats.cc:182) Processed features for key SP0380W05
VLOG[2] (compute-mfcc-feats[5.5.1068~2-59299]:main():compute-mfcc-feats.cc:182) Processed features for key SP0380W06
VLOG[2] (compute-mfcc-feats[5.5.1068~2-59299]:main():compute-mfcc-feats.cc:182) Processed features for key SP0380W07
VLOG[2] (compute-mfcc-feats[5.5.1068~2-59299]:main():compute-mfcc-feats.cc:182) Processed features for key SP0380W08
VLOG[2] (compute-mfcc-feats[5.5.1068~2-59299]:main():compute-mfcc-feats.cc:182) Processed features for key SP0380W09
VLOG[2] (compute-mfcc-feats[5.5.1068~2-59299]:main():compute-mfcc-feats.cc:182) Processed features for key SP0381W00
VLOG[2] (compute-mfcc-feats[5.5.1068~2-59299]:main():compute-mfcc-feats.cc:182) Processed features for key SP0381W01
VLOG[2] (compute-mfcc-feats[5.5.1068~2-59299]:main():compute-mfcc-feats.cc:182) Processed features for key SP0381W02
VLOG[2] (compute-mfcc-feats[5.5.1068~2-59299]:main():compute-mfcc-feats.cc:182) Processed features for key SP0381W03
VLOG[2] (compute-mfcc-feats[5.5.1068~2-59299]:main():compute-mfcc-feats.cc:182) Processed features for key SP0381W04
LOG (compute-mfcc-feats[5.5.1068~2-59299]:main():compute-mfcc-feats.cc:181) Processed 110 utterances
VLOG[2] (compute-mfcc-feats[5.5.1068~2-59299]:main():compute-mfcc-feats.cc:182) Processed features for key SP0381W05
VLOG[2] (compute-mfcc-feats[5.5.1068~2-59299]:main():compute-mfcc-feats.cc:182) Processed features for key SP0381W06
VLOG[2] (compute-mfcc-feats[5.5.1068~2-59299]:main():compute-mfcc-feats.cc:182) Processed features for key SP0381W07
VLOG[2] (compute-mfcc-feats[5.5.1068~2-59299]:main():compute-mfcc-feats.cc:182) Processed features for key SP0381W08
VLOG[2] (compute-mfcc-feats[5.5.1068~2-59299]:main():compute-mfcc-feats.cc:182) Processed features for key SP0381W09
VLOG[2] (compute-mfcc-feats[5.5.1068~2-59299]:main():compute-mfcc-feats.cc:182) Processed features for key SP0382W00
VLOG[2] (compute-mfcc-feats[5.5.1068~2-59299]:main():compute-mfcc-feats.cc:182) Processed features for key SP0382W01
VLOG[2] (compute-mfcc-feats[5.5.1068~2-59299]:main():compute-mfcc-feats.cc:182) Processed features for key SP0382W02
VLOG[2] (compute-mfcc-feats[5.5.1068~2-59299]:main():compute-mfcc-feats.cc:182) Processed features for key SP0382W03
VLOG[2] (compute-mfcc-feats[5.5.1068~2-59299]:main():compute-mfcc-feats.cc:182) Processed features for key SP0382W04
LOG (compute-mfcc-feats[5.5.1068~2-59299]:main():compute-mfcc-feats.cc:181) Processed 120 utterances
VLOG[2] (compute-mfcc-feats[5.5.1068~2-59299]:main():compute-mfcc-feats.cc:182) Processed features for key SP0382W05
VLOG[2] (compute-mfcc-feats[5.5.1068~2-59299]:main():compute-mfcc-feats.cc:182) Processed features for key SP0382W06
VLOG[2] (compute-mfcc-feats[5.5.1068~2-59299]:main():compute-mfcc-feats.cc:182) Processed features for key SP0382W07
VLOG[2] (compute-mfcc-feats[5.5.1068~2-59299]:main():compute-mfcc-feats.cc:182) Processed features for key SP0382W08
VLOG[2] (compute-mfcc-feats[5.5.1068~2-59299]:main():compute-mfcc-feats.cc:182) Processed features for key SP0382W09
VLOG[2] (compute-mfcc-feats[5.5.1068~2-59299]:main():compute-mfcc-feats.cc:182) Processed features for key SP0383W00
VLOG[2] (compute-mfcc-feats[5.5.1068~2-59299]:main():compute-mfcc-feats.cc:182) Processed features for key SP0383W01
VLOG[2] (compute-mfcc-feats[5.5.1068~2-59299]:main():compute-mfcc-feats.cc:182) Processed features for key SP0383W02
VLOG[2] (compute-mfcc-feats[5.5.1068~2-59299]:main():compute-mfcc-feats.cc:182) Processed features for key SP0383W03
VLOG[2] (compute-mfcc-feats[5.5.1068~2-59299]:main():compute-mfcc-feats.cc:182) Processed features for key SP0383W04
LOG (compute-mfcc-feats[5.5.1068~2-59299]:main():compute-mfcc-feats.cc:181) Processed 130 utterances
VLOG[2] (compute-mfcc-feats[5.5.1068~2-59299]:main():compute-mfcc-feats.cc:182) Processed features for key SP0383W05
VLOG[2] (compute-mfcc-feats[5.5.1068~2-59299]:main():compute-mfcc-feats.cc:182) Processed features for key SP0383W06
VLOG[2] (compute-mfcc-feats[5.5.1068~2-59299]:main():compute-mfcc-feats.cc:182) Processed features for key SP0383W07
VLOG[2] (compute-mfcc-feats[5.5.1068~2-59299]:main():compute-mfcc-feats.cc:182) Processed features for key SP0383W08
VLOG[2] (compute-mfcc-feats[5.5.1068~2-59299]:main():compute-mfcc-feats.cc:182) Processed features for key SP0383W09
VLOG[2] (compute-mfcc-feats[5.5.1068~2-59299]:main():compute-mfcc-feats.cc:182) Processed features for key SP0384W00
VLOG[2] (compute-mfcc-feats[5.5.1068~2-59299]:main():compute-mfcc-feats.cc:182) Processed features for key SP0384W01
VLOG[2] (compute-mfcc-feats[5.5.1068~2-59299]:main():compute-mfcc-feats.cc:182) Processed features for key SP0384W02
VLOG[2] (compute-mfcc-feats[5.5.1068~2-59299]:main():compute-mfcc-feats.cc:182) Processed features for key SP0384W03
VLOG[2] (compute-mfcc-feats[5.5.1068~2-59299]:main():compute-mfcc-feats.cc:182) Processed features for key SP0384W04
LOG (compute-mfcc-feats[5.5.1068~2-59299]:main():compute-mfcc-feats.cc:181) Processed 140 utterances
VLOG[2] (compute-mfcc-feats[5.5.1068~2-59299]:main():compute-mfcc-feats.cc:182) Processed features for key SP0384W05
VLOG[2] (compute-mfcc-feats[5.5.1068~2-59299]:main():compute-mfcc-feats.cc:182) Processed features for key SP0384W06
VLOG[2] (compute-mfcc-feats[5.5.1068~2-59299]:main():compute-mfcc-feats.cc:182) Processed features for key SP0384W07
VLOG[2] (compute-mfcc-feats[5.5.1068~2-59299]:main():compute-mfcc-feats.cc:182) Processed features for key SP0384W08
VLOG[2] (compute-mfcc-feats[5.5.1068~2-59299]:main():compute-mfcc-feats.cc:182) Processed features for key SP0384W09
VLOG[2] (compute-mfcc-feats[5.5.1068~2-59299]:main():compute-mfcc-feats.cc:182) Processed features for key SP0385W00
VLOG[2] (compute-mfcc-feats[5.5.1068~2-59299]:main():compute-mfcc-feats.cc:182) Processed features for key SP0385W01
VLOG[2] (compute-mfcc-feats[5.5.1068~2-59299]:main():compute-mfcc-feats.cc:182) Processed features for key SP0385W02
VLOG[2] (compute-mfcc-feats[5.5.1068~2-59299]:main():compute-mfcc-feats.cc:182) Processed features for key SP0385W03
VLOG[2] (compute-mfcc-feats[5.5.1068~2-59299]:main():compute-mfcc-feats.cc:182) Processed features for key SP0385W04
LOG (compute-mfcc-feats[5.5.1068~2-59299]:main():compute-mfcc-feats.cc:181) Processed 150 utterances
VLOG[2] (compute-mfcc-feats[5.5.1068~2-59299]:main():compute-mfcc-feats.cc:182) Processed features for key SP0385W05
VLOG[2] (compute-mfcc-feats[5.5.1068~2-59299]:main():compute-mfcc-feats.cc:182) Processed features for key SP0385W06
VLOG[2] (compute-mfcc-feats[5.5.1068~2-59299]:main():compute-mfcc-feats.cc:182) Processed features for key SP0385W07
VLOG[2] (compute-mfcc-feats[5.5.1068~2-59299]:main():compute-mfcc-feats.cc:182) Processed features for key SP0385W08
VLOG[2] (compute-mfcc-feats[5.5.1068~2-59299]:main():compute-mfcc-feats.cc:182) Processed features for key SP0385W09
VLOG[2] (compute-mfcc-feats[5.5.1068~2-59299]:main():compute-mfcc-feats.cc:182) Processed features for key SP0386W00
VLOG[2] (compute-mfcc-feats[5.5.1068~2-59299]:main():compute-mfcc-feats.cc:182) Processed features for key SP0386W01
VLOG[2] (compute-mfcc-feats[5.5.1068~2-59299]:main():compute-mfcc-feats.cc:182) Processed features for key SP0386W02
VLOG[2] (compute-mfcc-feats[5.5.1068~2-59299]:main():compute-mfcc-feats.cc:182) Processed features for key SP0386W03
VLOG[2] (compute-mfcc-feats[5.5.1068~2-59299]:main():compute-mfcc-feats.cc:182) Processed features for key SP0386W04
LOG (compute-mfcc-feats[5.5.1068~2-59299]:main():compute-mfcc-feats.cc:181) Processed 160 utterances
VLOG[2] (compute-mfcc-feats[5.5.1068~2-59299]:main():compute-mfcc-feats.cc:182) Processed features for key SP0386W05
VLOG[2] (compute-mfcc-feats[5.5.1068~2-59299]:main():compute-mfcc-feats.cc:182) Processed features for key SP0386W06
VLOG[2] (compute-mfcc-feats[5.5.1068~2-59299]:main():compute-mfcc-feats.cc:182) Processed features for key SP0386W07
VLOG[2] (compute-mfcc-feats[5.5.1068~2-59299]:main():compute-mfcc-feats.cc:182) Processed features for key SP0386W08
VLOG[2] (compute-mfcc-feats[5.5.1068~2-59299]:main():compute-mfcc-feats.cc:182) Processed features for key SP0386W09
VLOG[2] (compute-mfcc-feats[5.5.1068~2-59299]:main():compute-mfcc-feats.cc:182) Processed features for key SP0387W00
VLOG[2] (compute-mfcc-feats[5.5.1068~2-59299]:main():compute-mfcc-feats.cc:182) Processed features for key SP0387W01
VLOG[2] (compute-mfcc-feats[5.5.1068~2-59299]:main():compute-mfcc-feats.cc:182) Processed features for key SP0387W02
VLOG[2] (compute-mfcc-feats[5.5.1068~2-59299]:main():compute-mfcc-feats.cc:182) Processed features for key SP0387W03
VLOG[2] (compute-mfcc-feats[5.5.1068~2-59299]:main():compute-mfcc-feats.cc:182) Processed features for key SP0387W04
LOG (compute-mfcc-feats[5.5.1068~2-59299]:main():compute-mfcc-feats.cc:181) Processed 170 utterances
VLOG[2] (compute-mfcc-feats[5.5.1068~2-59299]:main():compute-mfcc-feats.cc:182) Processed features for key SP0387W05
VLOG[2] (compute-mfcc-feats[5.5.1068~2-59299]:main():compute-mfcc-feats.cc:182) Processed features for key SP0387W06
VLOG[2] (compute-mfcc-feats[5.5.1068~2-59299]:main():compute-mfcc-feats.cc:182) Processed features for key SP0387W07
VLOG[2] (compute-mfcc-feats[5.5.1068~2-59299]:main():compute-mfcc-feats.cc:182) Processed features for key SP0387W08
VLOG[2] (compute-mfcc-feats[5.5.1068~2-59299]:main():compute-mfcc-feats.cc:182) Processed features for key SP0387W09
VLOG[2] (compute-mfcc-feats[5.5.1068~2-59299]:main():compute-mfcc-feats.cc:182) Processed features for key SP0388W00
VLOG[2] (compute-mfcc-feats[5.5.1068~2-59299]:main():compute-mfcc-feats.cc:182) Processed features for key SP0388W01
VLOG[2] (compute-mfcc-feats[5.5.1068~2-59299]:main():compute-mfcc-feats.cc:182) Processed features for key SP0388W02
VLOG[2] (compute-mfcc-feats[5.5.1068~2-59299]:main():compute-mfcc-feats.cc:182) Processed features for key SP0388W03
VLOG[2] (compute-mfcc-feats[5.5.1068~2-59299]:main():compute-mfcc-feats.cc:182) Processed features for key SP0388W04
LOG (compute-mfcc-feats[5.5.1068~2-59299]:main():compute-mfcc-feats.cc:181) Processed 180 utterances
VLOG[2] (compute-mfcc-feats[5.5.1068~2-59299]:main():compute-mfcc-feats.cc:182) Processed features for key SP0388W05
VLOG[2] (compute-mfcc-feats[5.5.1068~2-59299]:main():compute-mfcc-feats.cc:182) Processed features for key SP0388W06
VLOG[2] (compute-mfcc-feats[5.5.1068~2-59299]:main():compute-mfcc-feats.cc:182) Processed features for key SP0388W07
VLOG[2] (compute-mfcc-feats[5.5.1068~2-59299]:main():compute-mfcc-feats.cc:182) Processed features for key SP0388W08
VLOG[2] (compute-mfcc-feats[5.5.1068~2-59299]:main():compute-mfcc-feats.cc:182) Processed features for key SP0388W09
VLOG[2] (compute-mfcc-feats[5.5.1068~2-59299]:main():compute-mfcc-feats.cc:182) Processed features for key SP0389W00
VLOG[2] (compute-mfcc-feats[5.5.1068~2-59299]:main():compute-mfcc-feats.cc:182) Processed features for key SP0389W01
VLOG[2] (compute-mfcc-feats[5.5.1068~2-59299]:main():compute-mfcc-feats.cc:182) Processed features for key SP0389W02
VLOG[2] (compute-mfcc-feats[5.5.1068~2-59299]:main():compute-mfcc-feats.cc:182) Processed features for key SP0389W03
VLOG[2] (compute-mfcc-feats[5.5.1068~2-59299]:main():compute-mfcc-feats.cc:182) Processed features for key SP0389W04
LOG (compute-mfcc-feats[5.5.1068~2-59299]:main():compute-mfcc-feats.cc:181) Processed 190 utterances
VLOG[2] (compute-mfcc-feats[5.5.1068~2-59299]:main():compute-mfcc-feats.cc:182) Processed features for key SP0389W05
VLOG[2] (compute-mfcc-feats[5.5.1068~2-59299]:main():compute-mfcc-feats.cc:182) Processed features for key SP0389W06
VLOG[2] (compute-mfcc-feats[5.5.1068~2-59299]:main():compute-mfcc-feats.cc:182) Processed features for key SP0389W07
VLOG[2] (compute-mfcc-feats[5.5.1068~2-59299]:main():compute-mfcc-feats.cc:182) Processed features for key SP0389W08
VLOG[2] (compute-mfcc-feats[5.5.1068~2-59299]:main():compute-mfcc-feats.cc:182) Processed features for key SP0389W09
VLOG[2] (compute-mfcc-feats[5.5.1068~2-59299]:main():compute-mfcc-feats.cc:182) Processed features for key SP0390W00
VLOG[2] (compute-mfcc-feats[5.5.1068~2-59299]:main():compute-mfcc-feats.cc:182) Processed features for key SP0390W01
VLOG[2] (compute-mfcc-feats[5.5.1068~2-59299]:main():compute-mfcc-feats.cc:182) Processed features for key SP0390W02
VLOG[2] (compute-mfcc-feats[5.5.1068~2-59299]:main():compute-mfcc-feats.cc:182) Processed features for key SP0390W03
VLOG[2] (compute-mfcc-feats[5.5.1068~2-59299]:main():compute-mfcc-feats.cc:182) Processed features for key SP0390W04
LOG (compute-mfcc-feats[5.5.1068~2-59299]:main():compute-mfcc-feats.cc:181) Processed 200 utterances
VLOG[2] (compute-mfcc-feats[5.5.1068~2-59299]:main():compute-mfcc-feats.cc:182) Processed features for key SP0390W05
VLOG[2] (compute-mfcc-feats[5.5.1068~2-59299]:main():compute-mfcc-feats.cc:182) Processed features for key SP0390W06
VLOG[2] (compute-mfcc-feats[5.5.1068~2-59299]:main():compute-mfcc-feats.cc:182) Processed features for key SP0390W07
VLOG[2] (compute-mfcc-feats[5.5.1068~2-59299]:main():compute-mfcc-feats.cc:182) Processed features for key SP0390W08
VLOG[2] (compute-mfcc-feats[5.5.1068~2-59299]:main():compute-mfcc-feats.cc:182) Processed features for key SP0390W09
VLOG[2] (compute-mfcc-feats[5.5.1068~2-59299]:main():compute-mfcc-feats.cc:182) Processed features for key SP0391W00
VLOG[2] (compute-mfcc-feats[5.5.1068~2-59299]:main():compute-mfcc-feats.cc:182) Processed features for key SP0391W01
VLOG[2] (compute-mfcc-feats[5.5.1068~2-59299]:main():compute-mfcc-feats.cc:182) Processed features for key SP0391W02
VLOG[2] (compute-mfcc-feats[5.5.1068~2-59299]:main():compute-mfcc-feats.cc:182) Processed features for key SP0391W03
VLOG[2] (compute-mfcc-feats[5.5.1068~2-59299]:main():compute-mfcc-feats.cc:182) Processed features for key SP0391W04
LOG (compute-mfcc-feats[5.5.1068~2-59299]:main():compute-mfcc-feats.cc:181) Processed 210 utterances
VLOG[2] (compute-mfcc-feats[5.5.1068~2-59299]:main():compute-mfcc-feats.cc:182) Processed features for key SP0391W05
VLOG[2] (compute-mfcc-feats[5.5.1068~2-59299]:main():compute-mfcc-feats.cc:182) Processed features for key SP0391W06
VLOG[2] (compute-mfcc-feats[5.5.1068~2-59299]:main():compute-mfcc-feats.cc:182) Processed features for key SP0391W07
VLOG[2] (compute-mfcc-feats[5.5.1068~2-59299]:main():compute-mfcc-feats.cc:182) Processed features for key SP0391W08
VLOG[2] (compute-mfcc-feats[5.5.1068~2-59299]:main():compute-mfcc-feats.cc:182) Processed features for key SP0391W09
VLOG[2] (compute-mfcc-feats[5.5.1068~2-59299]:main():compute-mfcc-feats.cc:182) Processed features for key SP0392W00
VLOG[2] (compute-mfcc-feats[5.5.1068~2-59299]:main():compute-mfcc-feats.cc:182) Processed features for key SP0392W01
VLOG[2] (compute-mfcc-feats[5.5.1068~2-59299]:main():compute-mfcc-feats.cc:182) Processed features for key SP0392W02
VLOG[2] (compute-mfcc-feats[5.5.1068~2-59299]:main():compute-mfcc-feats.cc:182) Processed features for key SP0392W03
VLOG[2] (compute-mfcc-feats[5.5.1068~2-59299]:main():compute-mfcc-feats.cc:182) Processed features for key SP0392W04
LOG (compute-mfcc-feats[5.5.1068~2-59299]:main():compute-mfcc-feats.cc:181) Processed 220 utterances
VLOG[2] (compute-mfcc-feats[5.5.1068~2-59299]:main():compute-mfcc-feats.cc:182) Processed features for key SP0392W05
VLOG[2] (compute-mfcc-feats[5.5.1068~2-59299]:main():compute-mfcc-feats.cc:182) Processed features for key SP0392W06
VLOG[2] (compute-mfcc-feats[5.5.1068~2-59299]:main():compute-mfcc-feats.cc:182) Processed features for key SP0392W07
VLOG[2] (compute-mfcc-feats[5.5.1068~2-59299]:main():compute-mfcc-feats.cc:182) Processed features for key SP0392W08
VLOG[2] (compute-mfcc-feats[5.5.1068~2-59299]:main():compute-mfcc-feats.cc:182) Processed features for key SP0392W09
VLOG[2] (compute-mfcc-feats[5.5.1068~2-59299]:main():compute-mfcc-feats.cc:182) Processed features for key SP0393W00
VLOG[2] (compute-mfcc-feats[5.5.1068~2-59299]:main():compute-mfcc-feats.cc:182) Processed features for key SP0393W01
VLOG[2] (compute-mfcc-feats[5.5.1068~2-59299]:main():compute-mfcc-feats.cc:182) Processed features for key SP0393W02
VLOG[2] (compute-mfcc-feats[5.5.1068~2-59299]:main():compute-mfcc-feats.cc:182) Processed features for key SP0393W03
VLOG[2] (compute-mfcc-feats[5.5.1068~2-59299]:main():compute-mfcc-feats.cc:182) Processed features for key SP0393W04
LOG (compute-mfcc-feats[5.5.1068~2-59299]:main():compute-mfcc-feats.cc:181) Processed 230 utterances
VLOG[2] (compute-mfcc-feats[5.5.1068~2-59299]:main():compute-mfcc-feats.cc:182) Processed features for key SP0393W05
VLOG[2] (compute-mfcc-feats[5.5.1068~2-59299]:main():compute-mfcc-feats.cc:182) Processed features for key SP0393W06
VLOG[2] (compute-mfcc-feats[5.5.1068~2-59299]:main():compute-mfcc-feats.cc:182) Processed features for key SP0393W07
VLOG[2] (compute-mfcc-feats[5.5.1068~2-59299]:main():compute-mfcc-feats.cc:182) Processed features for key SP0393W08
VLOG[2] (compute-mfcc-feats[5.5.1068~2-59299]:main():compute-mfcc-feats.cc:182) Processed features for key SP0393W09
VLOG[2] (compute-mfcc-feats[5.5.1068~2-59299]:main():compute-mfcc-feats.cc:182) Processed features for key SP0394W00
VLOG[2] (compute-mfcc-feats[5.5.1068~2-59299]:main():compute-mfcc-feats.cc:182) Processed features for key SP0394W01
VLOG[2] (compute-mfcc-feats[5.5.1068~2-59299]:main():compute-mfcc-feats.cc:182) Processed features for key SP0394W02
VLOG[2] (compute-mfcc-feats[5.5.1068~2-59299]:main():compute-mfcc-feats.cc:182) Processed features for key SP0394W03
VLOG[2] (compute-mfcc-feats[5.5.1068~2-59299]:main():compute-mfcc-feats.cc:182) Processed features for key SP0394W04
LOG (compute-mfcc-feats[5.5.1068~2-59299]:main():compute-mfcc-feats.cc:181) Processed 240 utterances
VLOG[2] (compute-mfcc-feats[5.5.1068~2-59299]:main():compute-mfcc-feats.cc:182) Processed features for key SP0394W05
VLOG[2] (compute-mfcc-feats[5.5.1068~2-59299]:main():compute-mfcc-feats.cc:182) Processed features for key SP0394W06
VLOG[2] (compute-mfcc-feats[5.5.1068~2-59299]:main():compute-mfcc-feats.cc:182) Processed features for key SP0394W07
VLOG[2] (compute-mfcc-feats[5.5.1068~2-59299]:main():compute-mfcc-feats.cc:182) Processed features for key SP0394W08
VLOG[2] (compute-mfcc-feats[5.5.1068~2-59299]:main():compute-mfcc-feats.cc:182) Processed features for key SP0394W09
VLOG[2] (compute-mfcc-feats[5.5.1068~2-59299]:main():compute-mfcc-feats.cc:182) Processed features for key SP0395W00
VLOG[2] (compute-mfcc-feats[5.5.1068~2-59299]:main():compute-mfcc-feats.cc:182) Processed features for key SP0395W01
VLOG[2] (compute-mfcc-feats[5.5.1068~2-59299]:main():compute-mfcc-feats.cc:182) Processed features for key SP0395W02
VLOG[2] (compute-mfcc-feats[5.5.1068~2-59299]:main():compute-mfcc-feats.cc:182) Processed features for key SP0395W03
VLOG[2] (compute-mfcc-feats[5.5.1068~2-59299]:main():compute-mfcc-feats.cc:182) Processed features for key SP0395W04
LOG (compute-mfcc-feats[5.5.1068~2-59299]:main():compute-mfcc-feats.cc:181) Processed 250 utterances
VLOG[2] (compute-mfcc-feats[5.5.1068~2-59299]:main():compute-mfcc-feats.cc:182) Processed features for key SP0395W05
VLOG[2] (compute-mfcc-feats[5.5.1068~2-59299]:main():compute-mfcc-feats.cc:182) Processed features for key SP0395W06
VLOG[2] (compute-mfcc-feats[5.5.1068~2-59299]:main():compute-mfcc-feats.cc:182) Processed features for key SP0395W07
VLOG[2] (compute-mfcc-feats[5.5.1068~2-59299]:main():compute-mfcc-feats.cc:182) Processed features for key SP0395W08
VLOG[2] (compute-mfcc-feats[5.5.1068~2-59299]:main():compute-mfcc-feats.cc:182) Processed features for key SP0395W09
VLOG[2] (compute-mfcc-feats[5.5.1068~2-59299]:main():compute-mfcc-feats.cc:182) Processed features for key SP0396W00
VLOG[2] (compute-mfcc-feats[5.5.1068~2-59299]:main():compute-mfcc-feats.cc:182) Processed features for key SP0396W01
VLOG[2] (compute-mfcc-feats[5.5.1068~2-59299]:main():compute-mfcc-feats.cc:182) Processed features for key SP0396W02
VLOG[2] (compute-mfcc-feats[5.5.1068~2-59299]:main():compute-mfcc-feats.cc:182) Processed features for key SP0396W03
VLOG[2] (compute-mfcc-feats[5.5.1068~2-59299]:main():compute-mfcc-feats.cc:182) Processed features for key SP0396W04
LOG (compute-mfcc-feats[5.5.1068~2-59299]:main():compute-mfcc-feats.cc:181) Processed 260 utterances
VLOG[2] (compute-mfcc-feats[5.5.1068~2-59299]:main():compute-mfcc-feats.cc:182) Processed features for key SP0396W05
VLOG[2] (compute-mfcc-feats[5.5.1068~2-59299]:main():compute-mfcc-feats.cc:182) Processed features for key SP0396W06
VLOG[2] (compute-mfcc-feats[5.5.1068~2-59299]:main():compute-mfcc-feats.cc:182) Processed features for key SP0396W07
VLOG[2] (compute-mfcc-feats[5.5.1068~2-59299]:main():compute-mfcc-feats.cc:182) Processed features for key SP0396W08
VLOG[2] (compute-mfcc-feats[5.5.1068~2-59299]:main():compute-mfcc-feats.cc:182) Processed features for key SP0396W09
VLOG[2] (compute-mfcc-feats[5.5.1068~2-59299]:main():compute-mfcc-feats.cc:182) Processed features for key SP0397W00
VLOG[2] (compute-mfcc-feats[5.5.1068~2-59299]:main():compute-mfcc-feats.cc:182) Processed features for key SP0397W01
VLOG[2] (compute-mfcc-feats[5.5.1068~2-59299]:main():compute-mfcc-feats.cc:182) Processed features for key SP0397W02
VLOG[2] (compute-mfcc-feats[5.5.1068~2-59299]:main():compute-mfcc-feats.cc:182) Processed features for key SP0397W03
VLOG[2] (compute-mfcc-feats[5.5.1068~2-59299]:main():compute-mfcc-feats.cc:182) Processed features for key SP0397W04
LOG (compute-mfcc-feats[5.5.1068~2-59299]:main():compute-mfcc-feats.cc:181) Processed 270 utterances
VLOG[2] (compute-mfcc-feats[5.5.1068~2-59299]:main():compute-mfcc-feats.cc:182) Processed features for key SP0397W05
VLOG[2] (compute-mfcc-feats[5.5.1068~2-59299]:main():compute-mfcc-feats.cc:182) Processed features for key SP0397W06
VLOG[2] (compute-mfcc-feats[5.5.1068~2-59299]:main():compute-mfcc-feats.cc:182) Processed features for key SP0397W07
VLOG[2] (compute-mfcc-feats[5.5.1068~2-59299]:main():compute-mfcc-feats.cc:182) Processed features for key SP0397W08
VLOG[2] (compute-mfcc-feats[5.5.1068~2-59299]:main():compute-mfcc-feats.cc:182) Processed features for key SP0397W09
VLOG[2] (compute-mfcc-feats[5.5.1068~2-59299]:main():compute-mfcc-feats.cc:182) Processed features for key SP0398W00
VLOG[2] (compute-mfcc-feats[5.5.1068~2-59299]:main():compute-mfcc-feats.cc:182) Processed features for key SP0398W01
VLOG[2] (compute-mfcc-feats[5.5.1068~2-59299]:main():compute-mfcc-feats.cc:182) Processed features for key SP0398W02
VLOG[2] (compute-mfcc-feats[5.5.1068~2-59299]:main():compute-mfcc-feats.cc:182) Processed features for key SP0398W03
VLOG[2] (compute-mfcc-feats[5.5.1068~2-59299]:main():compute-mfcc-feats.cc:182) Processed features for key SP0398W04
LOG (compute-mfcc-feats[5.5.1068~2-59299]:main():compute-mfcc-feats.cc:181) Processed 280 utterances
VLOG[2] (compute-mfcc-feats[5.5.1068~2-59299]:main():compute-mfcc-feats.cc:182) Processed features for key SP0398W05
VLOG[2] (compute-mfcc-feats[5.5.1068~2-59299]:main():compute-mfcc-feats.cc:182) Processed features for key SP0398W06
VLOG[2] (compute-mfcc-feats[5.5.1068~2-59299]:main():compute-mfcc-feats.cc:182) Processed features for key SP0398W07
VLOG[2] (compute-mfcc-feats[5.5.1068~2-59299]:main():compute-mfcc-feats.cc:182) Processed features for key SP0398W08
VLOG[2] (compute-mfcc-feats[5.5.1068~2-59299]:main():compute-mfcc-feats.cc:182) Processed features for key SP0398W09
VLOG[2] (compute-mfcc-feats[5.5.1068~2-59299]:main():compute-mfcc-feats.cc:182) Processed features for key SP0399W00
VLOG[2] (compute-mfcc-feats[5.5.1068~2-59299]:main():compute-mfcc-feats.cc:182) Processed features for key SP0399W01
VLOG[2] (compute-mfcc-feats[5.5.1068~2-59299]:main():compute-mfcc-feats.cc:182) Processed features for key SP0399W02
VLOG[2] (compute-mfcc-feats[5.5.1068~2-59299]:main():compute-mfcc-feats.cc:182) Processed features for key SP0399W03
VLOG[2] (compute-mfcc-feats[5.5.1068~2-59299]:main():compute-mfcc-feats.cc:182) Processed features for key SP0399W04
LOG (compute-mfcc-feats[5.5.1068~2-59299]:main():compute-mfcc-feats.cc:181) Processed 290 utterances
VLOG[2] (compute-mfcc-feats[5.5.1068~2-59299]:main():compute-mfcc-feats.cc:182) Processed features for key SP0399W05
VLOG[2] (compute-mfcc-feats[5.5.1068~2-59299]:main():compute-mfcc-feats.cc:182) Processed features for key SP0399W06
VLOG[2] (compute-mfcc-feats[5.5.1068~2-59299]:main():compute-mfcc-feats.cc:182) Processed features for key SP0399W07
VLOG[2] (compute-mfcc-feats[5.5.1068~2-59299]:main():compute-mfcc-feats.cc:182) Processed features for key SP0399W08
VLOG[2] (compute-mfcc-feats[5.5.1068~2-59299]:main():compute-mfcc-feats.cc:182) Processed features for key SP0399W09
VLOG[2] (compute-mfcc-feats[5.5.1068~2-59299]:main():compute-mfcc-feats.cc:182) Processed features for key SP0400W00
VLOG[2] (compute-mfcc-feats[5.5.1068~2-59299]:main():compute-mfcc-feats.cc:182) Processed features for key SP0400W01
VLOG[2] (compute-mfcc-feats[5.5.1068~2-59299]:main():compute-mfcc-feats.cc:182) Processed features for key SP0400W02
VLOG[2] (compute-mfcc-feats[5.5.1068~2-59299]:main():compute-mfcc-feats.cc:182) Processed features for key SP0400W03
VLOG[2] (compute-mfcc-feats[5.5.1068~2-59299]:main():compute-mfcc-feats.cc:182) Processed features for key SP0400W04
LOG (compute-mfcc-feats[5.5.1068~2-59299]:main():compute-mfcc-feats.cc:181) Processed 300 utterances
VLOG[2] (compute-mfcc-feats[5.5.1068~2-59299]:main():compute-mfcc-feats.cc:182) Processed features for key SP0400W05
VLOG[2] (compute-mfcc-feats[5.5.1068~2-59299]:main():compute-mfcc-feats.cc:182) Processed features for key SP0400W06
VLOG[2] (compute-mfcc-feats[5.5.1068~2-59299]:main():compute-mfcc-feats.cc:182) Processed features for key SP0400W07
VLOG[2] (compute-mfcc-feats[5.5.1068~2-59299]:main():compute-mfcc-feats.cc:182) Processed features for key SP0400W08
VLOG[2] (compute-mfcc-feats[5.5.1068~2-59299]:main():compute-mfcc-feats.cc:182) Processed features for key SP0400W09
VLOG[2] (compute-mfcc-feats[5.5.1068~2-59299]:main():compute-mfcc-feats.cc:182) Processed features for key SP0401W00
VLOG[2] (compute-mfcc-feats[5.5.1068~2-59299]:main():compute-mfcc-feats.cc:182) Processed features for key SP0401W01
VLOG[2] (compute-mfcc-feats[5.5.1068~2-59299]:main():compute-mfcc-feats.cc:182) Processed features for key SP0401W02
VLOG[2] (compute-mfcc-feats[5.5.1068~2-59299]:main():compute-mfcc-feats.cc:182) Processed features for key SP0401W03
VLOG[2] (compute-mfcc-feats[5.5.1068~2-59299]:main():compute-mfcc-feats.cc:182) Processed features for key SP0401W04
LOG (compute-mfcc-feats[5.5.1068~2-59299]:main():compute-mfcc-feats.cc:181) Processed 310 utterances
VLOG[2] (compute-mfcc-feats[5.5.1068~2-59299]:main():compute-mfcc-feats.cc:182) Processed features for key SP0401W05
VLOG[2] (compute-mfcc-feats[5.5.1068~2-59299]:main():compute-mfcc-feats.cc:182) Processed features for key SP0401W06
VLOG[2] (compute-mfcc-feats[5.5.1068~2-59299]:main():compute-mfcc-feats.cc:182) Processed features for key SP0401W07
VLOG[2] (compute-mfcc-feats[5.5.1068~2-59299]:main():compute-mfcc-feats.cc:182) Processed features for key SP0401W08
VLOG[2] (compute-mfcc-feats[5.5.1068~2-59299]:main():compute-mfcc-feats.cc:182) Processed features for key SP0401W09
VLOG[2] (compute-mfcc-feats[5.5.1068~2-59299]:main():compute-mfcc-feats.cc:182) Processed features for key SP0402W00
VLOG[2] (compute-mfcc-feats[5.5.1068~2-59299]:main():compute-mfcc-feats.cc:182) Processed features for key SP0402W01
VLOG[2] (compute-mfcc-feats[5.5.1068~2-59299]:main():compute-mfcc-feats.cc:182) Processed features for key SP0402W02
VLOG[2] (compute-mfcc-feats[5.5.1068~2-59299]:main():compute-mfcc-feats.cc:182) Processed features for key SP0402W03
VLOG[2] (compute-mfcc-feats[5.5.1068~2-59299]:main():compute-mfcc-feats.cc:182) Processed features for key SP0402W04
LOG (compute-mfcc-feats[5.5.1068~2-59299]:main():compute-mfcc-feats.cc:181) Processed 320 utterances
VLOG[2] (compute-mfcc-feats[5.5.1068~2-59299]:main():compute-mfcc-feats.cc:182) Processed features for key SP0402W05
VLOG[2] (compute-mfcc-feats[5.5.1068~2-59299]:main():compute-mfcc-feats.cc:182) Processed features for key SP0402W06
VLOG[2] (compute-mfcc-feats[5.5.1068~2-59299]:main():compute-mfcc-feats.cc:182) Processed features for key SP0402W07
VLOG[2] (compute-mfcc-feats[5.5.1068~2-59299]:main():compute-mfcc-feats.cc:182) Processed features for key SP0402W08
VLOG[2] (compute-mfcc-feats[5.5.1068~2-59299]:main():compute-mfcc-feats.cc:182) Processed features for key SP0402W09
VLOG[2] (compute-mfcc-feats[5.5.1068~2-59299]:main():compute-mfcc-feats.cc:182) Processed features for key SP0403W00
VLOG[2] (compute-mfcc-feats[5.5.1068~2-59299]:main():compute-mfcc-feats.cc:182) Processed features for key SP0403W01
VLOG[2] (compute-mfcc-feats[5.5.1068~2-59299]:main():compute-mfcc-feats.cc:182) Processed features for key SP0403W02
VLOG[2] (compute-mfcc-feats[5.5.1068~2-59299]:main():compute-mfcc-feats.cc:182) Processed features for key SP0403W03
VLOG[2] (compute-mfcc-feats[5.5.1068~2-59299]:main():compute-mfcc-feats.cc:182) Processed features for key SP0403W04
LOG (compute-mfcc-feats[5.5.1068~2-59299]:main():compute-mfcc-feats.cc:181) Processed 330 utterances
VLOG[2] (compute-mfcc-feats[5.5.1068~2-59299]:main():compute-mfcc-feats.cc:182) Processed features for key SP0403W05
VLOG[2] (compute-mfcc-feats[5.5.1068~2-59299]:main():compute-mfcc-feats.cc:182) Processed features for key SP0403W06
VLOG[2] (compute-mfcc-feats[5.5.1068~2-59299]:main():compute-mfcc-feats.cc:182) Processed features for key SP0403W07
VLOG[2] (compute-mfcc-feats[5.5.1068~2-59299]:main():compute-mfcc-feats.cc:182) Processed features for key SP0403W08
VLOG[2] (compute-mfcc-feats[5.5.1068~2-59299]:main():compute-mfcc-feats.cc:182) Processed features for key SP0403W09
VLOG[2] (compute-mfcc-feats[5.5.1068~2-59299]:main():compute-mfcc-feats.cc:182) Processed features for key SP0404W00
VLOG[2] (compute-mfcc-feats[5.5.1068~2-59299]:main():compute-mfcc-feats.cc:182) Processed features for key SP0404W01
VLOG[2] (compute-mfcc-feats[5.5.1068~2-59299]:main():compute-mfcc-feats.cc:182) Processed features for key SP0404W02
VLOG[2] (compute-mfcc-feats[5.5.1068~2-59299]:main():compute-mfcc-feats.cc:182) Processed features for key SP0404W03
VLOG[2] (compute-mfcc-feats[5.5.1068~2-59299]:main():compute-mfcc-feats.cc:182) Processed features for key SP0404W04
LOG (compute-mfcc-feats[5.5.1068~2-59299]:main():compute-mfcc-feats.cc:181) Processed 340 utterances
VLOG[2] (compute-mfcc-feats[5.5.1068~2-59299]:main():compute-mfcc-feats.cc:182) Processed features for key SP0404W05
VLOG[2] (compute-mfcc-feats[5.5.1068~2-59299]:main():compute-mfcc-feats.cc:182) Processed features for key SP0404W06
VLOG[2] (compute-mfcc-feats[5.5.1068~2-59299]:main():compute-mfcc-feats.cc:182) Processed features for key SP0404W07
VLOG[2] (compute-mfcc-feats[5.5.1068~2-59299]:main():compute-mfcc-feats.cc:182) Processed features for key SP0404W08
VLOG[2] (compute-mfcc-feats[5.5.1068~2-59299]:main():compute-mfcc-feats.cc:182) Processed features for key SP0404W09
VLOG[2] (compute-mfcc-feats[5.5.1068~2-59299]:main():compute-mfcc-feats.cc:182) Processed features for key SP0405W00
VLOG[2] (compute-mfcc-feats[5.5.1068~2-59299]:main():compute-mfcc-feats.cc:182) Processed features for key SP0405W01
VLOG[2] (compute-mfcc-feats[5.5.1068~2-59299]:main():compute-mfcc-feats.cc:182) Processed features for key SP0405W02
VLOG[2] (compute-mfcc-feats[5.5.1068~2-59299]:main():compute-mfcc-feats.cc:182) Processed features for key SP0405W03
VLOG[2] (compute-mfcc-feats[5.5.1068~2-59299]:main():compute-mfcc-feats.cc:182) Processed features for key SP0405W04
LOG (compute-mfcc-feats[5.5.1068~2-59299]:main():compute-mfcc-feats.cc:181) Processed 350 utterances
VLOG[2] (compute-mfcc-feats[5.5.1068~2-59299]:main():compute-mfcc-feats.cc:182) Processed features for key SP0405W05
VLOG[2] (compute-mfcc-feats[5.5.1068~2-59299]:main():compute-mfcc-feats.cc:182) Processed features for key SP0405W06
VLOG[2] (compute-mfcc-feats[5.5.1068~2-59299]:main():compute-mfcc-feats.cc:182) Processed features for key SP0405W07
VLOG[2] (compute-mfcc-feats[5.5.1068~2-59299]:main():compute-mfcc-feats.cc:182) Processed features for key SP0405W08
VLOG[2] (compute-mfcc-feats[5.5.1068~2-59299]:main():compute-mfcc-feats.cc:182) Processed features for key SP0405W09
VLOG[2] (compute-mfcc-feats[5.5.1068~2-59299]:main():compute-mfcc-feats.cc:182) Processed features for key SP0406W00
VLOG[2] (compute-mfcc-feats[5.5.1068~2-59299]:main():compute-mfcc-feats.cc:182) Processed features for key SP0406W01
VLOG[2] (compute-mfcc-feats[5.5.1068~2-59299]:main():compute-mfcc-feats.cc:182) Processed features for key SP0406W02
VLOG[2] (compute-mfcc-feats[5.5.1068~2-59299]:main():compute-mfcc-feats.cc:182) Processed features for key SP0406W03
VLOG[2] (compute-mfcc-feats[5.5.1068~2-59299]:main():compute-mfcc-feats.cc:182) Processed features for key SP0406W04
LOG (compute-mfcc-feats[5.5.1068~2-59299]:main():compute-mfcc-feats.cc:181) Processed 360 utterances
VLOG[2] (compute-mfcc-feats[5.5.1068~2-59299]:main():compute-mfcc-feats.cc:182) Processed features for key SP0406W05
VLOG[2] (compute-mfcc-feats[5.5.1068~2-59299]:main():compute-mfcc-feats.cc:182) Processed features for key SP0406W06
VLOG[2] (compute-mfcc-feats[5.5.1068~2-59299]:main():compute-mfcc-feats.cc:182) Processed features for key SP0406W07
VLOG[2] (compute-mfcc-feats[5.5.1068~2-59299]:main():compute-mfcc-feats.cc:182) Processed features for key SP0406W08
VLOG[2] (compute-mfcc-feats[5.5.1068~2-59299]:main():compute-mfcc-feats.cc:182) Processed features for key SP0406W09
VLOG[2] (compute-mfcc-feats[5.5.1068~2-59299]:main():compute-mfcc-feats.cc:182) Processed features for key SP0407W00
VLOG[2] (compute-mfcc-feats[5.5.1068~2-59299]:main():compute-mfcc-feats.cc:182) Processed features for key SP0407W01
VLOG[2] (compute-mfcc-feats[5.5.1068~2-59299]:main():compute-mfcc-feats.cc:182) Processed features for key SP0407W02
VLOG[2] (compute-mfcc-feats[5.5.1068~2-59299]:main():compute-mfcc-feats.cc:182) Processed features for key SP0407W03
VLOG[2] (compute-mfcc-feats[5.5.1068~2-59299]:main():compute-mfcc-feats.cc:182) Processed features for key SP0407W04
LOG (compute-mfcc-feats[5.5.1068~2-59299]:main():compute-mfcc-feats.cc:181) Processed 370 utterances
VLOG[2] (compute-mfcc-feats[5.5.1068~2-59299]:main():compute-mfcc-feats.cc:182) Processed features for key SP0407W05
VLOG[2] (compute-mfcc-feats[5.5.1068~2-59299]:main():compute-mfcc-feats.cc:182) Processed features for key SP0407W06
VLOG[2] (compute-mfcc-feats[5.5.1068~2-59299]:main():compute-mfcc-feats.cc:182) Processed features for key SP0407W07
VLOG[2] (compute-mfcc-feats[5.5.1068~2-59299]:main():compute-mfcc-feats.cc:182) Processed features for key SP0407W08
VLOG[2] (compute-mfcc-feats[5.5.1068~2-59299]:main():compute-mfcc-feats.cc:182) Processed features for key SP0407W09
VLOG[2] (compute-mfcc-feats[5.5.1068~2-59299]:main():compute-mfcc-feats.cc:182) Processed features for key SP0408W00
VLOG[2] (compute-mfcc-feats[5.5.1068~2-59299]:main():compute-mfcc-feats.cc:182) Processed features for key SP0408W01
VLOG[2] (compute-mfcc-feats[5.5.1068~2-59299]:main():compute-mfcc-feats.cc:182) Processed features for key SP0408W02
VLOG[2] (compute-mfcc-feats[5.5.1068~2-59299]:main():compute-mfcc-feats.cc:182) Processed features for key SP0408W03
VLOG[2] (compute-mfcc-feats[5.5.1068~2-59299]:main():compute-mfcc-feats.cc:182) Processed features for key SP0408W04
LOG (compute-mfcc-feats[5.5.1068~2-59299]:main():compute-mfcc-feats.cc:181) Processed 380 utterances
VLOG[2] (compute-mfcc-feats[5.5.1068~2-59299]:main():compute-mfcc-feats.cc:182) Processed features for key SP0408W05
VLOG[2] (compute-mfcc-feats[5.5.1068~2-59299]:main():compute-mfcc-feats.cc:182) Processed features for key SP0408W06
VLOG[2] (compute-mfcc-feats[5.5.1068~2-59299]:main():compute-mfcc-feats.cc:182) Processed features for key SP0408W07
VLOG[2] (compute-mfcc-feats[5.5.1068~2-59299]:main():compute-mfcc-feats.cc:182) Processed features for key SP0408W08
VLOG[2] (compute-mfcc-feats[5.5.1068~2-59299]:main():compute-mfcc-feats.cc:182) Processed features for key SP0408W09
VLOG[2] (compute-mfcc-feats[5.5.1068~2-59299]:main():compute-mfcc-feats.cc:182) Processed features for key SP0409W00
VLOG[2] (compute-mfcc-feats[5.5.1068~2-59299]:main():compute-mfcc-feats.cc:182) Processed features for key SP0409W01
VLOG[2] (compute-mfcc-feats[5.5.1068~2-59299]:main():compute-mfcc-feats.cc:182) Processed features for key SP0409W02
VLOG[2] (compute-mfcc-feats[5.5.1068~2-59299]:main():compute-mfcc-feats.cc:182) Processed features for key SP0409W03
VLOG[2] (compute-mfcc-feats[5.5.1068~2-59299]:main():compute-mfcc-feats.cc:182) Processed features for key SP0409W04
LOG (compute-mfcc-feats[5.5.1068~2-59299]:main():compute-mfcc-feats.cc:181) Processed 390 utterances
VLOG[2] (compute-mfcc-feats[5.5.1068~2-59299]:main():compute-mfcc-feats.cc:182) Processed features for key SP0409W05
VLOG[2] (compute-mfcc-feats[5.5.1068~2-59299]:main():compute-mfcc-feats.cc:182) Processed features for key SP0409W06
VLOG[2] (compute-mfcc-feats[5.5.1068~2-59299]:main():compute-mfcc-feats.cc:182) Processed features for key SP0409W07
VLOG[2] (compute-mfcc-feats[5.5.1068~2-59299]:main():compute-mfcc-feats.cc:182) Processed features for key SP0409W08
VLOG[2] (compute-mfcc-feats[5.5.1068~2-59299]:main():compute-mfcc-feats.cc:182) Processed features for key SP0409W09
VLOG[2] (compute-mfcc-feats[5.5.1068~2-59299]:main():compute-mfcc-feats.cc:182) Processed features for key SP0410W00
VLOG[2] (compute-mfcc-feats[5.5.1068~2-59299]:main():compute-mfcc-feats.cc:182) Processed features for key SP0410W01
VLOG[2] (compute-mfcc-feats[5.5.1068~2-59299]:main():compute-mfcc-feats.cc:182) Processed features for key SP0410W02
VLOG[2] (compute-mfcc-feats[5.5.1068~2-59299]:main():compute-mfcc-feats.cc:182) Processed features for key SP0410W03
VLOG[2] (compute-mfcc-feats[5.5.1068~2-59299]:main():compute-mfcc-feats.cc:182) Processed features for key SP0410W04
LOG (compute-mfcc-feats[5.5.1068~2-59299]:main():compute-mfcc-feats.cc:181) Processed 400 utterances
VLOG[2] (compute-mfcc-feats[5.5.1068~2-59299]:main():compute-mfcc-feats.cc:182) Processed features for key SP0410W05
VLOG[2] (compute-mfcc-feats[5.5.1068~2-59299]:main():compute-mfcc-feats.cc:182) Processed features for key SP0410W06
VLOG[2] (compute-mfcc-feats[5.5.1068~2-59299]:main():compute-mfcc-feats.cc:182) Processed features for key SP0410W07
VLOG[2] (compute-mfcc-feats[5.5.1068~2-59299]:main():compute-mfcc-feats.cc:182) Processed features for key SP0410W08
VLOG[2] (compute-mfcc-feats[5.5.1068~2-59299]:main():compute-mfcc-feats.cc:182) Processed features for key SP0410W09
VLOG[2] (compute-mfcc-feats[5.5.1068~2-59299]:main():compute-mfcc-feats.cc:182) Processed features for key SP0411W00
VLOG[2] (compute-mfcc-feats[5.5.1068~2-59299]:main():compute-mfcc-feats.cc:182) Processed features for key SP0411W01
VLOG[2] (compute-mfcc-feats[5.5.1068~2-59299]:main():compute-mfcc-feats.cc:182) Processed features for key SP0411W02
VLOG[2] (compute-mfcc-feats[5.5.1068~2-59299]:main():compute-mfcc-feats.cc:182) Processed features for key SP0411W03
VLOG[2] (compute-mfcc-feats[5.5.1068~2-59299]:main():compute-mfcc-feats.cc:182) Processed features for key SP0411W04
LOG (compute-mfcc-feats[5.5.1068~2-59299]:main():compute-mfcc-feats.cc:181) Processed 410 utterances
VLOG[2] (compute-mfcc-feats[5.5.1068~2-59299]:main():compute-mfcc-feats.cc:182) Processed features for key SP0411W05
VLOG[2] (compute-mfcc-feats[5.5.1068~2-59299]:main():compute-mfcc-feats.cc:182) Processed features for key SP0411W06
VLOG[2] (compute-mfcc-feats[5.5.1068~2-59299]:main():compute-mfcc-feats.cc:182) Processed features for key SP0411W07
VLOG[2] (compute-mfcc-feats[5.5.1068~2-59299]:main():compute-mfcc-feats.cc:182) Processed features for key SP0411W08
VLOG[2] (compute-mfcc-feats[5.5.1068~2-59299]:main():compute-mfcc-feats.cc:182) Processed features for key SP0411W09
VLOG[2] (compute-mfcc-feats[5.5.1068~2-59299]:main():compute-mfcc-feats.cc:182) Processed features for key SP0412W00
VLOG[2] (compute-mfcc-feats[5.5.1068~2-59299]:main():compute-mfcc-feats.cc:182) Processed features for key SP0412W01
VLOG[2] (compute-mfcc-feats[5.5.1068~2-59299]:main():compute-mfcc-feats.cc:182) Processed features for key SP0412W02
VLOG[2] (compute-mfcc-feats[5.5.1068~2-59299]:main():compute-mfcc-feats.cc:182) Processed features for key SP0412W03
VLOG[2] (compute-mfcc-feats[5.5.1068~2-59299]:main():compute-mfcc-feats.cc:182) Processed features for key SP0412W04
LOG (compute-mfcc-feats[5.5.1068~2-59299]:main():compute-mfcc-feats.cc:181) Processed 420 utterances
VLOG[2] (compute-mfcc-feats[5.5.1068~2-59299]:main():compute-mfcc-feats.cc:182) Processed features for key SP0412W05
VLOG[2] (compute-mfcc-feats[5.5.1068~2-59299]:main():compute-mfcc-feats.cc:182) Processed features for key SP0412W06
VLOG[2] (compute-mfcc-feats[5.5.1068~2-59299]:main():compute-mfcc-feats.cc:182) Processed features for key SP0412W07
VLOG[2] (compute-mfcc-feats[5.5.1068~2-59299]:main():compute-mfcc-feats.cc:182) Processed features for key SP0412W08
VLOG[2] (compute-mfcc-feats[5.5.1068~2-59299]:main():compute-mfcc-feats.cc:182) Processed features for key SP0412W09
VLOG[2] (compute-mfcc-feats[5.5.1068~2-59299]:main():compute-mfcc-feats.cc:182) Processed features for key SP0413W00
VLOG[2] (compute-mfcc-feats[5.5.1068~2-59299]:main():compute-mfcc-feats.cc:182) Processed features for key SP0413W01
VLOG[2] (compute-mfcc-feats[5.5.1068~2-59299]:main():compute-mfcc-feats.cc:182) Processed features for key SP0413W02
VLOG[2] (compute-mfcc-feats[5.5.1068~2-59299]:main():compute-mfcc-feats.cc:182) Processed features for key SP0413W03
VLOG[2] (compute-mfcc-feats[5.5.1068~2-59299]:main():compute-mfcc-feats.cc:182) Processed features for key SP0413W04
LOG (compute-mfcc-feats[5.5.1068~2-59299]:main():compute-mfcc-feats.cc:181) Processed 430 utterances
VLOG[2] (compute-mfcc-feats[5.5.1068~2-59299]:main():compute-mfcc-feats.cc:182) Processed features for key SP0413W05
VLOG[2] (compute-mfcc-feats[5.5.1068~2-59299]:main():compute-mfcc-feats.cc:182) Processed features for key SP0413W06
VLOG[2] (compute-mfcc-feats[5.5.1068~2-59299]:main():compute-mfcc-feats.cc:182) Processed features for key SP0413W07
VLOG[2] (compute-mfcc-feats[5.5.1068~2-59299]:main():compute-mfcc-feats.cc:182) Processed features for key SP0413W08
VLOG[2] (compute-mfcc-feats[5.5.1068~2-59299]:main():compute-mfcc-feats.cc:182) Processed features for key SP0413W09
VLOG[2] (compute-mfcc-feats[5.5.1068~2-59299]:main():compute-mfcc-feats.cc:182) Processed features for key SP0414W00
VLOG[2] (compute-mfcc-feats[5.5.1068~2-59299]:main():compute-mfcc-feats.cc:182) Processed features for key SP0414W01
VLOG[2] (compute-mfcc-feats[5.5.1068~2-59299]:main():compute-mfcc-feats.cc:182) Processed features for key SP0414W02
VLOG[2] (compute-mfcc-feats[5.5.1068~2-59299]:main():compute-mfcc-feats.cc:182) Processed features for key SP0414W03
VLOG[2] (compute-mfcc-feats[5.5.1068~2-59299]:main():compute-mfcc-feats.cc:182) Processed features for key SP0414W04
LOG (compute-mfcc-feats[5.5.1068~2-59299]:main():compute-mfcc-feats.cc:181) Processed 440 utterances
VLOG[2] (compute-mfcc-feats[5.5.1068~2-59299]:main():compute-mfcc-feats.cc:182) Processed features for key SP0414W05
VLOG[2] (compute-mfcc-feats[5.5.1068~2-59299]:main():compute-mfcc-feats.cc:182) Processed features for key SP0414W06
VLOG[2] (compute-mfcc-feats[5.5.1068~2-59299]:main():compute-mfcc-feats.cc:182) Processed features for key SP0414W07
VLOG[2] (compute-mfcc-feats[5.5.1068~2-59299]:main():compute-mfcc-feats.cc:182) Processed features for key SP0414W08
VLOG[2] (compute-mfcc-feats[5.5.1068~2-59299]:main():compute-mfcc-feats.cc:182) Processed features for key SP0414W09
VLOG[2] (compute-mfcc-feats[5.5.1068~2-59299]:main():compute-mfcc-feats.cc:182) Processed features for key SP0415W00
VLOG[2] (compute-mfcc-feats[5.5.1068~2-59299]:main():compute-mfcc-feats.cc:182) Processed features for key SP0415W01
VLOG[2] (compute-mfcc-feats[5.5.1068~2-59299]:main():compute-mfcc-feats.cc:182) Processed features for key SP0415W02
VLOG[2] (compute-mfcc-feats[5.5.1068~2-59299]:main():compute-mfcc-feats.cc:182) Processed features for key SP0415W03
VLOG[2] (compute-mfcc-feats[5.5.1068~2-59299]:main():compute-mfcc-feats.cc:182) Processed features for key SP0415W04
LOG (compute-mfcc-feats[5.5.1068~2-59299]:main():compute-mfcc-feats.cc:181) Processed 450 utterances
VLOG[2] (compute-mfcc-feats[5.5.1068~2-59299]:main():compute-mfcc-feats.cc:182) Processed features for key SP0415W05
VLOG[2] (compute-mfcc-feats[5.5.1068~2-59299]:main():compute-mfcc-feats.cc:182) Processed features for key SP0415W06
VLOG[2] (compute-mfcc-feats[5.5.1068~2-59299]:main():compute-mfcc-feats.cc:182) Processed features for key SP0415W07
VLOG[2] (compute-mfcc-feats[5.5.1068~2-59299]:main():compute-mfcc-feats.cc:182) Processed features for key SP0415W08
VLOG[2] (compute-mfcc-feats[5.5.1068~2-59299]:main():compute-mfcc-feats.cc:182) Processed features for key SP0415W09
VLOG[2] (compute-mfcc-feats[5.5.1068~2-59299]:main():compute-mfcc-feats.cc:182) Processed features for key SP0416W00
VLOG[2] (compute-mfcc-feats[5.5.1068~2-59299]:main():compute-mfcc-feats.cc:182) Processed features for key SP0416W01
VLOG[2] (compute-mfcc-feats[5.5.1068~2-59299]:main():compute-mfcc-feats.cc:182) Processed features for key SP0416W02
VLOG[2] (compute-mfcc-feats[5.5.1068~2-59299]:main():compute-mfcc-feats.cc:182) Processed features for key SP0416W03
VLOG[2] (compute-mfcc-feats[5.5.1068~2-59299]:main():compute-mfcc-feats.cc:182) Processed features for key SP0416W04
LOG (compute-mfcc-feats[5.5.1068~2-59299]:main():compute-mfcc-feats.cc:181) Processed 460 utterances
VLOG[2] (compute-mfcc-feats[5.5.1068~2-59299]:main():compute-mfcc-feats.cc:182) Processed features for key SP0416W05
VLOG[2] (compute-mfcc-feats[5.5.1068~2-59299]:main():compute-mfcc-feats.cc:182) Processed features for key SP0416W06
VLOG[2] (compute-mfcc-feats[5.5.1068~2-59299]:main():compute-mfcc-feats.cc:182) Processed features for key SP0416W07
LOG (compute-mfcc-feats[5.5.1068~2-59299]:main():compute-mfcc-feats.cc:185)  Done 462 out of 462 utterances.
LOG (copy-feats[5.5.1068~2-59299]:main():copy-feats.cc:143) Copied 462 feature matrices.
# Accounting: time=3 threads=1
# Ended (code 0) at Thu Mar 16 01:07:14 CST 2023, elapsed time 3 seconds
