# compute-mfcc-feats --write-utt2dur=ark,t:exp/make_mfcc/train/utt2dur.6 --verbose=2 --config=conf/mfcc.conf scp,p:exp/make_mfcc/train/wav_train.6.scp ark:- | copy-feats --write-num-frames=ark,t:exp/make_mfcc/train/utt2num_frames.6 --compress=true ark:- ark,scp:/home/zerol/kaldi/egs/timit/s5/mfcc/raw_mfcc_train.6.ark,/home/zerol/kaldi/egs/timit/s5/mfcc/raw_mfcc_train.6.scp 
# Started at Wed Mar 22 15:21:47 CST 2023
#
copy-feats --write-num-frames=ark,t:exp/make_mfcc/train/utt2num_frames.6 --compress=true ark:- ark,scp:/home/zerol/kaldi/egs/timit/s5/mfcc/raw_mfcc_train.6.ark,/home/zerol/kaldi/egs/timit/s5/mfcc/raw_mfcc_train.6.scp 
compute-mfcc-feats --write-utt2dur=ark,t:exp/make_mfcc/train/utt2dur.6 --verbose=2 --config=conf/mfcc.conf scp,p:exp/make_mfcc/train/wav_train.6.scp ark:- 
VLOG[2] (compute-mfcc-feats[5.5.1068~2-59299]:main():compute-mfcc-feats.cc:182) Processed features for key SP0386W00
VLOG[2] (compute-mfcc-feats[5.5.1068~2-59299]:main():compute-mfcc-feats.cc:182) Processed features for key SP0386W01
VLOG[2] (compute-mfcc-feats[5.5.1068~2-59299]:main():compute-mfcc-feats.cc:182) Processed features for key SP0386W02
VLOG[2] (compute-mfcc-feats[5.5.1068~2-59299]:main():compute-mfcc-feats.cc:182) Processed features for key SP0386W03
VLOG[2] (compute-mfcc-feats[5.5.1068~2-59299]:main():compute-mfcc-feats.cc:182) Processed features for key SP0386W04
VLOG[2] (compute-mfcc-feats[5.5.1068~2-59299]:main():compute-mfcc-feats.cc:182) Processed features for key SP0386W05
VLOG[2] (compute-mfcc-feats[5.5.1068~2-59299]:main():compute-mfcc-feats.cc:182) Processed features for key SP0386W06
VLOG[2] (compute-mfcc-feats[5.5.1068~2-59299]:main():compute-mfcc-feats.cc:182) Processed features for key SP0386W07
VLOG[2] (compute-mfcc-feats[5.5.1068~2-59299]:main():compute-mfcc-feats.cc:182) Processed features for key SP0386W08
LOG (compute-mfcc-feats[5.5.1068~2-59299]:main():compute-mfcc-feats.cc:181) Processed 10 utterances
VLOG[2] (compute-mfcc-feats[5.5.1068~2-59299]:main():compute-mfcc-feats.cc:182) Processed features for key SP0386W09
VLOG[2] (compute-mfcc-feats[5.5.1068~2-59299]:main():compute-mfcc-feats.cc:182) Processed features for key SP0387W00
VLOG[2] (compute-mfcc-feats[5.5.1068~2-59299]:main():compute-mfcc-feats.cc:182) Processed features for key SP0387W01
VLOG[2] (compute-mfcc-feats[5.5.1068~2-59299]:main():compute-mfcc-feats.cc:182) Processed features for key SP0387W02
VLOG[2] (compute-mfcc-feats[5.5.1068~2-59299]:main():compute-mfcc-feats.cc:182) Processed features for key SP0387W03
VLOG[2] (compute-mfcc-feats[5.5.1068~2-59299]:main():compute-mfcc-feats.cc:182) Processed features for key SP0387W04
VLOG[2] (compute-mfcc-feats[5.5.1068~2-59299]:main():compute-mfcc-feats.cc:182) Processed features for key SP0387W05
VLOG[2] (compute-mfcc-feats[5.5.1068~2-59299]:main():compute-mfcc-feats.cc:182) Processed features for key SP0387W06
VLOG[2] (compute-mfcc-feats[5.5.1068~2-59299]:main():compute-mfcc-feats.cc:182) Processed features for key SP0387W07
VLOG[2] (compute-mfcc-feats[5.5.1068~2-59299]:main():compute-mfcc-feats.cc:182) Processed features for key SP0387W08
LOG (compute-mfcc-feats[5.5.1068~2-59299]:main():compute-mfcc-feats.cc:181) Processed 20 utterances
VLOG[2] (compute-mfcc-feats[5.5.1068~2-59299]:main():compute-mfcc-feats.cc:182) Processed features for key SP0387W09
VLOG[2] (compute-mfcc-feats[5.5.1068~2-59299]:main():compute-mfcc-feats.cc:182) Processed features for key SP0388W00
VLOG[2] (compute-mfcc-feats[5.5.1068~2-59299]:main():compute-mfcc-feats.cc:182) Processed features for key SP0388W01
VLOG[2] (compute-mfcc-feats[5.5.1068~2-59299]:main():compute-mfcc-feats.cc:182) Processed features for key SP0388W02
VLOG[2] (compute-mfcc-feats[5.5.1068~2-59299]:main():compute-mfcc-feats.cc:182) Processed features for key SP0388W03
VLOG[2] (compute-mfcc-feats[5.5.1068~2-59299]:main():compute-mfcc-feats.cc:182) Processed features for key SP0388W04
VLOG[2] (compute-mfcc-feats[5.5.1068~2-59299]:main():compute-mfcc-feats.cc:182) Processed features for key SP0388W05
VLOG[2] (compute-mfcc-feats[5.5.1068~2-59299]:main():compute-mfcc-feats.cc:182) Processed features for key SP0388W06
VLOG[2] (compute-mfcc-feats[5.5.1068~2-59299]:main():compute-mfcc-feats.cc:182) Processed features for key SP0388W07
VLOG[2] (compute-mfcc-feats[5.5.1068~2-59299]:main():compute-mfcc-feats.cc:182) Processed features for key SP0388W08
LOG (compute-mfcc-feats[5.5.1068~2-59299]:main():compute-mfcc-feats.cc:181) Processed 30 utterances
VLOG[2] (compute-mfcc-feats[5.5.1068~2-59299]:main():compute-mfcc-feats.cc:182) Processed features for key SP0388W09
VLOG[2] (compute-mfcc-feats[5.5.1068~2-59299]:main():compute-mfcc-feats.cc:182) Processed features for key SP0389W00
VLOG[2] (compute-mfcc-feats[5.5.1068~2-59299]:main():compute-mfcc-feats.cc:182) Processed features for key SP0389W01
VLOG[2] (compute-mfcc-feats[5.5.1068~2-59299]:main():compute-mfcc-feats.cc:182) Processed features for key SP0389W02
VLOG[2] (compute-mfcc-feats[5.5.1068~2-59299]:main():compute-mfcc-feats.cc:182) Processed features for key SP0389W03
VLOG[2] (compute-mfcc-feats[5.5.1068~2-59299]:main():compute-mfcc-feats.cc:182) Processed features for key SP0389W04
VLOG[2] (compute-mfcc-feats[5.5.1068~2-59299]:main():compute-mfcc-feats.cc:182) Processed features for key SP0389W05
VLOG[2] (compute-mfcc-feats[5.5.1068~2-59299]:main():compute-mfcc-feats.cc:182) Processed features for key SP0389W06
VLOG[2] (compute-mfcc-feats[5.5.1068~2-59299]:main():compute-mfcc-feats.cc:182) Processed features for key SP0389W07
VLOG[2] (compute-mfcc-feats[5.5.1068~2-59299]:main():compute-mfcc-feats.cc:182) Processed features for key SP0389W08
LOG (compute-mfcc-feats[5.5.1068~2-59299]:main():compute-mfcc-feats.cc:181) Processed 40 utterances
VLOG[2] (compute-mfcc-feats[5.5.1068~2-59299]:main():compute-mfcc-feats.cc:182) Processed features for key SP0389W09
VLOG[2] (compute-mfcc-feats[5.5.1068~2-59299]:main():compute-mfcc-feats.cc:182) Processed features for key SP0390W00
VLOG[2] (compute-mfcc-feats[5.5.1068~2-59299]:main():compute-mfcc-feats.cc:182) Processed features for key SP0390W01
VLOG[2] (compute-mfcc-feats[5.5.1068~2-59299]:main():compute-mfcc-feats.cc:182) Processed features for key SP0390W02
VLOG[2] (compute-mfcc-feats[5.5.1068~2-59299]:main():compute-mfcc-feats.cc:182) Processed features for key SP0390W03
VLOG[2] (compute-mfcc-feats[5.5.1068~2-59299]:main():compute-mfcc-feats.cc:182) Processed features for key SP0390W04
VLOG[2] (compute-mfcc-feats[5.5.1068~2-59299]:main():compute-mfcc-feats.cc:182) Processed features for key SP0390W05
VLOG[2] (compute-mfcc-feats[5.5.1068~2-59299]:main():compute-mfcc-feats.cc:182) Processed features for key SP0390W06
VLOG[2] (compute-mfcc-feats[5.5.1068~2-59299]:main():compute-mfcc-feats.cc:182) Processed features for key SP0390W07
VLOG[2] (compute-mfcc-feats[5.5.1068~2-59299]:main():compute-mfcc-feats.cc:182) Processed features for key SP0390W08
LOG (compute-mfcc-feats[5.5.1068~2-59299]:main():compute-mfcc-feats.cc:181) Processed 50 utterances
VLOG[2] (compute-mfcc-feats[5.5.1068~2-59299]:main():compute-mfcc-feats.cc:182) Processed features for key SP0390W09
VLOG[2] (compute-mfcc-feats[5.5.1068~2-59299]:main():compute-mfcc-feats.cc:182) Processed features for key SP0391W00
VLOG[2] (compute-mfcc-feats[5.5.1068~2-59299]:main():compute-mfcc-feats.cc:182) Processed features for key SP0391W01
VLOG[2] (compute-mfcc-feats[5.5.1068~2-59299]:main():compute-mfcc-feats.cc:182) Processed features for key SP0391W02
VLOG[2] (compute-mfcc-feats[5.5.1068~2-59299]:main():compute-mfcc-feats.cc:182) Processed features for key SP0391W03
VLOG[2] (compute-mfcc-feats[5.5.1068~2-59299]:main():compute-mfcc-feats.cc:182) Processed features for key SP0391W04
VLOG[2] (compute-mfcc-feats[5.5.1068~2-59299]:main():compute-mfcc-feats.cc:182) Processed features for key SP0391W05
VLOG[2] (compute-mfcc-feats[5.5.1068~2-59299]:main():compute-mfcc-feats.cc:182) Processed features for key SP0391W06
VLOG[2] (compute-mfcc-feats[5.5.1068~2-59299]:main():compute-mfcc-feats.cc:182) Processed features for key SP0391W07
VLOG[2] (compute-mfcc-feats[5.5.1068~2-59299]:main():compute-mfcc-feats.cc:182) Processed features for key SP0391W08
LOG (compute-mfcc-feats[5.5.1068~2-59299]:main():compute-mfcc-feats.cc:181) Processed 60 utterances
VLOG[2] (compute-mfcc-feats[5.5.1068~2-59299]:main():compute-mfcc-feats.cc:182) Processed features for key SP0391W09
VLOG[2] (compute-mfcc-feats[5.5.1068~2-59299]:main():compute-mfcc-feats.cc:182) Processed features for key SP0392W00
VLOG[2] (compute-mfcc-feats[5.5.1068~2-59299]:main():compute-mfcc-feats.cc:182) Processed features for key SP0392W01
VLOG[2] (compute-mfcc-feats[5.5.1068~2-59299]:main():compute-mfcc-feats.cc:182) Processed features for key SP0392W02
VLOG[2] (compute-mfcc-feats[5.5.1068~2-59299]:main():compute-mfcc-feats.cc:182) Processed features for key SP0392W03
VLOG[2] (compute-mfcc-feats[5.5.1068~2-59299]:main():compute-mfcc-feats.cc:182) Processed features for key SP0392W04
VLOG[2] (compute-mfcc-feats[5.5.1068~2-59299]:main():compute-mfcc-feats.cc:182) Processed features for key SP0392W05
VLOG[2] (compute-mfcc-feats[5.5.1068~2-59299]:main():compute-mfcc-feats.cc:182) Processed features for key SP0392W06
VLOG[2] (compute-mfcc-feats[5.5.1068~2-59299]:main():compute-mfcc-feats.cc:182) Processed features for key SP0392W07
VLOG[2] (compute-mfcc-feats[5.5.1068~2-59299]:main():compute-mfcc-feats.cc:182) Processed features for key SP0392W08
LOG (compute-mfcc-feats[5.5.1068~2-59299]:main():compute-mfcc-feats.cc:181) Processed 70 utterances
VLOG[2] (compute-mfcc-feats[5.5.1068~2-59299]:main():compute-mfcc-feats.cc:182) Processed features for key SP0392W09
VLOG[2] (compute-mfcc-feats[5.5.1068~2-59299]:main():compute-mfcc-feats.cc:182) Processed features for key SP0393W00
VLOG[2] (compute-mfcc-feats[5.5.1068~2-59299]:main():compute-mfcc-feats.cc:182) Processed features for key SP0393W01
VLOG[2] (compute-mfcc-feats[5.5.1068~2-59299]:main():compute-mfcc-feats.cc:182) Processed features for key SP0393W02
VLOG[2] (compute-mfcc-feats[5.5.1068~2-59299]:main():compute-mfcc-feats.cc:182) Processed features for key SP0393W03
VLOG[2] (compute-mfcc-feats[5.5.1068~2-59299]:main():compute-mfcc-feats.cc:182) Processed features for key SP0393W04
VLOG[2] (compute-mfcc-feats[5.5.1068~2-59299]:main():compute-mfcc-feats.cc:182) Processed features for key SP0393W05
VLOG[2] (compute-mfcc-feats[5.5.1068~2-59299]:main():compute-mfcc-feats.cc:182) Processed features for key SP0393W06
VLOG[2] (compute-mfcc-feats[5.5.1068~2-59299]:main():compute-mfcc-feats.cc:182) Processed features for key SP0393W07
VLOG[2] (compute-mfcc-feats[5.5.1068~2-59299]:main():compute-mfcc-feats.cc:182) Processed features for key SP0393W08
LOG (compute-mfcc-feats[5.5.1068~2-59299]:main():compute-mfcc-feats.cc:181) Processed 80 utterances
VLOG[2] (compute-mfcc-feats[5.5.1068~2-59299]:main():compute-mfcc-feats.cc:182) Processed features for key SP0393W09
VLOG[2] (compute-mfcc-feats[5.5.1068~2-59299]:main():compute-mfcc-feats.cc:182) Processed features for key SP0394W00
VLOG[2] (compute-mfcc-feats[5.5.1068~2-59299]:main():compute-mfcc-feats.cc:182) Processed features for key SP0394W01
VLOG[2] (compute-mfcc-feats[5.5.1068~2-59299]:main():compute-mfcc-feats.cc:182) Processed features for key SP0394W02
VLOG[2] (compute-mfcc-feats[5.5.1068~2-59299]:main():compute-mfcc-feats.cc:182) Processed features for key SP0394W03
VLOG[2] (compute-mfcc-feats[5.5.1068~2-59299]:main():compute-mfcc-feats.cc:182) Processed features for key SP0394W04
VLOG[2] (compute-mfcc-feats[5.5.1068~2-59299]:main():compute-mfcc-feats.cc:182) Processed features for key SP0394W05
VLOG[2] (compute-mfcc-feats[5.5.1068~2-59299]:main():compute-mfcc-feats.cc:182) Processed features for key SP0394W06
VLOG[2] (compute-mfcc-feats[5.5.1068~2-59299]:main():compute-mfcc-feats.cc:182) Processed features for key SP0394W07
VLOG[2] (compute-mfcc-feats[5.5.1068~2-59299]:main():compute-mfcc-feats.cc:182) Processed features for key SP0394W08
LOG (compute-mfcc-feats[5.5.1068~2-59299]:main():compute-mfcc-feats.cc:181) Processed 90 utterances
VLOG[2] (compute-mfcc-feats[5.5.1068~2-59299]:main():compute-mfcc-feats.cc:182) Processed features for key SP0394W09
VLOG[2] (compute-mfcc-feats[5.5.1068~2-59299]:main():compute-mfcc-feats.cc:182) Processed features for key SP0395W00
VLOG[2] (compute-mfcc-feats[5.5.1068~2-59299]:main():compute-mfcc-feats.cc:182) Processed features for key SP0395W01
VLOG[2] (compute-mfcc-feats[5.5.1068~2-59299]:main():compute-mfcc-feats.cc:182) Processed features for key SP0395W02
VLOG[2] (compute-mfcc-feats[5.5.1068~2-59299]:main():compute-mfcc-feats.cc:182) Processed features for key SP0395W03
VLOG[2] (compute-mfcc-feats[5.5.1068~2-59299]:main():compute-mfcc-feats.cc:182) Processed features for key SP0395W04
VLOG[2] (compute-mfcc-feats[5.5.1068~2-59299]:main():compute-mfcc-feats.cc:182) Processed features for key SP0395W05
VLOG[2] (compute-mfcc-feats[5.5.1068~2-59299]:main():compute-mfcc-feats.cc:182) Processed features for key SP0395W06
VLOG[2] (compute-mfcc-feats[5.5.1068~2-59299]:main():compute-mfcc-feats.cc:182) Processed features for key SP0395W07
VLOG[2] (compute-mfcc-feats[5.5.1068~2-59299]:main():compute-mfcc-feats.cc:182) Processed features for key SP0395W08
LOG (compute-mfcc-feats[5.5.1068~2-59299]:main():compute-mfcc-feats.cc:181) Processed 100 utterances
VLOG[2] (compute-mfcc-feats[5.5.1068~2-59299]:main():compute-mfcc-feats.cc:182) Processed features for key SP0395W09
VLOG[2] (compute-mfcc-feats[5.5.1068~2-59299]:main():compute-mfcc-feats.cc:182) Processed features for key SP0396W00
VLOG[2] (compute-mfcc-feats[5.5.1068~2-59299]:main():compute-mfcc-feats.cc:182) Processed features for key SP0396W01
VLOG[2] (compute-mfcc-feats[5.5.1068~2-59299]:main():compute-mfcc-feats.cc:182) Processed features for key SP0396W02
VLOG[2] (compute-mfcc-feats[5.5.1068~2-59299]:main():compute-mfcc-feats.cc:182) Processed features for key SP0396W03
VLOG[2] (compute-mfcc-feats[5.5.1068~2-59299]:main():compute-mfcc-feats.cc:182) Processed features for key SP0396W04
VLOG[2] (compute-mfcc-feats[5.5.1068~2-59299]:main():compute-mfcc-feats.cc:182) Processed features for key SP0396W05
VLOG[2] (compute-mfcc-feats[5.5.1068~2-59299]:main():compute-mfcc-feats.cc:182) Processed features for key SP0396W06
VLOG[2] (compute-mfcc-feats[5.5.1068~2-59299]:main():compute-mfcc-feats.cc:182) Processed features for key SP0396W07
VLOG[2] (compute-mfcc-feats[5.5.1068~2-59299]:main():compute-mfcc-feats.cc:182) Processed features for key SP0396W08
LOG (compute-mfcc-feats[5.5.1068~2-59299]:main():compute-mfcc-feats.cc:181) Processed 110 utterances
VLOG[2] (compute-mfcc-feats[5.5.1068~2-59299]:main():compute-mfcc-feats.cc:182) Processed features for key SP0396W09
VLOG[2] (compute-mfcc-feats[5.5.1068~2-59299]:main():compute-mfcc-feats.cc:182) Processed features for key SP0397W00
VLOG[2] (compute-mfcc-feats[5.5.1068~2-59299]:main():compute-mfcc-feats.cc:182) Processed features for key SP0397W01
VLOG[2] (compute-mfcc-feats[5.5.1068~2-59299]:main():compute-mfcc-feats.cc:182) Processed features for key SP0397W02
VLOG[2] (compute-mfcc-feats[5.5.1068~2-59299]:main():compute-mfcc-feats.cc:182) Processed features for key SP0397W03
VLOG[2] (compute-mfcc-feats[5.5.1068~2-59299]:main():compute-mfcc-feats.cc:182) Processed features for key SP0397W04
VLOG[2] (compute-mfcc-feats[5.5.1068~2-59299]:main():compute-mfcc-feats.cc:182) Processed features for key SP0397W05
VLOG[2] (compute-mfcc-feats[5.5.1068~2-59299]:main():compute-mfcc-feats.cc:182) Processed features for key SP0397W06
VLOG[2] (compute-mfcc-feats[5.5.1068~2-59299]:main():compute-mfcc-feats.cc:182) Processed features for key SP0397W07
VLOG[2] (compute-mfcc-feats[5.5.1068~2-59299]:main():compute-mfcc-feats.cc:182) Processed features for key SP0397W08
LOG (compute-mfcc-feats[5.5.1068~2-59299]:main():compute-mfcc-feats.cc:181) Processed 120 utterances
VLOG[2] (compute-mfcc-feats[5.5.1068~2-59299]:main():compute-mfcc-feats.cc:182) Processed features for key SP0397W09
VLOG[2] (compute-mfcc-feats[5.5.1068~2-59299]:main():compute-mfcc-feats.cc:182) Processed features for key SP0398W00
VLOG[2] (compute-mfcc-feats[5.5.1068~2-59299]:main():compute-mfcc-feats.cc:182) Processed features for key SP0398W01
VLOG[2] (compute-mfcc-feats[5.5.1068~2-59299]:main():compute-mfcc-feats.cc:182) Processed features for key SP0398W02
VLOG[2] (compute-mfcc-feats[5.5.1068~2-59299]:main():compute-mfcc-feats.cc:182) Processed features for key SP0398W03
VLOG[2] (compute-mfcc-feats[5.5.1068~2-59299]:main():compute-mfcc-feats.cc:182) Processed features for key SP0398W04
VLOG[2] (compute-mfcc-feats[5.5.1068~2-59299]:main():compute-mfcc-feats.cc:182) Processed features for key SP0398W05
VLOG[2] (compute-mfcc-feats[5.5.1068~2-59299]:main():compute-mfcc-feats.cc:182) Processed features for key SP0398W06
VLOG[2] (compute-mfcc-feats[5.5.1068~2-59299]:main():compute-mfcc-feats.cc:182) Processed features for key SP0398W07
VLOG[2] (compute-mfcc-feats[5.5.1068~2-59299]:main():compute-mfcc-feats.cc:182) Processed features for key SP0398W08
LOG (compute-mfcc-feats[5.5.1068~2-59299]:main():compute-mfcc-feats.cc:181) Processed 130 utterances
VLOG[2] (compute-mfcc-feats[5.5.1068~2-59299]:main():compute-mfcc-feats.cc:182) Processed features for key SP0398W09
VLOG[2] (compute-mfcc-feats[5.5.1068~2-59299]:main():compute-mfcc-feats.cc:182) Processed features for key SP0399W00
VLOG[2] (compute-mfcc-feats[5.5.1068~2-59299]:main():compute-mfcc-feats.cc:182) Processed features for key SP0399W01
VLOG[2] (compute-mfcc-feats[5.5.1068~2-59299]:main():compute-mfcc-feats.cc:182) Processed features for key SP0399W02
VLOG[2] (compute-mfcc-feats[5.5.1068~2-59299]:main():compute-mfcc-feats.cc:182) Processed features for key SP0399W03
VLOG[2] (compute-mfcc-feats[5.5.1068~2-59299]:main():compute-mfcc-feats.cc:182) Processed features for key SP0399W04
VLOG[2] (compute-mfcc-feats[5.5.1068~2-59299]:main():compute-mfcc-feats.cc:182) Processed features for key SP0399W05
VLOG[2] (compute-mfcc-feats[5.5.1068~2-59299]:main():compute-mfcc-feats.cc:182) Processed features for key SP0399W06
VLOG[2] (compute-mfcc-feats[5.5.1068~2-59299]:main():compute-mfcc-feats.cc:182) Processed features for key SP0399W07
VLOG[2] (compute-mfcc-feats[5.5.1068~2-59299]:main():compute-mfcc-feats.cc:182) Processed features for key SP0399W08
LOG (compute-mfcc-feats[5.5.1068~2-59299]:main():compute-mfcc-feats.cc:181) Processed 140 utterances
VLOG[2] (compute-mfcc-feats[5.5.1068~2-59299]:main():compute-mfcc-feats.cc:182) Processed features for key SP0399W09
VLOG[2] (compute-mfcc-feats[5.5.1068~2-59299]:main():compute-mfcc-feats.cc:182) Processed features for key SP0400W00
VLOG[2] (compute-mfcc-feats[5.5.1068~2-59299]:main():compute-mfcc-feats.cc:182) Processed features for key SP0400W01
VLOG[2] (compute-mfcc-feats[5.5.1068~2-59299]:main():compute-mfcc-feats.cc:182) Processed features for key SP0400W02
VLOG[2] (compute-mfcc-feats[5.5.1068~2-59299]:main():compute-mfcc-feats.cc:182) Processed features for key SP0400W03
VLOG[2] (compute-mfcc-feats[5.5.1068~2-59299]:main():compute-mfcc-feats.cc:182) Processed features for key SP0400W04
VLOG[2] (compute-mfcc-feats[5.5.1068~2-59299]:main():compute-mfcc-feats.cc:182) Processed features for key SP0400W05
VLOG[2] (compute-mfcc-feats[5.5.1068~2-59299]:main():compute-mfcc-feats.cc:182) Processed features for key SP0400W06
VLOG[2] (compute-mfcc-feats[5.5.1068~2-59299]:main():compute-mfcc-feats.cc:182) Processed features for key SP0400W07
VLOG[2] (compute-mfcc-feats[5.5.1068~2-59299]:main():compute-mfcc-feats.cc:182) Processed features for key SP0400W08
LOG (compute-mfcc-feats[5.5.1068~2-59299]:main():compute-mfcc-feats.cc:181) Processed 150 utterances
VLOG[2] (compute-mfcc-feats[5.5.1068~2-59299]:main():compute-mfcc-feats.cc:182) Processed features for key SP0400W09
VLOG[2] (compute-mfcc-feats[5.5.1068~2-59299]:main():compute-mfcc-feats.cc:182) Processed features for key SP0401W00
VLOG[2] (compute-mfcc-feats[5.5.1068~2-59299]:main():compute-mfcc-feats.cc:182) Processed features for key SP0401W01
VLOG[2] (compute-mfcc-feats[5.5.1068~2-59299]:main():compute-mfcc-feats.cc:182) Processed features for key SP0401W02
VLOG[2] (compute-mfcc-feats[5.5.1068~2-59299]:main():compute-mfcc-feats.cc:182) Processed features for key SP0401W03
VLOG[2] (compute-mfcc-feats[5.5.1068~2-59299]:main():compute-mfcc-feats.cc:182) Processed features for key SP0401W04
VLOG[2] (compute-mfcc-feats[5.5.1068~2-59299]:main():compute-mfcc-feats.cc:182) Processed features for key SP0401W05
VLOG[2] (compute-mfcc-feats[5.5.1068~2-59299]:main():compute-mfcc-feats.cc:182) Processed features for key SP0401W06
VLOG[2] (compute-mfcc-feats[5.5.1068~2-59299]:main():compute-mfcc-feats.cc:182) Processed features for key SP0401W07
VLOG[2] (compute-mfcc-feats[5.5.1068~2-59299]:main():compute-mfcc-feats.cc:182) Processed features for key SP0401W08
LOG (compute-mfcc-feats[5.5.1068~2-59299]:main():compute-mfcc-feats.cc:181) Processed 160 utterances
VLOG[2] (compute-mfcc-feats[5.5.1068~2-59299]:main():compute-mfcc-feats.cc:182) Processed features for key SP0401W09
VLOG[2] (compute-mfcc-feats[5.5.1068~2-59299]:main():compute-mfcc-feats.cc:182) Processed features for key SP0402W00
VLOG[2] (compute-mfcc-feats[5.5.1068~2-59299]:main():compute-mfcc-feats.cc:182) Processed features for key SP0402W01
VLOG[2] (compute-mfcc-feats[5.5.1068~2-59299]:main():compute-mfcc-feats.cc:182) Processed features for key SP0402W02
VLOG[2] (compute-mfcc-feats[5.5.1068~2-59299]:main():compute-mfcc-feats.cc:182) Processed features for key SP0402W03
VLOG[2] (compute-mfcc-feats[5.5.1068~2-59299]:main():compute-mfcc-feats.cc:182) Processed features for key SP0402W04
VLOG[2] (compute-mfcc-feats[5.5.1068~2-59299]:main():compute-mfcc-feats.cc:182) Processed features for key SP0402W05
VLOG[2] (compute-mfcc-feats[5.5.1068~2-59299]:main():compute-mfcc-feats.cc:182) Processed features for key SP0402W06
VLOG[2] (compute-mfcc-feats[5.5.1068~2-59299]:main():compute-mfcc-feats.cc:182) Processed features for key SP0402W07
VLOG[2] (compute-mfcc-feats[5.5.1068~2-59299]:main():compute-mfcc-feats.cc:182) Processed features for key SP0402W08
LOG (compute-mfcc-feats[5.5.1068~2-59299]:main():compute-mfcc-feats.cc:181) Processed 170 utterances
VLOG[2] (compute-mfcc-feats[5.5.1068~2-59299]:main():compute-mfcc-feats.cc:182) Processed features for key SP0402W09
VLOG[2] (compute-mfcc-feats[5.5.1068~2-59299]:main():compute-mfcc-feats.cc:182) Processed features for key SP0403W00
VLOG[2] (compute-mfcc-feats[5.5.1068~2-59299]:main():compute-mfcc-feats.cc:182) Processed features for key SP0403W01
VLOG[2] (compute-mfcc-feats[5.5.1068~2-59299]:main():compute-mfcc-feats.cc:182) Processed features for key SP0403W02
VLOG[2] (compute-mfcc-feats[5.5.1068~2-59299]:main():compute-mfcc-feats.cc:182) Processed features for key SP0403W03
VLOG[2] (compute-mfcc-feats[5.5.1068~2-59299]:main():compute-mfcc-feats.cc:182) Processed features for key SP0403W04
VLOG[2] (compute-mfcc-feats[5.5.1068~2-59299]:main():compute-mfcc-feats.cc:182) Processed features for key SP0403W05
VLOG[2] (compute-mfcc-feats[5.5.1068~2-59299]:main():compute-mfcc-feats.cc:182) Processed features for key SP0403W06
VLOG[2] (compute-mfcc-feats[5.5.1068~2-59299]:main():compute-mfcc-feats.cc:182) Processed features for key SP0403W07
VLOG[2] (compute-mfcc-feats[5.5.1068~2-59299]:main():compute-mfcc-feats.cc:182) Processed features for key SP0403W08
LOG (compute-mfcc-feats[5.5.1068~2-59299]:main():compute-mfcc-feats.cc:181) Processed 180 utterances
VLOG[2] (compute-mfcc-feats[5.5.1068~2-59299]:main():compute-mfcc-feats.cc:182) Processed features for key SP0403W09
VLOG[2] (compute-mfcc-feats[5.5.1068~2-59299]:main():compute-mfcc-feats.cc:182) Processed features for key SP0404W00
VLOG[2] (compute-mfcc-feats[5.5.1068~2-59299]:main():compute-mfcc-feats.cc:182) Processed features for key SP0404W01
VLOG[2] (compute-mfcc-feats[5.5.1068~2-59299]:main():compute-mfcc-feats.cc:182) Processed features for key SP0404W02
VLOG[2] (compute-mfcc-feats[5.5.1068~2-59299]:main():compute-mfcc-feats.cc:182) Processed features for key SP0404W03
VLOG[2] (compute-mfcc-feats[5.5.1068~2-59299]:main():compute-mfcc-feats.cc:182) Processed features for key SP0404W04
VLOG[2] (compute-mfcc-feats[5.5.1068~2-59299]:main():compute-mfcc-feats.cc:182) Processed features for key SP0404W05
VLOG[2] (compute-mfcc-feats[5.5.1068~2-59299]:main():compute-mfcc-feats.cc:182) Processed features for key SP0404W06
VLOG[2] (compute-mfcc-feats[5.5.1068~2-59299]:main():compute-mfcc-feats.cc:182) Processed features for key SP0404W07
VLOG[2] (compute-mfcc-feats[5.5.1068~2-59299]:main():compute-mfcc-feats.cc:182) Processed features for key SP0404W08
LOG (compute-mfcc-feats[5.5.1068~2-59299]:main():compute-mfcc-feats.cc:181) Processed 190 utterances
VLOG[2] (compute-mfcc-feats[5.5.1068~2-59299]:main():compute-mfcc-feats.cc:182) Processed features for key SP0404W09
VLOG[2] (compute-mfcc-feats[5.5.1068~2-59299]:main():compute-mfcc-feats.cc:182) Processed features for key SP0405W00
VLOG[2] (compute-mfcc-feats[5.5.1068~2-59299]:main():compute-mfcc-feats.cc:182) Processed features for key SP0405W01
VLOG[2] (compute-mfcc-feats[5.5.1068~2-59299]:main():compute-mfcc-feats.cc:182) Processed features for key SP0405W02
VLOG[2] (compute-mfcc-feats[5.5.1068~2-59299]:main():compute-mfcc-feats.cc:182) Processed features for key SP0405W03
VLOG[2] (compute-mfcc-feats[5.5.1068~2-59299]:main():compute-mfcc-feats.cc:182) Processed features for key SP0405W04
VLOG[2] (compute-mfcc-feats[5.5.1068~2-59299]:main():compute-mfcc-feats.cc:182) Processed features for key SP0405W05
VLOG[2] (compute-mfcc-feats[5.5.1068~2-59299]:main():compute-mfcc-feats.cc:182) Processed features for key SP0405W06
VLOG[2] (compute-mfcc-feats[5.5.1068~2-59299]:main():compute-mfcc-feats.cc:182) Processed features for key SP0405W07
VLOG[2] (compute-mfcc-feats[5.5.1068~2-59299]:main():compute-mfcc-feats.cc:182) Processed features for key SP0405W08
LOG (compute-mfcc-feats[5.5.1068~2-59299]:main():compute-mfcc-feats.cc:181) Processed 200 utterances
VLOG[2] (compute-mfcc-feats[5.5.1068~2-59299]:main():compute-mfcc-feats.cc:182) Processed features for key SP0405W09
VLOG[2] (compute-mfcc-feats[5.5.1068~2-59299]:main():compute-mfcc-feats.cc:182) Processed features for key SP0406W00
VLOG[2] (compute-mfcc-feats[5.5.1068~2-59299]:main():compute-mfcc-feats.cc:182) Processed features for key SP0406W01
VLOG[2] (compute-mfcc-feats[5.5.1068~2-59299]:main():compute-mfcc-feats.cc:182) Processed features for key SP0406W02
VLOG[2] (compute-mfcc-feats[5.5.1068~2-59299]:main():compute-mfcc-feats.cc:182) Processed features for key SP0406W03
VLOG[2] (compute-mfcc-feats[5.5.1068~2-59299]:main():compute-mfcc-feats.cc:182) Processed features for key SP0406W04
VLOG[2] (compute-mfcc-feats[5.5.1068~2-59299]:main():compute-mfcc-feats.cc:182) Processed features for key SP0406W05
VLOG[2] (compute-mfcc-feats[5.5.1068~2-59299]:main():compute-mfcc-feats.cc:182) Processed features for key SP0406W06
VLOG[2] (compute-mfcc-feats[5.5.1068~2-59299]:main():compute-mfcc-feats.cc:182) Processed features for key SP0406W07
VLOG[2] (compute-mfcc-feats[5.5.1068~2-59299]:main():compute-mfcc-feats.cc:182) Processed features for key SP0406W08
LOG (compute-mfcc-feats[5.5.1068~2-59299]:main():compute-mfcc-feats.cc:181) Processed 210 utterances
VLOG[2] (compute-mfcc-feats[5.5.1068~2-59299]:main():compute-mfcc-feats.cc:182) Processed features for key SP0406W09
VLOG[2] (compute-mfcc-feats[5.5.1068~2-59299]:main():compute-mfcc-feats.cc:182) Processed features for key SP0407W00
VLOG[2] (compute-mfcc-feats[5.5.1068~2-59299]:main():compute-mfcc-feats.cc:182) Processed features for key SP0407W01
VLOG[2] (compute-mfcc-feats[5.5.1068~2-59299]:main():compute-mfcc-feats.cc:182) Processed features for key SP0407W02
VLOG[2] (compute-mfcc-feats[5.5.1068~2-59299]:main():compute-mfcc-feats.cc:182) Processed features for key SP0407W03
VLOG[2] (compute-mfcc-feats[5.5.1068~2-59299]:main():compute-mfcc-feats.cc:182) Processed features for key SP0407W04
VLOG[2] (compute-mfcc-feats[5.5.1068~2-59299]:main():compute-mfcc-feats.cc:182) Processed features for key SP0407W05
VLOG[2] (compute-mfcc-feats[5.5.1068~2-59299]:main():compute-mfcc-feats.cc:182) Processed features for key SP0407W06
VLOG[2] (compute-mfcc-feats[5.5.1068~2-59299]:main():compute-mfcc-feats.cc:182) Processed features for key SP0407W07
VLOG[2] (compute-mfcc-feats[5.5.1068~2-59299]:main():compute-mfcc-feats.cc:182) Processed features for key SP0407W08
LOG (compute-mfcc-feats[5.5.1068~2-59299]:main():compute-mfcc-feats.cc:181) Processed 220 utterances
VLOG[2] (compute-mfcc-feats[5.5.1068~2-59299]:main():compute-mfcc-feats.cc:182) Processed features for key SP0407W09
VLOG[2] (compute-mfcc-feats[5.5.1068~2-59299]:main():compute-mfcc-feats.cc:182) Processed features for key SP0408W00
VLOG[2] (compute-mfcc-feats[5.5.1068~2-59299]:main():compute-mfcc-feats.cc:182) Processed features for key SP0408W01
VLOG[2] (compute-mfcc-feats[5.5.1068~2-59299]:main():compute-mfcc-feats.cc:182) Processed features for key SP0408W02
VLOG[2] (compute-mfcc-feats[5.5.1068~2-59299]:main():compute-mfcc-feats.cc:182) Processed features for key SP0408W03
VLOG[2] (compute-mfcc-feats[5.5.1068~2-59299]:main():compute-mfcc-feats.cc:182) Processed features for key SP0408W04
VLOG[2] (compute-mfcc-feats[5.5.1068~2-59299]:main():compute-mfcc-feats.cc:182) Processed features for key SP0408W05
VLOG[2] (compute-mfcc-feats[5.5.1068~2-59299]:main():compute-mfcc-feats.cc:182) Processed features for key SP0408W06
VLOG[2] (compute-mfcc-feats[5.5.1068~2-59299]:main():compute-mfcc-feats.cc:182) Processed features for key SP0408W07
VLOG[2] (compute-mfcc-feats[5.5.1068~2-59299]:main():compute-mfcc-feats.cc:182) Processed features for key SP0408W08
LOG (compute-mfcc-feats[5.5.1068~2-59299]:main():compute-mfcc-feats.cc:181) Processed 230 utterances
VLOG[2] (compute-mfcc-feats[5.5.1068~2-59299]:main():compute-mfcc-feats.cc:182) Processed features for key SP0408W09
VLOG[2] (compute-mfcc-feats[5.5.1068~2-59299]:main():compute-mfcc-feats.cc:182) Processed features for key SP0409W00
VLOG[2] (compute-mfcc-feats[5.5.1068~2-59299]:main():compute-mfcc-feats.cc:182) Processed features for key SP0409W01
VLOG[2] (compute-mfcc-feats[5.5.1068~2-59299]:main():compute-mfcc-feats.cc:182) Processed features for key SP0409W02
VLOG[2] (compute-mfcc-feats[5.5.1068~2-59299]:main():compute-mfcc-feats.cc:182) Processed features for key SP0409W03
VLOG[2] (compute-mfcc-feats[5.5.1068~2-59299]:main():compute-mfcc-feats.cc:182) Processed features for key SP0409W04
VLOG[2] (compute-mfcc-feats[5.5.1068~2-59299]:main():compute-mfcc-feats.cc:182) Processed features for key SP0409W05
VLOG[2] (compute-mfcc-feats[5.5.1068~2-59299]:main():compute-mfcc-feats.cc:182) Processed features for key SP0409W06
VLOG[2] (compute-mfcc-feats[5.5.1068~2-59299]:main():compute-mfcc-feats.cc:182) Processed features for key SP0409W07
VLOG[2] (compute-mfcc-feats[5.5.1068~2-59299]:main():compute-mfcc-feats.cc:182) Processed features for key SP0409W08
LOG (compute-mfcc-feats[5.5.1068~2-59299]:main():compute-mfcc-feats.cc:181) Processed 240 utterances
VLOG[2] (compute-mfcc-feats[5.5.1068~2-59299]:main():compute-mfcc-feats.cc:182) Processed features for key SP0409W09
VLOG[2] (compute-mfcc-feats[5.5.1068~2-59299]:main():compute-mfcc-feats.cc:182) Processed features for key SP0410W00
VLOG[2] (compute-mfcc-feats[5.5.1068~2-59299]:main():compute-mfcc-feats.cc:182) Processed features for key SP0410W01
VLOG[2] (compute-mfcc-feats[5.5.1068~2-59299]:main():compute-mfcc-feats.cc:182) Processed features for key SP0410W02
VLOG[2] (compute-mfcc-feats[5.5.1068~2-59299]:main():compute-mfcc-feats.cc:182) Processed features for key SP0410W03
VLOG[2] (compute-mfcc-feats[5.5.1068~2-59299]:main():compute-mfcc-feats.cc:182) Processed features for key SP0410W04
VLOG[2] (compute-mfcc-feats[5.5.1068~2-59299]:main():compute-mfcc-feats.cc:182) Processed features for key SP0410W05
VLOG[2] (compute-mfcc-feats[5.5.1068~2-59299]:main():compute-mfcc-feats.cc:182) Processed features for key SP0410W06
VLOG[2] (compute-mfcc-feats[5.5.1068~2-59299]:main():compute-mfcc-feats.cc:182) Processed features for key SP0410W07
VLOG[2] (compute-mfcc-feats[5.5.1068~2-59299]:main():compute-mfcc-feats.cc:182) Processed features for key SP0410W08
LOG (compute-mfcc-feats[5.5.1068~2-59299]:main():compute-mfcc-feats.cc:181) Processed 250 utterances
VLOG[2] (compute-mfcc-feats[5.5.1068~2-59299]:main():compute-mfcc-feats.cc:182) Processed features for key SP0410W09
VLOG[2] (compute-mfcc-feats[5.5.1068~2-59299]:main():compute-mfcc-feats.cc:182) Processed features for key SP0411W00
VLOG[2] (compute-mfcc-feats[5.5.1068~2-59299]:main():compute-mfcc-feats.cc:182) Processed features for key SP0411W01
VLOG[2] (compute-mfcc-feats[5.5.1068~2-59299]:main():compute-mfcc-feats.cc:182) Processed features for key SP0411W02
VLOG[2] (compute-mfcc-feats[5.5.1068~2-59299]:main():compute-mfcc-feats.cc:182) Processed features for key SP0411W03
VLOG[2] (compute-mfcc-feats[5.5.1068~2-59299]:main():compute-mfcc-feats.cc:182) Processed features for key SP0411W04
VLOG[2] (compute-mfcc-feats[5.5.1068~2-59299]:main():compute-mfcc-feats.cc:182) Processed features for key SP0411W05
VLOG[2] (compute-mfcc-feats[5.5.1068~2-59299]:main():compute-mfcc-feats.cc:182) Processed features for key SP0411W06
VLOG[2] (compute-mfcc-feats[5.5.1068~2-59299]:main():compute-mfcc-feats.cc:182) Processed features for key SP0411W07
VLOG[2] (compute-mfcc-feats[5.5.1068~2-59299]:main():compute-mfcc-feats.cc:182) Processed features for key SP0411W08
LOG (compute-mfcc-feats[5.5.1068~2-59299]:main():compute-mfcc-feats.cc:181) Processed 260 utterances
VLOG[2] (compute-mfcc-feats[5.5.1068~2-59299]:main():compute-mfcc-feats.cc:182) Processed features for key SP0411W09
VLOG[2] (compute-mfcc-feats[5.5.1068~2-59299]:main():compute-mfcc-feats.cc:182) Processed features for key SP0412W00
VLOG[2] (compute-mfcc-feats[5.5.1068~2-59299]:main():compute-mfcc-feats.cc:182) Processed features for key SP0412W01
VLOG[2] (compute-mfcc-feats[5.5.1068~2-59299]:main():compute-mfcc-feats.cc:182) Processed features for key SP0412W02
VLOG[2] (compute-mfcc-feats[5.5.1068~2-59299]:main():compute-mfcc-feats.cc:182) Processed features for key SP0412W03
VLOG[2] (compute-mfcc-feats[5.5.1068~2-59299]:main():compute-mfcc-feats.cc:182) Processed features for key SP0412W04
VLOG[2] (compute-mfcc-feats[5.5.1068~2-59299]:main():compute-mfcc-feats.cc:182) Processed features for key SP0412W05
VLOG[2] (compute-mfcc-feats[5.5.1068~2-59299]:main():compute-mfcc-feats.cc:182) Processed features for key SP0412W06
VLOG[2] (compute-mfcc-feats[5.5.1068~2-59299]:main():compute-mfcc-feats.cc:182) Processed features for key SP0412W07
VLOG[2] (compute-mfcc-feats[5.5.1068~2-59299]:main():compute-mfcc-feats.cc:182) Processed features for key SP0412W08
LOG (compute-mfcc-feats[5.5.1068~2-59299]:main():compute-mfcc-feats.cc:181) Processed 270 utterances
VLOG[2] (compute-mfcc-feats[5.5.1068~2-59299]:main():compute-mfcc-feats.cc:182) Processed features for key SP0412W09
VLOG[2] (compute-mfcc-feats[5.5.1068~2-59299]:main():compute-mfcc-feats.cc:182) Processed features for key SP0413W00
VLOG[2] (compute-mfcc-feats[5.5.1068~2-59299]:main():compute-mfcc-feats.cc:182) Processed features for key SP0413W01
VLOG[2] (compute-mfcc-feats[5.5.1068~2-59299]:main():compute-mfcc-feats.cc:182) Processed features for key SP0413W02
VLOG[2] (compute-mfcc-feats[5.5.1068~2-59299]:main():compute-mfcc-feats.cc:182) Processed features for key SP0413W03
VLOG[2] (compute-mfcc-feats[5.5.1068~2-59299]:main():compute-mfcc-feats.cc:182) Processed features for key SP0413W04
VLOG[2] (compute-mfcc-feats[5.5.1068~2-59299]:main():compute-mfcc-feats.cc:182) Processed features for key SP0413W05
VLOG[2] (compute-mfcc-feats[5.5.1068~2-59299]:main():compute-mfcc-feats.cc:182) Processed features for key SP0413W06
VLOG[2] (compute-mfcc-feats[5.5.1068~2-59299]:main():compute-mfcc-feats.cc:182) Processed features for key SP0413W07
VLOG[2] (compute-mfcc-feats[5.5.1068~2-59299]:main():compute-mfcc-feats.cc:182) Processed features for key SP0413W08
LOG (compute-mfcc-feats[5.5.1068~2-59299]:main():compute-mfcc-feats.cc:181) Processed 280 utterances
VLOG[2] (compute-mfcc-feats[5.5.1068~2-59299]:main():compute-mfcc-feats.cc:182) Processed features for key SP0413W09
VLOG[2] (compute-mfcc-feats[5.5.1068~2-59299]:main():compute-mfcc-feats.cc:182) Processed features for key SP0414W00
VLOG[2] (compute-mfcc-feats[5.5.1068~2-59299]:main():compute-mfcc-feats.cc:182) Processed features for key SP0414W01
VLOG[2] (compute-mfcc-feats[5.5.1068~2-59299]:main():compute-mfcc-feats.cc:182) Processed features for key SP0414W02
VLOG[2] (compute-mfcc-feats[5.5.1068~2-59299]:main():compute-mfcc-feats.cc:182) Processed features for key SP0414W03
VLOG[2] (compute-mfcc-feats[5.5.1068~2-59299]:main():compute-mfcc-feats.cc:182) Processed features for key SP0414W04
VLOG[2] (compute-mfcc-feats[5.5.1068~2-59299]:main():compute-mfcc-feats.cc:182) Processed features for key SP0414W05
VLOG[2] (compute-mfcc-feats[5.5.1068~2-59299]:main():compute-mfcc-feats.cc:182) Processed features for key SP0414W06
VLOG[2] (compute-mfcc-feats[5.5.1068~2-59299]:main():compute-mfcc-feats.cc:182) Processed features for key SP0414W07
VLOG[2] (compute-mfcc-feats[5.5.1068~2-59299]:main():compute-mfcc-feats.cc:182) Processed features for key SP0414W08
LOG (compute-mfcc-feats[5.5.1068~2-59299]:main():compute-mfcc-feats.cc:181) Processed 290 utterances
VLOG[2] (compute-mfcc-feats[5.5.1068~2-59299]:main():compute-mfcc-feats.cc:182) Processed features for key SP0414W09
VLOG[2] (compute-mfcc-feats[5.5.1068~2-59299]:main():compute-mfcc-feats.cc:182) Processed features for key SP0415W00
VLOG[2] (compute-mfcc-feats[5.5.1068~2-59299]:main():compute-mfcc-feats.cc:182) Processed features for key SP0415W01
VLOG[2] (compute-mfcc-feats[5.5.1068~2-59299]:main():compute-mfcc-feats.cc:182) Processed features for key SP0415W02
VLOG[2] (compute-mfcc-feats[5.5.1068~2-59299]:main():compute-mfcc-feats.cc:182) Processed features for key SP0415W03
VLOG[2] (compute-mfcc-feats[5.5.1068~2-59299]:main():compute-mfcc-feats.cc:182) Processed features for key SP0415W04
VLOG[2] (compute-mfcc-feats[5.5.1068~2-59299]:main():compute-mfcc-feats.cc:182) Processed features for key SP0415W05
VLOG[2] (compute-mfcc-feats[5.5.1068~2-59299]:main():compute-mfcc-feats.cc:182) Processed features for key SP0415W06
VLOG[2] (compute-mfcc-feats[5.5.1068~2-59299]:main():compute-mfcc-feats.cc:182) Processed features for key SP0415W07
VLOG[2] (compute-mfcc-feats[5.5.1068~2-59299]:main():compute-mfcc-feats.cc:182) Processed features for key SP0415W08
LOG (compute-mfcc-feats[5.5.1068~2-59299]:main():compute-mfcc-feats.cc:181) Processed 300 utterances
VLOG[2] (compute-mfcc-feats[5.5.1068~2-59299]:main():compute-mfcc-feats.cc:182) Processed features for key SP0415W09
VLOG[2] (compute-mfcc-feats[5.5.1068~2-59299]:main():compute-mfcc-feats.cc:182) Processed features for key SP0416W00
VLOG[2] (compute-mfcc-feats[5.5.1068~2-59299]:main():compute-mfcc-feats.cc:182) Processed features for key SP0416W01
VLOG[2] (compute-mfcc-feats[5.5.1068~2-59299]:main():compute-mfcc-feats.cc:182) Processed features for key SP0416W02
VLOG[2] (compute-mfcc-feats[5.5.1068~2-59299]:main():compute-mfcc-feats.cc:182) Processed features for key SP0416W03
VLOG[2] (compute-mfcc-feats[5.5.1068~2-59299]:main():compute-mfcc-feats.cc:182) Processed features for key SP0416W04
VLOG[2] (compute-mfcc-feats[5.5.1068~2-59299]:main():compute-mfcc-feats.cc:182) Processed features for key SP0416W05
VLOG[2] (compute-mfcc-feats[5.5.1068~2-59299]:main():compute-mfcc-feats.cc:182) Processed features for key SP0416W06
VLOG[2] (compute-mfcc-feats[5.5.1068~2-59299]:main():compute-mfcc-feats.cc:182) Processed features for key SP0416W07
VLOG[2] (compute-mfcc-feats[5.5.1068~2-59299]:main():compute-mfcc-feats.cc:182) Processed features for key SP0416W08
LOG (compute-mfcc-feats[5.5.1068~2-59299]:main():compute-mfcc-feats.cc:181) Processed 310 utterances
VLOG[2] (compute-mfcc-feats[5.5.1068~2-59299]:main():compute-mfcc-feats.cc:182) Processed features for key SP0416W09
VLOG[2] (compute-mfcc-feats[5.5.1068~2-59299]:main():compute-mfcc-feats.cc:182) Processed features for key SP0417W00
VLOG[2] (compute-mfcc-feats[5.5.1068~2-59299]:main():compute-mfcc-feats.cc:182) Processed features for key SP0417W01
VLOG[2] (compute-mfcc-feats[5.5.1068~2-59299]:main():compute-mfcc-feats.cc:182) Processed features for key SP0417W02
VLOG[2] (compute-mfcc-feats[5.5.1068~2-59299]:main():compute-mfcc-feats.cc:182) Processed features for key SP0417W03
VLOG[2] (compute-mfcc-feats[5.5.1068~2-59299]:main():compute-mfcc-feats.cc:182) Processed features for key SP0417W04
VLOG[2] (compute-mfcc-feats[5.5.1068~2-59299]:main():compute-mfcc-feats.cc:182) Processed features for key SP0417W05
VLOG[2] (compute-mfcc-feats[5.5.1068~2-59299]:main():compute-mfcc-feats.cc:182) Processed features for key SP0417W06
VLOG[2] (compute-mfcc-feats[5.5.1068~2-59299]:main():compute-mfcc-feats.cc:182) Processed features for key SP0417W07
VLOG[2] (compute-mfcc-feats[5.5.1068~2-59299]:main():compute-mfcc-feats.cc:182) Processed features for key SP0417W08
LOG (compute-mfcc-feats[5.5.1068~2-59299]:main():compute-mfcc-feats.cc:181) Processed 320 utterances
VLOG[2] (compute-mfcc-feats[5.5.1068~2-59299]:main():compute-mfcc-feats.cc:182) Processed features for key SP0417W09
VLOG[2] (compute-mfcc-feats[5.5.1068~2-59299]:main():compute-mfcc-feats.cc:182) Processed features for key SP0418W00
VLOG[2] (compute-mfcc-feats[5.5.1068~2-59299]:main():compute-mfcc-feats.cc:182) Processed features for key SP0418W01
VLOG[2] (compute-mfcc-feats[5.5.1068~2-59299]:main():compute-mfcc-feats.cc:182) Processed features for key SP0418W02
VLOG[2] (compute-mfcc-feats[5.5.1068~2-59299]:main():compute-mfcc-feats.cc:182) Processed features for key SP0418W03
VLOG[2] (compute-mfcc-feats[5.5.1068~2-59299]:main():compute-mfcc-feats.cc:182) Processed features for key SP0418W04
VLOG[2] (compute-mfcc-feats[5.5.1068~2-59299]:main():compute-mfcc-feats.cc:182) Processed features for key SP0418W05
VLOG[2] (compute-mfcc-feats[5.5.1068~2-59299]:main():compute-mfcc-feats.cc:182) Processed features for key SP0418W06
VLOG[2] (compute-mfcc-feats[5.5.1068~2-59299]:main():compute-mfcc-feats.cc:182) Processed features for key SP0418W07
VLOG[2] (compute-mfcc-feats[5.5.1068~2-59299]:main():compute-mfcc-feats.cc:182) Processed features for key SP0418W08
LOG (compute-mfcc-feats[5.5.1068~2-59299]:main():compute-mfcc-feats.cc:181) Processed 330 utterances
VLOG[2] (compute-mfcc-feats[5.5.1068~2-59299]:main():compute-mfcc-feats.cc:182) Processed features for key SP0418W09
VLOG[2] (compute-mfcc-feats[5.5.1068~2-59299]:main():compute-mfcc-feats.cc:182) Processed features for key SP0419W00
VLOG[2] (compute-mfcc-feats[5.5.1068~2-59299]:main():compute-mfcc-feats.cc:182) Processed features for key SP0419W01
VLOG[2] (compute-mfcc-feats[5.5.1068~2-59299]:main():compute-mfcc-feats.cc:182) Processed features for key SP0419W02
VLOG[2] (compute-mfcc-feats[5.5.1068~2-59299]:main():compute-mfcc-feats.cc:182) Processed features for key SP0419W03
VLOG[2] (compute-mfcc-feats[5.5.1068~2-59299]:main():compute-mfcc-feats.cc:182) Processed features for key SP0419W04
VLOG[2] (compute-mfcc-feats[5.5.1068~2-59299]:main():compute-mfcc-feats.cc:182) Processed features for key SP0419W05
VLOG[2] (compute-mfcc-feats[5.5.1068~2-59299]:main():compute-mfcc-feats.cc:182) Processed features for key SP0419W06
VLOG[2] (compute-mfcc-feats[5.5.1068~2-59299]:main():compute-mfcc-feats.cc:182) Processed features for key SP0419W07
VLOG[2] (compute-mfcc-feats[5.5.1068~2-59299]:main():compute-mfcc-feats.cc:182) Processed features for key SP0419W08
LOG (compute-mfcc-feats[5.5.1068~2-59299]:main():compute-mfcc-feats.cc:181) Processed 340 utterances
VLOG[2] (compute-mfcc-feats[5.5.1068~2-59299]:main():compute-mfcc-feats.cc:182) Processed features for key SP0419W09
VLOG[2] (compute-mfcc-feats[5.5.1068~2-59299]:main():compute-mfcc-feats.cc:182) Processed features for key SP0420W00
VLOG[2] (compute-mfcc-feats[5.5.1068~2-59299]:main():compute-mfcc-feats.cc:182) Processed features for key SP0420W01
VLOG[2] (compute-mfcc-feats[5.5.1068~2-59299]:main():compute-mfcc-feats.cc:182) Processed features for key SP0420W02
VLOG[2] (compute-mfcc-feats[5.5.1068~2-59299]:main():compute-mfcc-feats.cc:182) Processed features for key SP0420W03
VLOG[2] (compute-mfcc-feats[5.5.1068~2-59299]:main():compute-mfcc-feats.cc:182) Processed features for key SP0420W04
VLOG[2] (compute-mfcc-feats[5.5.1068~2-59299]:main():compute-mfcc-feats.cc:182) Processed features for key SP0420W05
VLOG[2] (compute-mfcc-feats[5.5.1068~2-59299]:main():compute-mfcc-feats.cc:182) Processed features for key SP0420W06
VLOG[2] (compute-mfcc-feats[5.5.1068~2-59299]:main():compute-mfcc-feats.cc:182) Processed features for key SP0420W07
VLOG[2] (compute-mfcc-feats[5.5.1068~2-59299]:main():compute-mfcc-feats.cc:182) Processed features for key SP0420W08
LOG (compute-mfcc-feats[5.5.1068~2-59299]:main():compute-mfcc-feats.cc:181) Processed 350 utterances
VLOG[2] (compute-mfcc-feats[5.5.1068~2-59299]:main():compute-mfcc-feats.cc:182) Processed features for key SP0420W09
VLOG[2] (compute-mfcc-feats[5.5.1068~2-59299]:main():compute-mfcc-feats.cc:182) Processed features for key SP0421W00
VLOG[2] (compute-mfcc-feats[5.5.1068~2-59299]:main():compute-mfcc-feats.cc:182) Processed features for key SP0421W01
VLOG[2] (compute-mfcc-feats[5.5.1068~2-59299]:main():compute-mfcc-feats.cc:182) Processed features for key SP0421W02
VLOG[2] (compute-mfcc-feats[5.5.1068~2-59299]:main():compute-mfcc-feats.cc:182) Processed features for key SP0421W03
VLOG[2] (compute-mfcc-feats[5.5.1068~2-59299]:main():compute-mfcc-feats.cc:182) Processed features for key SP0421W04
VLOG[2] (compute-mfcc-feats[5.5.1068~2-59299]:main():compute-mfcc-feats.cc:182) Processed features for key SP0421W05
VLOG[2] (compute-mfcc-feats[5.5.1068~2-59299]:main():compute-mfcc-feats.cc:182) Processed features for key SP0421W06
VLOG[2] (compute-mfcc-feats[5.5.1068~2-59299]:main():compute-mfcc-feats.cc:182) Processed features for key SP0421W07
VLOG[2] (compute-mfcc-feats[5.5.1068~2-59299]:main():compute-mfcc-feats.cc:182) Processed features for key SP0421W08
LOG (compute-mfcc-feats[5.5.1068~2-59299]:main():compute-mfcc-feats.cc:181) Processed 360 utterances
VLOG[2] (compute-mfcc-feats[5.5.1068~2-59299]:main():compute-mfcc-feats.cc:182) Processed features for key SP0421W09
VLOG[2] (compute-mfcc-feats[5.5.1068~2-59299]:main():compute-mfcc-feats.cc:182) Processed features for key SP0422W00
VLOG[2] (compute-mfcc-feats[5.5.1068~2-59299]:main():compute-mfcc-feats.cc:182) Processed features for key SP0422W01
VLOG[2] (compute-mfcc-feats[5.5.1068~2-59299]:main():compute-mfcc-feats.cc:182) Processed features for key SP0422W02
VLOG[2] (compute-mfcc-feats[5.5.1068~2-59299]:main():compute-mfcc-feats.cc:182) Processed features for key SP0422W03
VLOG[2] (compute-mfcc-feats[5.5.1068~2-59299]:main():compute-mfcc-feats.cc:182) Processed features for key SP0422W04
VLOG[2] (compute-mfcc-feats[5.5.1068~2-59299]:main():compute-mfcc-feats.cc:182) Processed features for key SP0422W05
VLOG[2] (compute-mfcc-feats[5.5.1068~2-59299]:main():compute-mfcc-feats.cc:182) Processed features for key SP0422W06
VLOG[2] (compute-mfcc-feats[5.5.1068~2-59299]:main():compute-mfcc-feats.cc:182) Processed features for key SP0422W07
VLOG[2] (compute-mfcc-feats[5.5.1068~2-59299]:main():compute-mfcc-feats.cc:182) Processed features for key SP0422W08
LOG (compute-mfcc-feats[5.5.1068~2-59299]:main():compute-mfcc-feats.cc:181) Processed 370 utterances
VLOG[2] (compute-mfcc-feats[5.5.1068~2-59299]:main():compute-mfcc-feats.cc:182) Processed features for key SP0422W09
VLOG[2] (compute-mfcc-feats[5.5.1068~2-59299]:main():compute-mfcc-feats.cc:182) Processed features for key SP0423W00
VLOG[2] (compute-mfcc-feats[5.5.1068~2-59299]:main():compute-mfcc-feats.cc:182) Processed features for key SP0423W01
VLOG[2] (compute-mfcc-feats[5.5.1068~2-59299]:main():compute-mfcc-feats.cc:182) Processed features for key SP0423W02
VLOG[2] (compute-mfcc-feats[5.5.1068~2-59299]:main():compute-mfcc-feats.cc:182) Processed features for key SP0423W03
VLOG[2] (compute-mfcc-feats[5.5.1068~2-59299]:main():compute-mfcc-feats.cc:182) Processed features for key SP0423W04
VLOG[2] (compute-mfcc-feats[5.5.1068~2-59299]:main():compute-mfcc-feats.cc:182) Processed features for key SP0423W05
VLOG[2] (compute-mfcc-feats[5.5.1068~2-59299]:main():compute-mfcc-feats.cc:182) Processed features for key SP0423W06
VLOG[2] (compute-mfcc-feats[5.5.1068~2-59299]:main():compute-mfcc-feats.cc:182) Processed features for key SP0423W07
VLOG[2] (compute-mfcc-feats[5.5.1068~2-59299]:main():compute-mfcc-feats.cc:182) Processed features for key SP0423W08
LOG (compute-mfcc-feats[5.5.1068~2-59299]:main():compute-mfcc-feats.cc:181) Processed 380 utterances
VLOG[2] (compute-mfcc-feats[5.5.1068~2-59299]:main():compute-mfcc-feats.cc:182) Processed features for key SP0423W09
VLOG[2] (compute-mfcc-feats[5.5.1068~2-59299]:main():compute-mfcc-feats.cc:182) Processed features for key SP0424W00
VLOG[2] (compute-mfcc-feats[5.5.1068~2-59299]:main():compute-mfcc-feats.cc:182) Processed features for key SP0424W01
VLOG[2] (compute-mfcc-feats[5.5.1068~2-59299]:main():compute-mfcc-feats.cc:182) Processed features for key SP0424W02
VLOG[2] (compute-mfcc-feats[5.5.1068~2-59299]:main():compute-mfcc-feats.cc:182) Processed features for key SP0424W03
VLOG[2] (compute-mfcc-feats[5.5.1068~2-59299]:main():compute-mfcc-feats.cc:182) Processed features for key SP0424W04
VLOG[2] (compute-mfcc-feats[5.5.1068~2-59299]:main():compute-mfcc-feats.cc:182) Processed features for key SP0424W05
VLOG[2] (compute-mfcc-feats[5.5.1068~2-59299]:main():compute-mfcc-feats.cc:182) Processed features for key SP0424W06
VLOG[2] (compute-mfcc-feats[5.5.1068~2-59299]:main():compute-mfcc-feats.cc:182) Processed features for key SP0424W07
VLOG[2] (compute-mfcc-feats[5.5.1068~2-59299]:main():compute-mfcc-feats.cc:182) Processed features for key SP0424W08
LOG (compute-mfcc-feats[5.5.1068~2-59299]:main():compute-mfcc-feats.cc:181) Processed 390 utterances
VLOG[2] (compute-mfcc-feats[5.5.1068~2-59299]:main():compute-mfcc-feats.cc:182) Processed features for key SP0424W09
VLOG[2] (compute-mfcc-feats[5.5.1068~2-59299]:main():compute-mfcc-feats.cc:182) Processed features for key SP0425W00
VLOG[2] (compute-mfcc-feats[5.5.1068~2-59299]:main():compute-mfcc-feats.cc:182) Processed features for key SP0425W01
VLOG[2] (compute-mfcc-feats[5.5.1068~2-59299]:main():compute-mfcc-feats.cc:182) Processed features for key SP0425W02
VLOG[2] (compute-mfcc-feats[5.5.1068~2-59299]:main():compute-mfcc-feats.cc:182) Processed features for key SP0425W03
VLOG[2] (compute-mfcc-feats[5.5.1068~2-59299]:main():compute-mfcc-feats.cc:182) Processed features for key SP0425W04
VLOG[2] (compute-mfcc-feats[5.5.1068~2-59299]:main():compute-mfcc-feats.cc:182) Processed features for key SP0425W05
VLOG[2] (compute-mfcc-feats[5.5.1068~2-59299]:main():compute-mfcc-feats.cc:182) Processed features for key SP0425W06
VLOG[2] (compute-mfcc-feats[5.5.1068~2-59299]:main():compute-mfcc-feats.cc:182) Processed features for key SP0425W07
VLOG[2] (compute-mfcc-feats[5.5.1068~2-59299]:main():compute-mfcc-feats.cc:182) Processed features for key SP0425W08
LOG (compute-mfcc-feats[5.5.1068~2-59299]:main():compute-mfcc-feats.cc:181) Processed 400 utterances
VLOG[2] (compute-mfcc-feats[5.5.1068~2-59299]:main():compute-mfcc-feats.cc:182) Processed features for key SP0425W09
VLOG[2] (compute-mfcc-feats[5.5.1068~2-59299]:main():compute-mfcc-feats.cc:182) Processed features for key SP0426W00
VLOG[2] (compute-mfcc-feats[5.5.1068~2-59299]:main():compute-mfcc-feats.cc:182) Processed features for key SP0426W01
VLOG[2] (compute-mfcc-feats[5.5.1068~2-59299]:main():compute-mfcc-feats.cc:182) Processed features for key SP0426W02
VLOG[2] (compute-mfcc-feats[5.5.1068~2-59299]:main():compute-mfcc-feats.cc:182) Processed features for key SP0426W03
VLOG[2] (compute-mfcc-feats[5.5.1068~2-59299]:main():compute-mfcc-feats.cc:182) Processed features for key SP0426W04
VLOG[2] (compute-mfcc-feats[5.5.1068~2-59299]:main():compute-mfcc-feats.cc:182) Processed features for key SP0426W05
VLOG[2] (compute-mfcc-feats[5.5.1068~2-59299]:main():compute-mfcc-feats.cc:182) Processed features for key SP0426W06
VLOG[2] (compute-mfcc-feats[5.5.1068~2-59299]:main():compute-mfcc-feats.cc:182) Processed features for key SP0426W07
VLOG[2] (compute-mfcc-feats[5.5.1068~2-59299]:main():compute-mfcc-feats.cc:182) Processed features for key SP0426W08
LOG (compute-mfcc-feats[5.5.1068~2-59299]:main():compute-mfcc-feats.cc:181) Processed 410 utterances
VLOG[2] (compute-mfcc-feats[5.5.1068~2-59299]:main():compute-mfcc-feats.cc:182) Processed features for key SP0426W09
VLOG[2] (compute-mfcc-feats[5.5.1068~2-59299]:main():compute-mfcc-feats.cc:182) Processed features for key SP0427W00
VLOG[2] (compute-mfcc-feats[5.5.1068~2-59299]:main():compute-mfcc-feats.cc:182) Processed features for key SP0427W01
VLOG[2] (compute-mfcc-feats[5.5.1068~2-59299]:main():compute-mfcc-feats.cc:182) Processed features for key SP0427W02
VLOG[2] (compute-mfcc-feats[5.5.1068~2-59299]:main():compute-mfcc-feats.cc:182) Processed features for key SP0427W03
VLOG[2] (compute-mfcc-feats[5.5.1068~2-59299]:main():compute-mfcc-feats.cc:182) Processed features for key SP0427W04
VLOG[2] (compute-mfcc-feats[5.5.1068~2-59299]:main():compute-mfcc-feats.cc:182) Processed features for key SP0427W05
VLOG[2] (compute-mfcc-feats[5.5.1068~2-59299]:main():compute-mfcc-feats.cc:182) Processed features for key SP0427W06
VLOG[2] (compute-mfcc-feats[5.5.1068~2-59299]:main():compute-mfcc-feats.cc:182) Processed features for key SP0427W07
VLOG[2] (compute-mfcc-feats[5.5.1068~2-59299]:main():compute-mfcc-feats.cc:182) Processed features for key SP0427W08
LOG (compute-mfcc-feats[5.5.1068~2-59299]:main():compute-mfcc-feats.cc:181) Processed 420 utterances
VLOG[2] (compute-mfcc-feats[5.5.1068~2-59299]:main():compute-mfcc-feats.cc:182) Processed features for key SP0427W09
VLOG[2] (compute-mfcc-feats[5.5.1068~2-59299]:main():compute-mfcc-feats.cc:182) Processed features for key SP0428W00
VLOG[2] (compute-mfcc-feats[5.5.1068~2-59299]:main():compute-mfcc-feats.cc:182) Processed features for key SP0428W01
VLOG[2] (compute-mfcc-feats[5.5.1068~2-59299]:main():compute-mfcc-feats.cc:182) Processed features for key SP0428W02
VLOG[2] (compute-mfcc-feats[5.5.1068~2-59299]:main():compute-mfcc-feats.cc:182) Processed features for key SP0428W03
VLOG[2] (compute-mfcc-feats[5.5.1068~2-59299]:main():compute-mfcc-feats.cc:182) Processed features for key SP0428W04
VLOG[2] (compute-mfcc-feats[5.5.1068~2-59299]:main():compute-mfcc-feats.cc:182) Processed features for key SP0428W05
VLOG[2] (compute-mfcc-feats[5.5.1068~2-59299]:main():compute-mfcc-feats.cc:182) Processed features for key SP0428W06
VLOG[2] (compute-mfcc-feats[5.5.1068~2-59299]:main():compute-mfcc-feats.cc:182) Processed features for key SP0428W07
VLOG[2] (compute-mfcc-feats[5.5.1068~2-59299]:main():compute-mfcc-feats.cc:182) Processed features for key SP0428W08
LOG (compute-mfcc-feats[5.5.1068~2-59299]:main():compute-mfcc-feats.cc:181) Processed 430 utterances
VLOG[2] (compute-mfcc-feats[5.5.1068~2-59299]:main():compute-mfcc-feats.cc:182) Processed features for key SP0428W09
VLOG[2] (compute-mfcc-feats[5.5.1068~2-59299]:main():compute-mfcc-feats.cc:182) Processed features for key SP0429W00
VLOG[2] (compute-mfcc-feats[5.5.1068~2-59299]:main():compute-mfcc-feats.cc:182) Processed features for key SP0429W01
VLOG[2] (compute-mfcc-feats[5.5.1068~2-59299]:main():compute-mfcc-feats.cc:182) Processed features for key SP0429W02
VLOG[2] (compute-mfcc-feats[5.5.1068~2-59299]:main():compute-mfcc-feats.cc:182) Processed features for key SP0429W03
VLOG[2] (compute-mfcc-feats[5.5.1068~2-59299]:main():compute-mfcc-feats.cc:182) Processed features for key SP0429W04
VLOG[2] (compute-mfcc-feats[5.5.1068~2-59299]:main():compute-mfcc-feats.cc:182) Processed features for key SP0429W05
VLOG[2] (compute-mfcc-feats[5.5.1068~2-59299]:main():compute-mfcc-feats.cc:182) Processed features for key SP0429W06
VLOG[2] (compute-mfcc-feats[5.5.1068~2-59299]:main():compute-mfcc-feats.cc:182) Processed features for key SP0429W07
VLOG[2] (compute-mfcc-feats[5.5.1068~2-59299]:main():compute-mfcc-feats.cc:182) Processed features for key SP0429W08
LOG (compute-mfcc-feats[5.5.1068~2-59299]:main():compute-mfcc-feats.cc:181) Processed 440 utterances
VLOG[2] (compute-mfcc-feats[5.5.1068~2-59299]:main():compute-mfcc-feats.cc:182) Processed features for key SP0429W09
VLOG[2] (compute-mfcc-feats[5.5.1068~2-59299]:main():compute-mfcc-feats.cc:182) Processed features for key SP0430W00
VLOG[2] (compute-mfcc-feats[5.5.1068~2-59299]:main():compute-mfcc-feats.cc:182) Processed features for key SP0430W01
VLOG[2] (compute-mfcc-feats[5.5.1068~2-59299]:main():compute-mfcc-feats.cc:182) Processed features for key SP0430W02
VLOG[2] (compute-mfcc-feats[5.5.1068~2-59299]:main():compute-mfcc-feats.cc:182) Processed features for key SP0430W03
VLOG[2] (compute-mfcc-feats[5.5.1068~2-59299]:main():compute-mfcc-feats.cc:182) Processed features for key SP0430W04
VLOG[2] (compute-mfcc-feats[5.5.1068~2-59299]:main():compute-mfcc-feats.cc:182) Processed features for key SP0430W05
VLOG[2] (compute-mfcc-feats[5.5.1068~2-59299]:main():compute-mfcc-feats.cc:182) Processed features for key SP0430W06
VLOG[2] (compute-mfcc-feats[5.5.1068~2-59299]:main():compute-mfcc-feats.cc:182) Processed features for key SP0430W07
VLOG[2] (compute-mfcc-feats[5.5.1068~2-59299]:main():compute-mfcc-feats.cc:182) Processed features for key SP0430W08
LOG (compute-mfcc-feats[5.5.1068~2-59299]:main():compute-mfcc-feats.cc:181) Processed 450 utterances
VLOG[2] (compute-mfcc-feats[5.5.1068~2-59299]:main():compute-mfcc-feats.cc:182) Processed features for key SP0430W09
VLOG[2] (compute-mfcc-feats[5.5.1068~2-59299]:main():compute-mfcc-feats.cc:182) Processed features for key SP0431W00
VLOG[2] (compute-mfcc-feats[5.5.1068~2-59299]:main():compute-mfcc-feats.cc:182) Processed features for key SP0431W01
VLOG[2] (compute-mfcc-feats[5.5.1068~2-59299]:main():compute-mfcc-feats.cc:182) Processed features for key SP0431W02
VLOG[2] (compute-mfcc-feats[5.5.1068~2-59299]:main():compute-mfcc-feats.cc:182) Processed features for key SP0431W03
VLOG[2] (compute-mfcc-feats[5.5.1068~2-59299]:main():compute-mfcc-feats.cc:182) Processed features for key SP0431W04
VLOG[2] (compute-mfcc-feats[5.5.1068~2-59299]:main():compute-mfcc-feats.cc:182) Processed features for key SP0431W05
VLOG[2] (compute-mfcc-feats[5.5.1068~2-59299]:main():compute-mfcc-feats.cc:182) Processed features for key SP0431W06
VLOG[2] (compute-mfcc-feats[5.5.1068~2-59299]:main():compute-mfcc-feats.cc:182) Processed features for key SP0431W07
VLOG[2] (compute-mfcc-feats[5.5.1068~2-59299]:main():compute-mfcc-feats.cc:182) Processed features for key SP0431W08
LOG (compute-mfcc-feats[5.5.1068~2-59299]:main():compute-mfcc-feats.cc:181) Processed 460 utterances
VLOG[2] (compute-mfcc-feats[5.5.1068~2-59299]:main():compute-mfcc-feats.cc:182) Processed features for key SP0431W09
VLOG[2] (compute-mfcc-feats[5.5.1068~2-59299]:main():compute-mfcc-feats.cc:182) Processed features for key SP0432W00
VLOG[2] (compute-mfcc-feats[5.5.1068~2-59299]:main():compute-mfcc-feats.cc:182) Processed features for key SP0432W01
VLOG[2] (compute-mfcc-feats[5.5.1068~2-59299]:main():compute-mfcc-feats.cc:182) Processed features for key SP0432W02
VLOG[2] (compute-mfcc-feats[5.5.1068~2-59299]:main():compute-mfcc-feats.cc:182) Processed features for key SP0432W03
VLOG[2] (compute-mfcc-feats[5.5.1068~2-59299]:main():compute-mfcc-feats.cc:182) Processed features for key SP0432W04
VLOG[2] (compute-mfcc-feats[5.5.1068~2-59299]:main():compute-mfcc-feats.cc:182) Processed features for key SP0432W05
VLOG[2] (compute-mfcc-feats[5.5.1068~2-59299]:main():compute-mfcc-feats.cc:182) Processed features for key SP0432W06
VLOG[2] (compute-mfcc-feats[5.5.1068~2-59299]:main():compute-mfcc-feats.cc:182) Processed features for key SP0432W07
VLOG[2] (compute-mfcc-feats[5.5.1068~2-59299]:main():compute-mfcc-feats.cc:182) Processed features for key SP0432W08
LOG (compute-mfcc-feats[5.5.1068~2-59299]:main():compute-mfcc-feats.cc:181) Processed 470 utterances
VLOG[2] (compute-mfcc-feats[5.5.1068~2-59299]:main():compute-mfcc-feats.cc:182) Processed features for key SP0432W09
VLOG[2] (compute-mfcc-feats[5.5.1068~2-59299]:main():compute-mfcc-feats.cc:182) Processed features for key SP0433W00
VLOG[2] (compute-mfcc-feats[5.5.1068~2-59299]:main():compute-mfcc-feats.cc:182) Processed features for key SP0433W01
VLOG[2] (compute-mfcc-feats[5.5.1068~2-59299]:main():compute-mfcc-feats.cc:182) Processed features for key SP0433W02
VLOG[2] (compute-mfcc-feats[5.5.1068~2-59299]:main():compute-mfcc-feats.cc:182) Processed features for key SP0433W03
VLOG[2] (compute-mfcc-feats[5.5.1068~2-59299]:main():compute-mfcc-feats.cc:182) Processed features for key SP0433W04
VLOG[2] (compute-mfcc-feats[5.5.1068~2-59299]:main():compute-mfcc-feats.cc:182) Processed features for key SP0433W05
VLOG[2] (compute-mfcc-feats[5.5.1068~2-59299]:main():compute-mfcc-feats.cc:182) Processed features for key SP0433W06
VLOG[2] (compute-mfcc-feats[5.5.1068~2-59299]:main():compute-mfcc-feats.cc:182) Processed features for key SP0433W07
VLOG[2] (compute-mfcc-feats[5.5.1068~2-59299]:main():compute-mfcc-feats.cc:182) Processed features for key SP0433W08
LOG (compute-mfcc-feats[5.5.1068~2-59299]:main():compute-mfcc-feats.cc:181) Processed 480 utterances
VLOG[2] (compute-mfcc-feats[5.5.1068~2-59299]:main():compute-mfcc-feats.cc:182) Processed features for key SP0433W09
VLOG[2] (compute-mfcc-feats[5.5.1068~2-59299]:main():compute-mfcc-feats.cc:182) Processed features for key SP0434W00
VLOG[2] (compute-mfcc-feats[5.5.1068~2-59299]:main():compute-mfcc-feats.cc:182) Processed features for key SP0434W01
VLOG[2] (compute-mfcc-feats[5.5.1068~2-59299]:main():compute-mfcc-feats.cc:182) Processed features for key SP0434W02
VLOG[2] (compute-mfcc-feats[5.5.1068~2-59299]:main():compute-mfcc-feats.cc:182) Processed features for key SP0434W03
VLOG[2] (compute-mfcc-feats[5.5.1068~2-59299]:main():compute-mfcc-feats.cc:182) Processed features for key SP0434W04
VLOG[2] (compute-mfcc-feats[5.5.1068~2-59299]:main():compute-mfcc-feats.cc:182) Processed features for key SP0434W05
VLOG[2] (compute-mfcc-feats[5.5.1068~2-59299]:main():compute-mfcc-feats.cc:182) Processed features for key SP0434W06
VLOG[2] (compute-mfcc-feats[5.5.1068~2-59299]:main():compute-mfcc-feats.cc:182) Processed features for key SP0434W07
VLOG[2] (compute-mfcc-feats[5.5.1068~2-59299]:main():compute-mfcc-feats.cc:182) Processed features for key SP0434W08
LOG (compute-mfcc-feats[5.5.1068~2-59299]:main():compute-mfcc-feats.cc:181) Processed 490 utterances
VLOG[2] (compute-mfcc-feats[5.5.1068~2-59299]:main():compute-mfcc-feats.cc:182) Processed features for key SP0434W09
VLOG[2] (compute-mfcc-feats[5.5.1068~2-59299]:main():compute-mfcc-feats.cc:182) Processed features for key SP0435W00
VLOG[2] (compute-mfcc-feats[5.5.1068~2-59299]:main():compute-mfcc-feats.cc:182) Processed features for key SP0435W01
VLOG[2] (compute-mfcc-feats[5.5.1068~2-59299]:main():compute-mfcc-feats.cc:182) Processed features for key SP0435W02
VLOG[2] (compute-mfcc-feats[5.5.1068~2-59299]:main():compute-mfcc-feats.cc:182) Processed features for key SP0435W03
VLOG[2] (compute-mfcc-feats[5.5.1068~2-59299]:main():compute-mfcc-feats.cc:182) Processed features for key SP0435W04
VLOG[2] (compute-mfcc-feats[5.5.1068~2-59299]:main():compute-mfcc-feats.cc:182) Processed features for key SP0435W05
VLOG[2] (compute-mfcc-feats[5.5.1068~2-59299]:main():compute-mfcc-feats.cc:182) Processed features for key SP0435W06
VLOG[2] (compute-mfcc-feats[5.5.1068~2-59299]:main():compute-mfcc-feats.cc:182) Processed features for key SP0435W07
VLOG[2] (compute-mfcc-feats[5.5.1068~2-59299]:main():compute-mfcc-feats.cc:182) Processed features for key SP0435W08
LOG (compute-mfcc-feats[5.5.1068~2-59299]:main():compute-mfcc-feats.cc:181) Processed 500 utterances
VLOG[2] (compute-mfcc-feats[5.5.1068~2-59299]:main():compute-mfcc-feats.cc:182) Processed features for key SP0435W09
VLOG[2] (compute-mfcc-feats[5.5.1068~2-59299]:main():compute-mfcc-feats.cc:182) Processed features for key SP0436W00
VLOG[2] (compute-mfcc-feats[5.5.1068~2-59299]:main():compute-mfcc-feats.cc:182) Processed features for key SP0436W01
VLOG[2] (compute-mfcc-feats[5.5.1068~2-59299]:main():compute-mfcc-feats.cc:182) Processed features for key SP0436W02
VLOG[2] (compute-mfcc-feats[5.5.1068~2-59299]:main():compute-mfcc-feats.cc:182) Processed features for key SP0436W03
VLOG[2] (compute-mfcc-feats[5.5.1068~2-59299]:main():compute-mfcc-feats.cc:182) Processed features for key SP0436W04
VLOG[2] (compute-mfcc-feats[5.5.1068~2-59299]:main():compute-mfcc-feats.cc:182) Processed features for key SP0436W05
VLOG[2] (compute-mfcc-feats[5.5.1068~2-59299]:main():compute-mfcc-feats.cc:182) Processed features for key SP0436W06
VLOG[2] (compute-mfcc-feats[5.5.1068~2-59299]:main():compute-mfcc-feats.cc:182) Processed features for key SP0436W07
VLOG[2] (compute-mfcc-feats[5.5.1068~2-59299]:main():compute-mfcc-feats.cc:182) Processed features for key SP0436W08
LOG (compute-mfcc-feats[5.5.1068~2-59299]:main():compute-mfcc-feats.cc:181) Processed 510 utterances
VLOG[2] (compute-mfcc-feats[5.5.1068~2-59299]:main():compute-mfcc-feats.cc:182) Processed features for key SP0436W09
VLOG[2] (compute-mfcc-feats[5.5.1068~2-59299]:main():compute-mfcc-feats.cc:182) Processed features for key SP0437W00
VLOG[2] (compute-mfcc-feats[5.5.1068~2-59299]:main():compute-mfcc-feats.cc:182) Processed features for key SP0437W01
VLOG[2] (compute-mfcc-feats[5.5.1068~2-59299]:main():compute-mfcc-feats.cc:182) Processed features for key SP0437W02
VLOG[2] (compute-mfcc-feats[5.5.1068~2-59299]:main():compute-mfcc-feats.cc:182) Processed features for key SP0437W03
VLOG[2] (compute-mfcc-feats[5.5.1068~2-59299]:main():compute-mfcc-feats.cc:182) Processed features for key SP0437W04
VLOG[2] (compute-mfcc-feats[5.5.1068~2-59299]:main():compute-mfcc-feats.cc:182) Processed features for key SP0437W05
VLOG[2] (compute-mfcc-feats[5.5.1068~2-59299]:main():compute-mfcc-feats.cc:182) Processed features for key SP0437W06
VLOG[2] (compute-mfcc-feats[5.5.1068~2-59299]:main():compute-mfcc-feats.cc:182) Processed features for key SP0437W07
VLOG[2] (compute-mfcc-feats[5.5.1068~2-59299]:main():compute-mfcc-feats.cc:182) Processed features for key SP0437W08
LOG (compute-mfcc-feats[5.5.1068~2-59299]:main():compute-mfcc-feats.cc:181) Processed 520 utterances
VLOG[2] (compute-mfcc-feats[5.5.1068~2-59299]:main():compute-mfcc-feats.cc:182) Processed features for key SP0437W09
VLOG[2] (compute-mfcc-feats[5.5.1068~2-59299]:main():compute-mfcc-feats.cc:182) Processed features for key SP0438W00
VLOG[2] (compute-mfcc-feats[5.5.1068~2-59299]:main():compute-mfcc-feats.cc:182) Processed features for key SP0438W01
VLOG[2] (compute-mfcc-feats[5.5.1068~2-59299]:main():compute-mfcc-feats.cc:182) Processed features for key SP0438W02
VLOG[2] (compute-mfcc-feats[5.5.1068~2-59299]:main():compute-mfcc-feats.cc:182) Processed features for key SP0438W03
VLOG[2] (compute-mfcc-feats[5.5.1068~2-59299]:main():compute-mfcc-feats.cc:182) Processed features for key SP0438W04
VLOG[2] (compute-mfcc-feats[5.5.1068~2-59299]:main():compute-mfcc-feats.cc:182) Processed features for key SP0438W05
VLOG[2] (compute-mfcc-feats[5.5.1068~2-59299]:main():compute-mfcc-feats.cc:182) Processed features for key SP0438W06
VLOG[2] (compute-mfcc-feats[5.5.1068~2-59299]:main():compute-mfcc-feats.cc:182) Processed features for key SP0438W07
VLOG[2] (compute-mfcc-feats[5.5.1068~2-59299]:main():compute-mfcc-feats.cc:182) Processed features for key SP0438W08
LOG (compute-mfcc-feats[5.5.1068~2-59299]:main():compute-mfcc-feats.cc:181) Processed 530 utterances
VLOG[2] (compute-mfcc-feats[5.5.1068~2-59299]:main():compute-mfcc-feats.cc:182) Processed features for key SP0438W09
VLOG[2] (compute-mfcc-feats[5.5.1068~2-59299]:main():compute-mfcc-feats.cc:182) Processed features for key SP0439W00
VLOG[2] (compute-mfcc-feats[5.5.1068~2-59299]:main():compute-mfcc-feats.cc:182) Processed features for key SP0439W01
VLOG[2] (compute-mfcc-feats[5.5.1068~2-59299]:main():compute-mfcc-feats.cc:182) Processed features for key SP0439W02
VLOG[2] (compute-mfcc-feats[5.5.1068~2-59299]:main():compute-mfcc-feats.cc:182) Processed features for key SP0439W03
VLOG[2] (compute-mfcc-feats[5.5.1068~2-59299]:main():compute-mfcc-feats.cc:182) Processed features for key SP0439W04
VLOG[2] (compute-mfcc-feats[5.5.1068~2-59299]:main():compute-mfcc-feats.cc:182) Processed features for key SP0439W05
VLOG[2] (compute-mfcc-feats[5.5.1068~2-59299]:main():compute-mfcc-feats.cc:182) Processed features for key SP0439W06
VLOG[2] (compute-mfcc-feats[5.5.1068~2-59299]:main():compute-mfcc-feats.cc:182) Processed features for key SP0439W07
VLOG[2] (compute-mfcc-feats[5.5.1068~2-59299]:main():compute-mfcc-feats.cc:182) Processed features for key SP0439W08
LOG (compute-mfcc-feats[5.5.1068~2-59299]:main():compute-mfcc-feats.cc:181) Processed 540 utterances
VLOG[2] (compute-mfcc-feats[5.5.1068~2-59299]:main():compute-mfcc-feats.cc:182) Processed features for key SP0439W09
VLOG[2] (compute-mfcc-feats[5.5.1068~2-59299]:main():compute-mfcc-feats.cc:182) Processed features for key SP0440W00
VLOG[2] (compute-mfcc-feats[5.5.1068~2-59299]:main():compute-mfcc-feats.cc:182) Processed features for key SP0440W01
VLOG[2] (compute-mfcc-feats[5.5.1068~2-59299]:main():compute-mfcc-feats.cc:182) Processed features for key SP0440W02
VLOG[2] (compute-mfcc-feats[5.5.1068~2-59299]:main():compute-mfcc-feats.cc:182) Processed features for key SP0440W03
VLOG[2] (compute-mfcc-feats[5.5.1068~2-59299]:main():compute-mfcc-feats.cc:182) Processed features for key SP0440W04
VLOG[2] (compute-mfcc-feats[5.5.1068~2-59299]:main():compute-mfcc-feats.cc:182) Processed features for key SP0440W05
VLOG[2] (compute-mfcc-feats[5.5.1068~2-59299]:main():compute-mfcc-feats.cc:182) Processed features for key SP0440W06
VLOG[2] (compute-mfcc-feats[5.5.1068~2-59299]:main():compute-mfcc-feats.cc:182) Processed features for key SP0440W07
VLOG[2] (compute-mfcc-feats[5.5.1068~2-59299]:main():compute-mfcc-feats.cc:182) Processed features for key SP0440W08
LOG (compute-mfcc-feats[5.5.1068~2-59299]:main():compute-mfcc-feats.cc:181) Processed 550 utterances
VLOG[2] (compute-mfcc-feats[5.5.1068~2-59299]:main():compute-mfcc-feats.cc:182) Processed features for key SP0440W09
VLOG[2] (compute-mfcc-feats[5.5.1068~2-59299]:main():compute-mfcc-feats.cc:182) Processed features for key SP0441W00
VLOG[2] (compute-mfcc-feats[5.5.1068~2-59299]:main():compute-mfcc-feats.cc:182) Processed features for key SP0441W01
VLOG[2] (compute-mfcc-feats[5.5.1068~2-59299]:main():compute-mfcc-feats.cc:182) Processed features for key SP0441W02
VLOG[2] (compute-mfcc-feats[5.5.1068~2-59299]:main():compute-mfcc-feats.cc:182) Processed features for key SP0441W03
VLOG[2] (compute-mfcc-feats[5.5.1068~2-59299]:main():compute-mfcc-feats.cc:182) Processed features for key SP0441W04
VLOG[2] (compute-mfcc-feats[5.5.1068~2-59299]:main():compute-mfcc-feats.cc:182) Processed features for key SP0441W05
VLOG[2] (compute-mfcc-feats[5.5.1068~2-59299]:main():compute-mfcc-feats.cc:182) Processed features for key SP0441W06
VLOG[2] (compute-mfcc-feats[5.5.1068~2-59299]:main():compute-mfcc-feats.cc:182) Processed features for key SP0441W07
VLOG[2] (compute-mfcc-feats[5.5.1068~2-59299]:main():compute-mfcc-feats.cc:182) Processed features for key SP0441W08
LOG (compute-mfcc-feats[5.5.1068~2-59299]:main():compute-mfcc-feats.cc:181) Processed 560 utterances
VLOG[2] (compute-mfcc-feats[5.5.1068~2-59299]:main():compute-mfcc-feats.cc:182) Processed features for key SP0441W09
VLOG[2] (compute-mfcc-feats[5.5.1068~2-59299]:main():compute-mfcc-feats.cc:182) Processed features for key SP0442W00
VLOG[2] (compute-mfcc-feats[5.5.1068~2-59299]:main():compute-mfcc-feats.cc:182) Processed features for key SP0442W01
VLOG[2] (compute-mfcc-feats[5.5.1068~2-59299]:main():compute-mfcc-feats.cc:182) Processed features for key SP0442W02
VLOG[2] (compute-mfcc-feats[5.5.1068~2-59299]:main():compute-mfcc-feats.cc:182) Processed features for key SP0442W03
VLOG[2] (compute-mfcc-feats[5.5.1068~2-59299]:main():compute-mfcc-feats.cc:182) Processed features for key SP0442W04
VLOG[2] (compute-mfcc-feats[5.5.1068~2-59299]:main():compute-mfcc-feats.cc:182) Processed features for key SP0442W05
VLOG[2] (compute-mfcc-feats[5.5.1068~2-59299]:main():compute-mfcc-feats.cc:182) Processed features for key SP0442W06
VLOG[2] (compute-mfcc-feats[5.5.1068~2-59299]:main():compute-mfcc-feats.cc:182) Processed features for key SP0442W07
VLOG[2] (compute-mfcc-feats[5.5.1068~2-59299]:main():compute-mfcc-feats.cc:182) Processed features for key SP0442W08
LOG (compute-mfcc-feats[5.5.1068~2-59299]:main():compute-mfcc-feats.cc:181) Processed 570 utterances
VLOG[2] (compute-mfcc-feats[5.5.1068~2-59299]:main():compute-mfcc-feats.cc:182) Processed features for key SP0442W09
VLOG[2] (compute-mfcc-feats[5.5.1068~2-59299]:main():compute-mfcc-feats.cc:182) Processed features for key SP0443W00
VLOG[2] (compute-mfcc-feats[5.5.1068~2-59299]:main():compute-mfcc-feats.cc:182) Processed features for key SP0443W01
VLOG[2] (compute-mfcc-feats[5.5.1068~2-59299]:main():compute-mfcc-feats.cc:182) Processed features for key SP0443W02
VLOG[2] (compute-mfcc-feats[5.5.1068~2-59299]:main():compute-mfcc-feats.cc:182) Processed features for key SP0443W03
VLOG[2] (compute-mfcc-feats[5.5.1068~2-59299]:main():compute-mfcc-feats.cc:182) Processed features for key SP0443W04
VLOG[2] (compute-mfcc-feats[5.5.1068~2-59299]:main():compute-mfcc-feats.cc:182) Processed features for key SP0443W05
VLOG[2] (compute-mfcc-feats[5.5.1068~2-59299]:main():compute-mfcc-feats.cc:182) Processed features for key SP0443W06
VLOG[2] (compute-mfcc-feats[5.5.1068~2-59299]:main():compute-mfcc-feats.cc:182) Processed features for key SP0443W07
VLOG[2] (compute-mfcc-feats[5.5.1068~2-59299]:main():compute-mfcc-feats.cc:182) Processed features for key SP0443W08
LOG (compute-mfcc-feats[5.5.1068~2-59299]:main():compute-mfcc-feats.cc:181) Processed 580 utterances
VLOG[2] (compute-mfcc-feats[5.5.1068~2-59299]:main():compute-mfcc-feats.cc:182) Processed features for key SP0443W09
VLOG[2] (compute-mfcc-feats[5.5.1068~2-59299]:main():compute-mfcc-feats.cc:182) Processed features for key SP0444W00
VLOG[2] (compute-mfcc-feats[5.5.1068~2-59299]:main():compute-mfcc-feats.cc:182) Processed features for key SP0444W01
VLOG[2] (compute-mfcc-feats[5.5.1068~2-59299]:main():compute-mfcc-feats.cc:182) Processed features for key SP0444W02
VLOG[2] (compute-mfcc-feats[5.5.1068~2-59299]:main():compute-mfcc-feats.cc:182) Processed features for key SP0444W03
VLOG[2] (compute-mfcc-feats[5.5.1068~2-59299]:main():compute-mfcc-feats.cc:182) Processed features for key SP0444W04
VLOG[2] (compute-mfcc-feats[5.5.1068~2-59299]:main():compute-mfcc-feats.cc:182) Processed features for key SP0444W05
VLOG[2] (compute-mfcc-feats[5.5.1068~2-59299]:main():compute-mfcc-feats.cc:182) Processed features for key SP0444W06
VLOG[2] (compute-mfcc-feats[5.5.1068~2-59299]:main():compute-mfcc-feats.cc:182) Processed features for key SP0444W07
VLOG[2] (compute-mfcc-feats[5.5.1068~2-59299]:main():compute-mfcc-feats.cc:182) Processed features for key SP0444W08
LOG (compute-mfcc-feats[5.5.1068~2-59299]:main():compute-mfcc-feats.cc:181) Processed 590 utterances
VLOG[2] (compute-mfcc-feats[5.5.1068~2-59299]:main():compute-mfcc-feats.cc:182) Processed features for key SP0444W09
VLOG[2] (compute-mfcc-feats[5.5.1068~2-59299]:main():compute-mfcc-feats.cc:182) Processed features for key SP0445W00
VLOG[2] (compute-mfcc-feats[5.5.1068~2-59299]:main():compute-mfcc-feats.cc:182) Processed features for key SP0445W01
VLOG[2] (compute-mfcc-feats[5.5.1068~2-59299]:main():compute-mfcc-feats.cc:182) Processed features for key SP0445W02
VLOG[2] (compute-mfcc-feats[5.5.1068~2-59299]:main():compute-mfcc-feats.cc:182) Processed features for key SP0445W03
VLOG[2] (compute-mfcc-feats[5.5.1068~2-59299]:main():compute-mfcc-feats.cc:182) Processed features for key SP0445W04
VLOG[2] (compute-mfcc-feats[5.5.1068~2-59299]:main():compute-mfcc-feats.cc:182) Processed features for key SP0445W05
VLOG[2] (compute-mfcc-feats[5.5.1068~2-59299]:main():compute-mfcc-feats.cc:182) Processed features for key SP0445W06
VLOG[2] (compute-mfcc-feats[5.5.1068~2-59299]:main():compute-mfcc-feats.cc:182) Processed features for key SP0445W07
VLOG[2] (compute-mfcc-feats[5.5.1068~2-59299]:main():compute-mfcc-feats.cc:182) Processed features for key SP0445W08
LOG (compute-mfcc-feats[5.5.1068~2-59299]:main():compute-mfcc-feats.cc:181) Processed 600 utterances
VLOG[2] (compute-mfcc-feats[5.5.1068~2-59299]:main():compute-mfcc-feats.cc:182) Processed features for key SP0445W09
VLOG[2] (compute-mfcc-feats[5.5.1068~2-59299]:main():compute-mfcc-feats.cc:182) Processed features for key SP0446W00
VLOG[2] (compute-mfcc-feats[5.5.1068~2-59299]:main():compute-mfcc-feats.cc:182) Processed features for key SP0446W01
VLOG[2] (compute-mfcc-feats[5.5.1068~2-59299]:main():compute-mfcc-feats.cc:182) Processed features for key SP0446W02
VLOG[2] (compute-mfcc-feats[5.5.1068~2-59299]:main():compute-mfcc-feats.cc:182) Processed features for key SP0446W03
VLOG[2] (compute-mfcc-feats[5.5.1068~2-59299]:main():compute-mfcc-feats.cc:182) Processed features for key SP0446W04
VLOG[2] (compute-mfcc-feats[5.5.1068~2-59299]:main():compute-mfcc-feats.cc:182) Processed features for key SP0446W05
VLOG[2] (compute-mfcc-feats[5.5.1068~2-59299]:main():compute-mfcc-feats.cc:182) Processed features for key SP0446W06
VLOG[2] (compute-mfcc-feats[5.5.1068~2-59299]:main():compute-mfcc-feats.cc:182) Processed features for key SP0446W07
VLOG[2] (compute-mfcc-feats[5.5.1068~2-59299]:main():compute-mfcc-feats.cc:182) Processed features for key SP0446W08
LOG (compute-mfcc-feats[5.5.1068~2-59299]:main():compute-mfcc-feats.cc:181) Processed 610 utterances
VLOG[2] (compute-mfcc-feats[5.5.1068~2-59299]:main():compute-mfcc-feats.cc:182) Processed features for key SP0446W09
VLOG[2] (compute-mfcc-feats[5.5.1068~2-59299]:main():compute-mfcc-feats.cc:182) Processed features for key SP0447W00
VLOG[2] (compute-mfcc-feats[5.5.1068~2-59299]:main():compute-mfcc-feats.cc:182) Processed features for key SP0447W01
VLOG[2] (compute-mfcc-feats[5.5.1068~2-59299]:main():compute-mfcc-feats.cc:182) Processed features for key SP0447W02
VLOG[2] (compute-mfcc-feats[5.5.1068~2-59299]:main():compute-mfcc-feats.cc:182) Processed features for key SP0447W03
VLOG[2] (compute-mfcc-feats[5.5.1068~2-59299]:main():compute-mfcc-feats.cc:182) Processed features for key SP0447W04
VLOG[2] (compute-mfcc-feats[5.5.1068~2-59299]:main():compute-mfcc-feats.cc:182) Processed features for key SP0447W05
VLOG[2] (compute-mfcc-feats[5.5.1068~2-59299]:main():compute-mfcc-feats.cc:182) Processed features for key SP0447W06
VLOG[2] (compute-mfcc-feats[5.5.1068~2-59299]:main():compute-mfcc-feats.cc:182) Processed features for key SP0447W07
VLOG[2] (compute-mfcc-feats[5.5.1068~2-59299]:main():compute-mfcc-feats.cc:182) Processed features for key SP0447W08
LOG (compute-mfcc-feats[5.5.1068~2-59299]:main():compute-mfcc-feats.cc:181) Processed 620 utterances
VLOG[2] (compute-mfcc-feats[5.5.1068~2-59299]:main():compute-mfcc-feats.cc:182) Processed features for key SP0447W09
VLOG[2] (compute-mfcc-feats[5.5.1068~2-59299]:main():compute-mfcc-feats.cc:182) Processed features for key SP0448W00
VLOG[2] (compute-mfcc-feats[5.5.1068~2-59299]:main():compute-mfcc-feats.cc:182) Processed features for key SP0448W01
VLOG[2] (compute-mfcc-feats[5.5.1068~2-59299]:main():compute-mfcc-feats.cc:182) Processed features for key SP0448W02
VLOG[2] (compute-mfcc-feats[5.5.1068~2-59299]:main():compute-mfcc-feats.cc:182) Processed features for key SP0448W03
VLOG[2] (compute-mfcc-feats[5.5.1068~2-59299]:main():compute-mfcc-feats.cc:182) Processed features for key SP0448W04
VLOG[2] (compute-mfcc-feats[5.5.1068~2-59299]:main():compute-mfcc-feats.cc:182) Processed features for key SP0448W05
VLOG[2] (compute-mfcc-feats[5.5.1068~2-59299]:main():compute-mfcc-feats.cc:182) Processed features for key SP0448W06
VLOG[2] (compute-mfcc-feats[5.5.1068~2-59299]:main():compute-mfcc-feats.cc:182) Processed features for key SP0448W07
VLOG[2] (compute-mfcc-feats[5.5.1068~2-59299]:main():compute-mfcc-feats.cc:182) Processed features for key SP0448W08
LOG (compute-mfcc-feats[5.5.1068~2-59299]:main():compute-mfcc-feats.cc:181) Processed 630 utterances
VLOG[2] (compute-mfcc-feats[5.5.1068~2-59299]:main():compute-mfcc-feats.cc:182) Processed features for key SP0448W09
VLOG[2] (compute-mfcc-feats[5.5.1068~2-59299]:main():compute-mfcc-feats.cc:182) Processed features for key SP0449W00
VLOG[2] (compute-mfcc-feats[5.5.1068~2-59299]:main():compute-mfcc-feats.cc:182) Processed features for key SP0449W01
VLOG[2] (compute-mfcc-feats[5.5.1068~2-59299]:main():compute-mfcc-feats.cc:182) Processed features for key SP0449W02
VLOG[2] (compute-mfcc-feats[5.5.1068~2-59299]:main():compute-mfcc-feats.cc:182) Processed features for key SP0449W03
VLOG[2] (compute-mfcc-feats[5.5.1068~2-59299]:main():compute-mfcc-feats.cc:182) Processed features for key SP0449W04
VLOG[2] (compute-mfcc-feats[5.5.1068~2-59299]:main():compute-mfcc-feats.cc:182) Processed features for key SP0449W05
VLOG[2] (compute-mfcc-feats[5.5.1068~2-59299]:main():compute-mfcc-feats.cc:182) Processed features for key SP0449W06
VLOG[2] (compute-mfcc-feats[5.5.1068~2-59299]:main():compute-mfcc-feats.cc:182) Processed features for key SP0449W07
VLOG[2] (compute-mfcc-feats[5.5.1068~2-59299]:main():compute-mfcc-feats.cc:182) Processed features for key SP0449W08
LOG (compute-mfcc-feats[5.5.1068~2-59299]:main():compute-mfcc-feats.cc:181) Processed 640 utterances
VLOG[2] (compute-mfcc-feats[5.5.1068~2-59299]:main():compute-mfcc-feats.cc:182) Processed features for key SP0449W09
VLOG[2] (compute-mfcc-feats[5.5.1068~2-59299]:main():compute-mfcc-feats.cc:182) Processed features for key SP0450W00
VLOG[2] (compute-mfcc-feats[5.5.1068~2-59299]:main():compute-mfcc-feats.cc:182) Processed features for key SP0450W01
VLOG[2] (compute-mfcc-feats[5.5.1068~2-59299]:main():compute-mfcc-feats.cc:182) Processed features for key SP0450W02
VLOG[2] (compute-mfcc-feats[5.5.1068~2-59299]:main():compute-mfcc-feats.cc:182) Processed features for key SP0450W03
VLOG[2] (compute-mfcc-feats[5.5.1068~2-59299]:main():compute-mfcc-feats.cc:182) Processed features for key SP0450W04
VLOG[2] (compute-mfcc-feats[5.5.1068~2-59299]:main():compute-mfcc-feats.cc:182) Processed features for key SP0450W05
VLOG[2] (compute-mfcc-feats[5.5.1068~2-59299]:main():compute-mfcc-feats.cc:182) Processed features for key SP0450W06
VLOG[2] (compute-mfcc-feats[5.5.1068~2-59299]:main():compute-mfcc-feats.cc:182) Processed features for key SP0450W07
VLOG[2] (compute-mfcc-feats[5.5.1068~2-59299]:main():compute-mfcc-feats.cc:182) Processed features for key SP0450W08
LOG (compute-mfcc-feats[5.5.1068~2-59299]:main():compute-mfcc-feats.cc:181) Processed 650 utterances
VLOG[2] (compute-mfcc-feats[5.5.1068~2-59299]:main():compute-mfcc-feats.cc:182) Processed features for key SP0450W09
VLOG[2] (compute-mfcc-feats[5.5.1068~2-59299]:main():compute-mfcc-feats.cc:182) Processed features for key SP0451W00
VLOG[2] (compute-mfcc-feats[5.5.1068~2-59299]:main():compute-mfcc-feats.cc:182) Processed features for key SP0451W01
VLOG[2] (compute-mfcc-feats[5.5.1068~2-59299]:main():compute-mfcc-feats.cc:182) Processed features for key SP0451W02
VLOG[2] (compute-mfcc-feats[5.5.1068~2-59299]:main():compute-mfcc-feats.cc:182) Processed features for key SP0451W03
VLOG[2] (compute-mfcc-feats[5.5.1068~2-59299]:main():compute-mfcc-feats.cc:182) Processed features for key SP0451W04
VLOG[2] (compute-mfcc-feats[5.5.1068~2-59299]:main():compute-mfcc-feats.cc:182) Processed features for key SP0451W05
VLOG[2] (compute-mfcc-feats[5.5.1068~2-59299]:main():compute-mfcc-feats.cc:182) Processed features for key SP0451W06
VLOG[2] (compute-mfcc-feats[5.5.1068~2-59299]:main():compute-mfcc-feats.cc:182) Processed features for key SP0451W07
VLOG[2] (compute-mfcc-feats[5.5.1068~2-59299]:main():compute-mfcc-feats.cc:182) Processed features for key SP0451W08
LOG (compute-mfcc-feats[5.5.1068~2-59299]:main():compute-mfcc-feats.cc:181) Processed 660 utterances
VLOG[2] (compute-mfcc-feats[5.5.1068~2-59299]:main():compute-mfcc-feats.cc:182) Processed features for key SP0451W09
VLOG[2] (compute-mfcc-feats[5.5.1068~2-59299]:main():compute-mfcc-feats.cc:182) Processed features for key SP0452W00
VLOG[2] (compute-mfcc-feats[5.5.1068~2-59299]:main():compute-mfcc-feats.cc:182) Processed features for key SP0452W01
VLOG[2] (compute-mfcc-feats[5.5.1068~2-59299]:main():compute-mfcc-feats.cc:182) Processed features for key SP0452W02
VLOG[2] (compute-mfcc-feats[5.5.1068~2-59299]:main():compute-mfcc-feats.cc:182) Processed features for key SP0452W03
VLOG[2] (compute-mfcc-feats[5.5.1068~2-59299]:main():compute-mfcc-feats.cc:182) Processed features for key SP0452W04
VLOG[2] (compute-mfcc-feats[5.5.1068~2-59299]:main():compute-mfcc-feats.cc:182) Processed features for key SP0452W05
VLOG[2] (compute-mfcc-feats[5.5.1068~2-59299]:main():compute-mfcc-feats.cc:182) Processed features for key SP0452W06
VLOG[2] (compute-mfcc-feats[5.5.1068~2-59299]:main():compute-mfcc-feats.cc:182) Processed features for key SP0452W07
VLOG[2] (compute-mfcc-feats[5.5.1068~2-59299]:main():compute-mfcc-feats.cc:182) Processed features for key SP0452W08
LOG (compute-mfcc-feats[5.5.1068~2-59299]:main():compute-mfcc-feats.cc:181) Processed 670 utterances
VLOG[2] (compute-mfcc-feats[5.5.1068~2-59299]:main():compute-mfcc-feats.cc:182) Processed features for key SP0452W09
VLOG[2] (compute-mfcc-feats[5.5.1068~2-59299]:main():compute-mfcc-feats.cc:182) Processed features for key SP0453W00
VLOG[2] (compute-mfcc-feats[5.5.1068~2-59299]:main():compute-mfcc-feats.cc:182) Processed features for key SP0453W01
VLOG[2] (compute-mfcc-feats[5.5.1068~2-59299]:main():compute-mfcc-feats.cc:182) Processed features for key SP0453W02
VLOG[2] (compute-mfcc-feats[5.5.1068~2-59299]:main():compute-mfcc-feats.cc:182) Processed features for key SP0453W03
VLOG[2] (compute-mfcc-feats[5.5.1068~2-59299]:main():compute-mfcc-feats.cc:182) Processed features for key SP0453W04
VLOG[2] (compute-mfcc-feats[5.5.1068~2-59299]:main():compute-mfcc-feats.cc:182) Processed features for key SP0453W05
VLOG[2] (compute-mfcc-feats[5.5.1068~2-59299]:main():compute-mfcc-feats.cc:182) Processed features for key SP0453W06
VLOG[2] (compute-mfcc-feats[5.5.1068~2-59299]:main():compute-mfcc-feats.cc:182) Processed features for key SP0453W07
VLOG[2] (compute-mfcc-feats[5.5.1068~2-59299]:main():compute-mfcc-feats.cc:182) Processed features for key SP0453W08
LOG (compute-mfcc-feats[5.5.1068~2-59299]:main():compute-mfcc-feats.cc:181) Processed 680 utterances
VLOG[2] (compute-mfcc-feats[5.5.1068~2-59299]:main():compute-mfcc-feats.cc:182) Processed features for key SP0453W09
VLOG[2] (compute-mfcc-feats[5.5.1068~2-59299]:main():compute-mfcc-feats.cc:182) Processed features for key SP0454W00
VLOG[2] (compute-mfcc-feats[5.5.1068~2-59299]:main():compute-mfcc-feats.cc:182) Processed features for key SP0454W01
VLOG[2] (compute-mfcc-feats[5.5.1068~2-59299]:main():compute-mfcc-feats.cc:182) Processed features for key SP0454W02
VLOG[2] (compute-mfcc-feats[5.5.1068~2-59299]:main():compute-mfcc-feats.cc:182) Processed features for key SP0454W03
VLOG[2] (compute-mfcc-feats[5.5.1068~2-59299]:main():compute-mfcc-feats.cc:182) Processed features for key SP0454W04
VLOG[2] (compute-mfcc-feats[5.5.1068~2-59299]:main():compute-mfcc-feats.cc:182) Processed features for key SP0454W05
VLOG[2] (compute-mfcc-feats[5.5.1068~2-59299]:main():compute-mfcc-feats.cc:182) Processed features for key SP0454W06
VLOG[2] (compute-mfcc-feats[5.5.1068~2-59299]:main():compute-mfcc-feats.cc:182) Processed features for key SP0454W07
VLOG[2] (compute-mfcc-feats[5.5.1068~2-59299]:main():compute-mfcc-feats.cc:182) Processed features for key SP0454W08
LOG (compute-mfcc-feats[5.5.1068~2-59299]:main():compute-mfcc-feats.cc:181) Processed 690 utterances
VLOG[2] (compute-mfcc-feats[5.5.1068~2-59299]:main():compute-mfcc-feats.cc:182) Processed features for key SP0454W09
VLOG[2] (compute-mfcc-feats[5.5.1068~2-59299]:main():compute-mfcc-feats.cc:182) Processed features for key SP0455W00
VLOG[2] (compute-mfcc-feats[5.5.1068~2-59299]:main():compute-mfcc-feats.cc:182) Processed features for key SP0455W01
VLOG[2] (compute-mfcc-feats[5.5.1068~2-59299]:main():compute-mfcc-feats.cc:182) Processed features for key SP0455W02
VLOG[2] (compute-mfcc-feats[5.5.1068~2-59299]:main():compute-mfcc-feats.cc:182) Processed features for key SP0455W03
VLOG[2] (compute-mfcc-feats[5.5.1068~2-59299]:main():compute-mfcc-feats.cc:182) Processed features for key SP0455W04
VLOG[2] (compute-mfcc-feats[5.5.1068~2-59299]:main():compute-mfcc-feats.cc:182) Processed features for key SP0455W05
VLOG[2] (compute-mfcc-feats[5.5.1068~2-59299]:main():compute-mfcc-feats.cc:182) Processed features for key SP0455W06
VLOG[2] (compute-mfcc-feats[5.5.1068~2-59299]:main():compute-mfcc-feats.cc:182) Processed features for key SP0455W07
VLOG[2] (compute-mfcc-feats[5.5.1068~2-59299]:main():compute-mfcc-feats.cc:182) Processed features for key SP0455W08
LOG (compute-mfcc-feats[5.5.1068~2-59299]:main():compute-mfcc-feats.cc:181) Processed 700 utterances
VLOG[2] (compute-mfcc-feats[5.5.1068~2-59299]:main():compute-mfcc-feats.cc:182) Processed features for key SP0455W09
VLOG[2] (compute-mfcc-feats[5.5.1068~2-59299]:main():compute-mfcc-feats.cc:182) Processed features for key SP0456W00
VLOG[2] (compute-mfcc-feats[5.5.1068~2-59299]:main():compute-mfcc-feats.cc:182) Processed features for key SP0456W01
VLOG[2] (compute-mfcc-feats[5.5.1068~2-59299]:main():compute-mfcc-feats.cc:182) Processed features for key SP0456W02
VLOG[2] (compute-mfcc-feats[5.5.1068~2-59299]:main():compute-mfcc-feats.cc:182) Processed features for key SP0456W03
VLOG[2] (compute-mfcc-feats[5.5.1068~2-59299]:main():compute-mfcc-feats.cc:182) Processed features for key SP0456W04
VLOG[2] (compute-mfcc-feats[5.5.1068~2-59299]:main():compute-mfcc-feats.cc:182) Processed features for key SP0456W05
VLOG[2] (compute-mfcc-feats[5.5.1068~2-59299]:main():compute-mfcc-feats.cc:182) Processed features for key SP0456W06
VLOG[2] (compute-mfcc-feats[5.5.1068~2-59299]:main():compute-mfcc-feats.cc:182) Processed features for key SP0456W07
VLOG[2] (compute-mfcc-feats[5.5.1068~2-59299]:main():compute-mfcc-feats.cc:182) Processed features for key SP0456W08
LOG (compute-mfcc-feats[5.5.1068~2-59299]:main():compute-mfcc-feats.cc:181) Processed 710 utterances
VLOG[2] (compute-mfcc-feats[5.5.1068~2-59299]:main():compute-mfcc-feats.cc:182) Processed features for key SP0456W09
VLOG[2] (compute-mfcc-feats[5.5.1068~2-59299]:main():compute-mfcc-feats.cc:182) Processed features for key SP0457W00
VLOG[2] (compute-mfcc-feats[5.5.1068~2-59299]:main():compute-mfcc-feats.cc:182) Processed features for key SP0457W01
VLOG[2] (compute-mfcc-feats[5.5.1068~2-59299]:main():compute-mfcc-feats.cc:182) Processed features for key SP0457W02
VLOG[2] (compute-mfcc-feats[5.5.1068~2-59299]:main():compute-mfcc-feats.cc:182) Processed features for key SP0457W03
VLOG[2] (compute-mfcc-feats[5.5.1068~2-59299]:main():compute-mfcc-feats.cc:182) Processed features for key SP0457W04
VLOG[2] (compute-mfcc-feats[5.5.1068~2-59299]:main():compute-mfcc-feats.cc:182) Processed features for key SP0457W05
VLOG[2] (compute-mfcc-feats[5.5.1068~2-59299]:main():compute-mfcc-feats.cc:182) Processed features for key SP0457W06
VLOG[2] (compute-mfcc-feats[5.5.1068~2-59299]:main():compute-mfcc-feats.cc:182) Processed features for key SP0457W07
VLOG[2] (compute-mfcc-feats[5.5.1068~2-59299]:main():compute-mfcc-feats.cc:182) Processed features for key SP0457W08
LOG (compute-mfcc-feats[5.5.1068~2-59299]:main():compute-mfcc-feats.cc:181) Processed 720 utterances
VLOG[2] (compute-mfcc-feats[5.5.1068~2-59299]:main():compute-mfcc-feats.cc:182) Processed features for key SP0457W09
VLOG[2] (compute-mfcc-feats[5.5.1068~2-59299]:main():compute-mfcc-feats.cc:182) Processed features for key SP0458W00
VLOG[2] (compute-mfcc-feats[5.5.1068~2-59299]:main():compute-mfcc-feats.cc:182) Processed features for key SP0458W01
VLOG[2] (compute-mfcc-feats[5.5.1068~2-59299]:main():compute-mfcc-feats.cc:182) Processed features for key SP0458W02
VLOG[2] (compute-mfcc-feats[5.5.1068~2-59299]:main():compute-mfcc-feats.cc:182) Processed features for key SP0458W03
VLOG[2] (compute-mfcc-feats[5.5.1068~2-59299]:main():compute-mfcc-feats.cc:182) Processed features for key SP0458W04
VLOG[2] (compute-mfcc-feats[5.5.1068~2-59299]:main():compute-mfcc-feats.cc:182) Processed features for key SP0458W05
VLOG[2] (compute-mfcc-feats[5.5.1068~2-59299]:main():compute-mfcc-feats.cc:182) Processed features for key SP0458W06
VLOG[2] (compute-mfcc-feats[5.5.1068~2-59299]:main():compute-mfcc-feats.cc:182) Processed features for key SP0458W07
VLOG[2] (compute-mfcc-feats[5.5.1068~2-59299]:main():compute-mfcc-feats.cc:182) Processed features for key SP0458W08
LOG (compute-mfcc-feats[5.5.1068~2-59299]:main():compute-mfcc-feats.cc:181) Processed 730 utterances
VLOG[2] (compute-mfcc-feats[5.5.1068~2-59299]:main():compute-mfcc-feats.cc:182) Processed features for key SP0458W09
VLOG[2] (compute-mfcc-feats[5.5.1068~2-59299]:main():compute-mfcc-feats.cc:182) Processed features for key SP0459W00
VLOG[2] (compute-mfcc-feats[5.5.1068~2-59299]:main():compute-mfcc-feats.cc:182) Processed features for key SP0459W01
VLOG[2] (compute-mfcc-feats[5.5.1068~2-59299]:main():compute-mfcc-feats.cc:182) Processed features for key SP0459W02
VLOG[2] (compute-mfcc-feats[5.5.1068~2-59299]:main():compute-mfcc-feats.cc:182) Processed features for key SP0459W03
VLOG[2] (compute-mfcc-feats[5.5.1068~2-59299]:main():compute-mfcc-feats.cc:182) Processed features for key SP0459W04
VLOG[2] (compute-mfcc-feats[5.5.1068~2-59299]:main():compute-mfcc-feats.cc:182) Processed features for key SP0459W05
VLOG[2] (compute-mfcc-feats[5.5.1068~2-59299]:main():compute-mfcc-feats.cc:182) Processed features for key SP0459W06
VLOG[2] (compute-mfcc-feats[5.5.1068~2-59299]:main():compute-mfcc-feats.cc:182) Processed features for key SP0459W07
VLOG[2] (compute-mfcc-feats[5.5.1068~2-59299]:main():compute-mfcc-feats.cc:182) Processed features for key SP0459W08
LOG (compute-mfcc-feats[5.5.1068~2-59299]:main():compute-mfcc-feats.cc:181) Processed 740 utterances
VLOG[2] (compute-mfcc-feats[5.5.1068~2-59299]:main():compute-mfcc-feats.cc:182) Processed features for key SP0459W09
VLOG[2] (compute-mfcc-feats[5.5.1068~2-59299]:main():compute-mfcc-feats.cc:182) Processed features for key SP0460W00
VLOG[2] (compute-mfcc-feats[5.5.1068~2-59299]:main():compute-mfcc-feats.cc:182) Processed features for key SP0460W01
VLOG[2] (compute-mfcc-feats[5.5.1068~2-59299]:main():compute-mfcc-feats.cc:182) Processed features for key SP0460W02
VLOG[2] (compute-mfcc-feats[5.5.1068~2-59299]:main():compute-mfcc-feats.cc:182) Processed features for key SP0460W03
VLOG[2] (compute-mfcc-feats[5.5.1068~2-59299]:main():compute-mfcc-feats.cc:182) Processed features for key SP0460W04
VLOG[2] (compute-mfcc-feats[5.5.1068~2-59299]:main():compute-mfcc-feats.cc:182) Processed features for key SP0460W05
VLOG[2] (compute-mfcc-feats[5.5.1068~2-59299]:main():compute-mfcc-feats.cc:182) Processed features for key SP0460W06
VLOG[2] (compute-mfcc-feats[5.5.1068~2-59299]:main():compute-mfcc-feats.cc:182) Processed features for key SP0460W07
VLOG[2] (compute-mfcc-feats[5.5.1068~2-59299]:main():compute-mfcc-feats.cc:182) Processed features for key SP0460W08
LOG (compute-mfcc-feats[5.5.1068~2-59299]:main():compute-mfcc-feats.cc:181) Processed 750 utterances
VLOG[2] (compute-mfcc-feats[5.5.1068~2-59299]:main():compute-mfcc-feats.cc:182) Processed features for key SP0460W09
VLOG[2] (compute-mfcc-feats[5.5.1068~2-59299]:main():compute-mfcc-feats.cc:182) Processed features for key SP0461W00
VLOG[2] (compute-mfcc-feats[5.5.1068~2-59299]:main():compute-mfcc-feats.cc:182) Processed features for key SP0461W01
VLOG[2] (compute-mfcc-feats[5.5.1068~2-59299]:main():compute-mfcc-feats.cc:182) Processed features for key SP0461W02
VLOG[2] (compute-mfcc-feats[5.5.1068~2-59299]:main():compute-mfcc-feats.cc:182) Processed features for key SP0461W03
VLOG[2] (compute-mfcc-feats[5.5.1068~2-59299]:main():compute-mfcc-feats.cc:182) Processed features for key SP0461W04
VLOG[2] (compute-mfcc-feats[5.5.1068~2-59299]:main():compute-mfcc-feats.cc:182) Processed features for key SP0461W05
VLOG[2] (compute-mfcc-feats[5.5.1068~2-59299]:main():compute-mfcc-feats.cc:182) Processed features for key SP0461W06
VLOG[2] (compute-mfcc-feats[5.5.1068~2-59299]:main():compute-mfcc-feats.cc:182) Processed features for key SP0461W07
VLOG[2] (compute-mfcc-feats[5.5.1068~2-59299]:main():compute-mfcc-feats.cc:182) Processed features for key SP0461W08
LOG (compute-mfcc-feats[5.5.1068~2-59299]:main():compute-mfcc-feats.cc:181) Processed 760 utterances
VLOG[2] (compute-mfcc-feats[5.5.1068~2-59299]:main():compute-mfcc-feats.cc:182) Processed features for key SP0461W09
VLOG[2] (compute-mfcc-feats[5.5.1068~2-59299]:main():compute-mfcc-feats.cc:182) Processed features for key SP0462W00
VLOG[2] (compute-mfcc-feats[5.5.1068~2-59299]:main():compute-mfcc-feats.cc:182) Processed features for key SP0462W01
VLOG[2] (compute-mfcc-feats[5.5.1068~2-59299]:main():compute-mfcc-feats.cc:182) Processed features for key SP0462W02
VLOG[2] (compute-mfcc-feats[5.5.1068~2-59299]:main():compute-mfcc-feats.cc:182) Processed features for key SP0462W03
VLOG[2] (compute-mfcc-feats[5.5.1068~2-59299]:main():compute-mfcc-feats.cc:182) Processed features for key SP0462W04
VLOG[2] (compute-mfcc-feats[5.5.1068~2-59299]:main():compute-mfcc-feats.cc:182) Processed features for key SP0462W05
VLOG[2] (compute-mfcc-feats[5.5.1068~2-59299]:main():compute-mfcc-feats.cc:182) Processed features for key SP0462W06
VLOG[2] (compute-mfcc-feats[5.5.1068~2-59299]:main():compute-mfcc-feats.cc:182) Processed features for key SP0462W07
VLOG[2] (compute-mfcc-feats[5.5.1068~2-59299]:main():compute-mfcc-feats.cc:182) Processed features for key SP0462W08
LOG (compute-mfcc-feats[5.5.1068~2-59299]:main():compute-mfcc-feats.cc:181) Processed 770 utterances
VLOG[2] (compute-mfcc-feats[5.5.1068~2-59299]:main():compute-mfcc-feats.cc:182) Processed features for key SP0462W09
LOG (compute-mfcc-feats[5.5.1068~2-59299]:main():compute-mfcc-feats.cc:185)  Done 770 out of 770 utterances.
LOG (copy-feats[5.5.1068~2-59299]:main():copy-feats.cc:143) Copied 770 feature matrices.
# Accounting: time=4 threads=1
# Ended (code 0) at Wed Mar 22 15:21:51 CST 2023, elapsed time 4 seconds
