# gmm-global-init-from-feats --num-threads=16 --num-frames=500000 --min-gaussian-weight=0.0001 --num-gauss=512 --num-gauss-init=256 --num-iters=20 "ark,s,cs:add-deltas --delta-window=3 --delta-order=2 scp:data/train/feats.scp ark:- | apply-cmvn-sliding --norm-vars=false --center=true --cmn-window=300 ark:- ark:- | select-voiced-frames ark:- scp,s,cs:data/train/vad.scp ark:- |" exp/ivector_gauss512_dim200/diag_ubm/0.dubm 
# Started at Thu Mar 16 00:40:42 CST 2023
#
gmm-global-init-from-feats --num-threads=16 --num-frames=500000 --min-gaussian-weight=0.0001 --num-gauss=512 --num-gauss-init=256 --num-iters=20 'ark,s,cs:add-deltas --delta-window=3 --delta-order=2 scp:data/train/feats.scp ark:- | apply-cmvn-sliding --norm-vars=false --center=true --cmn-window=300 ark:- ark:- | select-voiced-frames ark:- scp,s,cs:data/train/vad.scp ark:- |' exp/ivector_gauss512_dim200/diag_ubm/0.dubm 
add-deltas --delta-window=3 --delta-order=2 scp:data/train/feats.scp ark:- 
select-voiced-frames ark:- scp,s,cs:data/train/vad.scp ark:- 
apply-cmvn-sliding --norm-vars=false --center=true --cmn-window=300 ark:- ark:- 
LOG (gmm-global-init-from-feats[5.5.1068~2-59299]:main():gmm-global-init-from-feats.cc:144) Reading features (will keep 500000 frames.)
LOG (apply-cmvn-sliding[5.5.1068~2-59299]:main():apply-cmvn-sliding.cc:75) Applied sliding-window cepstral mean normalization to 4620 utterances, 0 had errors.
LOG (select-voiced-frames[5.5.1068~2-59299]:main():select-voiced-frames.cc:106) Done selecting voiced frames; processed 4620 utterances, 0 had errors.
LOG (gmm-global-init-from-feats[5.5.1068~2-59299]:main():gmm-global-init-from-feats.cc:175) Kept 500000 out of 1093628 input frames = 45.7194%.
LOG (gmm-global-init-from-feats[5.5.1068~2-59299]:main():gmm-global-init-from-feats.cc:184) Initializing GMM means from random frames to 256 Gaussians.
LOG (gmm-global-init-from-feats[5.5.1068~2-59299]:TrainOneIter():gmm-global-init-from-feats.cc:75) Likelihood per frame on iteration 0 was -109.034 over 500000 frames.
WARNING (gmm-global-init-from-feats[5.5.1068~2-59299]:MleDiagGmmUpdate():mle-diag-gmm.cc:359) Too little data - removing Gaussian (weight 0.000076, occupation count 37.967630, vector size 39)
WARNING (gmm-global-init-from-feats[5.5.1068~2-59299]:MleDiagGmmUpdate():mle-diag-gmm.cc:359) Too little data - removing Gaussian (weight 0.000099, occupation count 49.331863, vector size 39)
WARNING (gmm-global-init-from-feats[5.5.1068~2-59299]:MleDiagGmmUpdate():mle-diag-gmm.cc:359) Too little data - removing Gaussian (weight 0.000052, occupation count 25.756074, vector size 39)
WARNING (gmm-global-init-from-feats[5.5.1068~2-59299]:MleDiagGmmUpdate():mle-diag-gmm.cc:359) Too little data - removing Gaussian (weight 0.000008, occupation count 3.862761, vector size 39)
WARNING (gmm-global-init-from-feats[5.5.1068~2-59299]:MleDiagGmmUpdate():mle-diag-gmm.cc:359) Too little data - removing Gaussian (weight 0.000091, occupation count 45.370423, vector size 39)
LOG (gmm-global-init-from-feats[5.5.1068~2-59299]:TrainOneIter():gmm-global-init-from-feats.cc:82) Objective-function change on iteration 0 was 5.98229 over 500000 frames.
LOG (gmm-global-init-from-feats[5.5.1068~2-59299]:main():gmm-global-init-from-feats.cc:198) Splitting to 281 Gaussians.
LOG (gmm-global-init-from-feats[5.5.1068~2-59299]:TrainOneIter():gmm-global-init-from-feats.cc:75) Likelihood per frame on iteration 1 was -101.825 over 500000 frames.
LOG (gmm-global-init-from-feats[5.5.1068~2-59299]:TrainOneIter():gmm-global-init-from-feats.cc:82) Objective-function change on iteration 1 was 0.799408 over 500000 frames.
LOG (gmm-global-init-from-feats[5.5.1068~2-59299]:main():gmm-global-init-from-feats.cc:198) Splitting to 306 Gaussians.
LOG (gmm-global-init-from-feats[5.5.1068~2-59299]:TrainOneIter():gmm-global-init-from-feats.cc:75) Likelihood per frame on iteration 2 was -100.621 over 500000 frames.
LOG (gmm-global-init-from-feats[5.5.1068~2-59299]:TrainOneIter():gmm-global-init-from-feats.cc:82) Objective-function change on iteration 2 was 0.309808 over 500000 frames.
LOG (gmm-global-init-from-feats[5.5.1068~2-59299]:main():gmm-global-init-from-feats.cc:198) Splitting to 331 Gaussians.
LOG (gmm-global-init-from-feats[5.5.1068~2-59299]:TrainOneIter():gmm-global-init-from-feats.cc:75) Likelihood per frame on iteration 3 was -100.116 over 500000 frames.
LOG (gmm-global-init-from-feats[5.5.1068~2-59299]:TrainOneIter():gmm-global-init-from-feats.cc:82) Objective-function change on iteration 3 was 0.171896 over 500000 frames.
LOG (gmm-global-init-from-feats[5.5.1068~2-59299]:main():gmm-global-init-from-feats.cc:198) Splitting to 356 Gaussians.
LOG (gmm-global-init-from-feats[5.5.1068~2-59299]:TrainOneIter():gmm-global-init-from-feats.cc:75) Likelihood per frame on iteration 4 was -99.8227 over 500000 frames.
LOG (gmm-global-init-from-feats[5.5.1068~2-59299]:TrainOneIter():gmm-global-init-from-feats.cc:82) Objective-function change on iteration 4 was 0.11776 over 500000 frames.
LOG (gmm-global-init-from-feats[5.5.1068~2-59299]:main():gmm-global-init-from-feats.cc:198) Splitting to 381 Gaussians.
LOG (gmm-global-init-from-feats[5.5.1068~2-59299]:TrainOneIter():gmm-global-init-from-feats.cc:75) Likelihood per frame on iteration 5 was -99.6146 over 500000 frames.
LOG (gmm-global-init-from-feats[5.5.1068~2-59299]:TrainOneIter():gmm-global-init-from-feats.cc:82) Objective-function change on iteration 5 was 0.091384 over 500000 frames.
LOG (gmm-global-init-from-feats[5.5.1068~2-59299]:main():gmm-global-init-from-feats.cc:198) Splitting to 406 Gaussians.
LOG (gmm-global-init-from-feats[5.5.1068~2-59299]:TrainOneIter():gmm-global-init-from-feats.cc:75) Likelihood per frame on iteration 6 was -99.4503 over 500000 frames.
LOG (gmm-global-init-from-feats[5.5.1068~2-59299]:TrainOneIter():gmm-global-init-from-feats.cc:82) Objective-function change on iteration 6 was 0.078216 over 500000 frames.
LOG (gmm-global-init-from-feats[5.5.1068~2-59299]:main():gmm-global-init-from-feats.cc:198) Splitting to 431 Gaussians.
LOG (gmm-global-init-from-feats[5.5.1068~2-59299]:TrainOneIter():gmm-global-init-from-feats.cc:75) Likelihood per frame on iteration 7 was -99.309 over 500000 frames.
LOG (gmm-global-init-from-feats[5.5.1068~2-59299]:TrainOneIter():gmm-global-init-from-feats.cc:82) Objective-function change on iteration 7 was 0.066376 over 500000 frames.
LOG (gmm-global-init-from-feats[5.5.1068~2-59299]:main():gmm-global-init-from-feats.cc:198) Splitting to 456 Gaussians.
LOG (gmm-global-init-from-feats[5.5.1068~2-59299]:TrainOneIter():gmm-global-init-from-feats.cc:75) Likelihood per frame on iteration 8 was -99.1902 over 500000 frames.
LOG (gmm-global-init-from-feats[5.5.1068~2-59299]:TrainOneIter():gmm-global-init-from-feats.cc:82) Objective-function change on iteration 8 was 0.056424 over 500000 frames.
LOG (gmm-global-init-from-feats[5.5.1068~2-59299]:main():gmm-global-init-from-feats.cc:198) Splitting to 481 Gaussians.
LOG (gmm-global-init-from-feats[5.5.1068~2-59299]:TrainOneIter():gmm-global-init-from-feats.cc:75) Likelihood per frame on iteration 9 was -99.0876 over 500000 frames.
LOG (gmm-global-init-from-feats[5.5.1068~2-59299]:TrainOneIter():gmm-global-init-from-feats.cc:82) Objective-function change on iteration 9 was 0.049512 over 500000 frames.
LOG (gmm-global-init-from-feats[5.5.1068~2-59299]:main():gmm-global-init-from-feats.cc:198) Splitting to 506 Gaussians.
LOG (gmm-global-init-from-feats[5.5.1068~2-59299]:TrainOneIter():gmm-global-init-from-feats.cc:75) Likelihood per frame on iteration 10 was -98.9971 over 500000 frames.
LOG (gmm-global-init-from-feats[5.5.1068~2-59299]:TrainOneIter():gmm-global-init-from-feats.cc:82) Objective-function change on iteration 10 was 0.0452 over 500000 frames.
LOG (gmm-global-init-from-feats[5.5.1068~2-59299]:main():gmm-global-init-from-feats.cc:198) Splitting to 512 Gaussians.
LOG (gmm-global-init-from-feats[5.5.1068~2-59299]:TrainOneIter():gmm-global-init-from-feats.cc:75) Likelihood per frame on iteration 11 was -98.9128 over 500000 frames.
LOG (gmm-global-init-from-feats[5.5.1068~2-59299]:TrainOneIter():gmm-global-init-from-feats.cc:82) Objective-function change on iteration 11 was 0.038672 over 500000 frames.
LOG (gmm-global-init-from-feats[5.5.1068~2-59299]:TrainOneIter():gmm-global-init-from-feats.cc:75) Likelihood per frame on iteration 12 was -98.8406 over 500000 frames.
LOG (gmm-global-init-from-feats[5.5.1068~2-59299]:TrainOneIter():gmm-global-init-from-feats.cc:82) Objective-function change on iteration 12 was 0.030304 over 500000 frames.
LOG (gmm-global-init-from-feats[5.5.1068~2-59299]:TrainOneIter():gmm-global-init-from-feats.cc:75) Likelihood per frame on iteration 13 was -98.7849 over 500000 frames.
LOG (gmm-global-init-from-feats[5.5.1068~2-59299]:TrainOneIter():gmm-global-init-from-feats.cc:82) Objective-function change on iteration 13 was 0.021792 over 500000 frames.
LOG (gmm-global-init-from-feats[5.5.1068~2-59299]:TrainOneIter():gmm-global-init-from-feats.cc:75) Likelihood per frame on iteration 14 was -98.7449 over 500000 frames.
LOG (gmm-global-init-from-feats[5.5.1068~2-59299]:TrainOneIter():gmm-global-init-from-feats.cc:82) Objective-function change on iteration 14 was 0.015896 over 500000 frames.
LOG (gmm-global-init-from-feats[5.5.1068~2-59299]:TrainOneIter():gmm-global-init-from-feats.cc:75) Likelihood per frame on iteration 15 was -98.7152 over 500000 frames.
LOG (gmm-global-init-from-feats[5.5.1068~2-59299]:TrainOneIter():gmm-global-init-from-feats.cc:82) Objective-function change on iteration 15 was 0.012224 over 500000 frames.
LOG (gmm-global-init-from-feats[5.5.1068~2-59299]:TrainOneIter():gmm-global-init-from-feats.cc:75) Likelihood per frame on iteration 16 was -98.6921 over 500000 frames.
LOG (gmm-global-init-from-feats[5.5.1068~2-59299]:TrainOneIter():gmm-global-init-from-feats.cc:82) Objective-function change on iteration 16 was 0.009848 over 500000 frames.
LOG (gmm-global-init-from-feats[5.5.1068~2-59299]:TrainOneIter():gmm-global-init-from-feats.cc:75) Likelihood per frame on iteration 17 was -98.6734 over 500000 frames.
LOG (gmm-global-init-from-feats[5.5.1068~2-59299]:TrainOneIter():gmm-global-init-from-feats.cc:82) Objective-function change on iteration 17 was 0.008128 over 500000 frames.
LOG (gmm-global-init-from-feats[5.5.1068~2-59299]:TrainOneIter():gmm-global-init-from-feats.cc:75) Likelihood per frame on iteration 18 was -98.6579 over 500000 frames.
LOG (gmm-global-init-from-feats[5.5.1068~2-59299]:TrainOneIter():gmm-global-init-from-feats.cc:82) Objective-function change on iteration 18 was 0.006792 over 500000 frames.
LOG (gmm-global-init-from-feats[5.5.1068~2-59299]:TrainOneIter():gmm-global-init-from-feats.cc:75) Likelihood per frame on iteration 19 was -98.6448 over 500000 frames.
LOG (gmm-global-init-from-feats[5.5.1068~2-59299]:TrainOneIter():gmm-global-init-from-feats.cc:82) Objective-function change on iteration 19 was 0.005856 over 500000 frames.
LOG (gmm-global-init-from-feats[5.5.1068~2-59299]:main():gmm-global-init-from-feats.cc:205) Wrote model to exp/ivector_gauss512_dim200/diag_ubm/0.dubm
# Accounting: time=20 threads=1
# Ended (code 0) at Thu Mar 16 00:41:02 CST 2023, elapsed time 20 seconds
