# gmm-gselect --n=30 exp/ivector_gauss512_dim200/diag_ubm/0.dubm "ark,s,cs:add-deltas --delta-window=3 --delta-order=2 scp:data/train/split6/2/feats.scp ark:- | apply-cmvn-sliding --norm-vars=false --center=true --cmn-window=300 ark:- ark:- | select-voiced-frames ark:- scp,s,cs:data/train/split6/2/vad.scp ark:- | subsample-feats --n=5 ark:- ark:- |" "ark:|gzip -c >exp/ivector_gauss512_dim200/diag_ubm/gselect.2.gz" 
# Started at Wed Mar 22 15:22:12 CST 2023
#
gmm-gselect --n=30 exp/ivector_gauss512_dim200/diag_ubm/0.dubm 'ark,s,cs:add-deltas --delta-window=3 --delta-order=2 scp:data/train/split6/2/feats.scp ark:- | apply-cmvn-sliding --norm-vars=false --center=true --cmn-window=300 ark:- ark:- | select-voiced-frames ark:- scp,s,cs:data/train/split6/2/vad.scp ark:- | subsample-feats --n=5 ark:- ark:- |' 'ark:|gzip -c >exp/ivector_gauss512_dim200/diag_ubm/gselect.2.gz' 
apply-cmvn-sliding --norm-vars=false --center=true --cmn-window=300 ark:- ark:- 
subsample-feats --n=5 ark:- ark:- 
select-voiced-frames ark:- scp,s,cs:data/train/split6/2/vad.scp ark:- 
add-deltas --delta-window=3 --delta-order=2 scp:data/train/split6/2/feats.scp ark:- 
LOG (gmm-gselect[5.5.1068~2-59299]:main():gmm-gselect.cc:114) For 0'th file, average UBM likelihood over 14 frames is -97.4071
LOG (gmm-gselect[5.5.1068~2-59299]:main():gmm-gselect.cc:114) For 10'th file, average UBM likelihood over 55 frames is -102.403
LOG (gmm-gselect[5.5.1068~2-59299]:main():gmm-gselect.cc:114) For 20'th file, average UBM likelihood over 22 frames is -101.968
LOG (gmm-gselect[5.5.1068~2-59299]:main():gmm-gselect.cc:114) For 30'th file, average UBM likelihood over 41 frames is -98.4412
LOG (gmm-gselect[5.5.1068~2-59299]:main():gmm-gselect.cc:114) For 40'th file, average UBM likelihood over 59 frames is -98.5217
LOG (gmm-gselect[5.5.1068~2-59299]:main():gmm-gselect.cc:114) For 50'th file, average UBM likelihood over 73 frames is -99.3821
LOG (gmm-gselect[5.5.1068~2-59299]:main():gmm-gselect.cc:114) For 60'th file, average UBM likelihood over 48 frames is -97.6619
LOG (gmm-gselect[5.5.1068~2-59299]:main():gmm-gselect.cc:114) For 70'th file, average UBM likelihood over 45 frames is -99.9661
LOG (gmm-gselect[5.5.1068~2-59299]:main():gmm-gselect.cc:114) For 80'th file, average UBM likelihood over 51 frames is -98.4833
LOG (gmm-gselect[5.5.1068~2-59299]:main():gmm-gselect.cc:114) For 90'th file, average UBM likelihood over 53 frames is -98.4467
LOG (gmm-gselect[5.5.1068~2-59299]:main():gmm-gselect.cc:114) For 100'th file, average UBM likelihood over 42 frames is -99.3999
LOG (gmm-gselect[5.5.1068~2-59299]:main():gmm-gselect.cc:114) For 110'th file, average UBM likelihood over 41 frames is -97.6303
LOG (gmm-gselect[5.5.1068~2-59299]:main():gmm-gselect.cc:114) For 120'th file, average UBM likelihood over 45 frames is -95.5135
LOG (gmm-gselect[5.5.1068~2-59299]:main():gmm-gselect.cc:114) For 130'th file, average UBM likelihood over 42 frames is -97.0546
LOG (gmm-gselect[5.5.1068~2-59299]:main():gmm-gselect.cc:114) For 140'th file, average UBM likelihood over 35 frames is -101.5
LOG (gmm-gselect[5.5.1068~2-59299]:main():gmm-gselect.cc:114) For 150'th file, average UBM likelihood over 22 frames is -101.705
LOG (gmm-gselect[5.5.1068~2-59299]:main():gmm-gselect.cc:114) For 160'th file, average UBM likelihood over 56 frames is -101.179
LOG (gmm-gselect[5.5.1068~2-59299]:main():gmm-gselect.cc:114) For 170'th file, average UBM likelihood over 54 frames is -95.9773
LOG (gmm-gselect[5.5.1068~2-59299]:main():gmm-gselect.cc:114) For 180'th file, average UBM likelihood over 49 frames is -97.2602
LOG (gmm-gselect[5.5.1068~2-59299]:main():gmm-gselect.cc:114) For 190'th file, average UBM likelihood over 48 frames is -98.7272
LOG (gmm-gselect[5.5.1068~2-59299]:main():gmm-gselect.cc:114) For 200'th file, average UBM likelihood over 56 frames is -102.982
LOG (gmm-gselect[5.5.1068~2-59299]:main():gmm-gselect.cc:114) For 210'th file, average UBM likelihood over 42 frames is -99.0511
LOG (gmm-gselect[5.5.1068~2-59299]:main():gmm-gselect.cc:114) For 220'th file, average UBM likelihood over 55 frames is -96.3165
LOG (gmm-gselect[5.5.1068~2-59299]:main():gmm-gselect.cc:114) For 230'th file, average UBM likelihood over 61 frames is -98.1813
LOG (gmm-gselect[5.5.1068~2-59299]:main():gmm-gselect.cc:114) For 240'th file, average UBM likelihood over 48 frames is -98.7272
LOG (gmm-gselect[5.5.1068~2-59299]:main():gmm-gselect.cc:114) For 250'th file, average UBM likelihood over 40 frames is -96.62
LOG (gmm-gselect[5.5.1068~2-59299]:main():gmm-gselect.cc:114) For 260'th file, average UBM likelihood over 33 frames is -100.293
LOG (gmm-gselect[5.5.1068~2-59299]:main():gmm-gselect.cc:114) For 270'th file, average UBM likelihood over 33 frames is -101.642
LOG (gmm-gselect[5.5.1068~2-59299]:main():gmm-gselect.cc:114) For 280'th file, average UBM likelihood over 26 frames is -104.636
LOG (gmm-gselect[5.5.1068~2-59299]:main():gmm-gselect.cc:114) For 290'th file, average UBM likelihood over 61 frames is -95.0521
LOG (gmm-gselect[5.5.1068~2-59299]:main():gmm-gselect.cc:114) For 300'th file, average UBM likelihood over 55 frames is -98.1946
LOG (gmm-gselect[5.5.1068~2-59299]:main():gmm-gselect.cc:114) For 310'th file, average UBM likelihood over 33 frames is -102.857
LOG (gmm-gselect[5.5.1068~2-59299]:main():gmm-gselect.cc:114) For 320'th file, average UBM likelihood over 41 frames is -97.9029
LOG (gmm-gselect[5.5.1068~2-59299]:main():gmm-gselect.cc:114) For 330'th file, average UBM likelihood over 38 frames is -97.3743
LOG (gmm-gselect[5.5.1068~2-59299]:main():gmm-gselect.cc:114) For 340'th file, average UBM likelihood over 32 frames is -104.92
LOG (gmm-gselect[5.5.1068~2-59299]:main():gmm-gselect.cc:114) For 350'th file, average UBM likelihood over 29 frames is -97.2399
LOG (gmm-gselect[5.5.1068~2-59299]:main():gmm-gselect.cc:114) For 360'th file, average UBM likelihood over 46 frames is -97.5591
LOG (gmm-gselect[5.5.1068~2-59299]:main():gmm-gselect.cc:114) For 370'th file, average UBM likelihood over 22 frames is -100.784
LOG (gmm-gselect[5.5.1068~2-59299]:main():gmm-gselect.cc:114) For 380'th file, average UBM likelihood over 76 frames is -100.453
LOG (gmm-gselect[5.5.1068~2-59299]:main():gmm-gselect.cc:114) For 390'th file, average UBM likelihood over 48 frames is -97.5796
LOG (gmm-gselect[5.5.1068~2-59299]:main():gmm-gselect.cc:114) For 400'th file, average UBM likelihood over 65 frames is -104.148
LOG (gmm-gselect[5.5.1068~2-59299]:main():gmm-gselect.cc:114) For 410'th file, average UBM likelihood over 42 frames is -101.037
LOG (gmm-gselect[5.5.1068~2-59299]:main():gmm-gselect.cc:114) For 420'th file, average UBM likelihood over 37 frames is -97.116
LOG (gmm-gselect[5.5.1068~2-59299]:main():gmm-gselect.cc:114) For 430'th file, average UBM likelihood over 43 frames is -101.315
LOG (gmm-gselect[5.5.1068~2-59299]:main():gmm-gselect.cc:114) For 440'th file, average UBM likelihood over 49 frames is -98.1875
LOG (gmm-gselect[5.5.1068~2-59299]:main():gmm-gselect.cc:114) For 450'th file, average UBM likelihood over 77 frames is -101.194
LOG (gmm-gselect[5.5.1068~2-59299]:main():gmm-gselect.cc:114) For 460'th file, average UBM likelihood over 54 frames is -97.9073
LOG (gmm-gselect[5.5.1068~2-59299]:main():gmm-gselect.cc:114) For 470'th file, average UBM likelihood over 39 frames is -102.247
LOG (gmm-gselect[5.5.1068~2-59299]:main():gmm-gselect.cc:114) For 480'th file, average UBM likelihood over 49 frames is -100.68
LOG (gmm-gselect[5.5.1068~2-59299]:main():gmm-gselect.cc:114) For 490'th file, average UBM likelihood over 40 frames is -100.676
LOG (gmm-gselect[5.5.1068~2-59299]:main():gmm-gselect.cc:114) For 500'th file, average UBM likelihood over 30 frames is -99.3417
LOG (gmm-gselect[5.5.1068~2-59299]:main():gmm-gselect.cc:114) For 510'th file, average UBM likelihood over 42 frames is -101.309
LOG (gmm-gselect[5.5.1068~2-59299]:main():gmm-gselect.cc:114) For 520'th file, average UBM likelihood over 42 frames is -96.1219
LOG (gmm-gselect[5.5.1068~2-59299]:main():gmm-gselect.cc:114) For 530'th file, average UBM likelihood over 38 frames is -97.5773
LOG (gmm-gselect[5.5.1068~2-59299]:main():gmm-gselect.cc:114) For 540'th file, average UBM likelihood over 39 frames is -103.02
LOG (gmm-gselect[5.5.1068~2-59299]:main():gmm-gselect.cc:114) For 550'th file, average UBM likelihood over 50 frames is -98.3677
LOG (gmm-gselect[5.5.1068~2-59299]:main():gmm-gselect.cc:114) For 560'th file, average UBM likelihood over 25 frames is -101.701
LOG (gmm-gselect[5.5.1068~2-59299]:main():gmm-gselect.cc:114) For 570'th file, average UBM likelihood over 46 frames is -97.3264
LOG (gmm-gselect[5.5.1068~2-59299]:main():gmm-gselect.cc:114) For 580'th file, average UBM likelihood over 40 frames is -100.873
LOG (gmm-gselect[5.5.1068~2-59299]:main():gmm-gselect.cc:114) For 590'th file, average UBM likelihood over 47 frames is -95.4161
LOG (gmm-gselect[5.5.1068~2-59299]:main():gmm-gselect.cc:114) For 600'th file, average UBM likelihood over 42 frames is -101.606
LOG (gmm-gselect[5.5.1068~2-59299]:main():gmm-gselect.cc:114) For 610'th file, average UBM likelihood over 32 frames is -96.6386
LOG (gmm-gselect[5.5.1068~2-59299]:main():gmm-gselect.cc:114) For 620'th file, average UBM likelihood over 38 frames is -95.6869
LOG (gmm-gselect[5.5.1068~2-59299]:main():gmm-gselect.cc:114) For 630'th file, average UBM likelihood over 73 frames is -100.43
LOG (gmm-gselect[5.5.1068~2-59299]:main():gmm-gselect.cc:114) For 640'th file, average UBM likelihood over 49 frames is -101.754
LOG (gmm-gselect[5.5.1068~2-59299]:main():gmm-gselect.cc:114) For 650'th file, average UBM likelihood over 63 frames is -98.1447
LOG (gmm-gselect[5.5.1068~2-59299]:main():gmm-gselect.cc:114) For 660'th file, average UBM likelihood over 33 frames is -101.377
LOG (gmm-gselect[5.5.1068~2-59299]:main():gmm-gselect.cc:114) For 670'th file, average UBM likelihood over 38 frames is -100.092
LOG (gmm-gselect[5.5.1068~2-59299]:main():gmm-gselect.cc:114) For 680'th file, average UBM likelihood over 58 frames is -103.13
LOG (gmm-gselect[5.5.1068~2-59299]:main():gmm-gselect.cc:114) For 690'th file, average UBM likelihood over 39 frames is -98.6081
LOG (gmm-gselect[5.5.1068~2-59299]:main():gmm-gselect.cc:114) For 700'th file, average UBM likelihood over 38 frames is -99.5826
LOG (gmm-gselect[5.5.1068~2-59299]:main():gmm-gselect.cc:114) For 710'th file, average UBM likelihood over 39 frames is -98.7611
LOG (gmm-gselect[5.5.1068~2-59299]:main():gmm-gselect.cc:114) For 720'th file, average UBM likelihood over 56 frames is -104.528
LOG (gmm-gselect[5.5.1068~2-59299]:main():gmm-gselect.cc:114) For 730'th file, average UBM likelihood over 38 frames is -98.7955
LOG (gmm-gselect[5.5.1068~2-59299]:main():gmm-gselect.cc:114) For 740'th file, average UBM likelihood over 55 frames is -101.741
LOG (gmm-gselect[5.5.1068~2-59299]:main():gmm-gselect.cc:114) For 750'th file, average UBM likelihood over 35 frames is -97.0677
LOG (apply-cmvn-sliding[5.5.1068~2-59299]:main():apply-cmvn-sliding.cc:75) Applied sliding-window cepstral mean normalization to 770 utterances, 0 had errors.
LOG (select-voiced-frames[5.5.1068~2-59299]:main():select-voiced-frames.cc:106) Done selecting voiced frames; processed 770 utterances, 0 had errors.
LOG (gmm-gselect[5.5.1068~2-59299]:main():gmm-gselect.cc:114) For 760'th file, average UBM likelihood over 66 frames is -100.607
LOG (subsample-feats[5.5.1068~2-59299]:main():subsample-feats.cc:115) Processed 770 feature matrices; 0 with errors.
LOG (subsample-feats[5.5.1068~2-59299]:main():subsample-feats.cc:117) Processed 184077 input frames and 37124 output frames.
LOG (gmm-gselect[5.5.1068~2-59299]:main():gmm-gselect.cc:125) Done 770 files, 0 with errors, average UBM log-likelihood is -98.7865 over 37124 frames.
# Accounting: time=1 threads=1
# Ended (code 0) at Wed Mar 22 15:22:13 CST 2023, elapsed time 1 seconds
