# gmm-gselect --n=30 exp/ivector_gauss512_dim200/diag_ubm/0.dubm "ark,s,cs:add-deltas --delta-window=3 --delta-order=2 scp:data/train/split6/3/feats.scp ark:- | apply-cmvn-sliding --norm-vars=false --center=true --cmn-window=300 ark:- ark:- | select-voiced-frames ark:- scp,s,cs:data/train/split6/3/vad.scp ark:- | subsample-feats --n=5 ark:- ark:- |" "ark:|gzip -c >exp/ivector_gauss512_dim200/diag_ubm/gselect.3.gz" 
# Started at Wed Mar 22 15:22:12 CST 2023
#
gmm-gselect --n=30 exp/ivector_gauss512_dim200/diag_ubm/0.dubm 'ark,s,cs:add-deltas --delta-window=3 --delta-order=2 scp:data/train/split6/3/feats.scp ark:- | apply-cmvn-sliding --norm-vars=false --center=true --cmn-window=300 ark:- ark:- | select-voiced-frames ark:- scp,s,cs:data/train/split6/3/vad.scp ark:- | subsample-feats --n=5 ark:- ark:- |' 'ark:|gzip -c >exp/ivector_gauss512_dim200/diag_ubm/gselect.3.gz' 
add-deltas --delta-window=3 --delta-order=2 scp:data/train/split6/3/feats.scp ark:- 
apply-cmvn-sliding --norm-vars=false --center=true --cmn-window=300 ark:- ark:- 
select-voiced-frames ark:- scp,s,cs:data/train/split6/3/vad.scp ark:- 
subsample-feats --n=5 ark:- ark:- 
LOG (gmm-gselect[5.5.1068~2-59299]:main():gmm-gselect.cc:114) For 0'th file, average UBM likelihood over 44 frames is -99.7118
LOG (gmm-gselect[5.5.1068~2-59299]:main():gmm-gselect.cc:114) For 10'th file, average UBM likelihood over 26 frames is -96.1855
LOG (gmm-gselect[5.5.1068~2-59299]:main():gmm-gselect.cc:114) For 20'th file, average UBM likelihood over 58 frames is -97.509
LOG (gmm-gselect[5.5.1068~2-59299]:main():gmm-gselect.cc:114) For 30'th file, average UBM likelihood over 26 frames is -104.051
LOG (gmm-gselect[5.5.1068~2-59299]:main():gmm-gselect.cc:114) For 40'th file, average UBM likelihood over 39 frames is -103.168
LOG (gmm-gselect[5.5.1068~2-59299]:main():gmm-gselect.cc:114) For 50'th file, average UBM likelihood over 42 frames is -96.9207
LOG (gmm-gselect[5.5.1068~2-59299]:main():gmm-gselect.cc:114) For 60'th file, average UBM likelihood over 79 frames is -104.657
LOG (gmm-gselect[5.5.1068~2-59299]:main():gmm-gselect.cc:114) For 70'th file, average UBM likelihood over 22 frames is -98.8781
LOG (gmm-gselect[5.5.1068~2-59299]:main():gmm-gselect.cc:114) For 80'th file, average UBM likelihood over 46 frames is -101.964
LOG (gmm-gselect[5.5.1068~2-59299]:main():gmm-gselect.cc:114) For 90'th file, average UBM likelihood over 34 frames is -99.0976
LOG (gmm-gselect[5.5.1068~2-59299]:main():gmm-gselect.cc:114) For 100'th file, average UBM likelihood over 34 frames is -97.888
LOG (gmm-gselect[5.5.1068~2-59299]:main():gmm-gselect.cc:114) For 110'th file, average UBM likelihood over 37 frames is -99.7585
LOG (gmm-gselect[5.5.1068~2-59299]:main():gmm-gselect.cc:114) For 120'th file, average UBM likelihood over 13 frames is -98.2425
LOG (gmm-gselect[5.5.1068~2-59299]:main():gmm-gselect.cc:114) For 130'th file, average UBM likelihood over 42 frames is -99.2306
LOG (gmm-gselect[5.5.1068~2-59299]:main():gmm-gselect.cc:114) For 140'th file, average UBM likelihood over 68 frames is -103.323
LOG (gmm-gselect[5.5.1068~2-59299]:main():gmm-gselect.cc:114) For 150'th file, average UBM likelihood over 34 frames is -98.2983
LOG (gmm-gselect[5.5.1068~2-59299]:main():gmm-gselect.cc:114) For 160'th file, average UBM likelihood over 42 frames is -97.2794
LOG (gmm-gselect[5.5.1068~2-59299]:main():gmm-gselect.cc:114) For 170'th file, average UBM likelihood over 37 frames is -98.5614
LOG (gmm-gselect[5.5.1068~2-59299]:main():gmm-gselect.cc:114) For 180'th file, average UBM likelihood over 42 frames is -93.6129
LOG (gmm-gselect[5.5.1068~2-59299]:main():gmm-gselect.cc:114) For 190'th file, average UBM likelihood over 29 frames is -96.137
LOG (gmm-gselect[5.5.1068~2-59299]:main():gmm-gselect.cc:114) For 200'th file, average UBM likelihood over 28 frames is -98.1685
LOG (gmm-gselect[5.5.1068~2-59299]:main():gmm-gselect.cc:114) For 210'th file, average UBM likelihood over 70 frames is -97.2253
LOG (gmm-gselect[5.5.1068~2-59299]:main():gmm-gselect.cc:114) For 220'th file, average UBM likelihood over 55 frames is -99.7065
LOG (gmm-gselect[5.5.1068~2-59299]:main():gmm-gselect.cc:114) For 230'th file, average UBM likelihood over 15 frames is -101.19
LOG (gmm-gselect[5.5.1068~2-59299]:main():gmm-gselect.cc:114) For 240'th file, average UBM likelihood over 41 frames is -100.85
LOG (gmm-gselect[5.5.1068~2-59299]:main():gmm-gselect.cc:114) For 250'th file, average UBM likelihood over 38 frames is -101.775
LOG (gmm-gselect[5.5.1068~2-59299]:main():gmm-gselect.cc:114) For 260'th file, average UBM likelihood over 53 frames is -100.577
LOG (gmm-gselect[5.5.1068~2-59299]:main():gmm-gselect.cc:114) For 270'th file, average UBM likelihood over 38 frames is -100.402
LOG (gmm-gselect[5.5.1068~2-59299]:main():gmm-gselect.cc:114) For 280'th file, average UBM likelihood over 79 frames is -95.9485
LOG (gmm-gselect[5.5.1068~2-59299]:main():gmm-gselect.cc:114) For 290'th file, average UBM likelihood over 44 frames is -97.2323
LOG (gmm-gselect[5.5.1068~2-59299]:main():gmm-gselect.cc:114) For 300'th file, average UBM likelihood over 38 frames is -99.5209
LOG (gmm-gselect[5.5.1068~2-59299]:main():gmm-gselect.cc:114) For 310'th file, average UBM likelihood over 29 frames is -102.098
LOG (gmm-gselect[5.5.1068~2-59299]:main():gmm-gselect.cc:114) For 320'th file, average UBM likelihood over 28 frames is -103.678
LOG (gmm-gselect[5.5.1068~2-59299]:main():gmm-gselect.cc:114) For 330'th file, average UBM likelihood over 33 frames is -101.694
LOG (gmm-gselect[5.5.1068~2-59299]:main():gmm-gselect.cc:114) For 340'th file, average UBM likelihood over 56 frames is -96.8827
LOG (gmm-gselect[5.5.1068~2-59299]:main():gmm-gselect.cc:114) For 350'th file, average UBM likelihood over 78 frames is -98.9716
LOG (gmm-gselect[5.5.1068~2-59299]:main():gmm-gselect.cc:114) For 360'th file, average UBM likelihood over 43 frames is -101.512
LOG (gmm-gselect[5.5.1068~2-59299]:main():gmm-gselect.cc:114) For 370'th file, average UBM likelihood over 56 frames is -99.8838
LOG (gmm-gselect[5.5.1068~2-59299]:main():gmm-gselect.cc:114) For 380'th file, average UBM likelihood over 54 frames is -100.823
LOG (gmm-gselect[5.5.1068~2-59299]:main():gmm-gselect.cc:114) For 390'th file, average UBM likelihood over 46 frames is -95.6128
LOG (gmm-gselect[5.5.1068~2-59299]:main():gmm-gselect.cc:114) For 400'th file, average UBM likelihood over 29 frames is -101.763
LOG (gmm-gselect[5.5.1068~2-59299]:main():gmm-gselect.cc:114) For 410'th file, average UBM likelihood over 41 frames is -99.5943
LOG (gmm-gselect[5.5.1068~2-59299]:main():gmm-gselect.cc:114) For 420'th file, average UBM likelihood over 33 frames is -99.3334
LOG (gmm-gselect[5.5.1068~2-59299]:main():gmm-gselect.cc:114) For 430'th file, average UBM likelihood over 36 frames is -95.1396
LOG (gmm-gselect[5.5.1068~2-59299]:main():gmm-gselect.cc:114) For 440'th file, average UBM likelihood over 52 frames is -97.992
LOG (gmm-gselect[5.5.1068~2-59299]:main():gmm-gselect.cc:114) For 450'th file, average UBM likelihood over 36 frames is -97.5061
LOG (gmm-gselect[5.5.1068~2-59299]:main():gmm-gselect.cc:114) For 460'th file, average UBM likelihood over 41 frames is -95.8988
LOG (gmm-gselect[5.5.1068~2-59299]:main():gmm-gselect.cc:114) For 470'th file, average UBM likelihood over 47 frames is -98.6112
LOG (gmm-gselect[5.5.1068~2-59299]:main():gmm-gselect.cc:114) For 480'th file, average UBM likelihood over 37 frames is -99.2795
LOG (gmm-gselect[5.5.1068~2-59299]:main():gmm-gselect.cc:114) For 490'th file, average UBM likelihood over 38 frames is -96.1441
LOG (gmm-gselect[5.5.1068~2-59299]:main():gmm-gselect.cc:114) For 500'th file, average UBM likelihood over 39 frames is -96.2731
LOG (gmm-gselect[5.5.1068~2-59299]:main():gmm-gselect.cc:114) For 510'th file, average UBM likelihood over 42 frames is -97.1595
LOG (gmm-gselect[5.5.1068~2-59299]:main():gmm-gselect.cc:114) For 520'th file, average UBM likelihood over 43 frames is -101.532
LOG (gmm-gselect[5.5.1068~2-59299]:main():gmm-gselect.cc:114) For 530'th file, average UBM likelihood over 52 frames is -100.383
LOG (gmm-gselect[5.5.1068~2-59299]:main():gmm-gselect.cc:114) For 540'th file, average UBM likelihood over 85 frames is -98.4089
LOG (gmm-gselect[5.5.1068~2-59299]:main():gmm-gselect.cc:114) For 550'th file, average UBM likelihood over 55 frames is -100.722
LOG (gmm-gselect[5.5.1068~2-59299]:main():gmm-gselect.cc:114) For 560'th file, average UBM likelihood over 39 frames is -100.068
LOG (gmm-gselect[5.5.1068~2-59299]:main():gmm-gselect.cc:114) For 570'th file, average UBM likelihood over 35 frames is -96.8247
LOG (gmm-gselect[5.5.1068~2-59299]:main():gmm-gselect.cc:114) For 580'th file, average UBM likelihood over 36 frames is -95.1883
LOG (gmm-gselect[5.5.1068~2-59299]:main():gmm-gselect.cc:114) For 590'th file, average UBM likelihood over 71 frames is -101.558
LOG (gmm-gselect[5.5.1068~2-59299]:main():gmm-gselect.cc:114) For 600'th file, average UBM likelihood over 40 frames is -98.1553
LOG (gmm-gselect[5.5.1068~2-59299]:main():gmm-gselect.cc:114) For 610'th file, average UBM likelihood over 41 frames is -101.65
LOG (gmm-gselect[5.5.1068~2-59299]:main():gmm-gselect.cc:114) For 620'th file, average UBM likelihood over 41 frames is -101.161
LOG (gmm-gselect[5.5.1068~2-59299]:main():gmm-gselect.cc:114) For 630'th file, average UBM likelihood over 64 frames is -98.6805
LOG (gmm-gselect[5.5.1068~2-59299]:main():gmm-gselect.cc:114) For 640'th file, average UBM likelihood over 39 frames is -101.036
LOG (gmm-gselect[5.5.1068~2-59299]:main():gmm-gselect.cc:114) For 650'th file, average UBM likelihood over 50 frames is -101.286
LOG (gmm-gselect[5.5.1068~2-59299]:main():gmm-gselect.cc:114) For 660'th file, average UBM likelihood over 34 frames is -100.927
LOG (gmm-gselect[5.5.1068~2-59299]:main():gmm-gselect.cc:114) For 670'th file, average UBM likelihood over 48 frames is -103.225
LOG (gmm-gselect[5.5.1068~2-59299]:main():gmm-gselect.cc:114) For 680'th file, average UBM likelihood over 38 frames is -95.54
LOG (gmm-gselect[5.5.1068~2-59299]:main():gmm-gselect.cc:114) For 690'th file, average UBM likelihood over 43 frames is -94.6949
LOG (gmm-gselect[5.5.1068~2-59299]:main():gmm-gselect.cc:114) For 700'th file, average UBM likelihood over 37 frames is -98.0515
LOG (gmm-gselect[5.5.1068~2-59299]:main():gmm-gselect.cc:114) For 710'th file, average UBM likelihood over 40 frames is -99.2984
LOG (gmm-gselect[5.5.1068~2-59299]:main():gmm-gselect.cc:114) For 720'th file, average UBM likelihood over 29 frames is -98.4425
LOG (gmm-gselect[5.5.1068~2-59299]:main():gmm-gselect.cc:114) For 730'th file, average UBM likelihood over 36 frames is -97.5444
LOG (gmm-gselect[5.5.1068~2-59299]:main():gmm-gselect.cc:114) For 740'th file, average UBM likelihood over 40 frames is -97.9292
LOG (gmm-gselect[5.5.1068~2-59299]:main():gmm-gselect.cc:114) For 750'th file, average UBM likelihood over 74 frames is -97.0544
LOG (apply-cmvn-sliding[5.5.1068~2-59299]:main():apply-cmvn-sliding.cc:75) Applied sliding-window cepstral mean normalization to 770 utterances, 0 had errors.
LOG (select-voiced-frames[5.5.1068~2-59299]:main():select-voiced-frames.cc:106) Done selecting voiced frames; processed 770 utterances, 0 had errors.
LOG (gmm-gselect[5.5.1068~2-59299]:main():gmm-gselect.cc:114) For 760'th file, average UBM likelihood over 75 frames is -103.344
LOG (subsample-feats[5.5.1068~2-59299]:main():subsample-feats.cc:115) Processed 770 feature matrices; 0 with errors.
LOG (subsample-feats[5.5.1068~2-59299]:main():subsample-feats.cc:117) Processed 181361 input frames and 36584 output frames.
LOG (gmm-gselect[5.5.1068~2-59299]:main():gmm-gselect.cc:125) Done 770 files, 0 with errors, average UBM log-likelihood is -98.4886 over 36584 frames.
# Accounting: time=1 threads=1
# Ended (code 0) at Wed Mar 22 15:22:13 CST 2023, elapsed time 1 seconds
