# gmm-gselect --n=30 exp/ivector_gauss512_dim200/diag_ubm/0.dubm "ark,s,cs:add-deltas --delta-window=3 --delta-order=2 scp:data/train/split6/1/feats.scp ark:- | apply-cmvn-sliding --norm-vars=false --center=true --cmn-window=300 ark:- ark:- | select-voiced-frames ark:- scp,s,cs:data/train/split6/1/vad.scp ark:- | subsample-feats --n=5 ark:- ark:- |" "ark:|gzip -c >exp/ivector_gauss512_dim200/diag_ubm/gselect.1.gz" 
# Started at Wed Mar 22 15:22:12 CST 2023
#
gmm-gselect --n=30 exp/ivector_gauss512_dim200/diag_ubm/0.dubm 'ark,s,cs:add-deltas --delta-window=3 --delta-order=2 scp:data/train/split6/1/feats.scp ark:- | apply-cmvn-sliding --norm-vars=false --center=true --cmn-window=300 ark:- ark:- | select-voiced-frames ark:- scp,s,cs:data/train/split6/1/vad.scp ark:- | subsample-feats --n=5 ark:- ark:- |' 'ark:|gzip -c >exp/ivector_gauss512_dim200/diag_ubm/gselect.1.gz' 
add-deltas --delta-window=3 --delta-order=2 scp:data/train/split6/1/feats.scp ark:- 
subsample-feats --n=5 ark:- ark:- 
apply-cmvn-sliding --norm-vars=false --center=true --cmn-window=300 ark:- ark:- 
select-voiced-frames ark:- scp,s,cs:data/train/split6/1/vad.scp ark:- 
LOG (gmm-gselect[5.5.1068~2-59299]:main():gmm-gselect.cc:114) For 0'th file, average UBM likelihood over 57 frames is -100.192
LOG (gmm-gselect[5.5.1068~2-59299]:main():gmm-gselect.cc:114) For 10'th file, average UBM likelihood over 39 frames is -94.7426
LOG (gmm-gselect[5.5.1068~2-59299]:main():gmm-gselect.cc:114) For 20'th file, average UBM likelihood over 56 frames is -97.462
LOG (gmm-gselect[5.5.1068~2-59299]:main():gmm-gselect.cc:114) For 30'th file, average UBM likelihood over 41 frames is -98.8739
LOG (gmm-gselect[5.5.1068~2-59299]:main():gmm-gselect.cc:114) For 40'th file, average UBM likelihood over 41 frames is -100.936
LOG (gmm-gselect[5.5.1068~2-59299]:main():gmm-gselect.cc:114) For 50'th file, average UBM likelihood over 60 frames is -98.5194
LOG (gmm-gselect[5.5.1068~2-59299]:main():gmm-gselect.cc:114) For 60'th file, average UBM likelihood over 69 frames is -97.0821
LOG (gmm-gselect[5.5.1068~2-59299]:main():gmm-gselect.cc:114) For 70'th file, average UBM likelihood over 82 frames is -96.2102
LOG (gmm-gselect[5.5.1068~2-59299]:main():gmm-gselect.cc:114) For 80'th file, average UBM likelihood over 43 frames is -101.901
LOG (gmm-gselect[5.5.1068~2-59299]:main():gmm-gselect.cc:114) For 90'th file, average UBM likelihood over 39 frames is -99.5882
LOG (gmm-gselect[5.5.1068~2-59299]:main():gmm-gselect.cc:114) For 100'th file, average UBM likelihood over 41 frames is -100.629
LOG (gmm-gselect[5.5.1068~2-59299]:main():gmm-gselect.cc:114) For 110'th file, average UBM likelihood over 29 frames is -103.669
LOG (gmm-gselect[5.5.1068~2-59299]:main():gmm-gselect.cc:114) For 120'th file, average UBM likelihood over 40 frames is -94.6247
LOG (gmm-gselect[5.5.1068~2-59299]:main():gmm-gselect.cc:114) For 130'th file, average UBM likelihood over 44 frames is -101.103
LOG (gmm-gselect[5.5.1068~2-59299]:main():gmm-gselect.cc:114) For 140'th file, average UBM likelihood over 24 frames is -101.523
LOG (gmm-gselect[5.5.1068~2-59299]:main():gmm-gselect.cc:114) For 150'th file, average UBM likelihood over 28 frames is -101.034
LOG (gmm-gselect[5.5.1068~2-59299]:main():gmm-gselect.cc:114) For 160'th file, average UBM likelihood over 34 frames is -99.4325
LOG (gmm-gselect[5.5.1068~2-59299]:main():gmm-gselect.cc:114) For 170'th file, average UBM likelihood over 23 frames is -100.109
LOG (gmm-gselect[5.5.1068~2-59299]:main():gmm-gselect.cc:114) For 180'th file, average UBM likelihood over 38 frames is -103.018
LOG (gmm-gselect[5.5.1068~2-59299]:main():gmm-gselect.cc:114) For 190'th file, average UBM likelihood over 62 frames is -96.4838
LOG (gmm-gselect[5.5.1068~2-59299]:main():gmm-gselect.cc:114) For 200'th file, average UBM likelihood over 55 frames is -101.343
LOG (gmm-gselect[5.5.1068~2-59299]:main():gmm-gselect.cc:114) For 210'th file, average UBM likelihood over 56 frames is -100.831
LOG (gmm-gselect[5.5.1068~2-59299]:main():gmm-gselect.cc:114) For 220'th file, average UBM likelihood over 23 frames is -96.8264
LOG (gmm-gselect[5.5.1068~2-59299]:main():gmm-gselect.cc:114) For 230'th file, average UBM likelihood over 58 frames is -96.6122
LOG (gmm-gselect[5.5.1068~2-59299]:main():gmm-gselect.cc:114) For 240'th file, average UBM likelihood over 63 frames is -103.27
LOG (gmm-gselect[5.5.1068~2-59299]:main():gmm-gselect.cc:114) For 250'th file, average UBM likelihood over 64 frames is -99.2517
LOG (gmm-gselect[5.5.1068~2-59299]:main():gmm-gselect.cc:114) For 260'th file, average UBM likelihood over 30 frames is -99.8363
LOG (gmm-gselect[5.5.1068~2-59299]:main():gmm-gselect.cc:114) For 270'th file, average UBM likelihood over 40 frames is -98.4886
LOG (gmm-gselect[5.5.1068~2-59299]:main():gmm-gselect.cc:114) For 280'th file, average UBM likelihood over 44 frames is -96.2939
LOG (gmm-gselect[5.5.1068~2-59299]:main():gmm-gselect.cc:114) For 290'th file, average UBM likelihood over 65 frames is -103.564
LOG (gmm-gselect[5.5.1068~2-59299]:main():gmm-gselect.cc:114) For 300'th file, average UBM likelihood over 57 frames is -97.8686
LOG (gmm-gselect[5.5.1068~2-59299]:main():gmm-gselect.cc:114) For 310'th file, average UBM likelihood over 55 frames is -98.4588
LOG (gmm-gselect[5.5.1068~2-59299]:main():gmm-gselect.cc:114) For 320'th file, average UBM likelihood over 55 frames is -98.128
LOG (gmm-gselect[5.5.1068~2-59299]:main():gmm-gselect.cc:114) For 330'th file, average UBM likelihood over 46 frames is -103.762
LOG (gmm-gselect[5.5.1068~2-59299]:main():gmm-gselect.cc:114) For 340'th file, average UBM likelihood over 62 frames is -96.8597
LOG (gmm-gselect[5.5.1068~2-59299]:main():gmm-gselect.cc:114) For 350'th file, average UBM likelihood over 47 frames is -100.802
LOG (gmm-gselect[5.5.1068~2-59299]:main():gmm-gselect.cc:114) For 360'th file, average UBM likelihood over 30 frames is -100.403
LOG (gmm-gselect[5.5.1068~2-59299]:main():gmm-gselect.cc:114) For 370'th file, average UBM likelihood over 23 frames is -94.4338
LOG (gmm-gselect[5.5.1068~2-59299]:main():gmm-gselect.cc:114) For 380'th file, average UBM likelihood over 49 frames is -98.8756
LOG (gmm-gselect[5.5.1068~2-59299]:main():gmm-gselect.cc:114) For 390'th file, average UBM likelihood over 44 frames is -98.8721
LOG (gmm-gselect[5.5.1068~2-59299]:main():gmm-gselect.cc:114) For 400'th file, average UBM likelihood over 50 frames is -99.3152
LOG (gmm-gselect[5.5.1068~2-59299]:main():gmm-gselect.cc:114) For 410'th file, average UBM likelihood over 36 frames is -100.245
LOG (gmm-gselect[5.5.1068~2-59299]:main():gmm-gselect.cc:114) For 420'th file, average UBM likelihood over 37 frames is -105.731
LOG (gmm-gselect[5.5.1068~2-59299]:main():gmm-gselect.cc:114) For 430'th file, average UBM likelihood over 42 frames is -104.568
LOG (gmm-gselect[5.5.1068~2-59299]:main():gmm-gselect.cc:114) For 440'th file, average UBM likelihood over 44 frames is -97.2896
LOG (gmm-gselect[5.5.1068~2-59299]:main():gmm-gselect.cc:114) For 450'th file, average UBM likelihood over 40 frames is -98.4435
LOG (gmm-gselect[5.5.1068~2-59299]:main():gmm-gselect.cc:114) For 460'th file, average UBM likelihood over 41 frames is -95.0602
LOG (gmm-gselect[5.5.1068~2-59299]:main():gmm-gselect.cc:114) For 470'th file, average UBM likelihood over 64 frames is -99.1619
LOG (gmm-gselect[5.5.1068~2-59299]:main():gmm-gselect.cc:114) For 480'th file, average UBM likelihood over 29 frames is -103.002
LOG (gmm-gselect[5.5.1068~2-59299]:main():gmm-gselect.cc:114) For 490'th file, average UBM likelihood over 51 frames is -99.71
LOG (gmm-gselect[5.5.1068~2-59299]:main():gmm-gselect.cc:114) For 500'th file, average UBM likelihood over 56 frames is -102.206
LOG (gmm-gselect[5.5.1068~2-59299]:main():gmm-gselect.cc:114) For 510'th file, average UBM likelihood over 38 frames is -98.0169
LOG (gmm-gselect[5.5.1068~2-59299]:main():gmm-gselect.cc:114) For 520'th file, average UBM likelihood over 30 frames is -96.207
LOG (gmm-gselect[5.5.1068~2-59299]:main():gmm-gselect.cc:114) For 530'th file, average UBM likelihood over 48 frames is -100.994
LOG (gmm-gselect[5.5.1068~2-59299]:main():gmm-gselect.cc:114) For 540'th file, average UBM likelihood over 58 frames is -99.182
LOG (gmm-gselect[5.5.1068~2-59299]:main():gmm-gselect.cc:114) For 550'th file, average UBM likelihood over 63 frames is -97.4409
LOG (gmm-gselect[5.5.1068~2-59299]:main():gmm-gselect.cc:114) For 560'th file, average UBM likelihood over 40 frames is -99.4427
LOG (gmm-gselect[5.5.1068~2-59299]:main():gmm-gselect.cc:114) For 570'th file, average UBM likelihood over 33 frames is -98.0569
LOG (gmm-gselect[5.5.1068~2-59299]:main():gmm-gselect.cc:114) For 580'th file, average UBM likelihood over 45 frames is -99.8332
LOG (gmm-gselect[5.5.1068~2-59299]:main():gmm-gselect.cc:114) For 590'th file, average UBM likelihood over 72 frames is -95.3572
LOG (gmm-gselect[5.5.1068~2-59299]:main():gmm-gselect.cc:114) For 600'th file, average UBM likelihood over 39 frames is -107.518
LOG (gmm-gselect[5.5.1068~2-59299]:main():gmm-gselect.cc:114) For 610'th file, average UBM likelihood over 47 frames is -98.1343
LOG (gmm-gselect[5.5.1068~2-59299]:main():gmm-gselect.cc:114) For 620'th file, average UBM likelihood over 28 frames is -97.5553
LOG (gmm-gselect[5.5.1068~2-59299]:main():gmm-gselect.cc:114) For 630'th file, average UBM likelihood over 42 frames is -96.9155
LOG (gmm-gselect[5.5.1068~2-59299]:main():gmm-gselect.cc:114) For 640'th file, average UBM likelihood over 61 frames is -101.715
LOG (gmm-gselect[5.5.1068~2-59299]:main():gmm-gselect.cc:114) For 650'th file, average UBM likelihood over 44 frames is -100.495
LOG (gmm-gselect[5.5.1068~2-59299]:main():gmm-gselect.cc:114) For 660'th file, average UBM likelihood over 60 frames is -98.69
LOG (gmm-gselect[5.5.1068~2-59299]:main():gmm-gselect.cc:114) For 670'th file, average UBM likelihood over 73 frames is -102.204
LOG (gmm-gselect[5.5.1068~2-59299]:main():gmm-gselect.cc:114) For 680'th file, average UBM likelihood over 73 frames is -96.7758
LOG (gmm-gselect[5.5.1068~2-59299]:main():gmm-gselect.cc:114) For 690'th file, average UBM likelihood over 58 frames is -100.529
LOG (gmm-gselect[5.5.1068~2-59299]:main():gmm-gselect.cc:114) For 700'th file, average UBM likelihood over 45 frames is -101.296
LOG (gmm-gselect[5.5.1068~2-59299]:main():gmm-gselect.cc:114) For 710'th file, average UBM likelihood over 62 frames is -99.9245
LOG (gmm-gselect[5.5.1068~2-59299]:main():gmm-gselect.cc:114) For 720'th file, average UBM likelihood over 54 frames is -98.1968
LOG (gmm-gselect[5.5.1068~2-59299]:main():gmm-gselect.cc:114) For 730'th file, average UBM likelihood over 44 frames is -99.7723
LOG (gmm-gselect[5.5.1068~2-59299]:main():gmm-gselect.cc:114) For 740'th file, average UBM likelihood over 50 frames is -99.5074
LOG (gmm-gselect[5.5.1068~2-59299]:main():gmm-gselect.cc:114) For 750'th file, average UBM likelihood over 44 frames is -93.5189
LOG (apply-cmvn-sliding[5.5.1068~2-59299]:main():apply-cmvn-sliding.cc:75) Applied sliding-window cepstral mean normalization to 770 utterances, 0 had errors.
LOG (select-voiced-frames[5.5.1068~2-59299]:main():select-voiced-frames.cc:106) Done selecting voiced frames; processed 770 utterances, 0 had errors.
LOG (gmm-gselect[5.5.1068~2-59299]:main():gmm-gselect.cc:114) For 760'th file, average UBM likelihood over 47 frames is -99.4178
LOG (subsample-feats[5.5.1068~2-59299]:main():subsample-feats.cc:115) Processed 770 feature matrices; 0 with errors.
LOG (subsample-feats[5.5.1068~2-59299]:main():subsample-feats.cc:117) Processed 181742 input frames and 36668 output frames.
LOG (gmm-gselect[5.5.1068~2-59299]:main():gmm-gselect.cc:125) Done 770 files, 0 with errors, average UBM log-likelihood is -98.9357 over 36668 frames.
# Accounting: time=0 threads=1
# Ended (code 0) at Wed Mar 22 15:22:13 CST 2023, elapsed time 0 seconds
