# gmm-gselect --n=30 exp/ivector_gauss512_dim200/diag_ubm/0.dubm "ark,s,cs:add-deltas --delta-window=3 --delta-order=2 scp:data/train/split10/7/feats.scp ark:- | apply-cmvn-sliding --norm-vars=false --center=true --cmn-window=300 ark:- ark:- | select-voiced-frames ark:- scp,s,cs:data/train/split10/7/vad.scp ark:- | subsample-feats --n=5 ark:- ark:- |" "ark:|gzip -c >exp/ivector_gauss512_dim200/diag_ubm/gselect.7.gz" 
# Started at Thu Mar 16 00:41:02 CST 2023
#
gmm-gselect --n=30 exp/ivector_gauss512_dim200/diag_ubm/0.dubm 'ark,s,cs:add-deltas --delta-window=3 --delta-order=2 scp:data/train/split10/7/feats.scp ark:- | apply-cmvn-sliding --norm-vars=false --center=true --cmn-window=300 ark:- ark:- | select-voiced-frames ark:- scp,s,cs:data/train/split10/7/vad.scp ark:- | subsample-feats --n=5 ark:- ark:- |' 'ark:|gzip -c >exp/ivector_gauss512_dim200/diag_ubm/gselect.7.gz' 
select-voiced-frames ark:- scp,s,cs:data/train/split10/7/vad.scp ark:- 
subsample-feats --n=5 ark:- ark:- 
add-deltas --delta-window=3 --delta-order=2 scp:data/train/split10/7/feats.scp ark:- 
apply-cmvn-sliding --norm-vars=false --center=true --cmn-window=300 ark:- ark:- 
LOG (gmm-gselect[5.5.1068~2-59299]:main():gmm-gselect.cc:114) For 0'th file, average UBM likelihood over 47 frames is -96.2021
LOG (gmm-gselect[5.5.1068~2-59299]:main():gmm-gselect.cc:114) For 10'th file, average UBM likelihood over 35 frames is -98.7107
LOG (gmm-gselect[5.5.1068~2-59299]:main():gmm-gselect.cc:114) For 20'th file, average UBM likelihood over 39 frames is -99.0159
LOG (gmm-gselect[5.5.1068~2-59299]:main():gmm-gselect.cc:114) For 30'th file, average UBM likelihood over 26 frames is -99.894
LOG (gmm-gselect[5.5.1068~2-59299]:main():gmm-gselect.cc:114) For 40'th file, average UBM likelihood over 51 frames is -103.369
LOG (gmm-gselect[5.5.1068~2-59299]:main():gmm-gselect.cc:114) For 50'th file, average UBM likelihood over 36 frames is -103.545
LOG (gmm-gselect[5.5.1068~2-59299]:main():gmm-gselect.cc:114) For 60'th file, average UBM likelihood over 59 frames is -98.1682
LOG (gmm-gselect[5.5.1068~2-59299]:main():gmm-gselect.cc:114) For 70'th file, average UBM likelihood over 32 frames is -99.8374
LOG (gmm-gselect[5.5.1068~2-59299]:main():gmm-gselect.cc:114) For 80'th file, average UBM likelihood over 39 frames is -99.0522
LOG (gmm-gselect[5.5.1068~2-59299]:main():gmm-gselect.cc:114) For 90'th file, average UBM likelihood over 26 frames is -96.6578
LOG (gmm-gselect[5.5.1068~2-59299]:main():gmm-gselect.cc:114) For 100'th file, average UBM likelihood over 37 frames is -102.516
LOG (gmm-gselect[5.5.1068~2-59299]:main():gmm-gselect.cc:114) For 110'th file, average UBM likelihood over 51 frames is -99.367
LOG (gmm-gselect[5.5.1068~2-59299]:main():gmm-gselect.cc:114) For 120'th file, average UBM likelihood over 62 frames is -96.3251
LOG (gmm-gselect[5.5.1068~2-59299]:main():gmm-gselect.cc:114) For 130'th file, average UBM likelihood over 41 frames is -100.199
LOG (gmm-gselect[5.5.1068~2-59299]:main():gmm-gselect.cc:114) For 140'th file, average UBM likelihood over 46 frames is -95.618
LOG (gmm-gselect[5.5.1068~2-59299]:main():gmm-gselect.cc:114) For 150'th file, average UBM likelihood over 62 frames is -103.828
LOG (gmm-gselect[5.5.1068~2-59299]:main():gmm-gselect.cc:114) For 160'th file, average UBM likelihood over 31 frames is -98.9525
LOG (gmm-gselect[5.5.1068~2-59299]:main():gmm-gselect.cc:114) For 170'th file, average UBM likelihood over 69 frames is -99.9328
LOG (gmm-gselect[5.5.1068~2-59299]:main():gmm-gselect.cc:114) For 180'th file, average UBM likelihood over 71 frames is -96.8244
LOG (gmm-gselect[5.5.1068~2-59299]:main():gmm-gselect.cc:114) For 190'th file, average UBM likelihood over 30 frames is -100.522
LOG (gmm-gselect[5.5.1068~2-59299]:main():gmm-gselect.cc:114) For 200'th file, average UBM likelihood over 60 frames is -96.5718
LOG (gmm-gselect[5.5.1068~2-59299]:main():gmm-gselect.cc:114) For 210'th file, average UBM likelihood over 75 frames is -96.6272
LOG (gmm-gselect[5.5.1068~2-59299]:main():gmm-gselect.cc:114) For 220'th file, average UBM likelihood over 34 frames is -95.8705
LOG (gmm-gselect[5.5.1068~2-59299]:main():gmm-gselect.cc:114) For 230'th file, average UBM likelihood over 41 frames is -96.5167
LOG (gmm-gselect[5.5.1068~2-59299]:main():gmm-gselect.cc:114) For 240'th file, average UBM likelihood over 45 frames is -96.8504
LOG (gmm-gselect[5.5.1068~2-59299]:main():gmm-gselect.cc:114) For 250'th file, average UBM likelihood over 83 frames is -96.6124
LOG (gmm-gselect[5.5.1068~2-59299]:main():gmm-gselect.cc:114) For 260'th file, average UBM likelihood over 39 frames is -94.7895
LOG (gmm-gselect[5.5.1068~2-59299]:main():gmm-gselect.cc:114) For 270'th file, average UBM likelihood over 67 frames is -95.9055
LOG (gmm-gselect[5.5.1068~2-59299]:main():gmm-gselect.cc:114) For 280'th file, average UBM likelihood over 68 frames is -102.9
LOG (gmm-gselect[5.5.1068~2-59299]:main():gmm-gselect.cc:114) For 290'th file, average UBM likelihood over 37 frames is -99.2723
LOG (gmm-gselect[5.5.1068~2-59299]:main():gmm-gselect.cc:114) For 300'th file, average UBM likelihood over 46 frames is -102.007
LOG (gmm-gselect[5.5.1068~2-59299]:main():gmm-gselect.cc:114) For 310'th file, average UBM likelihood over 85 frames is -99.7258
LOG (gmm-gselect[5.5.1068~2-59299]:main():gmm-gselect.cc:114) For 320'th file, average UBM likelihood over 39 frames is -107.291
LOG (gmm-gselect[5.5.1068~2-59299]:main():gmm-gselect.cc:114) For 330'th file, average UBM likelihood over 45 frames is -100.173
LOG (gmm-gselect[5.5.1068~2-59299]:main():gmm-gselect.cc:114) For 340'th file, average UBM likelihood over 17 frames is -103.514
LOG (gmm-gselect[5.5.1068~2-59299]:main():gmm-gselect.cc:114) For 350'th file, average UBM likelihood over 68 frames is -94.0601
LOG (gmm-gselect[5.5.1068~2-59299]:main():gmm-gselect.cc:114) For 360'th file, average UBM likelihood over 67 frames is -99.7338
LOG (gmm-gselect[5.5.1068~2-59299]:main():gmm-gselect.cc:114) For 370'th file, average UBM likelihood over 56 frames is -101.275
LOG (gmm-gselect[5.5.1068~2-59299]:main():gmm-gselect.cc:114) For 380'th file, average UBM likelihood over 62 frames is -99.4127
LOG (gmm-gselect[5.5.1068~2-59299]:main():gmm-gselect.cc:114) For 390'th file, average UBM likelihood over 76 frames is -98.654
LOG (gmm-gselect[5.5.1068~2-59299]:main():gmm-gselect.cc:114) For 400'th file, average UBM likelihood over 50 frames is -100.329
LOG (gmm-gselect[5.5.1068~2-59299]:main():gmm-gselect.cc:114) For 410'th file, average UBM likelihood over 41 frames is -95.453
LOG (gmm-gselect[5.5.1068~2-59299]:main():gmm-gselect.cc:114) For 420'th file, average UBM likelihood over 44 frames is -100.546
LOG (gmm-gselect[5.5.1068~2-59299]:main():gmm-gselect.cc:114) For 430'th file, average UBM likelihood over 28 frames is -97.1505
LOG (gmm-gselect[5.5.1068~2-59299]:main():gmm-gselect.cc:114) For 440'th file, average UBM likelihood over 72 frames is -97.2345
LOG (apply-cmvn-sliding[5.5.1068~2-59299]:main():apply-cmvn-sliding.cc:75) Applied sliding-window cepstral mean normalization to 460 utterances, 0 had errors.
LOG (gmm-gselect[5.5.1068~2-59299]:main():gmm-gselect.cc:114) For 450'th file, average UBM likelihood over 48 frames is -103.35
LOG (select-voiced-frames[5.5.1068~2-59299]:main():select-voiced-frames.cc:106) Done selecting voiced frames; processed 460 utterances, 0 had errors.
LOG (subsample-feats[5.5.1068~2-59299]:main():subsample-feats.cc:115) Processed 460 feature matrices; 0 with errors.
LOG (subsample-feats[5.5.1068~2-59299]:main():subsample-feats.cc:117) Processed 109342 input frames and 22052 output frames.
LOG (gmm-gselect[5.5.1068~2-59299]:main():gmm-gselect.cc:125) Done 460 files, 0 with errors, average UBM log-likelihood is -98.8813 over 22052 frames.
# Accounting: time=0 threads=1
# Ended (code 0) at Thu Mar 16 00:41:02 CST 2023, elapsed time 0 seconds
