# ivector-extractor-sum-accs --parallel=true "ivector-extractor-acc-stats --num-threads=4 --num-samples-for-weights=3 exp/ivector_gauss512_dim200/extractor/0.ie 'ark,s,cs:add-deltas --delta-window=3 --delta-order=2 scp:data/train/split40/37/feats.scp ark:- | apply-cmvn-sliding --norm-vars=false --center=true --cmn-window=300 ark:- ark:- | select-voiced-frames ark:- scp,s,cs:data/train/split40/37/vad.scp ark:- |' 'ark,s,cs:gunzip -c exp/ivector_gauss512_dim200/extractor/post.37.gz|' -|" "ivector-extractor-acc-stats --num-threads=4 --num-samples-for-weights=3 exp/ivector_gauss512_dim200/extractor/0.ie 'ark,s,cs:add-deltas --delta-window=3 --delta-order=2 scp:data/train/split40/38/feats.scp ark:- | apply-cmvn-sliding --norm-vars=false --center=true --cmn-window=300 ark:- ark:- | select-voiced-frames ark:- scp,s,cs:data/train/split40/38/vad.scp ark:- |' 'ark,s,cs:gunzip -c exp/ivector_gauss512_dim200/extractor/post.38.gz|' -|" "ivector-extractor-acc-stats --num-threads=4 --num-samples-for-weights=3 exp/ivector_gauss512_dim200/extractor/0.ie 'ark,s,cs:add-deltas --delta-window=3 --delta-order=2 scp:data/train/split40/39/feats.scp ark:- | apply-cmvn-sliding --norm-vars=false --center=true --cmn-window=300 ark:- ark:- | select-voiced-frames ark:- scp,s,cs:data/train/split40/39/vad.scp ark:- |' 'ark,s,cs:gunzip -c exp/ivector_gauss512_dim200/extractor/post.39.gz|' -|" "ivector-extractor-acc-stats --num-threads=4 --num-samples-for-weights=3 exp/ivector_gauss512_dim200/extractor/0.ie 'ark,s,cs:add-deltas --delta-window=3 --delta-order=2 scp:data/train/split40/40/feats.scp ark:- | apply-cmvn-sliding --norm-vars=false --center=true --cmn-window=300 ark:- ark:- | select-voiced-frames ark:- scp,s,cs:data/train/split40/40/vad.scp ark:- |' 'ark,s,cs:gunzip -c exp/ivector_gauss512_dim200/extractor/post.40.gz|' -|" exp/ivector_gauss512_dim200/extractor/acc.0.10 
# Started at Wed Mar 15 16:45:16 CST 2023
#
ivector-extractor-sum-accs --parallel=true "ivector-extractor-acc-stats --num-threads=4 --num-samples-for-weights=3 exp/ivector_gauss512_dim200/extractor/0.ie 'ark,s,cs:add-deltas --delta-window=3 --delta-order=2 scp:data/train/split40/37/feats.scp ark:- | apply-cmvn-sliding --norm-vars=false --center=true --cmn-window=300 ark:- ark:- | select-voiced-frames ark:- scp,s,cs:data/train/split40/37/vad.scp ark:- |' 'ark,s,cs:gunzip -c exp/ivector_gauss512_dim200/extractor/post.37.gz|' -|" "ivector-extractor-acc-stats --num-threads=4 --num-samples-for-weights=3 exp/ivector_gauss512_dim200/extractor/0.ie 'ark,s,cs:add-deltas --delta-window=3 --delta-order=2 scp:data/train/split40/38/feats.scp ark:- | apply-cmvn-sliding --norm-vars=false --center=true --cmn-window=300 ark:- ark:- | select-voiced-frames ark:- scp,s,cs:data/train/split40/38/vad.scp ark:- |' 'ark,s,cs:gunzip -c exp/ivector_gauss512_dim200/extractor/post.38.gz|' -|" "ivector-extractor-acc-stats --num-threads=4 --num-samples-for-weights=3 exp/ivector_gauss512_dim200/extractor/0.ie 'ark,s,cs:add-deltas --delta-window=3 --delta-order=2 scp:data/train/split40/39/feats.scp ark:- | apply-cmvn-sliding --norm-vars=false --center=true --cmn-window=300 ark:- ark:- | select-voiced-frames ark:- scp,s,cs:data/train/split40/39/vad.scp ark:- |' 'ark,s,cs:gunzip -c exp/ivector_gauss512_dim200/extractor/post.39.gz|' -|" "ivector-extractor-acc-stats --num-threads=4 --num-samples-for-weights=3 exp/ivector_gauss512_dim200/extractor/0.ie 'ark,s,cs:add-deltas --delta-window=3 --delta-order=2 scp:data/train/split40/40/feats.scp ark:- | apply-cmvn-sliding --norm-vars=false --center=true --cmn-window=300 ark:- ark:- | select-voiced-frames ark:- scp,s,cs:data/train/split40/40/vad.scp ark:- |' 'ark,s,cs:gunzip -c exp/ivector_gauss512_dim200/extractor/post.40.gz|' -|" exp/ivector_gauss512_dim200/extractor/acc.0.10 
ivector-extractor-acc-stats --num-threads=4 --num-samples-for-weights=3 exp/ivector_gauss512_dim200/extractor/0.ie 'ark,s,cs:add-deltas --delta-window=3 --delta-order=2 scp:data/train/split40/38/feats.scp ark:- | apply-cmvn-sliding --norm-vars=false --center=true --cmn-window=300 ark:- ark:- | select-voiced-frames ark:- scp,s,cs:data/train/split40/38/vad.scp ark:- |' 'ark,s,cs:gunzip -c exp/ivector_gauss512_dim200/extractor/post.38.gz|' - 
ivector-extractor-acc-stats --num-threads=4 --num-samples-for-weights=3 exp/ivector_gauss512_dim200/extractor/0.ie 'ark,s,cs:add-deltas --delta-window=3 --delta-order=2 scp:data/train/split40/37/feats.scp ark:- | apply-cmvn-sliding --norm-vars=false --center=true --cmn-window=300 ark:- ark:- | select-voiced-frames ark:- scp,s,cs:data/train/split40/37/vad.scp ark:- |' 'ark,s,cs:gunzip -c exp/ivector_gauss512_dim200/extractor/post.37.gz|' - 
ivector-extractor-acc-stats --num-threads=4 --num-samples-for-weights=3 exp/ivector_gauss512_dim200/extractor/0.ie 'ark,s,cs:add-deltas --delta-window=3 --delta-order=2 scp:data/train/split40/40/feats.scp ark:- | apply-cmvn-sliding --norm-vars=false --center=true --cmn-window=300 ark:- ark:- | select-voiced-frames ark:- scp,s,cs:data/train/split40/40/vad.scp ark:- |' 'ark,s,cs:gunzip -c exp/ivector_gauss512_dim200/extractor/post.40.gz|' - 
apply-cmvn-sliding --norm-vars=false --center=true --cmn-window=300 ark:- ark:- 
add-deltas --delta-window=3 --delta-order=2 scp:data/train/split40/40/feats.scp ark:- 
select-voiced-frames ark:- scp,s,cs:data/train/split40/38/vad.scp ark:- 
ivector-extractor-acc-stats --num-threads=4 --num-samples-for-weights=3 exp/ivector_gauss512_dim200/extractor/0.ie 'ark,s,cs:add-deltas --delta-window=3 --delta-order=2 scp:data/train/split40/39/feats.scp ark:- | apply-cmvn-sliding --norm-vars=false --center=true --cmn-window=300 ark:- ark:- | select-voiced-frames ark:- scp,s,cs:data/train/split40/39/vad.scp ark:- |' 'ark,s,cs:gunzip -c exp/ivector_gauss512_dim200/extractor/post.39.gz|' - 
add-deltas --delta-window=3 --delta-order=2 scp:data/train/split40/38/feats.scp ark:- 
apply-cmvn-sliding --norm-vars=false --center=true --cmn-window=300 ark:- ark:- 
select-voiced-frames ark:- scp,s,cs:data/train/split40/40/vad.scp ark:- 
add-deltas --delta-window=3 --delta-order=2 scp:data/train/split40/37/feats.scp ark:- 
select-voiced-frames ark:- scp,s,cs:data/train/split40/37/vad.scp ark:- 
apply-cmvn-sliding --norm-vars=false --center=true --cmn-window=300 ark:- ark:- 
apply-cmvn-sliding --norm-vars=false --center=true --cmn-window=300 ark:- ark:- 
add-deltas --delta-window=3 --delta-order=2 scp:data/train/split40/39/feats.scp ark:- 
select-voiced-frames ark:- scp,s,cs:data/train/split40/39/vad.scp ark:- 
LOG (ivector-extractor-acc-stats[5.5.1068~1-59299]:ComputeDerivedVars():ivector-extractor.cc:183) Computing derived variables for iVector extractor
LOG (ivector-extractor-acc-stats[5.5.1068~1-59299]:ComputeDerivedVars():ivector-extractor.cc:183) Computing derived variables for iVector extractor
LOG (ivector-extractor-acc-stats[5.5.1068~1-59299]:ComputeDerivedVars():ivector-extractor.cc:183) Computing derived variables for iVector extractor
LOG (ivector-extractor-acc-stats[5.5.1068~1-59299]:ComputeDerivedVars():ivector-extractor.cc:183) Computing derived variables for iVector extractor
LOG (ivector-extractor-acc-stats[5.5.1068~1-59299]:ComputeDerivedVars():ivector-extractor.cc:204) Done.
LOG (ivector-extractor-acc-stats[5.5.1068~1-59299]:ComputeDerivedVars():ivector-extractor.cc:204) Done.
LOG (ivector-extractor-acc-stats[5.5.1068~1-59299]:ComputeDerivedVars():ivector-extractor.cc:204) Done.
LOG (ivector-extractor-acc-stats[5.5.1068~1-59299]:ComputeDerivedVars():ivector-extractor.cc:204) Done.
LOG (apply-cmvn-sliding[5.5.1068~1-59299]:main():apply-cmvn-sliding.cc:75) Applied sliding-window cepstral mean normalization to 120 utterances, 0 had errors.
LOG (apply-cmvn-sliding[5.5.1068~1-59299]:main():apply-cmvn-sliding.cc:75) Applied sliding-window cepstral mean normalization to 110 utterances, 0 had errors.
LOG (select-voiced-frames[5.5.1068~1-59299]:main():select-voiced-frames.cc:106) Done selecting voiced frames; processed 120 utterances, 0 had errors.
LOG (select-voiced-frames[5.5.1068~1-59299]:main():select-voiced-frames.cc:106) Done selecting voiced frames; processed 110 utterances, 0 had errors.
