# ivector-extractor-sum-accs --parallel=true "ivector-extractor-acc-stats --num-threads=4 --num-samples-for-weights=3 exp/ivector_gauss512_dim200/extractor/0.ie 'ark,s,cs:add-deltas --delta-window=3 --delta-order=2 scp:data/train/split16/5/feats.scp ark:- | apply-cmvn-sliding --norm-vars=false --center=true --cmn-window=300 ark:- ark:- | select-voiced-frames ark:- scp,s,cs:data/train/split16/5/vad.scp ark:- |' 'ark,s,cs:gunzip -c exp/ivector_gauss512_dim200/extractor/post.5.gz|' -|" "ivector-extractor-acc-stats --num-threads=4 --num-samples-for-weights=3 exp/ivector_gauss512_dim200/extractor/0.ie 'ark,s,cs:add-deltas --delta-window=3 --delta-order=2 scp:data/train/split16/6/feats.scp ark:- | apply-cmvn-sliding --norm-vars=false --center=true --cmn-window=300 ark:- ark:- | select-voiced-frames ark:- scp,s,cs:data/train/split16/6/vad.scp ark:- |' 'ark,s,cs:gunzip -c exp/ivector_gauss512_dim200/extractor/post.6.gz|' -|" "ivector-extractor-acc-stats --num-threads=4 --num-samples-for-weights=3 exp/ivector_gauss512_dim200/extractor/0.ie 'ark,s,cs:add-deltas --delta-window=3 --delta-order=2 scp:data/train/split16/7/feats.scp ark:- | apply-cmvn-sliding --norm-vars=false --center=true --cmn-window=300 ark:- ark:- | select-voiced-frames ark:- scp,s,cs:data/train/split16/7/vad.scp ark:- |' 'ark,s,cs:gunzip -c exp/ivector_gauss512_dim200/extractor/post.7.gz|' -|" "ivector-extractor-acc-stats --num-threads=4 --num-samples-for-weights=3 exp/ivector_gauss512_dim200/extractor/0.ie 'ark,s,cs:add-deltas --delta-window=3 --delta-order=2 scp:data/train/split16/8/feats.scp ark:- | apply-cmvn-sliding --norm-vars=false --center=true --cmn-window=300 ark:- ark:- | select-voiced-frames ark:- scp,s,cs:data/train/split16/8/vad.scp ark:- |' 'ark,s,cs:gunzip -c exp/ivector_gauss512_dim200/extractor/post.8.gz|' -|" exp/ivector_gauss512_dim200/extractor/acc.0.2 
# Started at Wed Mar 22 15:22:22 CST 2023
#
ivector-extractor-sum-accs --parallel=true "ivector-extractor-acc-stats --num-threads=4 --num-samples-for-weights=3 exp/ivector_gauss512_dim200/extractor/0.ie 'ark,s,cs:add-deltas --delta-window=3 --delta-order=2 scp:data/train/split16/5/feats.scp ark:- | apply-cmvn-sliding --norm-vars=false --center=true --cmn-window=300 ark:- ark:- | select-voiced-frames ark:- scp,s,cs:data/train/split16/5/vad.scp ark:- |' 'ark,s,cs:gunzip -c exp/ivector_gauss512_dim200/extractor/post.5.gz|' -|" "ivector-extractor-acc-stats --num-threads=4 --num-samples-for-weights=3 exp/ivector_gauss512_dim200/extractor/0.ie 'ark,s,cs:add-deltas --delta-window=3 --delta-order=2 scp:data/train/split16/6/feats.scp ark:- | apply-cmvn-sliding --norm-vars=false --center=true --cmn-window=300 ark:- ark:- | select-voiced-frames ark:- scp,s,cs:data/train/split16/6/vad.scp ark:- |' 'ark,s,cs:gunzip -c exp/ivector_gauss512_dim200/extractor/post.6.gz|' -|" "ivector-extractor-acc-stats --num-threads=4 --num-samples-for-weights=3 exp/ivector_gauss512_dim200/extractor/0.ie 'ark,s,cs:add-deltas --delta-window=3 --delta-order=2 scp:data/train/split16/7/feats.scp ark:- | apply-cmvn-sliding --norm-vars=false --center=true --cmn-window=300 ark:- ark:- | select-voiced-frames ark:- scp,s,cs:data/train/split16/7/vad.scp ark:- |' 'ark,s,cs:gunzip -c exp/ivector_gauss512_dim200/extractor/post.7.gz|' -|" "ivector-extractor-acc-stats --num-threads=4 --num-samples-for-weights=3 exp/ivector_gauss512_dim200/extractor/0.ie 'ark,s,cs:add-deltas --delta-window=3 --delta-order=2 scp:data/train/split16/8/feats.scp ark:- | apply-cmvn-sliding --norm-vars=false --center=true --cmn-window=300 ark:- ark:- | select-voiced-frames ark:- scp,s,cs:data/train/split16/8/vad.scp ark:- |' 'ark,s,cs:gunzip -c exp/ivector_gauss512_dim200/extractor/post.8.gz|' -|" exp/ivector_gauss512_dim200/extractor/acc.0.2 
ivector-extractor-acc-stats --num-threads=4 --num-samples-for-weights=3 exp/ivector_gauss512_dim200/extractor/0.ie 'ark,s,cs:add-deltas --delta-window=3 --delta-order=2 scp:data/train/split16/5/feats.scp ark:- | apply-cmvn-sliding --norm-vars=false --center=true --cmn-window=300 ark:- ark:- | select-voiced-frames ark:- scp,s,cs:data/train/split16/5/vad.scp ark:- |' 'ark,s,cs:gunzip -c exp/ivector_gauss512_dim200/extractor/post.5.gz|' - 
ivector-extractor-acc-stats --num-threads=4 --num-samples-for-weights=3 exp/ivector_gauss512_dim200/extractor/0.ie 'ark,s,cs:add-deltas --delta-window=3 --delta-order=2 scp:data/train/split16/6/feats.scp ark:- | apply-cmvn-sliding --norm-vars=false --center=true --cmn-window=300 ark:- ark:- | select-voiced-frames ark:- scp,s,cs:data/train/split16/6/vad.scp ark:- |' 'ark,s,cs:gunzip -c exp/ivector_gauss512_dim200/extractor/post.6.gz|' - 
ivector-extractor-acc-stats --num-threads=4 --num-samples-for-weights=3 exp/ivector_gauss512_dim200/extractor/0.ie 'ark,s,cs:add-deltas --delta-window=3 --delta-order=2 scp:data/train/split16/8/feats.scp ark:- | apply-cmvn-sliding --norm-vars=false --center=true --cmn-window=300 ark:- ark:- | select-voiced-frames ark:- scp,s,cs:data/train/split16/8/vad.scp ark:- |' 'ark,s,cs:gunzip -c exp/ivector_gauss512_dim200/extractor/post.8.gz|' - 
ivector-extractor-acc-stats --num-threads=4 --num-samples-for-weights=3 exp/ivector_gauss512_dim200/extractor/0.ie 'ark,s,cs:add-deltas --delta-window=3 --delta-order=2 scp:data/train/split16/7/feats.scp ark:- | apply-cmvn-sliding --norm-vars=false --center=true --cmn-window=300 ark:- ark:- | select-voiced-frames ark:- scp,s,cs:data/train/split16/7/vad.scp ark:- |' 'ark,s,cs:gunzip -c exp/ivector_gauss512_dim200/extractor/post.7.gz|' - 
select-voiced-frames ark:- scp,s,cs:data/train/split16/7/vad.scp ark:- 
select-voiced-frames ark:- scp,s,cs:data/train/split16/5/vad.scp ark:- 
add-deltas --delta-window=3 --delta-order=2 scp:data/train/split16/5/feats.scp ark:- 
apply-cmvn-sliding --norm-vars=false --center=true --cmn-window=300 ark:- ark:- 
apply-cmvn-sliding --norm-vars=false --center=true --cmn-window=300 ark:- ark:- 
add-deltas --delta-window=3 --delta-order=2 scp:data/train/split16/8/feats.scp ark:- 
apply-cmvn-sliding --norm-vars=false --center=true --cmn-window=300 ark:- ark:- 
apply-cmvn-sliding --norm-vars=false --center=true --cmn-window=300 ark:- ark:- 
select-voiced-frames ark:- scp,s,cs:data/train/split16/6/vad.scp ark:- 
add-deltas --delta-window=3 --delta-order=2 scp:data/train/split16/7/feats.scp ark:- 
add-deltas --delta-window=3 --delta-order=2 scp:data/train/split16/6/feats.scp ark:- 
select-voiced-frames ark:- scp,s,cs:data/train/split16/8/vad.scp ark:- 
LOG (ivector-extractor-acc-stats[5.5.1068~2-59299]:ComputeDerivedVars():ivector-extractor.cc:183) Computing derived variables for iVector extractor
LOG (ivector-extractor-acc-stats[5.5.1068~2-59299]:ComputeDerivedVars():ivector-extractor.cc:183) Computing derived variables for iVector extractor
LOG (ivector-extractor-acc-stats[5.5.1068~2-59299]:ComputeDerivedVars():ivector-extractor.cc:183) Computing derived variables for iVector extractor
LOG (ivector-extractor-acc-stats[5.5.1068~2-59299]:ComputeDerivedVars():ivector-extractor.cc:183) Computing derived variables for iVector extractor
LOG (ivector-extractor-acc-stats[5.5.1068~2-59299]:ComputeDerivedVars():ivector-extractor.cc:204) Done.
LOG (ivector-extractor-acc-stats[5.5.1068~2-59299]:ComputeDerivedVars():ivector-extractor.cc:204) Done.
LOG (ivector-extractor-acc-stats[5.5.1068~2-59299]:ComputeDerivedVars():ivector-extractor.cc:204) Done.
LOG (ivector-extractor-acc-stats[5.5.1068~2-59299]:ComputeDerivedVars():ivector-extractor.cc:204) Done.
LOG (apply-cmvn-sliding[5.5.1068~2-59299]:main():apply-cmvn-sliding.cc:75) Applied sliding-window cepstral mean normalization to 290 utterances, 0 had errors.
LOG (apply-cmvn-sliding[5.5.1068~2-59299]:main():apply-cmvn-sliding.cc:75) Applied sliding-window cepstral mean normalization to 280 utterances, 0 had errors.
LOG (select-voiced-frames[5.5.1068~2-59299]:main():select-voiced-frames.cc:106) Done selecting voiced frames; processed 290 utterances, 0 had errors.
LOG (select-voiced-frames[5.5.1068~2-59299]:main():select-voiced-frames.cc:106) Done selecting voiced frames; processed 280 utterances, 0 had errors.
LOG (ivector-extractor-acc-stats[5.5.1068~2-59299]:main():ivector-extractor-acc-stats.cc:151) Done 290 files, 0 with errors.  Total frames 68610
LOG (ivector-extractor-acc-stats[5.5.1068~2-59299]:main():ivector-extractor-acc-stats.cc:151) Done 280 files, 0 with errors.  Total frames 66734
LOG (apply-cmvn-sliding[5.5.1068~2-59299]:main():apply-cmvn-sliding.cc:75) Applied sliding-window cepstral mean normalization to 290 utterances, 0 had errors.
LOG (select-voiced-frames[5.5.1068~2-59299]:main():select-voiced-frames.cc:106) Done selecting voiced frames; processed 290 utterances, 0 had errors.
LOG (apply-cmvn-sliding[5.5.1068~2-59299]:main():apply-cmvn-sliding.cc:75) Applied sliding-window cepstral mean normalization to 290 utterances, 0 had errors.
LOG (select-voiced-frames[5.5.1068~2-59299]:main():select-voiced-frames.cc:106) Done selecting voiced frames; processed 290 utterances, 0 had errors.
LOG (ivector-extractor-acc-stats[5.5.1068~2-59299]:main():ivector-extractor-acc-stats.cc:151) Done 290 files, 0 with errors.  Total frames 68115
LOG (ivector-extractor-acc-stats[5.5.1068~2-59299]:main():ivector-extractor-acc-stats.cc:151) Done 290 files, 0 with errors.  Total frames 67060
LOG (ivector-extractor-acc-stats[5.5.1068~2-59299]:main():ivector-extractor-acc-stats.cc:159) Wrote stats to -
LOG (ivector-extractor-acc-stats[5.5.1068~2-59299]:main():ivector-extractor-acc-stats.cc:159) Wrote stats to -
LOG (ivector-extractor-acc-stats[5.5.1068~2-59299]:main():ivector-extractor-acc-stats.cc:159) Wrote stats to -
LOG (ivector-extractor-acc-stats[5.5.1068~2-59299]:main():ivector-extractor-acc-stats.cc:159) Wrote stats to -
LOG (ivector-extractor-sum-accs[5.5.1068~2-59299]:main():ivector-extractor-sum-accs.cc:83) Wrote summed stats to exp/ivector_gauss512_dim200/extractor/acc.0.2
# Accounting: time=31 threads=1
# Ended (code 0) at Wed Mar 22 15:22:53 CST 2023, elapsed time 31 seconds
