# ivector-extractor-sum-accs --parallel=true "ivector-extractor-acc-stats --num-threads=4 --num-samples-for-weights=3 exp/ivector_gauss512_dim200/extractor/2.ie 'ark,s,cs:add-deltas --delta-window=3 --delta-order=2 scp:data/train/split16/9/feats.scp ark:- | apply-cmvn-sliding --norm-vars=false --center=true --cmn-window=300 ark:- ark:- | select-voiced-frames ark:- scp,s,cs:data/train/split16/9/vad.scp ark:- |' 'ark,s,cs:gunzip -c exp/ivector_gauss512_dim200/extractor/post.9.gz|' -|" "ivector-extractor-acc-stats --num-threads=4 --num-samples-for-weights=3 exp/ivector_gauss512_dim200/extractor/2.ie 'ark,s,cs:add-deltas --delta-window=3 --delta-order=2 scp:data/train/split16/10/feats.scp ark:- | apply-cmvn-sliding --norm-vars=false --center=true --cmn-window=300 ark:- ark:- | select-voiced-frames ark:- scp,s,cs:data/train/split16/10/vad.scp ark:- |' 'ark,s,cs:gunzip -c exp/ivector_gauss512_dim200/extractor/post.10.gz|' -|" "ivector-extractor-acc-stats --num-threads=4 --num-samples-for-weights=3 exp/ivector_gauss512_dim200/extractor/2.ie 'ark,s,cs:add-deltas --delta-window=3 --delta-order=2 scp:data/train/split16/11/feats.scp ark:- | apply-cmvn-sliding --norm-vars=false --center=true --cmn-window=300 ark:- ark:- | select-voiced-frames ark:- scp,s,cs:data/train/split16/11/vad.scp ark:- |' 'ark,s,cs:gunzip -c exp/ivector_gauss512_dim200/extractor/post.11.gz|' -|" "ivector-extractor-acc-stats --num-threads=4 --num-samples-for-weights=3 exp/ivector_gauss512_dim200/extractor/2.ie 'ark,s,cs:add-deltas --delta-window=3 --delta-order=2 scp:data/train/split16/12/feats.scp ark:- | apply-cmvn-sliding --norm-vars=false --center=true --cmn-window=300 ark:- ark:- | select-voiced-frames ark:- scp,s,cs:data/train/split16/12/vad.scp ark:- |' 'ark,s,cs:gunzip -c exp/ivector_gauss512_dim200/extractor/post.12.gz|' -|" exp/ivector_gauss512_dim200/extractor/acc.2.3 
# Started at Thu Mar 16 00:42:17 CST 2023
#
ivector-extractor-sum-accs --parallel=true "ivector-extractor-acc-stats --num-threads=4 --num-samples-for-weights=3 exp/ivector_gauss512_dim200/extractor/2.ie 'ark,s,cs:add-deltas --delta-window=3 --delta-order=2 scp:data/train/split16/9/feats.scp ark:- | apply-cmvn-sliding --norm-vars=false --center=true --cmn-window=300 ark:- ark:- | select-voiced-frames ark:- scp,s,cs:data/train/split16/9/vad.scp ark:- |' 'ark,s,cs:gunzip -c exp/ivector_gauss512_dim200/extractor/post.9.gz|' -|" "ivector-extractor-acc-stats --num-threads=4 --num-samples-for-weights=3 exp/ivector_gauss512_dim200/extractor/2.ie 'ark,s,cs:add-deltas --delta-window=3 --delta-order=2 scp:data/train/split16/10/feats.scp ark:- | apply-cmvn-sliding --norm-vars=false --center=true --cmn-window=300 ark:- ark:- | select-voiced-frames ark:- scp,s,cs:data/train/split16/10/vad.scp ark:- |' 'ark,s,cs:gunzip -c exp/ivector_gauss512_dim200/extractor/post.10.gz|' -|" "ivector-extractor-acc-stats --num-threads=4 --num-samples-for-weights=3 exp/ivector_gauss512_dim200/extractor/2.ie 'ark,s,cs:add-deltas --delta-window=3 --delta-order=2 scp:data/train/split16/11/feats.scp ark:- | apply-cmvn-sliding --norm-vars=false --center=true --cmn-window=300 ark:- ark:- | select-voiced-frames ark:- scp,s,cs:data/train/split16/11/vad.scp ark:- |' 'ark,s,cs:gunzip -c exp/ivector_gauss512_dim200/extractor/post.11.gz|' -|" "ivector-extractor-acc-stats --num-threads=4 --num-samples-for-weights=3 exp/ivector_gauss512_dim200/extractor/2.ie 'ark,s,cs:add-deltas --delta-window=3 --delta-order=2 scp:data/train/split16/12/feats.scp ark:- | apply-cmvn-sliding --norm-vars=false --center=true --cmn-window=300 ark:- ark:- | select-voiced-frames ark:- scp,s,cs:data/train/split16/12/vad.scp ark:- |' 'ark,s,cs:gunzip -c exp/ivector_gauss512_dim200/extractor/post.12.gz|' -|" exp/ivector_gauss512_dim200/extractor/acc.2.3 
ivector-extractor-acc-stats --num-threads=4 --num-samples-for-weights=3 exp/ivector_gauss512_dim200/extractor/2.ie 'ark,s,cs:add-deltas --delta-window=3 --delta-order=2 scp:data/train/split16/10/feats.scp ark:- | apply-cmvn-sliding --norm-vars=false --center=true --cmn-window=300 ark:- ark:- | select-voiced-frames ark:- scp,s,cs:data/train/split16/10/vad.scp ark:- |' 'ark,s,cs:gunzip -c exp/ivector_gauss512_dim200/extractor/post.10.gz|' - 
ivector-extractor-acc-stats --num-threads=4 --num-samples-for-weights=3 exp/ivector_gauss512_dim200/extractor/2.ie 'ark,s,cs:add-deltas --delta-window=3 --delta-order=2 scp:data/train/split16/9/feats.scp ark:- | apply-cmvn-sliding --norm-vars=false --center=true --cmn-window=300 ark:- ark:- | select-voiced-frames ark:- scp,s,cs:data/train/split16/9/vad.scp ark:- |' 'ark,s,cs:gunzip -c exp/ivector_gauss512_dim200/extractor/post.9.gz|' - 
ivector-extractor-acc-stats --num-threads=4 --num-samples-for-weights=3 exp/ivector_gauss512_dim200/extractor/2.ie 'ark,s,cs:add-deltas --delta-window=3 --delta-order=2 scp:data/train/split16/12/feats.scp ark:- | apply-cmvn-sliding --norm-vars=false --center=true --cmn-window=300 ark:- ark:- | select-voiced-frames ark:- scp,s,cs:data/train/split16/12/vad.scp ark:- |' 'ark,s,cs:gunzip -c exp/ivector_gauss512_dim200/extractor/post.12.gz|' - 
add-deltas --delta-window=3 --delta-order=2 scp:data/train/split16/10/feats.scp ark:- 
apply-cmvn-sliding --norm-vars=false --center=true --cmn-window=300 ark:- ark:- 
select-voiced-frames ark:- scp,s,cs:data/train/split16/9/vad.scp ark:- 
ivector-extractor-acc-stats --num-threads=4 --num-samples-for-weights=3 exp/ivector_gauss512_dim200/extractor/2.ie 'ark,s,cs:add-deltas --delta-window=3 --delta-order=2 scp:data/train/split16/11/feats.scp ark:- | apply-cmvn-sliding --norm-vars=false --center=true --cmn-window=300 ark:- ark:- | select-voiced-frames ark:- scp,s,cs:data/train/split16/11/vad.scp ark:- |' 'ark,s,cs:gunzip -c exp/ivector_gauss512_dim200/extractor/post.11.gz|' - 
apply-cmvn-sliding --norm-vars=false --center=true --cmn-window=300 ark:- ark:- 
add-deltas --delta-window=3 --delta-order=2 scp:data/train/split16/12/feats.scp ark:- 
apply-cmvn-sliding --norm-vars=false --center=true --cmn-window=300 ark:- ark:- 
select-voiced-frames ark:- scp,s,cs:data/train/split16/10/vad.scp ark:- 
add-deltas --delta-window=3 --delta-order=2 scp:data/train/split16/9/feats.scp ark:- 
select-voiced-frames ark:- scp,s,cs:data/train/split16/12/vad.scp ark:- 
select-voiced-frames ark:- scp,s,cs:data/train/split16/11/vad.scp ark:- 
add-deltas --delta-window=3 --delta-order=2 scp:data/train/split16/11/feats.scp ark:- 
apply-cmvn-sliding --norm-vars=false --center=true --cmn-window=300 ark:- ark:- 
LOG (ivector-extractor-acc-stats[5.5.1068~2-59299]:ComputeDerivedVars():ivector-extractor.cc:183) Computing derived variables for iVector extractor
LOG (ivector-extractor-acc-stats[5.5.1068~2-59299]:ComputeDerivedVars():ivector-extractor.cc:183) Computing derived variables for iVector extractor
LOG (ivector-extractor-acc-stats[5.5.1068~2-59299]:ComputeDerivedVars():ivector-extractor.cc:183) Computing derived variables for iVector extractor
LOG (ivector-extractor-acc-stats[5.5.1068~2-59299]:ComputeDerivedVars():ivector-extractor.cc:183) Computing derived variables for iVector extractor
LOG (ivector-extractor-acc-stats[5.5.1068~2-59299]:ComputeDerivedVars():ivector-extractor.cc:204) Done.
LOG (ivector-extractor-acc-stats[5.5.1068~2-59299]:ComputeDerivedVars():ivector-extractor.cc:204) Done.
LOG (ivector-extractor-acc-stats[5.5.1068~2-59299]:ComputeDerivedVars():ivector-extractor.cc:204) Done.
LOG (ivector-extractor-acc-stats[5.5.1068~2-59299]:ComputeDerivedVars():ivector-extractor.cc:204) Done.
LOG (apply-cmvn-sliding[5.5.1068~2-59299]:main():apply-cmvn-sliding.cc:75) Applied sliding-window cepstral mean normalization to 290 utterances, 0 had errors.
LOG (apply-cmvn-sliding[5.5.1068~2-59299]:main():apply-cmvn-sliding.cc:75) Applied sliding-window cepstral mean normalization to 290 utterances, 0 had errors.
LOG (select-voiced-frames[5.5.1068~2-59299]:main():select-voiced-frames.cc:106) Done selecting voiced frames; processed 290 utterances, 0 had errors.
LOG (select-voiced-frames[5.5.1068~2-59299]:main():select-voiced-frames.cc:106) Done selecting voiced frames; processed 290 utterances, 0 had errors.
LOG (apply-cmvn-sliding[5.5.1068~2-59299]:main():apply-cmvn-sliding.cc:75) Applied sliding-window cepstral mean normalization to 290 utterances, 0 had errors.
LOG (select-voiced-frames[5.5.1068~2-59299]:main():select-voiced-frames.cc:106) Done selecting voiced frames; processed 290 utterances, 0 had errors.
LOG (ivector-extractor-acc-stats[5.5.1068~2-59299]:main():ivector-extractor-acc-stats.cc:151) Done 290 files, 0 with errors.  Total frames 71084
LOG (ivector-extractor-acc-stats[5.5.1068~2-59299]:main():ivector-extractor-acc-stats.cc:151) Done 290 files, 0 with errors.  Total frames 65456
LOG (ivector-extractor-acc-stats[5.5.1068~2-59299]:main():ivector-extractor-acc-stats.cc:151) Done 290 files, 0 with errors.  Total frames 68516
LOG (apply-cmvn-sliding[5.5.1068~2-59299]:main():apply-cmvn-sliding.cc:75) Applied sliding-window cepstral mean normalization to 290 utterances, 0 had errors.
LOG (select-voiced-frames[5.5.1068~2-59299]:main():select-voiced-frames.cc:106) Done selecting voiced frames; processed 290 utterances, 0 had errors.
LOG (ivector-extractor-acc-stats[5.5.1068~2-59299]:main():ivector-extractor-acc-stats.cc:151) Done 290 files, 0 with errors.  Total frames 67814
LOG (ivector-extractor-acc-stats[5.5.1068~2-59299]:main():ivector-extractor-acc-stats.cc:159) Wrote stats to -
LOG (ivector-extractor-acc-stats[5.5.1068~2-59299]:main():ivector-extractor-acc-stats.cc:159) Wrote stats to -
LOG (ivector-extractor-acc-stats[5.5.1068~2-59299]:main():ivector-extractor-acc-stats.cc:159) Wrote stats to -
LOG (ivector-extractor-acc-stats[5.5.1068~2-59299]:main():ivector-extractor-acc-stats.cc:159) Wrote stats to -
LOG (ivector-extractor-sum-accs[5.5.1068~2-59299]:main():ivector-extractor-sum-accs.cc:83) Wrote summed stats to exp/ivector_gauss512_dim200/extractor/acc.2.3
# Accounting: time=30 threads=1
# Ended (code 0) at Thu Mar 16 00:42:47 CST 2023, elapsed time 30 seconds
