# gmm-gselect --n=20 exp/ivector_gauss512_dim200/extractor/final.dubm "ark,s,cs:add-deltas --delta-window=3 --delta-order=2 scp:data/train/split40/24/feats.scp ark:- | apply-cmvn-sliding --norm-vars=false --center=true --cmn-window=300 ark:- ark:- | select-voiced-frames ark:- scp,s,cs:data/train/split40/24/vad.scp ark:- |" ark:- | fgmm-global-gselect-to-post --min-post=0.025 exp/ivector_gauss512_dim200/extractor/final.ubm "ark,s,cs:add-deltas --delta-window=3 --delta-order=2 scp:data/train/split40/24/feats.scp ark:- | apply-cmvn-sliding --norm-vars=false --center=true --cmn-window=300 ark:- ark:- | select-voiced-frames ark:- scp,s,cs:data/train/split40/24/vad.scp ark:- |" ark,s,cs:- ark:- | scale-post ark:- 1.0 "ark:|gzip -c >exp/ivector_gauss512_dim200/extractor/post.24.gz" 
# Started at Wed Mar 15 16:45:14 CST 2023
#
fgmm-global-gselect-to-post --min-post=0.025 exp/ivector_gauss512_dim200/extractor/final.ubm 'ark,s,cs:add-deltas --delta-window=3 --delta-order=2 scp:data/train/split40/24/feats.scp ark:- | apply-cmvn-sliding --norm-vars=false --center=true --cmn-window=300 ark:- ark:- | select-voiced-frames ark:- scp,s,cs:data/train/split40/24/vad.scp ark:- |' ark,s,cs:- ark:- 
gmm-gselect --n=20 exp/ivector_gauss512_dim200/extractor/final.dubm 'ark,s,cs:add-deltas --delta-window=3 --delta-order=2 scp:data/train/split40/24/feats.scp ark:- | apply-cmvn-sliding --norm-vars=false --center=true --cmn-window=300 ark:- ark:- | select-voiced-frames ark:- scp,s,cs:data/train/split40/24/vad.scp ark:- |' ark:- 
scale-post ark:- 1.0 'ark:|gzip -c >exp/ivector_gauss512_dim200/extractor/post.24.gz' 
select-voiced-frames ark:- scp,s,cs:data/train/split40/24/vad.scp ark:- 
apply-cmvn-sliding --norm-vars=false --center=true --cmn-window=300 ark:- ark:- 
add-deltas --delta-window=3 --delta-order=2 scp:data/train/split40/24/feats.scp ark:- 
add-deltas --delta-window=3 --delta-order=2 scp:data/train/split40/24/feats.scp ark:- 
select-voiced-frames ark:- scp,s,cs:data/train/split40/24/vad.scp ark:- 
apply-cmvn-sliding --norm-vars=false --center=true --cmn-window=300 ark:- ark:- 
LOG (gmm-gselect[5.5.1068~1-59299]:main():gmm-gselect.cc:114) For 0'th file, average UBM likelihood over 244 frames is -99.8056
LOG (gmm-gselect[5.5.1068~1-59299]:main():gmm-gselect.cc:114) For 10'th file, average UBM likelihood over 252 frames is -99.1175
LOG (gmm-gselect[5.5.1068~1-59299]:main():gmm-gselect.cc:114) For 20'th file, average UBM likelihood over 165 frames is -99.9896
LOG (gmm-gselect[5.5.1068~1-59299]:main():gmm-gselect.cc:114) For 30'th file, average UBM likelihood over 173 frames is -101.515
LOG (gmm-gselect[5.5.1068~1-59299]:main():gmm-gselect.cc:114) For 40'th file, average UBM likelihood over 214 frames is -94.7101
LOG (gmm-gselect[5.5.1068~1-59299]:main():gmm-gselect.cc:114) For 50'th file, average UBM likelihood over 242 frames is -101.807
LOG (gmm-gselect[5.5.1068~1-59299]:main():gmm-gselect.cc:114) For 60'th file, average UBM likelihood over 345 frames is -105.184
LOG (gmm-gselect[5.5.1068~1-59299]:main():gmm-gselect.cc:114) For 70'th file, average UBM likelihood over 206 frames is -98.0696
LOG (gmm-gselect[5.5.1068~1-59299]:main():gmm-gselect.cc:114) For 80'th file, average UBM likelihood over 297 frames is -97.7884
LOG (gmm-gselect[5.5.1068~1-59299]:main():gmm-gselect.cc:114) For 90'th file, average UBM likelihood over 264 frames is -100.846
LOG (gmm-gselect[5.5.1068~1-59299]:main():gmm-gselect.cc:114) For 100'th file, average UBM likelihood over 245 frames is -101.118
LOG (gmm-gselect[5.5.1068~1-59299]:main():gmm-gselect.cc:114) For 110'th file, average UBM likelihood over 172 frames is -96.7806
LOG (apply-cmvn-sliding[5.5.1068~1-59299]:main():apply-cmvn-sliding.cc:75) Applied sliding-window cepstral mean normalization to 120 utterances, 0 had errors.
LOG (select-voiced-frames[5.5.1068~1-59299]:main():select-voiced-frames.cc:106) Done selecting voiced frames; processed 120 utterances, 0 had errors.
LOG (apply-cmvn-sliding[5.5.1068~1-59299]:main():apply-cmvn-sliding.cc:75) Applied sliding-window cepstral mean normalization to 120 utterances, 0 had errors.
LOG (select-voiced-frames[5.5.1068~1-59299]:main():select-voiced-frames.cc:106) Done selecting voiced frames; processed 120 utterances, 0 had errors.
LOG (fgmm-global-gselect-to-post[5.5.1068~1-59299]:main():fgmm-global-gselect-to-post.cc:148) Done 120 files; 0 had errors.
LOG (fgmm-global-gselect-to-post[5.5.1068~1-59299]:main():fgmm-global-gselect-to-post.cc:149) Overall loglike per frame is -92.6849 with 2.13506 entries per frame,  over 28217 frames
LOG (scale-post[5.5.1068~1-59299]:main():scale-post.cc:79) Done 120 posteriors;  0 had no scales.
LOG (gmm-gselect[5.5.1068~1-59299]:main():gmm-gselect.cc:125) Done 120 files, 0 with errors, average UBM log-likelihood is -99.1689 over 28217 frames.
# Accounting: time=1 threads=1
# Ended (code 0) at Wed Mar 15 16:45:15 CST 2023, elapsed time 1 seconds
