# gmm-gselect --n=20 exp/ivector_gauss512_dim200/extractor/final.dubm "ark,s,cs:add-deltas --delta-window=3 --delta-order=2 scp:data/train/split16/14/feats.scp ark:- | apply-cmvn-sliding --norm-vars=false --center=true --cmn-window=300 ark:- ark:- | select-voiced-frames ark:- scp,s,cs:data/train/split16/14/vad.scp ark:- |" ark:- | fgmm-global-gselect-to-post --min-post=0.025 exp/ivector_gauss512_dim200/extractor/final.ubm "ark,s,cs:add-deltas --delta-window=3 --delta-order=2 scp:data/train/split16/14/feats.scp ark:- | apply-cmvn-sliding --norm-vars=false --center=true --cmn-window=300 ark:- ark:- | select-voiced-frames ark:- scp,s,cs:data/train/split16/14/vad.scp ark:- |" ark,s,cs:- ark:- | scale-post ark:- 1.0 "ark:|gzip -c >exp/ivector_gauss512_dim200/extractor/post.14.gz" 
# Started at Wed Mar 22 15:22:20 CST 2023
#
gmm-gselect --n=20 exp/ivector_gauss512_dim200/extractor/final.dubm 'ark,s,cs:add-deltas --delta-window=3 --delta-order=2 scp:data/train/split16/14/feats.scp ark:- | apply-cmvn-sliding --norm-vars=false --center=true --cmn-window=300 ark:- ark:- | select-voiced-frames ark:- scp,s,cs:data/train/split16/14/vad.scp ark:- |' ark:- 
select-voiced-frames ark:- scp,s,cs:data/train/split16/14/vad.scp ark:- 
add-deltas --delta-window=3 --delta-order=2 scp:data/train/split16/14/feats.scp ark:- 
fgmm-global-gselect-to-post --min-post=0.025 exp/ivector_gauss512_dim200/extractor/final.ubm 'ark,s,cs:add-deltas --delta-window=3 --delta-order=2 scp:data/train/split16/14/feats.scp ark:- | apply-cmvn-sliding --norm-vars=false --center=true --cmn-window=300 ark:- ark:- | select-voiced-frames ark:- scp,s,cs:data/train/split16/14/vad.scp ark:- |' ark,s,cs:- ark:- 
apply-cmvn-sliding --norm-vars=false --center=true --cmn-window=300 ark:- ark:- 
scale-post ark:- 1.0 'ark:|gzip -c >exp/ivector_gauss512_dim200/extractor/post.14.gz' 
LOG (gmm-gselect[5.5.1068~2-59299]:main():gmm-gselect.cc:114) For 0'th file, average UBM likelihood over 295 frames is -96.7545
select-voiced-frames ark:- scp,s,cs:data/train/split16/14/vad.scp ark:- 
add-deltas --delta-window=3 --delta-order=2 scp:data/train/split16/14/feats.scp ark:- 
apply-cmvn-sliding --norm-vars=false --center=true --cmn-window=300 ark:- ark:- 
LOG (gmm-gselect[5.5.1068~2-59299]:main():gmm-gselect.cc:114) For 10'th file, average UBM likelihood over 170 frames is -101.016
LOG (gmm-gselect[5.5.1068~2-59299]:main():gmm-gselect.cc:114) For 20'th file, average UBM likelihood over 236 frames is -105.944
LOG (gmm-gselect[5.5.1068~2-59299]:main():gmm-gselect.cc:114) For 30'th file, average UBM likelihood over 125 frames is -96.0323
LOG (gmm-gselect[5.5.1068~2-59299]:main():gmm-gselect.cc:114) For 40'th file, average UBM likelihood over 302 frames is -97.9083
LOG (gmm-gselect[5.5.1068~2-59299]:main():gmm-gselect.cc:114) For 50'th file, average UBM likelihood over 202 frames is -99.3977
LOG (gmm-gselect[5.5.1068~2-59299]:main():gmm-gselect.cc:114) For 60'th file, average UBM likelihood over 150 frames is -100.538
LOG (gmm-gselect[5.5.1068~2-59299]:main():gmm-gselect.cc:114) For 70'th file, average UBM likelihood over 222 frames is -98.488
LOG (gmm-gselect[5.5.1068~2-59299]:main():gmm-gselect.cc:114) For 80'th file, average UBM likelihood over 184 frames is -98.8379
LOG (gmm-gselect[5.5.1068~2-59299]:main():gmm-gselect.cc:114) For 90'th file, average UBM likelihood over 234 frames is -100.749
LOG (gmm-gselect[5.5.1068~2-59299]:main():gmm-gselect.cc:114) For 100'th file, average UBM likelihood over 220 frames is -102.316
LOG (gmm-gselect[5.5.1068~2-59299]:main():gmm-gselect.cc:114) For 110'th file, average UBM likelihood over 252 frames is -95.7129
LOG (gmm-gselect[5.5.1068~2-59299]:main():gmm-gselect.cc:114) For 120'th file, average UBM likelihood over 165 frames is -99.4247
LOG (gmm-gselect[5.5.1068~2-59299]:main():gmm-gselect.cc:114) For 130'th file, average UBM likelihood over 239 frames is -95.0572
LOG (gmm-gselect[5.5.1068~2-59299]:main():gmm-gselect.cc:114) For 140'th file, average UBM likelihood over 230 frames is -100.386
LOG (gmm-gselect[5.5.1068~2-59299]:main():gmm-gselect.cc:114) For 150'th file, average UBM likelihood over 297 frames is -103.202
LOG (gmm-gselect[5.5.1068~2-59299]:main():gmm-gselect.cc:114) For 160'th file, average UBM likelihood over 280 frames is -94.7128
LOG (gmm-gselect[5.5.1068~2-59299]:main():gmm-gselect.cc:114) For 170'th file, average UBM likelihood over 208 frames is -97.3055
LOG (gmm-gselect[5.5.1068~2-59299]:main():gmm-gselect.cc:114) For 180'th file, average UBM likelihood over 226 frames is -96.1466
LOG (gmm-gselect[5.5.1068~2-59299]:main():gmm-gselect.cc:114) For 190'th file, average UBM likelihood over 195 frames is -100.879
LOG (gmm-gselect[5.5.1068~2-59299]:main():gmm-gselect.cc:114) For 200'th file, average UBM likelihood over 198 frames is -96.7903
LOG (gmm-gselect[5.5.1068~2-59299]:main():gmm-gselect.cc:114) For 210'th file, average UBM likelihood over 240 frames is -97.8988
LOG (gmm-gselect[5.5.1068~2-59299]:main():gmm-gselect.cc:114) For 220'th file, average UBM likelihood over 237 frames is -103.631
LOG (gmm-gselect[5.5.1068~2-59299]:main():gmm-gselect.cc:114) For 230'th file, average UBM likelihood over 201 frames is -102.584
LOG (gmm-gselect[5.5.1068~2-59299]:main():gmm-gselect.cc:114) For 240'th file, average UBM likelihood over 254 frames is -96.8786
LOG (gmm-gselect[5.5.1068~2-59299]:main():gmm-gselect.cc:114) For 250'th file, average UBM likelihood over 189 frames is -96.3777
LOG (gmm-gselect[5.5.1068~2-59299]:main():gmm-gselect.cc:114) For 260'th file, average UBM likelihood over 352 frames is -98.6394
LOG (gmm-gselect[5.5.1068~2-59299]:main():gmm-gselect.cc:114) For 270'th file, average UBM likelihood over 156 frames is -100.963
LOG (gmm-gselect[5.5.1068~2-59299]:main():gmm-gselect.cc:114) For 280'th file, average UBM likelihood over 274 frames is -100.861
LOG (apply-cmvn-sliding[5.5.1068~2-59299]:main():apply-cmvn-sliding.cc:75) Applied sliding-window cepstral mean normalization to 290 utterances, 0 had errors.
LOG (apply-cmvn-sliding[5.5.1068~2-59299]:main():apply-cmvn-sliding.cc:75) Applied sliding-window cepstral mean normalization to 290 utterances, 0 had errors.
LOG (select-voiced-frames[5.5.1068~2-59299]:main():select-voiced-frames.cc:106) Done selecting voiced frames; processed 290 utterances, 0 had errors.
LOG (select-voiced-frames[5.5.1068~2-59299]:main():select-voiced-frames.cc:106) Done selecting voiced frames; processed 290 utterances, 0 had errors.
LOG (gmm-gselect[5.5.1068~2-59299]:main():gmm-gselect.cc:125) Done 290 files, 0 with errors, average UBM log-likelihood is -98.3468 over 69687 frames.
LOG (fgmm-global-gselect-to-post[5.5.1068~2-59299]:main():fgmm-global-gselect-to-post.cc:148) Done 290 files; 0 had errors.
LOG (fgmm-global-gselect-to-post[5.5.1068~2-59299]:main():fgmm-global-gselect-to-post.cc:149) Overall loglike per frame is -91.9197 with 2.18305 entries per frame,  over 69687 frames
LOG (scale-post[5.5.1068~2-59299]:main():scale-post.cc:79) Done 290 posteriors;  0 had no scales.
# Accounting: time=2 threads=1
# Ended (code 0) at Wed Mar 22 15:22:22 CST 2023, elapsed time 2 seconds
