# gmm-gselect --n=20 exp/ivector_gauss512_dim200/extractor/final.dubm "ark,s,cs:add-deltas --delta-window=3 --delta-order=2 scp:data/train/split16/11/feats.scp ark:- | apply-cmvn-sliding --norm-vars=false --center=true --cmn-window=300 ark:- ark:- | select-voiced-frames ark:- scp,s,cs:data/train/split16/11/vad.scp ark:- |" ark:- | fgmm-global-gselect-to-post --min-post=0.025 exp/ivector_gauss512_dim200/extractor/final.ubm "ark,s,cs:add-deltas --delta-window=3 --delta-order=2 scp:data/train/split16/11/feats.scp ark:- | apply-cmvn-sliding --norm-vars=false --center=true --cmn-window=300 ark:- ark:- | select-voiced-frames ark:- scp,s,cs:data/train/split16/11/vad.scp ark:- |" ark,s,cs:- ark:- | scale-post ark:- 1.0 "ark:|gzip -c >exp/ivector_gauss512_dim200/extractor/post.11.gz" 
# Started at Wed Mar 22 15:22:20 CST 2023
#
gmm-gselect --n=20 exp/ivector_gauss512_dim200/extractor/final.dubm 'ark,s,cs:add-deltas --delta-window=3 --delta-order=2 scp:data/train/split16/11/feats.scp ark:- | apply-cmvn-sliding --norm-vars=false --center=true --cmn-window=300 ark:- ark:- | select-voiced-frames ark:- scp,s,cs:data/train/split16/11/vad.scp ark:- |' ark:- 
select-voiced-frames ark:- scp,s,cs:data/train/split16/11/vad.scp ark:- 
apply-cmvn-sliding --norm-vars=false --center=true --cmn-window=300 ark:- ark:- 
add-deltas --delta-window=3 --delta-order=2 scp:data/train/split16/11/feats.scp ark:- 
fgmm-global-gselect-to-post --min-post=0.025 exp/ivector_gauss512_dim200/extractor/final.ubm 'ark,s,cs:add-deltas --delta-window=3 --delta-order=2 scp:data/train/split16/11/feats.scp ark:- | apply-cmvn-sliding --norm-vars=false --center=true --cmn-window=300 ark:- ark:- | select-voiced-frames ark:- scp,s,cs:data/train/split16/11/vad.scp ark:- |' ark,s,cs:- ark:- 
scale-post ark:- 1.0 'ark:|gzip -c >exp/ivector_gauss512_dim200/extractor/post.11.gz' 
LOG (gmm-gselect[5.5.1068~2-59299]:main():gmm-gselect.cc:114) For 0'th file, average UBM likelihood over 254 frames is -100.425
add-deltas --delta-window=3 --delta-order=2 scp:data/train/split16/11/feats.scp ark:- 
apply-cmvn-sliding --norm-vars=false --center=true --cmn-window=300 ark:- ark:- 
select-voiced-frames ark:- scp,s,cs:data/train/split16/11/vad.scp ark:- 
LOG (gmm-gselect[5.5.1068~2-59299]:main():gmm-gselect.cc:114) For 10'th file, average UBM likelihood over 307 frames is -97.2757
LOG (gmm-gselect[5.5.1068~2-59299]:main():gmm-gselect.cc:114) For 20'th file, average UBM likelihood over 205 frames is -100.258
LOG (gmm-gselect[5.5.1068~2-59299]:main():gmm-gselect.cc:114) For 30'th file, average UBM likelihood over 230 frames is -97.4655
LOG (gmm-gselect[5.5.1068~2-59299]:main():gmm-gselect.cc:114) For 40'th file, average UBM likelihood over 309 frames is -103.757
LOG (gmm-gselect[5.5.1068~2-59299]:main():gmm-gselect.cc:114) For 50'th file, average UBM likelihood over 155 frames is -99.2221
LOG (gmm-gselect[5.5.1068~2-59299]:main():gmm-gselect.cc:114) For 60'th file, average UBM likelihood over 344 frames is -100.177
LOG (gmm-gselect[5.5.1068~2-59299]:main():gmm-gselect.cc:114) For 70'th file, average UBM likelihood over 351 frames is -98.027
LOG (gmm-gselect[5.5.1068~2-59299]:main():gmm-gselect.cc:114) For 80'th file, average UBM likelihood over 147 frames is -99.9333
LOG (gmm-gselect[5.5.1068~2-59299]:main():gmm-gselect.cc:114) For 90'th file, average UBM likelihood over 297 frames is -96.9633
LOG (gmm-gselect[5.5.1068~2-59299]:main():gmm-gselect.cc:114) For 100'th file, average UBM likelihood over 371 frames is -97.0122
LOG (gmm-gselect[5.5.1068~2-59299]:main():gmm-gselect.cc:114) For 110'th file, average UBM likelihood over 168 frames is -97.1497
LOG (gmm-gselect[5.5.1068~2-59299]:main():gmm-gselect.cc:114) For 120'th file, average UBM likelihood over 203 frames is -97.5154
LOG (gmm-gselect[5.5.1068~2-59299]:main():gmm-gselect.cc:114) For 130'th file, average UBM likelihood over 223 frames is -98.0716
LOG (gmm-gselect[5.5.1068~2-59299]:main():gmm-gselect.cc:114) For 140'th file, average UBM likelihood over 412 frames is -97.41
LOG (gmm-gselect[5.5.1068~2-59299]:main():gmm-gselect.cc:114) For 150'th file, average UBM likelihood over 191 frames is -95.9229
LOG (gmm-gselect[5.5.1068~2-59299]:main():gmm-gselect.cc:114) For 160'th file, average UBM likelihood over 333 frames is -97.0301
LOG (gmm-gselect[5.5.1068~2-59299]:main():gmm-gselect.cc:114) For 170'th file, average UBM likelihood over 338 frames is -103.951
LOG (gmm-gselect[5.5.1068~2-59299]:main():gmm-gselect.cc:114) For 180'th file, average UBM likelihood over 183 frames is -99.2111
LOG (gmm-gselect[5.5.1068~2-59299]:main():gmm-gselect.cc:114) For 190'th file, average UBM likelihood over 227 frames is -102.108
LOG (gmm-gselect[5.5.1068~2-59299]:main():gmm-gselect.cc:114) For 200'th file, average UBM likelihood over 421 frames is -100.283
LOG (gmm-gselect[5.5.1068~2-59299]:main():gmm-gselect.cc:114) For 210'th file, average UBM likelihood over 192 frames is -107.593
LOG (gmm-gselect[5.5.1068~2-59299]:main():gmm-gselect.cc:114) For 220'th file, average UBM likelihood over 224 frames is -100.897
LOG (gmm-gselect[5.5.1068~2-59299]:main():gmm-gselect.cc:114) For 230'th file, average UBM likelihood over 82 frames is -103.351
LOG (gmm-gselect[5.5.1068~2-59299]:main():gmm-gselect.cc:114) For 240'th file, average UBM likelihood over 340 frames is -95.3126
LOG (gmm-gselect[5.5.1068~2-59299]:main():gmm-gselect.cc:114) For 250'th file, average UBM likelihood over 335 frames is -100.878
LOG (gmm-gselect[5.5.1068~2-59299]:main():gmm-gselect.cc:114) For 260'th file, average UBM likelihood over 276 frames is -101.656
LOG (gmm-gselect[5.5.1068~2-59299]:main():gmm-gselect.cc:114) For 270'th file, average UBM likelihood over 308 frames is -100.197
LOG (gmm-gselect[5.5.1068~2-59299]:main():gmm-gselect.cc:114) For 280'th file, average UBM likelihood over 376 frames is -99.4808
LOG (apply-cmvn-sliding[5.5.1068~2-59299]:main():apply-cmvn-sliding.cc:75) Applied sliding-window cepstral mean normalization to 290 utterances, 0 had errors.
LOG (select-voiced-frames[5.5.1068~2-59299]:main():select-voiced-frames.cc:106) Done selecting voiced frames; processed 290 utterances, 0 had errors.
LOG (apply-cmvn-sliding[5.5.1068~2-59299]:main():apply-cmvn-sliding.cc:75) Applied sliding-window cepstral mean normalization to 290 utterances, 0 had errors.
LOG (gmm-gselect[5.5.1068~2-59299]:main():gmm-gselect.cc:125) Done 290 files, 0 with errors, average UBM log-likelihood is -99.5886 over 71087 frames.
LOG (select-voiced-frames[5.5.1068~2-59299]:main():select-voiced-frames.cc:106) Done selecting voiced frames; processed 290 utterances, 0 had errors.
LOG (fgmm-global-gselect-to-post[5.5.1068~2-59299]:main():fgmm-global-gselect-to-post.cc:148) Done 290 files; 0 had errors.
LOG (fgmm-global-gselect-to-post[5.5.1068~2-59299]:main():fgmm-global-gselect-to-post.cc:149) Overall loglike per frame is -93.3683 with 2.1278 entries per frame,  over 71087 frames
LOG (scale-post[5.5.1068~2-59299]:main():scale-post.cc:79) Done 290 posteriors;  0 had no scales.
# Accounting: time=2 threads=1
# Ended (code 0) at Wed Mar 22 15:22:22 CST 2023, elapsed time 2 seconds
