# gmm-gselect --n=20 exp/ivector_gauss512_dim200/extractor/final.dubm "ark,s,cs:add-deltas --delta-window=3 --delta-order=2 scp:data/train/split16/7/feats.scp ark:- | apply-cmvn-sliding --norm-vars=false --center=true --cmn-window=300 ark:- ark:- | select-voiced-frames ark:- scp,s,cs:data/train/split16/7/vad.scp ark:- |" ark:- | fgmm-global-gselect-to-post --min-post=0.025 exp/ivector_gauss512_dim200/extractor/final.ubm "ark,s,cs:add-deltas --delta-window=3 --delta-order=2 scp:data/train/split16/7/feats.scp ark:- | apply-cmvn-sliding --norm-vars=false --center=true --cmn-window=300 ark:- ark:- | select-voiced-frames ark:- scp,s,cs:data/train/split16/7/vad.scp ark:- |" ark,s,cs:- ark:- | scale-post ark:- 1.0 "ark:|gzip -c >exp/ivector_gauss512_dim200/extractor/post.7.gz" 
# Started at Thu Mar 16 00:41:11 CST 2023
#
gmm-gselect --n=20 exp/ivector_gauss512_dim200/extractor/final.dubm 'ark,s,cs:add-deltas --delta-window=3 --delta-order=2 scp:data/train/split16/7/feats.scp ark:- | apply-cmvn-sliding --norm-vars=false --center=true --cmn-window=300 ark:- ark:- | select-voiced-frames ark:- scp,s,cs:data/train/split16/7/vad.scp ark:- |' ark:- 
fgmm-global-gselect-to-post --min-post=0.025 exp/ivector_gauss512_dim200/extractor/final.ubm 'ark,s,cs:add-deltas --delta-window=3 --delta-order=2 scp:data/train/split16/7/feats.scp ark:- | apply-cmvn-sliding --norm-vars=false --center=true --cmn-window=300 ark:- ark:- | select-voiced-frames ark:- scp,s,cs:data/train/split16/7/vad.scp ark:- |' ark,s,cs:- ark:- 
apply-cmvn-sliding --norm-vars=false --center=true --cmn-window=300 ark:- ark:- 
scale-post ark:- 1.0 'ark:|gzip -c >exp/ivector_gauss512_dim200/extractor/post.7.gz' 
add-deltas --delta-window=3 --delta-order=2 scp:data/train/split16/7/feats.scp ark:- 
select-voiced-frames ark:- scp,s,cs:data/train/split16/7/vad.scp ark:- 
LOG (gmm-gselect[5.5.1068~2-59299]:main():gmm-gselect.cc:114) For 0'th file, average UBM likelihood over 139 frames is -99.269
apply-cmvn-sliding --norm-vars=false --center=true --cmn-window=300 ark:- ark:- 
add-deltas --delta-window=3 --delta-order=2 scp:data/train/split16/7/feats.scp ark:- 
select-voiced-frames ark:- scp,s,cs:data/train/split16/7/vad.scp ark:- 
LOG (gmm-gselect[5.5.1068~2-59299]:main():gmm-gselect.cc:114) For 10'th file, average UBM likelihood over 349 frames is -97.8368
LOG (gmm-gselect[5.5.1068~2-59299]:main():gmm-gselect.cc:114) For 20'th file, average UBM likelihood over 275 frames is -100.411
LOG (gmm-gselect[5.5.1068~2-59299]:main():gmm-gselect.cc:114) For 30'th file, average UBM likelihood over 75 frames is -102.34
LOG (gmm-gselect[5.5.1068~2-59299]:main():gmm-gselect.cc:114) For 40'th file, average UBM likelihood over 201 frames is -101.142
LOG (gmm-gselect[5.5.1068~2-59299]:main():gmm-gselect.cc:114) For 50'th file, average UBM likelihood over 186 frames is -103.211
LOG (gmm-gselect[5.5.1068~2-59299]:main():gmm-gselect.cc:114) For 60'th file, average UBM likelihood over 263 frames is -100.626
LOG (gmm-gselect[5.5.1068~2-59299]:main():gmm-gselect.cc:114) For 70'th file, average UBM likelihood over 188 frames is -100.911
LOG (gmm-gselect[5.5.1068~2-59299]:main():gmm-gselect.cc:114) For 80'th file, average UBM likelihood over 393 frames is -96.6771
LOG (gmm-gselect[5.5.1068~2-59299]:main():gmm-gselect.cc:114) For 90'th file, average UBM likelihood over 219 frames is -97.6656
LOG (gmm-gselect[5.5.1068~2-59299]:main():gmm-gselect.cc:114) For 100'th file, average UBM likelihood over 188 frames is -100.136
LOG (gmm-gselect[5.5.1068~2-59299]:main():gmm-gselect.cc:114) For 110'th file, average UBM likelihood over 145 frames is -102.62
LOG (gmm-gselect[5.5.1068~2-59299]:main():gmm-gselect.cc:114) For 120'th file, average UBM likelihood over 138 frames is -103.867
LOG (gmm-gselect[5.5.1068~2-59299]:main():gmm-gselect.cc:114) For 130'th file, average UBM likelihood over 165 frames is -102.726
LOG (gmm-gselect[5.5.1068~2-59299]:main():gmm-gselect.cc:114) For 140'th file, average UBM likelihood over 276 frames is -97.2369
LOG (gmm-gselect[5.5.1068~2-59299]:main():gmm-gselect.cc:114) For 150'th file, average UBM likelihood over 386 frames is -99.5933
LOG (gmm-gselect[5.5.1068~2-59299]:main():gmm-gselect.cc:114) For 160'th file, average UBM likelihood over 212 frames is -101.577
LOG (gmm-gselect[5.5.1068~2-59299]:main():gmm-gselect.cc:114) For 170'th file, average UBM likelihood over 279 frames is -100.737
LOG (gmm-gselect[5.5.1068~2-59299]:main():gmm-gselect.cc:114) For 180'th file, average UBM likelihood over 269 frames is -100.939
LOG (gmm-gselect[5.5.1068~2-59299]:main():gmm-gselect.cc:114) For 190'th file, average UBM likelihood over 227 frames is -95.8994
LOG (gmm-gselect[5.5.1068~2-59299]:main():gmm-gselect.cc:114) For 200'th file, average UBM likelihood over 144 frames is -102.298
LOG (gmm-gselect[5.5.1068~2-59299]:main():gmm-gselect.cc:114) For 210'th file, average UBM likelihood over 205 frames is -100.142
LOG (gmm-gselect[5.5.1068~2-59299]:main():gmm-gselect.cc:114) For 220'th file, average UBM likelihood over 164 frames is -99.286
LOG (gmm-gselect[5.5.1068~2-59299]:main():gmm-gselect.cc:114) For 230'th file, average UBM likelihood over 180 frames is -97.2135
LOG (gmm-gselect[5.5.1068~2-59299]:main():gmm-gselect.cc:114) For 240'th file, average UBM likelihood over 257 frames is -98.5092
LOG (gmm-gselect[5.5.1068~2-59299]:main():gmm-gselect.cc:114) For 250'th file, average UBM likelihood over 180 frames is -97.9407
LOG (gmm-gselect[5.5.1068~2-59299]:main():gmm-gselect.cc:114) For 260'th file, average UBM likelihood over 205 frames is -96.1767
LOG (gmm-gselect[5.5.1068~2-59299]:main():gmm-gselect.cc:114) For 270'th file, average UBM likelihood over 233 frames is -99.4893
LOG (gmm-gselect[5.5.1068~2-59299]:main():gmm-gselect.cc:114) For 280'th file, average UBM likelihood over 185 frames is -100.322
LOG (apply-cmvn-sliding[5.5.1068~2-59299]:main():apply-cmvn-sliding.cc:75) Applied sliding-window cepstral mean normalization to 290 utterances, 0 had errors.
LOG (apply-cmvn-sliding[5.5.1068~2-59299]:main():apply-cmvn-sliding.cc:75) Applied sliding-window cepstral mean normalization to 290 utterances, 0 had errors.
LOG (select-voiced-frames[5.5.1068~2-59299]:main():select-voiced-frames.cc:106) Done selecting voiced frames; processed 290 utterances, 0 had errors.
LOG (select-voiced-frames[5.5.1068~2-59299]:main():select-voiced-frames.cc:106) Done selecting voiced frames; processed 290 utterances, 0 had errors.
LOG (gmm-gselect[5.5.1068~2-59299]:main():gmm-gselect.cc:125) Done 290 files, 0 with errors, average UBM log-likelihood is -99.3339 over 68615 frames.
LOG (fgmm-global-gselect-to-post[5.5.1068~2-59299]:main():fgmm-global-gselect-to-post.cc:148) Done 290 files; 0 had errors.
LOG (fgmm-global-gselect-to-post[5.5.1068~2-59299]:main():fgmm-global-gselect-to-post.cc:149) Overall loglike per frame is -92.9572 with 2.15303 entries per frame,  over 68615 frames
LOG (scale-post[5.5.1068~2-59299]:main():scale-post.cc:79) Done 290 posteriors;  0 had no scales.
# Accounting: time=2 threads=1
# Ended (code 0) at Thu Mar 16 00:41:13 CST 2023, elapsed time 2 seconds
