# gmm-gselect --n=20 exp/ivector_gauss512_dim200/extractor/final.dubm "ark,s,cs:add-deltas --delta-window=3 --delta-order=2 scp:data/train/split40/23/feats.scp ark:- | apply-cmvn-sliding --norm-vars=false --center=true --cmn-window=300 ark:- ark:- | select-voiced-frames ark:- scp,s,cs:data/train/split40/23/vad.scp ark:- |" ark:- | fgmm-global-gselect-to-post --min-post=0.025 exp/ivector_gauss512_dim200/extractor/final.ubm "ark,s,cs:add-deltas --delta-window=3 --delta-order=2 scp:data/train/split40/23/feats.scp ark:- | apply-cmvn-sliding --norm-vars=false --center=true --cmn-window=300 ark:- ark:- | select-voiced-frames ark:- scp,s,cs:data/train/split40/23/vad.scp ark:- |" ark,s,cs:- ark:- | scale-post ark:- 1.0 "ark:|gzip -c >exp/ivector_gauss512_dim200/extractor/post.23.gz" 
# Started at Wed Mar 15 16:45:14 CST 2023
#
fgmm-global-gselect-to-post --min-post=0.025 exp/ivector_gauss512_dim200/extractor/final.ubm 'ark,s,cs:add-deltas --delta-window=3 --delta-order=2 scp:data/train/split40/23/feats.scp ark:- | apply-cmvn-sliding --norm-vars=false --center=true --cmn-window=300 ark:- ark:- | select-voiced-frames ark:- scp,s,cs:data/train/split40/23/vad.scp ark:- |' ark,s,cs:- ark:- 
scale-post ark:- 1.0 'ark:|gzip -c >exp/ivector_gauss512_dim200/extractor/post.23.gz' 
gmm-gselect --n=20 exp/ivector_gauss512_dim200/extractor/final.dubm 'ark,s,cs:add-deltas --delta-window=3 --delta-order=2 scp:data/train/split40/23/feats.scp ark:- | apply-cmvn-sliding --norm-vars=false --center=true --cmn-window=300 ark:- ark:- | select-voiced-frames ark:- scp,s,cs:data/train/split40/23/vad.scp ark:- |' ark:- 
select-voiced-frames ark:- scp,s,cs:data/train/split40/23/vad.scp ark:- 
add-deltas --delta-window=3 --delta-order=2 scp:data/train/split40/23/feats.scp ark:- 
add-deltas --delta-window=3 --delta-order=2 scp:data/train/split40/23/feats.scp ark:- 
select-voiced-frames ark:- scp,s,cs:data/train/split40/23/vad.scp ark:- 
apply-cmvn-sliding --norm-vars=false --center=true --cmn-window=300 ark:- ark:- 
apply-cmvn-sliding --norm-vars=false --center=true --cmn-window=300 ark:- ark:- 
LOG (gmm-gselect[5.5.1068~1-59299]:main():gmm-gselect.cc:114) For 0'th file, average UBM likelihood over 169 frames is -101.673
LOG (gmm-gselect[5.5.1068~1-59299]:main():gmm-gselect.cc:114) For 10'th file, average UBM likelihood over 229 frames is -97.248
LOG (gmm-gselect[5.5.1068~1-59299]:main():gmm-gselect.cc:114) For 20'th file, average UBM likelihood over 329 frames is -102.163
LOG (gmm-gselect[5.5.1068~1-59299]:main():gmm-gselect.cc:114) For 30'th file, average UBM likelihood over 181 frames is -99.6381
LOG (gmm-gselect[5.5.1068~1-59299]:main():gmm-gselect.cc:114) For 40'th file, average UBM likelihood over 184 frames is -102.31
LOG (gmm-gselect[5.5.1068~1-59299]:main():gmm-gselect.cc:114) For 50'th file, average UBM likelihood over 228 frames is -99.5164
LOG (gmm-gselect[5.5.1068~1-59299]:main():gmm-gselect.cc:114) For 60'th file, average UBM likelihood over 180 frames is -103.047
LOG (gmm-gselect[5.5.1068~1-59299]:main():gmm-gselect.cc:114) For 70'th file, average UBM likelihood over 239 frames is -103.392
LOG (gmm-gselect[5.5.1068~1-59299]:main():gmm-gselect.cc:114) For 80'th file, average UBM likelihood over 303 frames is -104.583
LOG (gmm-gselect[5.5.1068~1-59299]:main():gmm-gselect.cc:114) For 90'th file, average UBM likelihood over 326 frames is -101.597
LOG (gmm-gselect[5.5.1068~1-59299]:main():gmm-gselect.cc:114) For 100'th file, average UBM likelihood over 367 frames is -101.916
LOG (apply-cmvn-sliding[5.5.1068~1-59299]:main():apply-cmvn-sliding.cc:75) Applied sliding-window cepstral mean normalization to 110 utterances, 0 had errors.
LOG (apply-cmvn-sliding[5.5.1068~1-59299]:main():apply-cmvn-sliding.cc:75) Applied sliding-window cepstral mean normalization to 110 utterances, 0 had errors.
LOG (select-voiced-frames[5.5.1068~1-59299]:main():select-voiced-frames.cc:106) Done selecting voiced frames; processed 110 utterances, 0 had errors.
LOG (select-voiced-frames[5.5.1068~1-59299]:main():select-voiced-frames.cc:106) Done selecting voiced frames; processed 110 utterances, 0 had errors.
LOG (fgmm-global-gselect-to-post[5.5.1068~1-59299]:main():fgmm-global-gselect-to-post.cc:148) Done 110 files; 0 had errors.
LOG (fgmm-global-gselect-to-post[5.5.1068~1-59299]:main():fgmm-global-gselect-to-post.cc:149) Overall loglike per frame is -94.3252 with 2.14171 entries per frame,  over 24099 frames
LOG (scale-post[5.5.1068~1-59299]:main():scale-post.cc:79) Done 110 posteriors;  0 had no scales.
LOG (gmm-gselect[5.5.1068~1-59299]:main():gmm-gselect.cc:125) Done 110 files, 0 with errors, average UBM log-likelihood is -100.507 over 24099 frames.
# Accounting: time=1 threads=1
# Ended (code 0) at Wed Mar 15 16:45:15 CST 2023, elapsed time 1 seconds
