# gmm-gselect --n=20 exp/ivector_gauss512_dim200/extractor/final.dubm "ark,s,cs:add-deltas --delta-window=3 --delta-order=2 scp:data/train/split16/2/feats.scp ark:- | apply-cmvn-sliding --norm-vars=false --center=true --cmn-window=300 ark:- ark:- | select-voiced-frames ark:- scp,s,cs:data/train/split16/2/vad.scp ark:- |" ark:- | fgmm-global-gselect-to-post --min-post=0.025 exp/ivector_gauss512_dim200/extractor/final.ubm "ark,s,cs:add-deltas --delta-window=3 --delta-order=2 scp:data/train/split16/2/feats.scp ark:- | apply-cmvn-sliding --norm-vars=false --center=true --cmn-window=300 ark:- ark:- | select-voiced-frames ark:- scp,s,cs:data/train/split16/2/vad.scp ark:- |" ark,s,cs:- ark:- | scale-post ark:- 1.0 "ark:|gzip -c >exp/ivector_gauss512_dim200/extractor/post.2.gz" 
# Started at Thu Mar 16 00:41:11 CST 2023
#
gmm-gselect --n=20 exp/ivector_gauss512_dim200/extractor/final.dubm 'ark,s,cs:add-deltas --delta-window=3 --delta-order=2 scp:data/train/split16/2/feats.scp ark:- | apply-cmvn-sliding --norm-vars=false --center=true --cmn-window=300 ark:- ark:- | select-voiced-frames ark:- scp,s,cs:data/train/split16/2/vad.scp ark:- |' ark:- 
fgmm-global-gselect-to-post --min-post=0.025 exp/ivector_gauss512_dim200/extractor/final.ubm 'ark,s,cs:add-deltas --delta-window=3 --delta-order=2 scp:data/train/split16/2/feats.scp ark:- | apply-cmvn-sliding --norm-vars=false --center=true --cmn-window=300 ark:- ark:- | select-voiced-frames ark:- scp,s,cs:data/train/split16/2/vad.scp ark:- |' ark,s,cs:- ark:- 
scale-post ark:- 1.0 'ark:|gzip -c >exp/ivector_gauss512_dim200/extractor/post.2.gz' 
select-voiced-frames ark:- scp,s,cs:data/train/split16/2/vad.scp ark:- 
add-deltas --delta-window=3 --delta-order=2 scp:data/train/split16/2/feats.scp ark:- 
apply-cmvn-sliding --norm-vars=false --center=true --cmn-window=300 ark:- ark:- 
LOG (gmm-gselect[5.5.1068~2-59299]:main():gmm-gselect.cc:114) For 0'th file, average UBM likelihood over 325 frames is -105.095
add-deltas --delta-window=3 --delta-order=2 scp:data/train/split16/2/feats.scp ark:- 
select-voiced-frames ark:- scp,s,cs:data/train/split16/2/vad.scp ark:- 
apply-cmvn-sliding --norm-vars=false --center=true --cmn-window=300 ark:- ark:- 
LOG (gmm-gselect[5.5.1068~2-59299]:main():gmm-gselect.cc:114) For 10'th file, average UBM likelihood over 281 frames is -98.2747
LOG (gmm-gselect[5.5.1068~2-59299]:main():gmm-gselect.cc:114) For 20'th file, average UBM likelihood over 273 frames is -99.1791
LOG (gmm-gselect[5.5.1068~2-59299]:main():gmm-gselect.cc:114) For 30'th file, average UBM likelihood over 275 frames is -99.3743
LOG (gmm-gselect[5.5.1068~2-59299]:main():gmm-gselect.cc:114) For 40'th file, average UBM likelihood over 226 frames is -103.336
LOG (gmm-gselect[5.5.1068~2-59299]:main():gmm-gselect.cc:114) For 50'th file, average UBM likelihood over 309 frames is -97.8866
LOG (gmm-gselect[5.5.1068~2-59299]:main():gmm-gselect.cc:114) For 60'th file, average UBM likelihood over 232 frames is -101.666
LOG (gmm-gselect[5.5.1068~2-59299]:main():gmm-gselect.cc:114) For 70'th file, average UBM likelihood over 150 frames is -100.678
LOG (gmm-gselect[5.5.1068~2-59299]:main():gmm-gselect.cc:114) For 80'th file, average UBM likelihood over 111 frames is -95.8604
LOG (gmm-gselect[5.5.1068~2-59299]:main():gmm-gselect.cc:114) For 90'th file, average UBM likelihood over 241 frames is -99.4729
LOG (gmm-gselect[5.5.1068~2-59299]:main():gmm-gselect.cc:114) For 100'th file, average UBM likelihood over 219 frames is -99.8076
LOG (gmm-gselect[5.5.1068~2-59299]:main():gmm-gselect.cc:114) For 110'th file, average UBM likelihood over 246 frames is -100.626
LOG (gmm-gselect[5.5.1068~2-59299]:main():gmm-gselect.cc:114) For 120'th file, average UBM likelihood over 180 frames is -100.802
LOG (gmm-gselect[5.5.1068~2-59299]:main():gmm-gselect.cc:114) For 130'th file, average UBM likelihood over 185 frames is -106.369
LOG (gmm-gselect[5.5.1068~2-59299]:main():gmm-gselect.cc:114) For 140'th file, average UBM likelihood over 206 frames is -105.056
LOG (gmm-gselect[5.5.1068~2-59299]:main():gmm-gselect.cc:114) For 150'th file, average UBM likelihood over 216 frames is -98.1097
LOG (gmm-gselect[5.5.1068~2-59299]:main():gmm-gselect.cc:114) For 160'th file, average UBM likelihood over 197 frames is -98.9353
LOG (gmm-gselect[5.5.1068~2-59299]:main():gmm-gselect.cc:114) For 170'th file, average UBM likelihood over 205 frames is -95.9065
LOG (gmm-gselect[5.5.1068~2-59299]:main():gmm-gselect.cc:114) For 180'th file, average UBM likelihood over 320 frames is -100.12
LOG (gmm-gselect[5.5.1068~2-59299]:main():gmm-gselect.cc:114) For 190'th file, average UBM likelihood over 144 frames is -103.349
LOG (gmm-gselect[5.5.1068~2-59299]:main():gmm-gselect.cc:114) For 200'th file, average UBM likelihood over 251 frames is -100.891
LOG (gmm-gselect[5.5.1068~2-59299]:main():gmm-gselect.cc:114) For 210'th file, average UBM likelihood over 279 frames is -102.605
LOG (gmm-gselect[5.5.1068~2-59299]:main():gmm-gselect.cc:114) For 220'th file, average UBM likelihood over 188 frames is -99.4619
LOG (gmm-gselect[5.5.1068~2-59299]:main():gmm-gselect.cc:114) For 230'th file, average UBM likelihood over 149 frames is -97.2592
LOG (gmm-gselect[5.5.1068~2-59299]:main():gmm-gselect.cc:114) For 240'th file, average UBM likelihood over 239 frames is -101.319
LOG (gmm-gselect[5.5.1068~2-59299]:main():gmm-gselect.cc:114) For 250'th file, average UBM likelihood over 288 frames is -99.3844
LOG (gmm-gselect[5.5.1068~2-59299]:main():gmm-gselect.cc:114) For 260'th file, average UBM likelihood over 312 frames is -97.8509
LOG (gmm-gselect[5.5.1068~2-59299]:main():gmm-gselect.cc:114) For 270'th file, average UBM likelihood over 197 frames is -100.34
LOG (gmm-gselect[5.5.1068~2-59299]:main():gmm-gselect.cc:114) For 280'th file, average UBM likelihood over 162 frames is -98.9226
LOG (apply-cmvn-sliding[5.5.1068~2-59299]:main():apply-cmvn-sliding.cc:75) Applied sliding-window cepstral mean normalization to 290 utterances, 0 had errors.
LOG (apply-cmvn-sliding[5.5.1068~2-59299]:main():apply-cmvn-sliding.cc:75) Applied sliding-window cepstral mean normalization to 290 utterances, 0 had errors.
LOG (select-voiced-frames[5.5.1068~2-59299]:main():select-voiced-frames.cc:106) Done selecting voiced frames; processed 290 utterances, 0 had errors.
LOG (select-voiced-frames[5.5.1068~2-59299]:main():select-voiced-frames.cc:106) Done selecting voiced frames; processed 290 utterances, 0 had errors.
LOG (fgmm-global-gselect-to-post[5.5.1068~2-59299]:main():fgmm-global-gselect-to-post.cc:148) Done 290 files; 0 had errors.
LOG (fgmm-global-gselect-to-post[5.5.1068~2-59299]:main():fgmm-global-gselect-to-post.cc:149) Overall loglike per frame is -93.3032 with 2.12942 entries per frame,  over 68011 frames
LOG (scale-post[5.5.1068~2-59299]:main():scale-post.cc:79) Done 290 posteriors;  0 had no scales.
LOG (gmm-gselect[5.5.1068~2-59299]:main():gmm-gselect.cc:125) Done 290 files, 0 with errors, average UBM log-likelihood is -99.7384 over 68011 frames.
# Accounting: time=2 threads=1
# Ended (code 0) at Thu Mar 16 00:41:13 CST 2023, elapsed time 2 seconds
