# gmm-gselect --n=20 exp/ivector_gauss512_dim200/extractor/final.dubm "ark,s,cs:add-deltas --delta-window=3 --delta-order=2 scp:data/train/split40/36/feats.scp ark:- | apply-cmvn-sliding --norm-vars=false --center=true --cmn-window=300 ark:- ark:- | select-voiced-frames ark:- scp,s,cs:data/train/split40/36/vad.scp ark:- |" ark:- | fgmm-global-gselect-to-post --min-post=0.025 exp/ivector_gauss512_dim200/extractor/final.ubm "ark,s,cs:add-deltas --delta-window=3 --delta-order=2 scp:data/train/split40/36/feats.scp ark:- | apply-cmvn-sliding --norm-vars=false --center=true --cmn-window=300 ark:- ark:- | select-voiced-frames ark:- scp,s,cs:data/train/split40/36/vad.scp ark:- |" ark,s,cs:- ark:- | scale-post ark:- 1.0 "ark:|gzip -c >exp/ivector_gauss512_dim200/extractor/post.36.gz" 
# Started at Wed Mar 15 16:45:15 CST 2023
#
scale-post ark:- 1.0 'ark:|gzip -c >exp/ivector_gauss512_dim200/extractor/post.36.gz' 
gmm-gselect --n=20 exp/ivector_gauss512_dim200/extractor/final.dubm 'ark,s,cs:add-deltas --delta-window=3 --delta-order=2 scp:data/train/split40/36/feats.scp ark:- | apply-cmvn-sliding --norm-vars=false --center=true --cmn-window=300 ark:- ark:- | select-voiced-frames ark:- scp,s,cs:data/train/split40/36/vad.scp ark:- |' ark:- 
select-voiced-frames ark:- scp,s,cs:data/train/split40/36/vad.scp ark:- 
fgmm-global-gselect-to-post --min-post=0.025 exp/ivector_gauss512_dim200/extractor/final.ubm 'ark,s,cs:add-deltas --delta-window=3 --delta-order=2 scp:data/train/split40/36/feats.scp ark:- | apply-cmvn-sliding --norm-vars=false --center=true --cmn-window=300 ark:- ark:- | select-voiced-frames ark:- scp,s,cs:data/train/split40/36/vad.scp ark:- |' ark,s,cs:- ark:- 
add-deltas --delta-window=3 --delta-order=2 scp:data/train/split40/36/feats.scp ark:- 
apply-cmvn-sliding --norm-vars=false --center=true --cmn-window=300 ark:- ark:- 
LOG (gmm-gselect[5.5.1068~1-59299]:main():gmm-gselect.cc:114) For 0'th file, average UBM likelihood over 223 frames is -97.2503
select-voiced-frames ark:- scp,s,cs:data/train/split40/36/vad.scp ark:- 
add-deltas --delta-window=3 --delta-order=2 scp:data/train/split40/36/feats.scp ark:- 
apply-cmvn-sliding --norm-vars=false --center=true --cmn-window=300 ark:- ark:- 
LOG (gmm-gselect[5.5.1068~1-59299]:main():gmm-gselect.cc:114) For 10'th file, average UBM likelihood over 274 frames is -100.412
LOG (gmm-gselect[5.5.1068~1-59299]:main():gmm-gselect.cc:114) For 20'th file, average UBM likelihood over 271 frames is -97.3232
LOG (gmm-gselect[5.5.1068~1-59299]:main():gmm-gselect.cc:114) For 30'th file, average UBM likelihood over 210 frames is -99.3245
LOG (gmm-gselect[5.5.1068~1-59299]:main():gmm-gselect.cc:114) For 40'th file, average UBM likelihood over 314 frames is -104.098
LOG (gmm-gselect[5.5.1068~1-59299]:main():gmm-gselect.cc:114) For 50'th file, average UBM likelihood over 285 frames is -99.2392
LOG (gmm-gselect[5.5.1068~1-59299]:main():gmm-gselect.cc:114) For 60'th file, average UBM likelihood over 250 frames is -106.35
LOG (gmm-gselect[5.5.1068~1-59299]:main():gmm-gselect.cc:114) For 70'th file, average UBM likelihood over 125 frames is -104.04
LOG (gmm-gselect[5.5.1068~1-59299]:main():gmm-gselect.cc:114) For 80'th file, average UBM likelihood over 129 frames is -101.381
LOG (gmm-gselect[5.5.1068~1-59299]:main():gmm-gselect.cc:114) For 90'th file, average UBM likelihood over 210 frames is -106.12
LOG (gmm-gselect[5.5.1068~1-59299]:main():gmm-gselect.cc:114) For 100'th file, average UBM likelihood over 226 frames is -104.48
LOG (apply-cmvn-sliding[5.5.1068~1-59299]:main():apply-cmvn-sliding.cc:75) Applied sliding-window cepstral mean normalization to 110 utterances, 0 had errors.
LOG (select-voiced-frames[5.5.1068~1-59299]:main():select-voiced-frames.cc:106) Done selecting voiced frames; processed 110 utterances, 0 had errors.
LOG (apply-cmvn-sliding[5.5.1068~1-59299]:main():apply-cmvn-sliding.cc:75) Applied sliding-window cepstral mean normalization to 110 utterances, 0 had errors.
LOG (select-voiced-frames[5.5.1068~1-59299]:main():select-voiced-frames.cc:106) Done selecting voiced frames; processed 110 utterances, 0 had errors.
LOG (gmm-gselect[5.5.1068~1-59299]:main():gmm-gselect.cc:125) Done 110 files, 0 with errors, average UBM log-likelihood is -99.7046 over 26603 frames.
LOG (fgmm-global-gselect-to-post[5.5.1068~1-59299]:main():fgmm-global-gselect-to-post.cc:148) Done 110 files; 0 had errors.
LOG (fgmm-global-gselect-to-post[5.5.1068~1-59299]:main():fgmm-global-gselect-to-post.cc:149) Overall loglike per frame is -93.3528 with 2.10777 entries per frame,  over 26603 frames
LOG (scale-post[5.5.1068~1-59299]:main():scale-post.cc:79) Done 110 posteriors;  0 had no scales.
# Accounting: time=1 threads=1
# Ended (code 0) at Wed Mar 15 16:45:16 CST 2023, elapsed time 1 seconds
