# gmm-gselect --n=20 exp/ivector_gauss512_dim200/extractor/final.dubm "ark,s,cs:add-deltas --delta-window=3 --delta-order=2 scp:data/train/split40/17/feats.scp ark:- | apply-cmvn-sliding --norm-vars=false --center=true --cmn-window=300 ark:- ark:- | select-voiced-frames ark:- scp,s,cs:data/train/split40/17/vad.scp ark:- |" ark:- | fgmm-global-gselect-to-post --min-post=0.025 exp/ivector_gauss512_dim200/extractor/final.ubm "ark,s,cs:add-deltas --delta-window=3 --delta-order=2 scp:data/train/split40/17/feats.scp ark:- | apply-cmvn-sliding --norm-vars=false --center=true --cmn-window=300 ark:- ark:- | select-voiced-frames ark:- scp,s,cs:data/train/split40/17/vad.scp ark:- |" ark,s,cs:- ark:- | scale-post ark:- 1.0 "ark:|gzip -c >exp/ivector_gauss512_dim200/extractor/post.17.gz" 
# Started at Wed Mar 15 16:45:14 CST 2023
#
fgmm-global-gselect-to-post --min-post=0.025 exp/ivector_gauss512_dim200/extractor/final.ubm 'ark,s,cs:add-deltas --delta-window=3 --delta-order=2 scp:data/train/split40/17/feats.scp ark:- | apply-cmvn-sliding --norm-vars=false --center=true --cmn-window=300 ark:- ark:- | select-voiced-frames ark:- scp,s,cs:data/train/split40/17/vad.scp ark:- |' ark,s,cs:- ark:- 
gmm-gselect --n=20 exp/ivector_gauss512_dim200/extractor/final.dubm 'ark,s,cs:add-deltas --delta-window=3 --delta-order=2 scp:data/train/split40/17/feats.scp ark:- | apply-cmvn-sliding --norm-vars=false --center=true --cmn-window=300 ark:- ark:- | select-voiced-frames ark:- scp,s,cs:data/train/split40/17/vad.scp ark:- |' ark:- 
scale-post ark:- 1.0 'ark:|gzip -c >exp/ivector_gauss512_dim200/extractor/post.17.gz' 
add-deltas --delta-window=3 --delta-order=2 scp:data/train/split40/17/feats.scp ark:- 
apply-cmvn-sliding --norm-vars=false --center=true --cmn-window=300 ark:- ark:- 
apply-cmvn-sliding --norm-vars=false --center=true --cmn-window=300 ark:- ark:- 
add-deltas --delta-window=3 --delta-order=2 scp:data/train/split40/17/feats.scp ark:- 
select-voiced-frames ark:- scp,s,cs:data/train/split40/17/vad.scp ark:- 
select-voiced-frames ark:- scp,s,cs:data/train/split40/17/vad.scp ark:- 
LOG (gmm-gselect[5.5.1068~1-59299]:main():gmm-gselect.cc:114) For 0'th file, average UBM likelihood over 145 frames is -102.62
LOG (gmm-gselect[5.5.1068~1-59299]:main():gmm-gselect.cc:114) For 10'th file, average UBM likelihood over 138 frames is -103.867
LOG (gmm-gselect[5.5.1068~1-59299]:main():gmm-gselect.cc:114) For 20'th file, average UBM likelihood over 165 frames is -102.726
LOG (gmm-gselect[5.5.1068~1-59299]:main():gmm-gselect.cc:114) For 30'th file, average UBM likelihood over 276 frames is -97.2369
LOG (gmm-gselect[5.5.1068~1-59299]:main():gmm-gselect.cc:114) For 40'th file, average UBM likelihood over 386 frames is -99.5933
LOG (gmm-gselect[5.5.1068~1-59299]:main():gmm-gselect.cc:114) For 50'th file, average UBM likelihood over 212 frames is -101.577
LOG (gmm-gselect[5.5.1068~1-59299]:main():gmm-gselect.cc:114) For 60'th file, average UBM likelihood over 279 frames is -100.737
LOG (gmm-gselect[5.5.1068~1-59299]:main():gmm-gselect.cc:114) For 70'th file, average UBM likelihood over 269 frames is -100.939
LOG (gmm-gselect[5.5.1068~1-59299]:main():gmm-gselect.cc:114) For 80'th file, average UBM likelihood over 227 frames is -95.8994
LOG (gmm-gselect[5.5.1068~1-59299]:main():gmm-gselect.cc:114) For 90'th file, average UBM likelihood over 144 frames is -102.298
LOG (gmm-gselect[5.5.1068~1-59299]:main():gmm-gselect.cc:114) For 100'th file, average UBM likelihood over 205 frames is -100.142
LOG (gmm-gselect[5.5.1068~1-59299]:main():gmm-gselect.cc:114) For 110'th file, average UBM likelihood over 164 frames is -99.286
LOG (apply-cmvn-sliding[5.5.1068~1-59299]:main():apply-cmvn-sliding.cc:75) Applied sliding-window cepstral mean normalization to 120 utterances, 0 had errors.
LOG (apply-cmvn-sliding[5.5.1068~1-59299]:main():apply-cmvn-sliding.cc:75) Applied sliding-window cepstral mean normalization to 120 utterances, 0 had errors.
LOG (select-voiced-frames[5.5.1068~1-59299]:main():select-voiced-frames.cc:106) Done selecting voiced frames; processed 120 utterances, 0 had errors.
LOG (select-voiced-frames[5.5.1068~1-59299]:main():select-voiced-frames.cc:106) Done selecting voiced frames; processed 120 utterances, 0 had errors.
LOG (fgmm-global-gselect-to-post[5.5.1068~1-59299]:main():fgmm-global-gselect-to-post.cc:148) Done 120 files; 0 had errors.
LOG (fgmm-global-gselect-to-post[5.5.1068~1-59299]:main():fgmm-global-gselect-to-post.cc:149) Overall loglike per frame is -93.1256 with 2.11498 entries per frame,  over 28613 frames
LOG (gmm-gselect[5.5.1068~1-59299]:main():gmm-gselect.cc:125) Done 120 files, 0 with errors, average UBM log-likelihood is -99.6088 over 28613 frames.
LOG (scale-post[5.5.1068~1-59299]:main():scale-post.cc:79) Done 120 posteriors;  0 had no scales.
# Accounting: time=1 threads=1
# Ended (code 0) at Wed Mar 15 16:45:15 CST 2023, elapsed time 1 seconds
