# gmm-gselect --n=20 exp/ivector_gauss512_dim200/extractor/final.dubm "ark,s,cs:add-deltas --delta-window=3 --delta-order=2 scp:data/train/split40/28/feats.scp ark:- | apply-cmvn-sliding --norm-vars=false --center=true --cmn-window=300 ark:- ark:- | select-voiced-frames ark:- scp,s,cs:data/train/split40/28/vad.scp ark:- |" ark:- | fgmm-global-gselect-to-post --min-post=0.025 exp/ivector_gauss512_dim200/extractor/final.ubm "ark,s,cs:add-deltas --delta-window=3 --delta-order=2 scp:data/train/split40/28/feats.scp ark:- | apply-cmvn-sliding --norm-vars=false --center=true --cmn-window=300 ark:- ark:- | select-voiced-frames ark:- scp,s,cs:data/train/split40/28/vad.scp ark:- |" ark,s,cs:- ark:- | scale-post ark:- 1.0 "ark:|gzip -c >exp/ivector_gauss512_dim200/extractor/post.28.gz" 
# Started at Wed Mar 15 16:45:15 CST 2023
#
fgmm-global-gselect-to-post --min-post=0.025 exp/ivector_gauss512_dim200/extractor/final.ubm 'ark,s,cs:add-deltas --delta-window=3 --delta-order=2 scp:data/train/split40/28/feats.scp ark:- | apply-cmvn-sliding --norm-vars=false --center=true --cmn-window=300 ark:- ark:- | select-voiced-frames ark:- scp,s,cs:data/train/split40/28/vad.scp ark:- |' ark,s,cs:- ark:- 
gmm-gselect --n=20 exp/ivector_gauss512_dim200/extractor/final.dubm 'ark,s,cs:add-deltas --delta-window=3 --delta-order=2 scp:data/train/split40/28/feats.scp ark:- | apply-cmvn-sliding --norm-vars=false --center=true --cmn-window=300 ark:- ark:- | select-voiced-frames ark:- scp,s,cs:data/train/split40/28/vad.scp ark:- |' ark:- 
select-voiced-frames ark:- scp,s,cs:data/train/split40/28/vad.scp ark:- 
apply-cmvn-sliding --norm-vars=false --center=true --cmn-window=300 ark:- ark:- 
add-deltas --delta-window=3 --delta-order=2 scp:data/train/split40/28/feats.scp ark:- 
apply-cmvn-sliding --norm-vars=false --center=true --cmn-window=300 ark:- ark:- 
LOG (gmm-gselect[5.5.1068~1-59299]:main():gmm-gselect.cc:114) For 0'th file, average UBM likelihood over 82 frames is -103.33
scale-post ark:- 1.0 'ark:|gzip -c >exp/ivector_gauss512_dim200/extractor/post.28.gz' 
select-voiced-frames ark:- scp,s,cs:data/train/split40/28/vad.scp ark:- 
add-deltas --delta-window=3 --delta-order=2 scp:data/train/split40/28/feats.scp ark:- 
LOG (gmm-gselect[5.5.1068~1-59299]:main():gmm-gselect.cc:114) For 10'th file, average UBM likelihood over 340 frames is -95.4391
LOG (gmm-gselect[5.5.1068~1-59299]:main():gmm-gselect.cc:114) For 20'th file, average UBM likelihood over 335 frames is -100.706
LOG (gmm-gselect[5.5.1068~1-59299]:main():gmm-gselect.cc:114) For 30'th file, average UBM likelihood over 276 frames is -101.787
LOG (gmm-gselect[5.5.1068~1-59299]:main():gmm-gselect.cc:114) For 40'th file, average UBM likelihood over 308 frames is -100.423
LOG (gmm-gselect[5.5.1068~1-59299]:main():gmm-gselect.cc:114) For 50'th file, average UBM likelihood over 376 frames is -99.5172
LOG (gmm-gselect[5.5.1068~1-59299]:main():gmm-gselect.cc:114) For 60'th file, average UBM likelihood over 249 frames is -100.396
LOG (gmm-gselect[5.5.1068~1-59299]:main():gmm-gselect.cc:114) For 70'th file, average UBM likelihood over 201 frames is -96.6346
LOG (gmm-gselect[5.5.1068~1-59299]:main():gmm-gselect.cc:114) For 80'th file, average UBM likelihood over 216 frames is -100.702
LOG (gmm-gselect[5.5.1068~1-59299]:main():gmm-gselect.cc:114) For 90'th file, average UBM likelihood over 137 frames is -96.96
LOG (gmm-gselect[5.5.1068~1-59299]:main():gmm-gselect.cc:114) For 100'th file, average UBM likelihood over 356 frames is -98.613
LOG (gmm-gselect[5.5.1068~1-59299]:main():gmm-gselect.cc:114) For 110'th file, average UBM likelihood over 237 frames is -103.55
LOG (apply-cmvn-sliding[5.5.1068~1-59299]:main():apply-cmvn-sliding.cc:75) Applied sliding-window cepstral mean normalization to 120 utterances, 0 had errors.
LOG (apply-cmvn-sliding[5.5.1068~1-59299]:main():apply-cmvn-sliding.cc:75) Applied sliding-window cepstral mean normalization to 120 utterances, 0 had errors.
LOG (select-voiced-frames[5.5.1068~1-59299]:main():select-voiced-frames.cc:106) Done selecting voiced frames; processed 120 utterances, 0 had errors.
LOG (select-voiced-frames[5.5.1068~1-59299]:main():select-voiced-frames.cc:106) Done selecting voiced frames; processed 120 utterances, 0 had errors.
LOG (fgmm-global-gselect-to-post[5.5.1068~1-59299]:main():fgmm-global-gselect-to-post.cc:148) Done 120 files; 0 had errors.
LOG (fgmm-global-gselect-to-post[5.5.1068~1-59299]:main():fgmm-global-gselect-to-post.cc:149) Overall loglike per frame is -94.0448 with 2.1377 entries per frame,  over 28445 frames
LOG (scale-post[5.5.1068~1-59299]:main():scale-post.cc:79) Done 120 posteriors;  0 had no scales.
LOG (gmm-gselect[5.5.1068~1-59299]:main():gmm-gselect.cc:125) Done 120 files, 0 with errors, average UBM log-likelihood is -100.195 over 28445 frames.
# Accounting: time=1 threads=1
# Ended (code 0) at Wed Mar 15 16:45:16 CST 2023, elapsed time 1 seconds
