# ivector-extractor-est --num-threads=16 exp/ivector_gauss512_dim200/extractor/4.ie exp/ivector_gauss512_dim200/extractor/acc.4 exp/ivector_gauss512_dim200/extractor/5.ie 
# Started at Wed Mar 22 15:25:01 CST 2023
#
ivector-extractor-est --num-threads=16 exp/ivector_gauss512_dim200/extractor/4.ie exp/ivector_gauss512_dim200/extractor/acc.4 exp/ivector_gauss512_dim200/extractor/5.ie 
LOG (ivector-extractor-est[5.5.1068~2-59299]:main():ivector-extractor-est.cc:55) Reading model
LOG (ivector-extractor-est[5.5.1068~2-59299]:ComputeDerivedVars():ivector-extractor.cc:183) Computing derived variables for iVector extractor
LOG (ivector-extractor-est[5.5.1068~2-59299]:ComputeDerivedVars():ivector-extractor.cc:204) Done.
LOG (ivector-extractor-est[5.5.1068~2-59299]:main():ivector-extractor-est.cc:59) Reading statistics
LOG (ivector-extractor-est[5.5.1068~2-59299]:Update():ivector-extractor.cc:1277) Overall auxf/frame on training data was -84.8459 per frame over 1.09364e+06 frames.
LOG (ivector-extractor-est[5.5.1068~2-59299]:UpdateProjections():ivector-extractor.cc:1431) Overall objective function improvement for M (mean projections) was 0.111069 per frame over 1.09364e+06 frames.
WARNING (ivector-extractor-est[5.5.1068~2-59299]:UpdateVariances():ivector-extractor.cc:1498) Floored 1 eigenvalues of the variance floor matrix.  This is not expected.  Maybe your feature data is linearly dependent.
LOG (ivector-extractor-est[5.5.1068~2-59299]:UpdateVariances():ivector-extractor.cc:1513) For Gaussian index 0, floored 1 eigenvalues of variance.
LOG (ivector-extractor-est[5.5.1068~2-59299]:UpdateVariances():ivector-extractor.cc:1513) For Gaussian index 1, floored 1 eigenvalues of variance.
LOG (ivector-extractor-est[5.5.1068~2-59299]:UpdateVariances():ivector-extractor.cc:1513) For Gaussian index 4, floored 2 eigenvalues of variance.
LOG (ivector-extractor-est[5.5.1068~2-59299]:UpdateVariances():ivector-extractor.cc:1513) For Gaussian index 5, floored 1 eigenvalues of variance.
LOG (ivector-extractor-est[5.5.1068~2-59299]:UpdateVariances():ivector-extractor.cc:1513) For Gaussian index 6, floored 1 eigenvalues of variance.
LOG (ivector-extractor-est[5.5.1068~2-59299]:UpdateVariances():ivector-extractor.cc:1513) For Gaussian index 13, floored 1 eigenvalues of variance.
LOG (ivector-extractor-est[5.5.1068~2-59299]:UpdateVariances():ivector-extractor.cc:1513) For Gaussian index 28, floored 4 eigenvalues of variance.
LOG (ivector-extractor-est[5.5.1068~2-59299]:UpdateVariances():ivector-extractor.cc:1513) For Gaussian index 31, floored 1 eigenvalues of variance.
LOG (ivector-extractor-est[5.5.1068~2-59299]:UpdateVariances():ivector-extractor.cc:1513) For Gaussian index 32, floored 2 eigenvalues of variance.
LOG (ivector-extractor-est[5.5.1068~2-59299]:UpdateVariances():ivector-extractor.cc:1513) For Gaussian index 34, floored 2 eigenvalues of variance.
LOG (ivector-extractor-est[5.5.1068~2-59299]:UpdateVariances():ivector-extractor.cc:1513) For Gaussian index 36, floored 1 eigenvalues of variance.
LOG (ivector-extractor-est[5.5.1068~2-59299]:UpdateVariances():ivector-extractor.cc:1513) For Gaussian index 38, floored 1 eigenvalues of variance.
LOG (ivector-extractor-est[5.5.1068~2-59299]:UpdateVariances():ivector-extractor.cc:1513) For Gaussian index 39, floored 1 eigenvalues of variance.
LOG (ivector-extractor-est[5.5.1068~2-59299]:UpdateVariances():ivector-extractor.cc:1513) For Gaussian index 45, floored 1 eigenvalues of variance.
LOG (ivector-extractor-est[5.5.1068~2-59299]:UpdateVariances():ivector-extractor.cc:1513) For Gaussian index 47, floored 1 eigenvalues of variance.
LOG (ivector-extractor-est[5.5.1068~2-59299]:UpdateVariances():ivector-extractor.cc:1513) For Gaussian index 49, floored 1 eigenvalues of variance.
LOG (ivector-extractor-est[5.5.1068~2-59299]:UpdateVariances():ivector-extractor.cc:1513) For Gaussian index 52, floored 4 eigenvalues of variance.
LOG (ivector-extractor-est[5.5.1068~2-59299]:UpdateVariances():ivector-extractor.cc:1513) For Gaussian index 53, floored 1 eigenvalues of variance.
LOG (ivector-extractor-est[5.5.1068~2-59299]:UpdateVariances():ivector-extractor.cc:1513) For Gaussian index 59, floored 8 eigenvalues of variance.
LOG (ivector-extractor-est[5.5.1068~2-59299]:UpdateVariances():ivector-extractor.cc:1513) For Gaussian index 63, floored 1 eigenvalues of variance.
LOG (ivector-extractor-est[5.5.1068~2-59299]:UpdateVariances():ivector-extractor.cc:1513) For Gaussian index 66, floored 1 eigenvalues of variance.
LOG (ivector-extractor-est[5.5.1068~2-59299]:UpdateVariances():ivector-extractor.cc:1513) For Gaussian index 70, floored 3 eigenvalues of variance.
LOG (ivector-extractor-est[5.5.1068~2-59299]:UpdateVariances():ivector-extractor.cc:1513) For Gaussian index 71, floored 3 eigenvalues of variance.
LOG (ivector-extractor-est[5.5.1068~2-59299]:UpdateVariances():ivector-extractor.cc:1513) For Gaussian index 73, floored 3 eigenvalues of variance.
LOG (ivector-extractor-est[5.5.1068~2-59299]:UpdateVariances():ivector-extractor.cc:1513) For Gaussian index 75, floored 2 eigenvalues of variance.
LOG (ivector-extractor-est[5.5.1068~2-59299]:UpdateVariances():ivector-extractor.cc:1513) For Gaussian index 78, floored 1 eigenvalues of variance.
LOG (ivector-extractor-est[5.5.1068~2-59299]:UpdateVariances():ivector-extractor.cc:1513) For Gaussian index 79, floored 7 eigenvalues of variance.
LOG (ivector-extractor-est[5.5.1068~2-59299]:UpdateVariances():ivector-extractor.cc:1513) For Gaussian index 80, floored 1 eigenvalues of variance.
LOG (ivector-extractor-est[5.5.1068~2-59299]:UpdateVariances():ivector-extractor.cc:1513) For Gaussian index 81, floored 1 eigenvalues of variance.
LOG (ivector-extractor-est[5.5.1068~2-59299]:UpdateVariances():ivector-extractor.cc:1513) For Gaussian index 83, floored 1 eigenvalues of variance.
LOG (ivector-extractor-est[5.5.1068~2-59299]:UpdateVariances():ivector-extractor.cc:1513) For Gaussian index 84, floored 1 eigenvalues of variance.
LOG (ivector-extractor-est[5.5.1068~2-59299]:UpdateVariances():ivector-extractor.cc:1513) For Gaussian index 90, floored 1 eigenvalues of variance.
LOG (ivector-extractor-est[5.5.1068~2-59299]:UpdateVariances():ivector-extractor.cc:1513) For Gaussian index 95, floored 1 eigenvalues of variance.
LOG (ivector-extractor-est[5.5.1068~2-59299]:UpdateVariances():ivector-extractor.cc:1513) For Gaussian index 97, floored 1 eigenvalues of variance.
LOG (ivector-extractor-est[5.5.1068~2-59299]:UpdateVariances():ivector-extractor.cc:1513) For Gaussian index 98, floored 4 eigenvalues of variance.
LOG (ivector-extractor-est[5.5.1068~2-59299]:UpdateVariances():ivector-extractor.cc:1513) For Gaussian index 102, floored 1 eigenvalues of variance.
LOG (ivector-extractor-est[5.5.1068~2-59299]:UpdateVariances():ivector-extractor.cc:1513) For Gaussian index 103, floored 3 eigenvalues of variance.
LOG (ivector-extractor-est[5.5.1068~2-59299]:UpdateVariances():ivector-extractor.cc:1513) For Gaussian index 108, floored 4 eigenvalues of variance.
LOG (ivector-extractor-est[5.5.1068~2-59299]:UpdateVariances():ivector-extractor.cc:1513) For Gaussian index 111, floored 1 eigenvalues of variance.
LOG (ivector-extractor-est[5.5.1068~2-59299]:UpdateVariances():ivector-extractor.cc:1513) For Gaussian index 112, floored 3 eigenvalues of variance.
LOG (ivector-extractor-est[5.5.1068~2-59299]:UpdateVariances():ivector-extractor.cc:1513) For Gaussian index 113, floored 1 eigenvalues of variance.
LOG (ivector-extractor-est[5.5.1068~2-59299]:UpdateVariances():ivector-extractor.cc:1513) For Gaussian index 114, floored 3 eigenvalues of variance.
LOG (ivector-extractor-est[5.5.1068~2-59299]:UpdateVariances():ivector-extractor.cc:1513) For Gaussian index 118, floored 1 eigenvalues of variance.
LOG (ivector-extractor-est[5.5.1068~2-59299]:UpdateVariances():ivector-extractor.cc:1513) For Gaussian index 119, floored 1 eigenvalues of variance.
LOG (ivector-extractor-est[5.5.1068~2-59299]:UpdateVariances():ivector-extractor.cc:1513) For Gaussian index 123, floored 1 eigenvalues of variance.
LOG (ivector-extractor-est[5.5.1068~2-59299]:UpdateVariances():ivector-extractor.cc:1513) For Gaussian index 129, floored 2 eigenvalues of variance.
LOG (ivector-extractor-est[5.5.1068~2-59299]:UpdateVariances():ivector-extractor.cc:1513) For Gaussian index 130, floored 1 eigenvalues of variance.
LOG (ivector-extractor-est[5.5.1068~2-59299]:UpdateVariances():ivector-extractor.cc:1513) For Gaussian index 134, floored 1 eigenvalues of variance.
LOG (ivector-extractor-est[5.5.1068~2-59299]:UpdateVariances():ivector-extractor.cc:1513) For Gaussian index 136, floored 1 eigenvalues of variance.
LOG (ivector-extractor-est[5.5.1068~2-59299]:UpdateVariances():ivector-extractor.cc:1513) For Gaussian index 138, floored 10 eigenvalues of variance.
LOG (ivector-extractor-est[5.5.1068~2-59299]:UpdateVariances():ivector-extractor.cc:1513) For Gaussian index 143, floored 3 eigenvalues of variance.
LOG (ivector-extractor-est[5.5.1068~2-59299]:UpdateVariances():ivector-extractor.cc:1513) For Gaussian index 146, floored 2 eigenvalues of variance.
LOG (ivector-extractor-est[5.5.1068~2-59299]:UpdateVariances():ivector-extractor.cc:1513) For Gaussian index 147, floored 1 eigenvalues of variance.
LOG (ivector-extractor-est[5.5.1068~2-59299]:UpdateVariances():ivector-extractor.cc:1513) For Gaussian index 148, floored 1 eigenvalues of variance.
LOG (ivector-extractor-est[5.5.1068~2-59299]:UpdateVariances():ivector-extractor.cc:1513) For Gaussian index 150, floored 1 eigenvalues of variance.
LOG (ivector-extractor-est[5.5.1068~2-59299]:UpdateVariances():ivector-extractor.cc:1513) For Gaussian index 152, floored 3 eigenvalues of variance.
LOG (ivector-extractor-est[5.5.1068~2-59299]:UpdateVariances():ivector-extractor.cc:1513) For Gaussian index 153, floored 2 eigenvalues of variance.
LOG (ivector-extractor-est[5.5.1068~2-59299]:UpdateVariances():ivector-extractor.cc:1513) For Gaussian index 154, floored 7 eigenvalues of variance.
LOG (ivector-extractor-est[5.5.1068~2-59299]:UpdateVariances():ivector-extractor.cc:1513) For Gaussian index 155, floored 6 eigenvalues of variance.
LOG (ivector-extractor-est[5.5.1068~2-59299]:UpdateVariances():ivector-extractor.cc:1513) For Gaussian index 156, floored 1 eigenvalues of variance.
LOG (ivector-extractor-est[5.5.1068~2-59299]:UpdateVariances():ivector-extractor.cc:1513) For Gaussian index 157, floored 1 eigenvalues of variance.
LOG (ivector-extractor-est[5.5.1068~2-59299]:UpdateVariances():ivector-extractor.cc:1513) For Gaussian index 158, floored 3 eigenvalues of variance.
LOG (ivector-extractor-est[5.5.1068~2-59299]:UpdateVariances():ivector-extractor.cc:1513) For Gaussian index 160, floored 1 eigenvalues of variance.
LOG (ivector-extractor-est[5.5.1068~2-59299]:UpdateVariances():ivector-extractor.cc:1513) For Gaussian index 162, floored 1 eigenvalues of variance.
LOG (ivector-extractor-est[5.5.1068~2-59299]:UpdateVariances():ivector-extractor.cc:1513) For Gaussian index 165, floored 1 eigenvalues of variance.
LOG (ivector-extractor-est[5.5.1068~2-59299]:UpdateVariances():ivector-extractor.cc:1513) For Gaussian index 171, floored 1 eigenvalues of variance.
LOG (ivector-extractor-est[5.5.1068~2-59299]:UpdateVariances():ivector-extractor.cc:1513) For Gaussian index 174, floored 1 eigenvalues of variance.
LOG (ivector-extractor-est[5.5.1068~2-59299]:UpdateVariances():ivector-extractor.cc:1513) For Gaussian index 175, floored 1 eigenvalues of variance.
LOG (ivector-extractor-est[5.5.1068~2-59299]:UpdateVariances():ivector-extractor.cc:1513) For Gaussian index 176, floored 1 eigenvalues of variance.
LOG (ivector-extractor-est[5.5.1068~2-59299]:UpdateVariances():ivector-extractor.cc:1513) For Gaussian index 177, floored 4 eigenvalues of variance.
LOG (ivector-extractor-est[5.5.1068~2-59299]:UpdateVariances():ivector-extractor.cc:1513) For Gaussian index 181, floored 1 eigenvalues of variance.
LOG (ivector-extractor-est[5.5.1068~2-59299]:UpdateVariances():ivector-extractor.cc:1513) For Gaussian index 183, floored 1 eigenvalues of variance.
LOG (ivector-extractor-est[5.5.1068~2-59299]:UpdateVariances():ivector-extractor.cc:1513) For Gaussian index 184, floored 1 eigenvalues of variance.
LOG (ivector-extractor-est[5.5.1068~2-59299]:UpdateVariances():ivector-extractor.cc:1513) For Gaussian index 185, floored 1 eigenvalues of variance.
LOG (ivector-extractor-est[5.5.1068~2-59299]:UpdateVariances():ivector-extractor.cc:1513) For Gaussian index 186, floored 1 eigenvalues of variance.
LOG (ivector-extractor-est[5.5.1068~2-59299]:UpdateVariances():ivector-extractor.cc:1513) For Gaussian index 188, floored 10 eigenvalues of variance.
LOG (ivector-extractor-est[5.5.1068~2-59299]:UpdateVariances():ivector-extractor.cc:1513) For Gaussian index 189, floored 1 eigenvalues of variance.
LOG (ivector-extractor-est[5.5.1068~2-59299]:UpdateVariances():ivector-extractor.cc:1513) For Gaussian index 190, floored 6 eigenvalues of variance.
LOG (ivector-extractor-est[5.5.1068~2-59299]:UpdateVariances():ivector-extractor.cc:1513) For Gaussian index 192, floored 2 eigenvalues of variance.
LOG (ivector-extractor-est[5.5.1068~2-59299]:UpdateVariances():ivector-extractor.cc:1513) For Gaussian index 196, floored 3 eigenvalues of variance.
LOG (ivector-extractor-est[5.5.1068~2-59299]:UpdateVariances():ivector-extractor.cc:1513) For Gaussian index 199, floored 1 eigenvalues of variance.
LOG (ivector-extractor-est[5.5.1068~2-59299]:UpdateVariances():ivector-extractor.cc:1513) For Gaussian index 201, floored 6 eigenvalues of variance.
LOG (ivector-extractor-est[5.5.1068~2-59299]:UpdateVariances():ivector-extractor.cc:1513) For Gaussian index 202, floored 6 eigenvalues of variance.
LOG (ivector-extractor-est[5.5.1068~2-59299]:UpdateVariances():ivector-extractor.cc:1513) For Gaussian index 206, floored 1 eigenvalues of variance.
LOG (ivector-extractor-est[5.5.1068~2-59299]:UpdateVariances():ivector-extractor.cc:1513) For Gaussian index 213, floored 1 eigenvalues of variance.
LOG (ivector-extractor-est[5.5.1068~2-59299]:UpdateVariances():ivector-extractor.cc:1513) For Gaussian index 217, floored 2 eigenvalues of variance.
LOG (ivector-extractor-est[5.5.1068~2-59299]:UpdateVariances():ivector-extractor.cc:1513) For Gaussian index 222, floored 1 eigenvalues of variance.
LOG (ivector-extractor-est[5.5.1068~2-59299]:UpdateVariances():ivector-extractor.cc:1513) For Gaussian index 227, floored 1 eigenvalues of variance.
LOG (ivector-extractor-est[5.5.1068~2-59299]:UpdateVariances():ivector-extractor.cc:1513) For Gaussian index 233, floored 1 eigenvalues of variance.
LOG (ivector-extractor-est[5.5.1068~2-59299]:UpdateVariances():ivector-extractor.cc:1513) For Gaussian index 234, floored 4 eigenvalues of variance.
LOG (ivector-extractor-est[5.5.1068~2-59299]:UpdateVariances():ivector-extractor.cc:1513) For Gaussian index 236, floored 1 eigenvalues of variance.
LOG (ivector-extractor-est[5.5.1068~2-59299]:UpdateVariances():ivector-extractor.cc:1513) For Gaussian index 237, floored 1 eigenvalues of variance.
LOG (ivector-extractor-est[5.5.1068~2-59299]:UpdateVariances():ivector-extractor.cc:1513) For Gaussian index 240, floored 6 eigenvalues of variance.
LOG (ivector-extractor-est[5.5.1068~2-59299]:UpdateVariances():ivector-extractor.cc:1513) For Gaussian index 241, floored 1 eigenvalues of variance.
LOG (ivector-extractor-est[5.5.1068~2-59299]:UpdateVariances():ivector-extractor.cc:1513) For Gaussian index 246, floored 1 eigenvalues of variance.
LOG (ivector-extractor-est[5.5.1068~2-59299]:UpdateVariances():ivector-extractor.cc:1513) For Gaussian index 247, floored 1 eigenvalues of variance.
LOG (ivector-extractor-est[5.5.1068~2-59299]:UpdateVariances():ivector-extractor.cc:1513) For Gaussian index 248, floored 1 eigenvalues of variance.
LOG (ivector-extractor-est[5.5.1068~2-59299]:UpdateVariances():ivector-extractor.cc:1513) For Gaussian index 251, floored 2 eigenvalues of variance.
LOG (ivector-extractor-est[5.5.1068~2-59299]:UpdateVariances():ivector-extractor.cc:1513) For Gaussian index 252, floored 7 eigenvalues of variance.
LOG (ivector-extractor-est[5.5.1068~2-59299]:UpdateVariances():ivector-extractor.cc:1513) For Gaussian index 254, floored 11 eigenvalues of variance.
LOG (ivector-extractor-est[5.5.1068~2-59299]:UpdateVariances():ivector-extractor.cc:1513) For Gaussian index 257, floored 1 eigenvalues of variance.
LOG (ivector-extractor-est[5.5.1068~2-59299]:UpdateVariances():ivector-extractor.cc:1513) For Gaussian index 258, floored 1 eigenvalues of variance.
LOG (ivector-extractor-est[5.5.1068~2-59299]:UpdateVariances():ivector-extractor.cc:1513) For Gaussian index 259, floored 1 eigenvalues of variance.
LOG (ivector-extractor-est[5.5.1068~2-59299]:UpdateVariances():ivector-extractor.cc:1513) For Gaussian index 260, floored 3 eigenvalues of variance.
LOG (ivector-extractor-est[5.5.1068~2-59299]:UpdateVariances():ivector-extractor.cc:1513) For Gaussian index 261, floored 5 eigenvalues of variance.
LOG (ivector-extractor-est[5.5.1068~2-59299]:UpdateVariances():ivector-extractor.cc:1513) For Gaussian index 262, floored 1 eigenvalues of variance.
LOG (ivector-extractor-est[5.5.1068~2-59299]:UpdateVariances():ivector-extractor.cc:1513) For Gaussian index 263, floored 1 eigenvalues of variance.
LOG (ivector-extractor-est[5.5.1068~2-59299]:UpdateVariances():ivector-extractor.cc:1513) For Gaussian index 265, floored 2 eigenvalues of variance.
LOG (ivector-extractor-est[5.5.1068~2-59299]:UpdateVariances():ivector-extractor.cc:1513) For Gaussian index 266, floored 3 eigenvalues of variance.
LOG (ivector-extractor-est[5.5.1068~2-59299]:UpdateVariances():ivector-extractor.cc:1513) For Gaussian index 267, floored 8 eigenvalues of variance.
LOG (ivector-extractor-est[5.5.1068~2-59299]:UpdateVariances():ivector-extractor.cc:1513) For Gaussian index 270, floored 1 eigenvalues of variance.
LOG (ivector-extractor-est[5.5.1068~2-59299]:UpdateVariances():ivector-extractor.cc:1513) For Gaussian index 271, floored 1 eigenvalues of variance.
LOG (ivector-extractor-est[5.5.1068~2-59299]:UpdateVariances():ivector-extractor.cc:1513) For Gaussian index 272, floored 11 eigenvalues of variance.
LOG (ivector-extractor-est[5.5.1068~2-59299]:UpdateVariances():ivector-extractor.cc:1513) For Gaussian index 273, floored 5 eigenvalues of variance.
LOG (ivector-extractor-est[5.5.1068~2-59299]:UpdateVariances():ivector-extractor.cc:1513) For Gaussian index 274, floored 1 eigenvalues of variance.
LOG (ivector-extractor-est[5.5.1068~2-59299]:UpdateVariances():ivector-extractor.cc:1513) For Gaussian index 278, floored 3 eigenvalues of variance.
LOG (ivector-extractor-est[5.5.1068~2-59299]:UpdateVariances():ivector-extractor.cc:1513) For Gaussian index 281, floored 7 eigenvalues of variance.
LOG (ivector-extractor-est[5.5.1068~2-59299]:UpdateVariances():ivector-extractor.cc:1513) For Gaussian index 283, floored 3 eigenvalues of variance.
LOG (ivector-extractor-est[5.5.1068~2-59299]:UpdateVariances():ivector-extractor.cc:1513) For Gaussian index 284, floored 2 eigenvalues of variance.
LOG (ivector-extractor-est[5.5.1068~2-59299]:UpdateVariances():ivector-extractor.cc:1513) For Gaussian index 285, floored 6 eigenvalues of variance.
LOG (ivector-extractor-est[5.5.1068~2-59299]:UpdateVariances():ivector-extractor.cc:1513) For Gaussian index 286, floored 3 eigenvalues of variance.
LOG (ivector-extractor-est[5.5.1068~2-59299]:UpdateVariances():ivector-extractor.cc:1513) For Gaussian index 287, floored 11 eigenvalues of variance.
LOG (ivector-extractor-est[5.5.1068~2-59299]:UpdateVariances():ivector-extractor.cc:1513) For Gaussian index 288, floored 1 eigenvalues of variance.
LOG (ivector-extractor-est[5.5.1068~2-59299]:UpdateVariances():ivector-extractor.cc:1513) For Gaussian index 289, floored 1 eigenvalues of variance.
LOG (ivector-extractor-est[5.5.1068~2-59299]:UpdateVariances():ivector-extractor.cc:1513) For Gaussian index 291, floored 10 eigenvalues of variance.
LOG (ivector-extractor-est[5.5.1068~2-59299]:UpdateVariances():ivector-extractor.cc:1513) For Gaussian index 292, floored 3 eigenvalues of variance.
LOG (ivector-extractor-est[5.5.1068~2-59299]:UpdateVariances():ivector-extractor.cc:1513) For Gaussian index 296, floored 8 eigenvalues of variance.
LOG (ivector-extractor-est[5.5.1068~2-59299]:UpdateVariances():ivector-extractor.cc:1513) For Gaussian index 297, floored 3 eigenvalues of variance.
LOG (ivector-extractor-est[5.5.1068~2-59299]:UpdateVariances():ivector-extractor.cc:1513) For Gaussian index 299, floored 6 eigenvalues of variance.
LOG (ivector-extractor-est[5.5.1068~2-59299]:UpdateVariances():ivector-extractor.cc:1513) For Gaussian index 300, floored 1 eigenvalues of variance.
LOG (ivector-extractor-est[5.5.1068~2-59299]:UpdateVariances():ivector-extractor.cc:1513) For Gaussian index 304, floored 2 eigenvalues of variance.
LOG (ivector-extractor-est[5.5.1068~2-59299]:UpdateVariances():ivector-extractor.cc:1513) For Gaussian index 306, floored 6 eigenvalues of variance.
LOG (ivector-extractor-est[5.5.1068~2-59299]:UpdateVariances():ivector-extractor.cc:1513) For Gaussian index 307, floored 4 eigenvalues of variance.
LOG (ivector-extractor-est[5.5.1068~2-59299]:UpdateVariances():ivector-extractor.cc:1513) For Gaussian index 308, floored 1 eigenvalues of variance.
LOG (ivector-extractor-est[5.5.1068~2-59299]:UpdateVariances():ivector-extractor.cc:1513) For Gaussian index 309, floored 1 eigenvalues of variance.
LOG (ivector-extractor-est[5.5.1068~2-59299]:UpdateVariances():ivector-extractor.cc:1513) For Gaussian index 311, floored 2 eigenvalues of variance.
LOG (ivector-extractor-est[5.5.1068~2-59299]:UpdateVariances():ivector-extractor.cc:1513) For Gaussian index 312, floored 1 eigenvalues of variance.
LOG (ivector-extractor-est[5.5.1068~2-59299]:UpdateVariances():ivector-extractor.cc:1513) For Gaussian index 314, floored 1 eigenvalues of variance.
LOG (ivector-extractor-est[5.5.1068~2-59299]:UpdateVariances():ivector-extractor.cc:1513) For Gaussian index 317, floored 2 eigenvalues of variance.
LOG (ivector-extractor-est[5.5.1068~2-59299]:UpdateVariances():ivector-extractor.cc:1513) For Gaussian index 318, floored 5 eigenvalues of variance.
LOG (ivector-extractor-est[5.5.1068~2-59299]:UpdateVariances():ivector-extractor.cc:1513) For Gaussian index 321, floored 4 eigenvalues of variance.
LOG (ivector-extractor-est[5.5.1068~2-59299]:UpdateVariances():ivector-extractor.cc:1513) For Gaussian index 322, floored 5 eigenvalues of variance.
LOG (ivector-extractor-est[5.5.1068~2-59299]:UpdateVariances():ivector-extractor.cc:1513) For Gaussian index 324, floored 10 eigenvalues of variance.
LOG (ivector-extractor-est[5.5.1068~2-59299]:UpdateVariances():ivector-extractor.cc:1513) For Gaussian index 326, floored 2 eigenvalues of variance.
LOG (ivector-extractor-est[5.5.1068~2-59299]:UpdateVariances():ivector-extractor.cc:1513) For Gaussian index 327, floored 7 eigenvalues of variance.
LOG (ivector-extractor-est[5.5.1068~2-59299]:UpdateVariances():ivector-extractor.cc:1513) For Gaussian index 329, floored 3 eigenvalues of variance.
LOG (ivector-extractor-est[5.5.1068~2-59299]:UpdateVariances():ivector-extractor.cc:1513) For Gaussian index 330, floored 2 eigenvalues of variance.
LOG (ivector-extractor-est[5.5.1068~2-59299]:UpdateVariances():ivector-extractor.cc:1513) For Gaussian index 331, floored 2 eigenvalues of variance.
LOG (ivector-extractor-est[5.5.1068~2-59299]:UpdateVariances():ivector-extractor.cc:1513) For Gaussian index 333, floored 12 eigenvalues of variance.
LOG (ivector-extractor-est[5.5.1068~2-59299]:UpdateVariances():ivector-extractor.cc:1513) For Gaussian index 335, floored 1 eigenvalues of variance.
LOG (ivector-extractor-est[5.5.1068~2-59299]:UpdateVariances():ivector-extractor.cc:1513) For Gaussian index 336, floored 1 eigenvalues of variance.
LOG (ivector-extractor-est[5.5.1068~2-59299]:UpdateVariances():ivector-extractor.cc:1513) For Gaussian index 338, floored 3 eigenvalues of variance.
LOG (ivector-extractor-est[5.5.1068~2-59299]:UpdateVariances():ivector-extractor.cc:1513) For Gaussian index 339, floored 6 eigenvalues of variance.
LOG (ivector-extractor-est[5.5.1068~2-59299]:UpdateVariances():ivector-extractor.cc:1513) For Gaussian index 340, floored 1 eigenvalues of variance.
LOG (ivector-extractor-est[5.5.1068~2-59299]:UpdateVariances():ivector-extractor.cc:1513) For Gaussian index 343, floored 2 eigenvalues of variance.
LOG (ivector-extractor-est[5.5.1068~2-59299]:UpdateVariances():ivector-extractor.cc:1513) For Gaussian index 344, floored 1 eigenvalues of variance.
LOG (ivector-extractor-est[5.5.1068~2-59299]:UpdateVariances():ivector-extractor.cc:1513) For Gaussian index 345, floored 4 eigenvalues of variance.
LOG (ivector-extractor-est[5.5.1068~2-59299]:UpdateVariances():ivector-extractor.cc:1513) For Gaussian index 346, floored 4 eigenvalues of variance.
LOG (ivector-extractor-est[5.5.1068~2-59299]:UpdateVariances():ivector-extractor.cc:1513) For Gaussian index 347, floored 1 eigenvalues of variance.
LOG (ivector-extractor-est[5.5.1068~2-59299]:UpdateVariances():ivector-extractor.cc:1513) For Gaussian index 348, floored 1 eigenvalues of variance.
LOG (ivector-extractor-est[5.5.1068~2-59299]:UpdateVariances():ivector-extractor.cc:1513) For Gaussian index 349, floored 2 eigenvalues of variance.
LOG (ivector-extractor-est[5.5.1068~2-59299]:UpdateVariances():ivector-extractor.cc:1513) For Gaussian index 350, floored 1 eigenvalues of variance.
LOG (ivector-extractor-est[5.5.1068~2-59299]:UpdateVariances():ivector-extractor.cc:1513) For Gaussian index 351, floored 1 eigenvalues of variance.
LOG (ivector-extractor-est[5.5.1068~2-59299]:UpdateVariances():ivector-extractor.cc:1513) For Gaussian index 352, floored 6 eigenvalues of variance.
LOG (ivector-extractor-est[5.5.1068~2-59299]:UpdateVariances():ivector-extractor.cc:1513) For Gaussian index 353, floored 6 eigenvalues of variance.
LOG (ivector-extractor-est[5.5.1068~2-59299]:UpdateVariances():ivector-extractor.cc:1513) For Gaussian index 354, floored 1 eigenvalues of variance.
LOG (ivector-extractor-est[5.5.1068~2-59299]:UpdateVariances():ivector-extractor.cc:1513) For Gaussian index 355, floored 1 eigenvalues of variance.
LOG (ivector-extractor-est[5.5.1068~2-59299]:UpdateVariances():ivector-extractor.cc:1513) For Gaussian index 356, floored 1 eigenvalues of variance.
LOG (ivector-extractor-est[5.5.1068~2-59299]:UpdateVariances():ivector-extractor.cc:1513) For Gaussian index 357, floored 8 eigenvalues of variance.
LOG (ivector-extractor-est[5.5.1068~2-59299]:UpdateVariances():ivector-extractor.cc:1513) For Gaussian index 362, floored 8 eigenvalues of variance.
LOG (ivector-extractor-est[5.5.1068~2-59299]:UpdateVariances():ivector-extractor.cc:1513) For Gaussian index 363, floored 3 eigenvalues of variance.
LOG (ivector-extractor-est[5.5.1068~2-59299]:UpdateVariances():ivector-extractor.cc:1513) For Gaussian index 364, floored 2 eigenvalues of variance.
LOG (ivector-extractor-est[5.5.1068~2-59299]:UpdateVariances():ivector-extractor.cc:1513) For Gaussian index 365, floored 1 eigenvalues of variance.
LOG (ivector-extractor-est[5.5.1068~2-59299]:UpdateVariances():ivector-extractor.cc:1513) For Gaussian index 366, floored 1 eigenvalues of variance.
LOG (ivector-extractor-est[5.5.1068~2-59299]:UpdateVariances():ivector-extractor.cc:1513) For Gaussian index 367, floored 7 eigenvalues of variance.
LOG (ivector-extractor-est[5.5.1068~2-59299]:UpdateVariances():ivector-extractor.cc:1513) For Gaussian index 372, floored 5 eigenvalues of variance.
LOG (ivector-extractor-est[5.5.1068~2-59299]:UpdateVariances():ivector-extractor.cc:1513) For Gaussian index 374, floored 6 eigenvalues of variance.
LOG (ivector-extractor-est[5.5.1068~2-59299]:UpdateVariances():ivector-extractor.cc:1513) For Gaussian index 375, floored 3 eigenvalues of variance.
LOG (ivector-extractor-est[5.5.1068~2-59299]:UpdateVariances():ivector-extractor.cc:1513) For Gaussian index 376, floored 6 eigenvalues of variance.
LOG (ivector-extractor-est[5.5.1068~2-59299]:UpdateVariances():ivector-extractor.cc:1513) For Gaussian index 377, floored 1 eigenvalues of variance.
LOG (ivector-extractor-est[5.5.1068~2-59299]:UpdateVariances():ivector-extractor.cc:1513) For Gaussian index 378, floored 5 eigenvalues of variance.
LOG (ivector-extractor-est[5.5.1068~2-59299]:UpdateVariances():ivector-extractor.cc:1513) For Gaussian index 381, floored 1 eigenvalues of variance.
LOG (ivector-extractor-est[5.5.1068~2-59299]:UpdateVariances():ivector-extractor.cc:1513) For Gaussian index 382, floored 2 eigenvalues of variance.
LOG (ivector-extractor-est[5.5.1068~2-59299]:UpdateVariances():ivector-extractor.cc:1513) For Gaussian index 384, floored 1 eigenvalues of variance.
LOG (ivector-extractor-est[5.5.1068~2-59299]:UpdateVariances():ivector-extractor.cc:1513) For Gaussian index 386, floored 5 eigenvalues of variance.
LOG (ivector-extractor-est[5.5.1068~2-59299]:UpdateVariances():ivector-extractor.cc:1513) For Gaussian index 389, floored 1 eigenvalues of variance.
LOG (ivector-extractor-est[5.5.1068~2-59299]:UpdateVariances():ivector-extractor.cc:1513) For Gaussian index 396, floored 1 eigenvalues of variance.
LOG (ivector-extractor-est[5.5.1068~2-59299]:UpdateVariances():ivector-extractor.cc:1513) For Gaussian index 397, floored 6 eigenvalues of variance.
LOG (ivector-extractor-est[5.5.1068~2-59299]:UpdateVariances():ivector-extractor.cc:1513) For Gaussian index 398, floored 6 eigenvalues of variance.
LOG (ivector-extractor-est[5.5.1068~2-59299]:UpdateVariances():ivector-extractor.cc:1513) For Gaussian index 406, floored 2 eigenvalues of variance.
LOG (ivector-extractor-est[5.5.1068~2-59299]:UpdateVariances():ivector-extractor.cc:1513) For Gaussian index 407, floored 1 eigenvalues of variance.
LOG (ivector-extractor-est[5.5.1068~2-59299]:UpdateVariances():ivector-extractor.cc:1513) For Gaussian index 408, floored 2 eigenvalues of variance.
LOG (ivector-extractor-est[5.5.1068~2-59299]:UpdateVariances():ivector-extractor.cc:1513) For Gaussian index 418, floored 3 eigenvalues of variance.
LOG (ivector-extractor-est[5.5.1068~2-59299]:UpdateVariances():ivector-extractor.cc:1513) For Gaussian index 421, floored 1 eigenvalues of variance.
LOG (ivector-extractor-est[5.5.1068~2-59299]:UpdateVariances():ivector-extractor.cc:1513) For Gaussian index 425, floored 1 eigenvalues of variance.
LOG (ivector-extractor-est[5.5.1068~2-59299]:UpdateVariances():ivector-extractor.cc:1513) For Gaussian index 427, floored 2 eigenvalues of variance.
LOG (ivector-extractor-est[5.5.1068~2-59299]:UpdateVariances():ivector-extractor.cc:1513) For Gaussian index 429, floored 3 eigenvalues of variance.
LOG (ivector-extractor-est[5.5.1068~2-59299]:UpdateVariances():ivector-extractor.cc:1513) For Gaussian index 430, floored 1 eigenvalues of variance.
LOG (ivector-extractor-est[5.5.1068~2-59299]:UpdateVariances():ivector-extractor.cc:1513) For Gaussian index 431, floored 1 eigenvalues of variance.
LOG (ivector-extractor-est[5.5.1068~2-59299]:UpdateVariances():ivector-extractor.cc:1513) For Gaussian index 432, floored 1 eigenvalues of variance.
LOG (ivector-extractor-est[5.5.1068~2-59299]:UpdateVariances():ivector-extractor.cc:1513) For Gaussian index 434, floored 1 eigenvalues of variance.
LOG (ivector-extractor-est[5.5.1068~2-59299]:UpdateVariances():ivector-extractor.cc:1513) For Gaussian index 436, floored 10 eigenvalues of variance.
LOG (ivector-extractor-est[5.5.1068~2-59299]:UpdateVariances():ivector-extractor.cc:1513) For Gaussian index 437, floored 1 eigenvalues of variance.
LOG (ivector-extractor-est[5.5.1068~2-59299]:UpdateVariances():ivector-extractor.cc:1513) For Gaussian index 439, floored 1 eigenvalues of variance.
LOG (ivector-extractor-est[5.5.1068~2-59299]:UpdateVariances():ivector-extractor.cc:1513) For Gaussian index 448, floored 2 eigenvalues of variance.
LOG (ivector-extractor-est[5.5.1068~2-59299]:UpdateVariances():ivector-extractor.cc:1513) For Gaussian index 449, floored 8 eigenvalues of variance.
LOG (ivector-extractor-est[5.5.1068~2-59299]:UpdateVariances():ivector-extractor.cc:1513) For Gaussian index 450, floored 1 eigenvalues of variance.
LOG (ivector-extractor-est[5.5.1068~2-59299]:UpdateVariances():ivector-extractor.cc:1513) For Gaussian index 453, floored 7 eigenvalues of variance.
LOG (ivector-extractor-est[5.5.1068~2-59299]:UpdateVariances():ivector-extractor.cc:1513) For Gaussian index 455, floored 6 eigenvalues of variance.
LOG (ivector-extractor-est[5.5.1068~2-59299]:UpdateVariances():ivector-extractor.cc:1513) For Gaussian index 456, floored 2 eigenvalues of variance.
LOG (ivector-extractor-est[5.5.1068~2-59299]:UpdateVariances():ivector-extractor.cc:1513) For Gaussian index 458, floored 1 eigenvalues of variance.
LOG (ivector-extractor-est[5.5.1068~2-59299]:UpdateVariances():ivector-extractor.cc:1513) For Gaussian index 460, floored 2 eigenvalues of variance.
LOG (ivector-extractor-est[5.5.1068~2-59299]:UpdateVariances():ivector-extractor.cc:1513) For Gaussian index 461, floored 2 eigenvalues of variance.
LOG (ivector-extractor-est[5.5.1068~2-59299]:UpdateVariances():ivector-extractor.cc:1513) For Gaussian index 463, floored 1 eigenvalues of variance.
LOG (ivector-extractor-est[5.5.1068~2-59299]:UpdateVariances():ivector-extractor.cc:1513) For Gaussian index 465, floored 1 eigenvalues of variance.
LOG (ivector-extractor-est[5.5.1068~2-59299]:UpdateVariances():ivector-extractor.cc:1513) For Gaussian index 470, floored 1 eigenvalues of variance.
LOG (ivector-extractor-est[5.5.1068~2-59299]:UpdateVariances():ivector-extractor.cc:1513) For Gaussian index 472, floored 1 eigenvalues of variance.
LOG (ivector-extractor-est[5.5.1068~2-59299]:UpdateVariances():ivector-extractor.cc:1513) For Gaussian index 473, floored 1 eigenvalues of variance.
LOG (ivector-extractor-est[5.5.1068~2-59299]:UpdateVariances():ivector-extractor.cc:1513) For Gaussian index 478, floored 4 eigenvalues of variance.
LOG (ivector-extractor-est[5.5.1068~2-59299]:UpdateVariances():ivector-extractor.cc:1513) For Gaussian index 481, floored 1 eigenvalues of variance.
LOG (ivector-extractor-est[5.5.1068~2-59299]:UpdateVariances():ivector-extractor.cc:1513) For Gaussian index 482, floored 1 eigenvalues of variance.
LOG (ivector-extractor-est[5.5.1068~2-59299]:UpdateVariances():ivector-extractor.cc:1513) For Gaussian index 483, floored 1 eigenvalues of variance.
LOG (ivector-extractor-est[5.5.1068~2-59299]:UpdateVariances():ivector-extractor.cc:1513) For Gaussian index 484, floored 1 eigenvalues of variance.
LOG (ivector-extractor-est[5.5.1068~2-59299]:UpdateVariances():ivector-extractor.cc:1513) For Gaussian index 487, floored 6 eigenvalues of variance.
LOG (ivector-extractor-est[5.5.1068~2-59299]:UpdateVariances():ivector-extractor.cc:1513) For Gaussian index 488, floored 5 eigenvalues of variance.
LOG (ivector-extractor-est[5.5.1068~2-59299]:UpdateVariances():ivector-extractor.cc:1513) For Gaussian index 490, floored 4 eigenvalues of variance.
LOG (ivector-extractor-est[5.5.1068~2-59299]:UpdateVariances():ivector-extractor.cc:1513) For Gaussian index 491, floored 2 eigenvalues of variance.
LOG (ivector-extractor-est[5.5.1068~2-59299]:UpdateVariances():ivector-extractor.cc:1513) For Gaussian index 492, floored 1 eigenvalues of variance.
LOG (ivector-extractor-est[5.5.1068~2-59299]:UpdateVariances():ivector-extractor.cc:1513) For Gaussian index 494, floored 2 eigenvalues of variance.
LOG (ivector-extractor-est[5.5.1068~2-59299]:UpdateVariances():ivector-extractor.cc:1513) For Gaussian index 495, floored 2 eigenvalues of variance.
LOG (ivector-extractor-est[5.5.1068~2-59299]:UpdateVariances():ivector-extractor.cc:1513) For Gaussian index 496, floored 2 eigenvalues of variance.
LOG (ivector-extractor-est[5.5.1068~2-59299]:UpdateVariances():ivector-extractor.cc:1513) For Gaussian index 498, floored 4 eigenvalues of variance.
LOG (ivector-extractor-est[5.5.1068~2-59299]:UpdateVariances():ivector-extractor.cc:1513) For Gaussian index 499, floored 4 eigenvalues of variance.
LOG (ivector-extractor-est[5.5.1068~2-59299]:UpdateVariances():ivector-extractor.cc:1513) For Gaussian index 500, floored 1 eigenvalues of variance.
LOG (ivector-extractor-est[5.5.1068~2-59299]:UpdateVariances():ivector-extractor.cc:1513) For Gaussian index 501, floored 3 eigenvalues of variance.
LOG (ivector-extractor-est[5.5.1068~2-59299]:UpdateVariances():ivector-extractor.cc:1513) For Gaussian index 504, floored 7 eigenvalues of variance.
LOG (ivector-extractor-est[5.5.1068~2-59299]:UpdateVariances():ivector-extractor.cc:1513) For Gaussian index 506, floored 1 eigenvalues of variance.
LOG (ivector-extractor-est[5.5.1068~2-59299]:UpdateVariances():ivector-extractor.cc:1513) For Gaussian index 507, floored 3 eigenvalues of variance.
LOG (ivector-extractor-est[5.5.1068~2-59299]:UpdateVariances():ivector-extractor.cc:1513) For Gaussian index 508, floored 5 eigenvalues of variance.
LOG (ivector-extractor-est[5.5.1068~2-59299]:UpdateVariances():ivector-extractor.cc:1513) For Gaussian index 511, floored 1 eigenvalues of variance.
LOG (ivector-extractor-est[5.5.1068~2-59299]:UpdateVariances():ivector-extractor.cc:1532) Floored 3.3153% of all Gaussian eigenvalues
LOG (ivector-extractor-est[5.5.1068~2-59299]:UpdateVariances():ivector-extractor.cc:1534) Overall objf impr/frame for variances was 0.0153256 over 1.09364e+06 frames.
LOG (ivector-extractor-est[5.5.1068~2-59299]:UpdatePrior():ivector-extractor.cc:1667) Eigenvalues of iVector covariance range from 0.947912 to 1.07758
LOG (ivector-extractor-est[5.5.1068~2-59299]:ComputeDerivedVars():ivector-extractor.cc:183) Computing derived variables for iVector extractor
LOG (ivector-extractor-est[5.5.1068~2-59299]:ComputeDerivedVars():ivector-extractor.cc:204) Done.
LOG (ivector-extractor-est[5.5.1068~2-59299]:GetOrthogonalIvectorTransform():ivector-extractor.cc:1391) Eigenvalues of Vavg:  [ 2.53793 1.78352 1.04658 0.891019 0.763926 0.566631 0.548277 0.491729 0.458895 0.359949 0.333713 0.316863 0.268898 0.248655 0.243415 0.233383 0.224655 0.214396 0.209024 0.203787 0.191292 0.188718 0.186894 0.18122 0.176508 0.173031 0.168174 0.165979 0.159275 0.156997 0.152717 0.149925 0.149373 0.146533 0.144893 0.141775 0.141388 0.139083 0.137587 0.137411 0.134243 0.1332 0.131301 0.129815 0.129322 0.12812 0.126628 0.125826 0.125103 0.123408 0.123309 0.122776 0.121743 0.120746 0.11993 0.119319 0.118785 0.117648 0.11754 0.116746 0.116283 0.115243 0.114747 0.113967 0.113865 0.113014 0.112379 0.111263 0.110571 0.110224 0.109706 0.109335 0.108562 0.108163 0.108007 0.107255 0.10714 0.106596 0.105812 0.10544 0.105327 0.104876 0.10437 0.104335 0.103798 0.102861 0.102184 0.102069 0.101491 0.101219 0.100869 0.100591 0.0998657 0.0995908 0.0991086 0.0988714 0.0985745 0.0982567 0.0980752 0.0979859 0.0971847 0.096962 0.0965238 0.0961052 0.0953787 0.0951102 0.0948307 0.0945213 0.0941001 0.0935793 0.0934171 0.0930515 0.0926241 0.0925955 0.0923365 0.0920473 0.0919932 0.091523 0.0911845 0.0911287 0.0908474 0.0906101 0.0903189 0.0902694 0.0895721 0.0892753 0.0890458 0.0885244 0.0883364 0.0880825 0.087685 0.0876449 0.0873831 0.0872082 0.0868415 0.0867795 0.0860543 0.0859196 0.0854522 0.0853598 0.0852359 0.0848082 0.0845582 0.0843606 0.0842438 0.0835349 0.0834888 0.0831968 0.0830633 0.0827985 0.0826514 0.0823528 0.0822415 0.0818952 0.0816848 0.0813076 0.0811251 0.081013 0.0801771 0.079983 0.0798915 0.0796725 0.0795002 0.0792636 0.0789873 0.0785566 0.078333 0.0781817 0.0780289 0.0778251 0.0774666 0.0771744 0.0768855 0.0764207 0.0762296 0.0761338 0.0759212 0.0757506 0.0752491 0.0747451 0.0745293 0.0743512 0.0740674 0.0737888 0.0736537 0.0733148 0.073021 0.0728325 0.0724142 0.0715857 0.071555 0.0713047 0.0711124 0.0709206 0.0704207 0.0702981 0.0699835 0.0696881 0.0687137 ]

LOG (ivector-extractor-est[5.5.1068~2-59299]:PriorDiagnostics():ivector-extractor.cc:1644) Overall auxf improvement from prior is 0.000199192 per frame, or 0.0471524 per iVector.
LOG (ivector-extractor-est[5.5.1068~2-59299]:TransformIvectors():ivector-extractor.cc:533) Setting iVector prior offset to 29.861
LOG (ivector-extractor-est[5.5.1068~2-59299]:Update():ivector-extractor.cc:1292) Overall objective-function improvement per frame was 0.126594
LOG (ivector-extractor-est[5.5.1068~2-59299]:ComputeDerivedVars():ivector-extractor.cc:183) Computing derived variables for iVector extractor
LOG (ivector-extractor-est[5.5.1068~2-59299]:ComputeDerivedVars():ivector-extractor.cc:204) Done.
LOG (ivector-extractor-est[5.5.1068~2-59299]:IvectorVarianceDiagnostic():ivector-extractor.cc:1315) The proportion of within-Gaussian variance explained by the iVectors is 0.97572.
LOG (ivector-extractor-est[5.5.1068~2-59299]:main():ivector-extractor-est.cc:67) Updated model and wrote it to exp/ivector_gauss512_dim200/extractor/5.ie
# Accounting: time=1 threads=1
# Ended (code 0) at Wed Mar 22 15:25:02 CST 2023, elapsed time 1 seconds
