# ivector-plda-scoring --normalize-length=true --simple-length-normalization=true --num-utts=ark:exp/ivector_gauss512_dim200/ivector_enroll/num_utts.ark "ivector-copy-plda --smoothing=0.0 exp/ivector_gauss512_dim200/ivector_train/plda - |" "ark:ivector-subtract-global-mean exp/ivector_gauss512_dim200/ivector_train/mean.vec scp:exp/ivector_gauss512_dim200/ivector_enroll/spk_ivector.scp ark:- | ivector-normalize-length ark:- ark:- |" "ark:ivector-normalize-length scp:exp/ivector_gauss512_dim200/ivector_eval/ivector.scp ark:- | ivector-subtract-global-mean exp/ivector_gauss512_dim200/ivector_train/mean.vec ark:- ark:- | ivector-normalize-length ark:- ark:- |" "cat 'data/test/test.trials' | cut -d\  --fields=1,2 |" exp/ivector_gauss512_dim200/scores/plda_scores 
# Started at Thu Mar 16 14:04:53 CST 2023
#
ivector-plda-scoring --normalize-length=true --simple-length-normalization=true --num-utts=ark:exp/ivector_gauss512_dim200/ivector_enroll/num_utts.ark 'ivector-copy-plda --smoothing=0.0 exp/ivector_gauss512_dim200/ivector_train/plda - |' 'ark:ivector-subtract-global-mean exp/ivector_gauss512_dim200/ivector_train/mean.vec scp:exp/ivector_gauss512_dim200/ivector_enroll/spk_ivector.scp ark:- | ivector-normalize-length ark:- ark:- |' 'ark:ivector-normalize-length scp:exp/ivector_gauss512_dim200/ivector_eval/ivector.scp ark:- | ivector-subtract-global-mean exp/ivector_gauss512_dim200/ivector_train/mean.vec ark:- ark:- | ivector-normalize-length ark:- ark:- |' 'cat '\''data/test/test.trials'\'' | cut -d\  --fields=1,2 |' exp/ivector_gauss512_dim200/scores/plda_scores 
ivector-copy-plda --smoothing=0.0 exp/ivector_gauss512_dim200/ivector_train/plda - 
ivector-normalize-length ark:- ark:- 
ivector-subtract-global-mean exp/ivector_gauss512_dim200/ivector_train/mean.vec scp:exp/ivector_gauss512_dim200/ivector_enroll/spk_ivector.scp ark:- 
LOG (ivector-subtract-global-mean[5.5.1068~2-59299]:main():ivector-subtract-global-mean.cc:108) Wrote 30 mean-subtracted iVectors
LOG (ivector-normalize-length[5.5.1068~2-59299]:main():ivector-normalize-length.cc:90) Processed 30 iVectors.
LOG (ivector-normalize-length[5.5.1068~2-59299]:main():ivector-normalize-length.cc:94) Average ratio of iVector to expected length was 1.00023, standard deviation was 0.000642852
ivector-subtract-global-mean exp/ivector_gauss512_dim200/ivector_train/mean.vec ark:- ark:- 
ivector-normalize-length ark:- ark:- 
ivector-normalize-length scp:exp/ivector_gauss512_dim200/ivector_eval/ivector.scp ark:- 
LOG (ivector-normalize-length[5.5.1068~2-59299]:main():ivector-normalize-length.cc:90) Processed 30 iVectors.
LOG (ivector-normalize-length[5.5.1068~2-59299]:main():ivector-normalize-length.cc:94) Average ratio of iVector to expected length was 0.727533, standard deviation was 0.0919913
LOG (ivector-subtract-global-mean[5.5.1068~2-59299]:main():ivector-subtract-global-mean.cc:108) Wrote 30 mean-subtracted iVectors
LOG (ivector-plda-scoring[5.5.1068~2-59299]:main():ivector-plda-scoring.cc:96) Reading train iVectors
LOG (ivector-normalize-length[5.5.1068~2-59299]:main():ivector-normalize-length.cc:90) Processed 30 iVectors.
LOG (ivector-normalize-length[5.5.1068~2-59299]:main():ivector-normalize-length.cc:94) Average ratio of iVector to expected length was 1.00019, standard deviation was 0.000783535
LOG (ivector-plda-scoring[5.5.1068~2-59299]:main():ivector-plda-scoring.cc:122) Read 30 training iVectors, errors on 0
LOG (ivector-plda-scoring[5.5.1068~2-59299]:main():ivector-plda-scoring.cc:126) Average renormalization scale on training iVectors was 0.780258
LOG (ivector-plda-scoring[5.5.1068~2-59299]:main():ivector-plda-scoring.cc:129) Reading test iVectors
LOG (ivector-plda-scoring[5.5.1068~2-59299]:main():ivector-plda-scoring.cc:147) Read 30 test iVectors.
LOG (ivector-plda-scoring[5.5.1068~2-59299]:main():ivector-plda-scoring.cc:150) Average renormalization scale on test iVectors was 0.769558
LOG (ivector-plda-scoring[5.5.1068~2-59299]:main():ivector-plda-scoring.cc:214) Mean score was -6.16978, standard deviation was 14.5315
LOG (ivector-plda-scoring[5.5.1068~2-59299]:main():ivector-plda-scoring.cc:217) Processed 900 trials, 0 had errors.
# Accounting: time=0 threads=1
# Ended (code 0) at Thu Mar 16 14:04:53 CST 2023, elapsed time 0 seconds
